#
# A fatal error has been detected by the Java Runtime Environment:
#
#  SIGSEGV (0xb) at pc=0x0000000107906b23, pid=25301, tid=2059
#
# JRE version: Java(TM) SE Runtime Environment (8.0_45-b14) (build 1.8.0_45-b14)
# Java VM: Java HotSpot(TM) 64-Bit Server VM (25.45-b02 mixed mode bsd-amd64 compressed oops)
# Problematic frame:
# V  [libjvm.dylib+0x306b23]  jni_GetObjectClass+0x65
#
# Failed to write core dump. Core dumps have been disabled. To enable core dumping, try "ulimit -c unlimited" before starting Java again
#
# If you would like to submit a bug report, please visit:
#   http://bugreport.java.com/bugreport/crash.jsp
#

---------------  T H R E A D  ---------------

Current thread (0x00007fad240a9800):  JavaThread "AppKit Thread" daemon [_thread_in_vm, id=2059, stack(0x00007fff58e8e000,0x00007fff5968e000)]

siginfo: si_signo: 11 (SIGSEGV), si_code: 1 (SEGV_MAPERR), si_addr: 0x0000000000000000

Registers:
RAX=0x0000000107eb8494, RBX=0x0000000000000000, RCX=0x0000000107dfa190, RDX=0x0000000000000000
RSP=0x00007fff5968ac30, RBP=0x00007fff5968ac80, RSI=0x0000000000000000, RDI=0x00007fad240a99f8
R8 =0x000000000000008c, R9 =0x00007fad235b75c8, R10=0x00007fffc3ed7090, R11=0x00007fad239d0710
R12=0x00007fad23734bd0, R13=0x00007fad235b7570, R14=0x00007fad240a99f8, R15=0x00007fad240a9800
RIP=0x0000000107906b23, EFLAGS=0x0000000000010202, ERR=0x0000000000000004
  TRAPNO=0x000000000000000e

Top of Stack: (sp=0x00007fff5968ac30)
0x00007fff5968ac30:   00007fff5968ac78 00007fad240a9800
0x00007fff5968ac40:   0000000000000000 0000000107915e80
0x00007fff5968ac50:   00007fad235b7570 00007fad240a9800
0x00007fff5968ac60:   00007fad240a9800 00007fad235b7570
0x00007fff5968ac70:   00007fad23733fe0 00007fad240a99f8
0x00007fff5968ac80:   00007fff5968ace0 00000001240ac3a7
0x00007fff5968ac90:   00007fffc3c87940 00007fad23733fe0
0x00007fff5968aca0:   00007fff5968acc0 00007fffa9b2714d
0x00007fff5968acb0:   41200282af70942c 0000000000000004
0x00007fff5968acc0:   00007fad23734bd0 00007fad235b7570
0x00007fff5968acd0:   00007fad23733fe0 00007fad23733fe0
0x00007fff5968ace0:   00007fff5968b140 00007fffa8096245
0x00007fff5968acf0:   0000000000000000 ffff8052dcad7ed0
0x00007fff5968ad00:   0000000000000000 0000000000000000
0x00007fff5968ad10:   0000000000000b40 ffff8052dca48a90
0x00007fff5968ad20:   00007fad235b7570 00007fffc78b3480
0x00007fff5968ad30:   00007fad23734bd0 00007fffbe37fba5
0x00007fff5968ad40:   00007fffc78b3fc0 00007fad235b7570
0x00007fff5968ad50:   000000005968ad80 ffff8052dca48a90
0x00007fff5968ad60:   00007fad24320500 00007fad23734bd0
0x00007fff5968ad70:   00007fffbe377b40 00007fffbe377b40
0x00007fff5968ad80:   00007fffc3ecc1b0 00007fffc3ecbe78
0x00007fff5968ad90:   00007fff5968adc0 00007fffa79b96c1
0x00007fff5968ada0:   0000000000000000 00000000000000f8
0x00007fff5968adb0:   00007fad23528130 00007fad23734bd0
0x00007fff5968adc0:   00007fff5968b140 00007fffa809a2a6
0x00007fff5968add0:   00007fffa835cf45 00007fffa835ceb3
0x00007fff5968ade0:   00007fad23734bd0 00007fffbd83d115
0x00007fff5968adf0:   00007fff5968ae20 00007fffbafbc24b
0x00007fff5968ae00:   0000000000000001 0000000000000000
0x00007fff5968ae10:   00007fff5968ae20 00007fffbaf5c130
0x00007fff5968ae20:   00007fff5968ae40 00007fffbaf61a19 

Instructions: (pc=0x0000000107906b23)
0x0000000107906b03:   74 09 48 8d 7d b8 e8 6e 44 19 00 4c 89 f7 48 89
0x0000000107906b13:   de 90 0f 1f 40 00 48 8d 05 74 19 5b 00 80 38 00
0x0000000107906b23:   48 8b 03 74 15 48 8d 15 f1 e9 50 00 8a 4a 08 8b
0x0000000107906b33:   40 08 48 d3 e0 48 03 02 eb 04 48 8b 40 08 48 8b 

Register to memory mapping:

RAX=0x0000000107eb8494: UseCompressedClassPointers+0 in /Library/Java/JavaVirtualMachines/jdk1.8.0_45.jdk/Contents/Home/jre/lib/server/libjvm.dylib at 0x0000000107600000
RBX=0x0000000000000000 is an unknown value
RCX=0x0000000107dfa190: UseMembar+0 in /Library/Java/JavaVirtualMachines/jdk1.8.0_45.jdk/Contents/Home/jre/lib/server/libjvm.dylib at 0x0000000107600000
RDX=0x0000000000000000 is an unknown value
RSP=0x00007fff5968ac30 is pointing into the stack for thread: 0x00007fad240a9800
RBP=0x00007fff5968ac80 is pointing into the stack for thread: 0x00007fad240a9800
RSI=0x0000000000000000 is an unknown value
RDI=0x00007fad240a99f8 is an unknown value
R8 =0x000000000000008c is an unknown value
R9 =0x00007fad235b75c8 is an unknown value
R10=0x00007fffc3ed7090: OBJC_CLASS_$_NSEvent+0 in /System/Library/Frameworks/AppKit.framework/Versions/C/AppKit at 0x00007fffa77df000
R11=0x00007fad239d0710 is an unknown value
R12=0x00007fad23734bd0 is an unknown value
R13=0x00007fad235b7570 is an unknown value
R14=0x00007fad240a99f8 is an unknown value
R15=0x00007fad240a9800 is a thread


Stack: [0x00007fff58e8e000,0x00007fff5968e000],  sp=0x00007fff5968ac30,  free space=8179k
Native frames: (J=compiled Java code, j=interpreted, Vv=VM code, C=native code)
V  [libjvm.dylib+0x306b23]  jni_GetObjectClass+0x65
C  [liblwjgl.dylib+0xb3a7]  -[MacOSXOpenGLView scrollWheel:]+0x77
C  [AppKit+0x8b7245]  -[NSWindow(NSEventRouting) _reallySendEvent:isDelayedEvent:]+0x1a4f
C  [AppKit+0x8b542a]  -[NSWindow(NSEventRouting) sendEvent:]+0x21d
C  [AppKit+0x756006]  -[NSApplication(NSEvent) sendEvent:]+0x88a
C  [libosxapp.dylib+0x23ac]  -[NSApplicationAWT sendEvent:]+0x109
C  [AppKit+0x3c009]  -[NSApplication run]+0x3ea
C  [libosxapp.dylib+0x223e]  +[NSApplicationAWT runAWTLoopWithApp:]+0x9c
C  [libawt_lwawt.dylib+0x4462b]  -[AWTStarter starter:]+0x389
C  [Foundation+0x71f2a]  __NSThreadPerformPerform+0x146
C  [CoreFoundation+0xa4581]  __CFRUNLOOP_IS_CALLING_OUT_TO_A_SOURCE0_PERFORM_FUNCTION__+0x11
C  [CoreFoundation+0x8598c]  __CFRunLoopDoSources0+0x22c
C  [CoreFoundation+0x84e76]  __CFRunLoopRun+0x3a6
C  [CoreFoundation+0x84874]  CFRunLoopRunSpecific+0x1a4
C  [java+0x6490]  CreateExecutionEnvironment+0x367
C  [java+0x221c]  JLI_Launch+0x7a0
C  [java+0x84ed]  main+0x65
C  [java+0x1a74]  start+0x34
C  0x0000000000000006


---------------  P R O C E S S  ---------------

Java Threads: ( => current thread )
  0x00007fad24b29800 JavaThread "AWT-Shutdown" [_thread_blocked, id=32267, stack(0x000070000cf62000,0x000070000d062000)]
=>0x00007fad240a9800 JavaThread "AppKit Thread" daemon [_thread_in_vm, id=2059, stack(0x00007fff58e8e000,0x00007fff5968e000)]
  0x00007fad25035800 JavaThread "Service Thread" daemon [_thread_blocked, id=20995, stack(0x000070000ccd9000,0x000070000cdd9000)]
  0x00007fad25069800 JavaThread "C1 CompilerThread3" daemon [_thread_blocked, id=20483, stack(0x000070000cbd6000,0x000070000ccd6000)]
  0x00007fad2480b000 JavaThread "C2 CompilerThread2" daemon [_thread_blocked, id=19971, stack(0x000070000cad3000,0x000070000cbd3000)]
  0x00007fad2480a800 JavaThread "C2 CompilerThread1" daemon [_thread_blocked, id=19459, stack(0x000070000c9d0000,0x000070000cad0000)]
  0x00007fad24809000 JavaThread "C2 CompilerThread0" daemon [_thread_blocked, id=18947, stack(0x000070000c8cd000,0x000070000c9cd000)]
  0x00007fad24803000 JavaThread "Signal Dispatcher" daemon [_thread_blocked, id=18435, stack(0x000070000c7ca000,0x000070000c8ca000)]
  0x00007fad23803800 JavaThread "Finalizer" daemon [_thread_blocked, id=14595, stack(0x000070000c6c7000,0x000070000c7c7000)]
  0x00007fad23802800 JavaThread "Reference Handler" daemon [_thread_blocked, id=14083, stack(0x000070000c5c4000,0x000070000c6c4000)]
  0x00007fad25001800 JavaThread "main" [_thread_in_native, id=7171, stack(0x000070000bba6000,0x000070000bca6000)]

Other Threads:
  0x00007fad2505d000 VMThread [stack: 0x000070000c4c1000,0x000070000c5c1000] [id=13571]
  0x00007fad2506a800 WatcherThread [stack: 0x000070000cddc000,0x000070000cedc000] [id=21507]

VM state:not at safepoint (normal execution)

VM Mutex/Monitor currently owned by a thread: None

Heap:
 PSYoungGen      total 49152K, used 15668K [0x0000000795580000, 0x000000079a080000, 0x00000007c0000000)
  eden space 44032K, 23% used [0x0000000795580000,0x0000000795fcd088,0x0000000798080000)
  from space 5120K, 100% used [0x0000000799b80000,0x000000079a080000,0x000000079a080000)
  to   space 5120K, 0% used [0x0000000799680000,0x0000000799680000,0x0000000799b80000)
 ParOldGen       total 148480K, used 73865K [0x0000000740000000, 0x0000000749100000, 0x0000000795580000)
  object space 148480K, 49% used [0x0000000740000000,0x00000007448224d8,0x0000000749100000)
 Metaspace       used 7700K, capacity 7827K, committed 8064K, reserved 1056768K
  class space    used 749K, capacity 790K, committed 896K, reserved 1048576K

Card table byte_map: [0x000000010896f000,0x0000000108d70000] byte_map_base: 0x0000000104f6f000

Marking Bits: (ParMarkBitMap*) 0x0000000107ec27a0
 Begin Bits: [0x000000010901b000, 0x000000010b01b000)
 End Bits:   [0x000000010b01b000, 0x000000010d01b000)

Polling page: 0x00000001065fd000

CodeCache: size=245760Kb used=5003Kb max_used=5014Kb free=240756Kb
 bounds [0x000000010e9be000, 0x000000010eeae000, 0x000000011d9be000]
 total_blobs=1766 nmethods=1332 adapters=348
 compilation: enabled

Compilation events (10 events):
Event: 6.916 Thread 0x00007fad25069800 nmethod 1326 0x000000010eea4490 code [0x000000010eea4640, 0x000000010eea49d8]
Event: 6.916 Thread 0x00007fad25069800 1327       3       java.lang.Math::toDegrees (10 bytes)
Event: 6.916 Thread 0x00007fad25069800 nmethod 1327 0x000000010eea4ad0 code [0x000000010eea4c60, 0x000000010eea4db0]
Event: 6.920 Thread 0x00007fad2480b000 1329       4       java.util.HashMap$HashIterator::<init> (79 bytes)
Event: 6.923 Thread 0x00007fad2480b000 nmethod 1329 0x000000010eea7cd0 code [0x000000010eea7e20, 0x000000010eea80d8]
Event: 7.128 Thread 0x00007fad2480a800 1330       4       org.lwjgl.opengl.GL30::glBindVertexArray (24 bytes)
Event: 7.131 Thread 0x00007fad2480a800 nmethod 1330 0x000000010eea8210 code [0x000000010eea83a0, 0x000000010eea8628]
Event: 7.277 Thread 0x00007fad24809000 1331       4       org.lwjgl.util.vector.Matrix4f::determinant (388 bytes)
Event: 7.279 Thread 0x00007fad24809000 nmethod 1331 0x000000010eea8a90 code [0x000000010eea8be0, 0x000000010eea8df8]
Event: 7.477 Thread 0x00007fad2480b000 1332       4       java.nio.DirectByteBuffer::put (18 bytes)

GC Heap History (10 events):
Event: 1.117 GC heap before
{Heap before GC invocations=1 (full 0):
 PSYoungGen      total 38400K, used 33280K [0x0000000795580000, 0x0000000798000000, 0x00000007c0000000)
  eden space 33280K, 100% used [0x0000000795580000,0x0000000797600000,0x0000000797600000)
  from space 5120K, 0% used [0x0000000797b00000,0x0000000797b00000,0x0000000798000000)
  to   space 5120K, 0% used [0x0000000797600000,0x0000000797600000,0x0000000797b00000)
 ParOldGen       total 87552K, used 0K [0x0000000740000000, 0x0000000745580000, 0x0000000795580000)
  object space 87552K, 0% used [0x0000000740000000,0x0000000740000000,0x0000000745580000)
 Metaspace       used 6746K, capacity 6867K, committed 6912K, reserved 1056768K
  class space    used 672K, capacity 726K, committed 768K, reserved 1048576K
Event: 1.120 GC heap after
Heap after GC invocations=1 (full 0):
 PSYoungGen      total 38400K, used 2244K [0x0000000795580000, 0x0000000798000000, 0x00000007c0000000)
  eden space 33280K, 0% used [0x0000000795580000,0x0000000795580000,0x0000000797600000)
  from space 5120K, 43% used [0x0000000797600000,0x0000000797831168,0x0000000797b00000)
  to   space 5120K, 0% used [0x0000000797b00000,0x0000000797b00000,0x0000000798000000)
 ParOldGen       total 87552K, used 16K [0x0000000740000000, 0x0000000745580000, 0x0000000795580000)
  object space 87552K, 0% used [0x0000000740000000,0x0000000740004000,0x0000000745580000)
 Metaspace       used 6746K, capacity 6867K, committed 6912K, reserved 1056768K
  class space    used 672K, capacity 726K, committed 768K, reserved 1048576K
}
Event: 2.429 GC heap before
{Heap before GC invocations=2 (full 0):
 PSYoungGen      total 38400K, used 35524K [0x0000000795580000, 0x0000000798000000, 0x00000007c0000000)
  eden space 33280K, 100% used [0x0000000795580000,0x0000000797600000,0x0000000797600000)
  from space 5120K, 43% used [0x0000000797600000,0x0000000797831168,0x0000000797b00000)
  to   space 5120K, 0% used [0x0000000797b00000,0x0000000797b00000,0x0000000798000000)
 ParOldGen       total 87552K, used 16K [0x0000000740000000, 0x0000000745580000, 0x0000000795580000)
  object space 87552K, 0% used [0x0000000740000000,0x0000000740004000,0x0000000745580000)
 Metaspace       used 7018K, capacity 7155K, committed 7168K, reserved 1056768K
  class space    used 703K, capacity 758K, committed 768K, reserved 1048576K
Event: 2.447 GC heap after
Heap after GC invocations=2 (full 0):
 PSYoungGen      total 38400K, used 5098K [0x0000000795580000, 0x0000000798000000, 0x00000007c0000000)
  eden space 33280K, 0% used [0x0000000795580000,0x0000000795580000,0x0000000797600000)
  from space 5120K, 99% used [0x0000000797b00000,0x0000000797ffaaa0,0x0000000798000000)
  to   space 5120K, 0% used [0x0000000797600000,0x0000000797600000,0x0000000797b00000)
 ParOldGen       total 87552K, used 20997K [0x0000000740000000, 0x0000000745580000, 0x0000000795580000)
  object space 87552K, 23% used [0x0000000740000000,0x0000000741481560,0x0000000745580000)
 Metaspace       used 7018K, capacity 7155K, committed 7168K, reserved 1056768K
  class space    used 703K, capacity 758K, committed 768K, reserved 1048576K
}
Event: 2.520 GC heap before
{Heap before GC invocations=3 (full 0):
 PSYoungGen      total 38400K, used 38378K [0x0000000795580000, 0x0000000798000000, 0x00000007c0000000)
  eden space 33280K, 100% used [0x0000000795580000,0x0000000797600000,0x0000000797600000)
  from space 5120K, 99% used [0x0000000797b00000,0x0000000797ffaaa0,0x0000000798000000)
  to   space 5120K, 0% used [0x0000000797600000,0x0000000797600000,0x0000000797b00000)
 ParOldGen       total 87552K, used 20997K [0x0000000740000000, 0x0000000745580000, 0x0000000795580000)
  object space 87552K, 23% used [0x0000000740000000,0x0000000741481560,0x0000000745580000)
 Metaspace       used 7018K, capacity 7155K, committed 7168K, reserved 1056768K
  class space    used 703K, capacity 758K, committed 768K, reserved 1048576K
Event: 2.542 GC heap after
Heap after GC invocations=3 (full 0):
 PSYoungGen      total 38400K, used 5104K [0x0000000795580000, 0x000000079a080000, 0x00000007c0000000)
  eden space 33280K, 0% used [0x0000000795580000,0x0000000795580000,0x0000000797600000)
  from space 5120K, 99% used [0x0000000797600000,0x0000000797afc010,0x0000000797b00000)
  to   space 5120K, 0% used [0x0000000799b80000,0x0000000799b80000,0x000000079a080000)
 ParOldGen       total 87552K, used 50169K [0x0000000740000000, 0x0000000745580000, 0x0000000795580000)
  object space 87552K, 57% used [0x0000000740000000,0x00000007430fe6f8,0x0000000745580000)
 Metaspace       used 7018K, capacity 7155K, committed 7168K, reserved 1056768K
  class space    used 703K, capacity 758K, committed 768K, reserved 1048576K
}
Event: 2.542 GC heap before
{Heap before GC invocations=4 (full 1):
 PSYoungGen      total 38400K, used 5104K [0x0000000795580000, 0x000000079a080000, 0x00000007c0000000)
  eden space 33280K, 0% used [0x0000000795580000,0x0000000795580000,0x0000000797600000)
  from space 5120K, 99% used [0x0000000797600000,0x0000000797afc010,0x0000000797b00000)
  to   space 5120K, 0% used [0x0000000799b80000,0x0000000799b80000,0x000000079a080000)
 ParOldGen       total 87552K, used 50169K [0x0000000740000000, 0x0000000745580000, 0x0000000795580000)
  object space 87552K, 57% used [0x0000000740000000,0x00000007430fe6f8,0x0000000745580000)
 Metaspace       used 7018K, capacity 7155K, committed 7168K, reserved 1056768K
  class space    used 703K, capacity 758K, committed 768K, reserved 1048576K
Event: 2.945 GC heap after
Heap after GC invocations=4 (full 1):
 PSYoungGen      total 38400K, used 0K [0x0000000795580000, 0x000000079a080000, 0x00000007c0000000)
  eden space 33280K, 0% used [0x0000000795580000,0x0000000795580000,0x0000000797600000)
  from space 5120K, 0% used [0x0000000797600000,0x0000000797600000,0x0000000797b00000)
  to   space 5120K, 0% used [0x0000000799b80000,0x0000000799b80000,0x000000079a080000)
 ParOldGen       total 148480K, used 54122K [0x0000000740000000, 0x0000000749100000, 0x0000000795580000)
  object space 148480K, 36% used [0x0000000740000000,0x00000007434dabb0,0x0000000749100000)
 Metaspace       used 7018K, capacity 7155K, committed 7168K, reserved 1056768K
  class space    used 703K, capacity 758K, committed 768K, reserved 1048576K
}
Event: 4.303 GC heap before
{Heap before GC invocations=5 (full 1):
 PSYoungGen      total 38400K, used 33280K [0x0000000795580000, 0x000000079a080000, 0x00000007c0000000)
  eden space 33280K, 100% used [0x0000000795580000,0x0000000797600000,0x0000000797600000)
  from space 5120K, 0% used [0x0000000797600000,0x0000000797600000,0x0000000797b00000)
  to   space 5120K, 0% used [0x0000000799b80000,0x0000000799b80000,0x000000079a080000)
 ParOldGen       total 148480K, used 54122K [0x0000000740000000, 0x0000000749100000, 0x0000000795580000)
  object space 148480K, 36% used [0x0000000740000000,0x00000007434dabb0,0x0000000749100000)
 Metaspace       used 7598K, capacity 7763K, committed 8064K, reserved 1056768K
  class space    used 748K, capacity 790K, committed 896K, reserved 1048576K
Event: 4.324 GC heap after
Heap after GC invocations=5 (full 1):
 PSYoungGen      total 49152K, used 5120K [0x0000000795580000, 0x000000079a080000, 0x00000007c0000000)
  eden space 44032K, 0% used [0x0000000795580000,0x0000000795580000,0x0000000798080000)
  from space 5120K, 100% used [0x0000000799b80000,0x000000079a080000,0x000000079a080000)
  to   space 5120K, 0% used [0x0000000799680000,0x0000000799680000,0x0000000799b80000)
 ParOldGen       total 148480K, used 73865K [0x0000000740000000, 0x0000000749100000, 0x0000000795580000)
  object space 148480K, 49% used [0x0000000740000000,0x00000007448224d8,0x0000000749100000)
 Metaspace       used 7598K, capacity 7763K, committed 8064K, reserved 1056768K
  class space    used 748K, capacity 790K, committed 896K, reserved 1048576K
}

Deoptimization events (10 events):
Event: 3.390 Thread 0x00007fad25001800 Uncommon trap: reason=unstable_if action=reinterpret pc=0x000000010ed09ae0 method=java.util.HashMap$HashIterator.nextNode()Ljava/util/HashMap$Node; @ 95
Event: 3.553 Thread 0x00007fad25001800 Uncommon trap: reason=unstable_if action=reinterpret pc=0x000000010ed0d1a4 method=java.util.HashMap$HashIterator.<init>(Ljava/util/HashMap;)V @ 38
Event: 3.553 Thread 0x00007fad25001800 Uncommon trap: reason=unstable_if action=reinterpret pc=0x000000010ec5ac98 method=org.lwjgl.util.vector.Vector3f.add(Lorg/lwjgl/util/vector/Vector3f;Lorg/lwjgl/util/vector/Vector3f;Lorg/lwjgl/util/vector/Vector3f;)Lorg/lwjgl/util/vector/Vector3f; @ 1
Event: 3.553 Thread 0x00007fad25001800 Uncommon trap: reason=class_check action=maybe_recompile pc=0x000000010ec2491c method=org.lwjgl.util.vector.Vector.length()F @ 1
Event: 3.580 Thread 0x00007fad25001800 Uncommon trap: reason=unstable_if action=reinterpret pc=0x000000010ec41988 method=java.nio.DirectByteBuffer.put([BII)Ljava/nio/ByteBuffer; @ 5
Event: 3.588 Thread 0x00007fad25001800 Uncommon trap: reason=class_check action=maybe_recompile pc=0x000000010ec2491c method=org.lwjgl.util.vector.Vector.length()F @ 1
Event: 3.594 Thread 0x00007fad25001800 Uncommon trap: reason=class_check action=maybe_recompile pc=0x000000010ec2491c method=org.lwjgl.util.vector.Vector.length()F @ 1
Event: 3.627 Thread 0x00007fad25001800 Uncommon trap: reason=class_check action=maybe_recompile pc=0x000000010ec2491c method=org.lwjgl.util.vector.Vector.length()F @ 1
Event: 4.020 Thread 0x00007fad25001800 Uncommon trap: reason=unstable_if action=reinterpret pc=0x000000010edbbcd8 method=particles.Particle.updateTextureCoordInfo()V @ 44
Event: 4.241 Thread 0x00007fad25001800 Uncommon trap: reason=unstable_if action=reinterpret pc=0x000000010eddb0f0 method=particles.Particle.update(Lentities/Camera;)Z @ 100

Internal exceptions (10 events):
Event: 0.115 Thread 0x00007fad25001800 Exception <a 'java/security/PrivilegedActionException'> (0x000000079580e6f8) thrown at [/Users/java_re/workspace/8-2-build-macosx-x86_64/jdk8u45/3457/hotspot/src/share/vm/prims/jvm.cpp, line 1382]
Event: 0.115 Thread 0x00007fad25001800 Exception <a 'java/security/PrivilegedActionException'> (0x000000079580e8b0) thrown at [/Users/java_re/workspace/8-2-build-macosx-x86_64/jdk8u45/3457/hotspot/src/share/vm/prims/jvm.cpp, line 1382]
Event: 0.271 Thread 0x00007fad25001800 Exception <a 'java/io/FileNotFoundException'> (0x00000007958126d0) thrown at [/Users/java_re/workspace/8-2-build-macosx-x86_64/jdk8u45/3457/hotspot/src/share/vm/prims/jni.cpp, line 709]
Event: 0.271 Thread 0x00007fad25001800 Exception <a 'java/io/FileNotFoundException'> (0x00000007958131f0) thrown at [/Users/java_re/workspace/8-2-build-macosx-x86_64/jdk8u45/3457/hotspot/src/share/vm/prims/jni.cpp, line 709]
Event: 0.314 Thread 0x00007fad240a9800 Exception <a 'java/lang/NoSuchFieldError': method resolution failed> (0x0000000795994df8) thrown at [/Users/java_re/workspace/8-2-build-macosx-x86_64/jdk8u45/3457/hotspot/src/share/vm/prims/methodHandles.cpp, line 1125]
Event: 0.316 Thread 0x00007fad240a9800 Exception <a 'java/lang/NoSuchFieldError': method resolution failed> (0x00000007959a3498) thrown at [/Users/java_re/workspace/8-2-build-macosx-x86_64/jdk8u45/3457/hotspot/src/share/vm/prims/methodHandles.cpp, line 1125]
Event: 2.349 Thread 0x00007fad25001800 Exception <a 'java/lang/ArrayIndexOutOfBoundsException': 18> (0x0000000795c26a88) thrown at [/Users/java_re/workspace/8-2-build-macosx-x86_64/jdk8u45/3457/hotspot/src/share/vm/interpreter/interpreterRuntime.cpp, line 366]
Event: 2.350 Thread 0x00007fad25001800 Exception <a 'java/lang/ArrayIndexOutOfBoundsException': 58> (0x0000000795c278a0) thrown at [/Users/java_re/workspace/8-2-build-macosx-x86_64/jdk8u45/3457/hotspot/src/share/vm/interpreter/interpreterRuntime.cpp, line 366]
Event: 2.350 Thread 0x00007fad25001800 Exception <a 'java/lang/ArrayIndexOutOfBoundsException': 40> (0x0000000795c28698) thrown at [/Users/java_re/workspace/8-2-build-macosx-x86_64/jdk8u45/3457/hotspot/src/share/vm/interpreter/interpreterRuntime.cpp, line 366]
Event: 3.553 Thread 0x00007fad25001800 Implicit null exception at 0x000000010ed0cf46 to 0x000000010ed0d18d

Events (10 events):
Event: 4.711 loading class java/util/ArrayList$1 done
Event: 4.892 Thread 0x00007fad25001800 DEOPT PACKING pc=0x000000010edf0b33 sp=0x000070000bca5550
Event: 4.892 Thread 0x00007fad25001800 DEOPT UNPACKING pc=0x000000010ea05633 sp=0x000070000bca5380 mode 0
Event: 4.979 Thread 0x00007fad24b29800 Thread added: 0x00007fad24b29800
Event: 5.886 Thread 0x00007fad25001800 DEOPT PACKING pc=0x000000010edeeb5a sp=0x000070000bca56e0
Event: 5.886 Thread 0x00007fad25001800 DEOPT UNPACKING pc=0x000000010ea05633 sp=0x000070000bca5428 mode 0
Event: 6.037 Thread 0x00007fad25001800 DEOPT PACKING pc=0x000000010ee0c8d3 sp=0x000070000bca5480
Event: 6.037 Thread 0x00007fad25001800 DEOPT UNPACKING pc=0x000000010ea05633 sp=0x000070000bca5228 mode 0
Event: 7.463 loading class org/lwjgl/opengl/CallbackUtil
Event: 7.463 loading class org/lwjgl/opengl/CallbackUtil done


Dynamic libraries:
0x0000000034832000 	/System/Library/Frameworks/Cocoa.framework/Versions/A/Cocoa
0x0000000034832000 	/System/Library/Frameworks/Security.framework/Versions/A/Security
0x0000000034832000 	/System/Library/Frameworks/ApplicationServices.framework/Versions/A/ApplicationServices
0x0000000034832000 	/usr/lib/libz.1.dylib
0x0000000034832000 	/usr/lib/libSystem.B.dylib
0x0000000034832000 	/usr/lib/libobjc.A.dylib
0x0000000034832000 	/System/Library/Frameworks/CoreFoundation.framework/Versions/A/CoreFoundation
0x0000000034832000 	/System/Library/Frameworks/Foundation.framework/Versions/C/Foundation
0x0000000034832000 	/System/Library/Frameworks/AppKit.framework/Versions/C/AppKit
0x0000000034832000 	/System/Library/Frameworks/CoreData.framework/Versions/A/CoreData
0x0000000034832000 	/System/Library/PrivateFrameworks/RemoteViewServices.framework/Versions/A/RemoteViewServices
0x0000000034832000 	/System/Library/PrivateFrameworks/UIFoundation.framework/Versions/A/UIFoundation
0x0000000034832000 	/usr/lib/libenergytrace.dylib
0x0000000034832000 	/System/Library/PrivateFrameworks/SkyLight.framework/Versions/A/SkyLight
0x0000000034832000 	/System/Library/Frameworks/CoreGraphics.framework/Versions/A/CoreGraphics
0x0000000034832000 	/usr/lib/libScreenReader.dylib
0x0000000034832000 	/System/Library/Frameworks/Accelerate.framework/Versions/A/Accelerate
0x0000000034832000 	/System/Library/Frameworks/IOSurface.framework/Versions/A/IOSurface
0x0000000034832000 	/System/Library/Frameworks/AudioToolbox.framework/Versions/A/AudioToolbox
0x0000000034832000 	/System/Library/Frameworks/AudioUnit.framework/Versions/A/AudioUnit
0x0000000034832000 	/System/Library/PrivateFrameworks/DataDetectorsCore.framework/Versions/A/DataDetectorsCore
0x0000000034832000 	/System/Library/PrivateFrameworks/DesktopServicesPriv.framework/Versions/A/DesktopServicesPriv
0x0000000034832000 	/System/Library/Frameworks/Carbon.framework/Versions/A/Frameworks/HIToolbox.framework/Versions/A/HIToolbox
0x0000000034832000 	/usr/lib/libicucore.A.dylib
0x0000000034832000 	/System/Library/Frameworks/QuartzCore.framework/Versions/A/QuartzCore
0x0000000034832000 	/System/Library/Frameworks/Carbon.framework/Versions/A/Frameworks/SpeechRecognition.framework/Versions/A/SpeechRecognition
0x0000000034832000 	/usr/lib/libauto.dylib
0x0000000034832000 	/usr/lib/libxml2.2.dylib
0x0000000034832000 	/System/Library/PrivateFrameworks/CoreUI.framework/Versions/A/CoreUI
0x0000000034832000 	/System/Library/Frameworks/CoreAudio.framework/Versions/A/CoreAudio
0x0000000034832000 	/System/Library/Frameworks/DiskArbitration.framework/Versions/A/DiskArbitration
0x0000000034832000 	/usr/lib/liblangid.dylib
0x0000000034832000 	/System/Library/PrivateFrameworks/MultitouchSupport.framework/Versions/A/MultitouchSupport
0x0000000034832000 	/System/Library/Frameworks/IOKit.framework/Versions/A/IOKit
0x0000000034832000 	/usr/lib/libDiagnosticMessagesClient.dylib
0x0000000034832000 	/System/Library/Frameworks/CoreServices.framework/Versions/A/CoreServices
0x0000000034832000 	/System/Library/PrivateFrameworks/PerformanceAnalysis.framework/Versions/A/PerformanceAnalysis
0x0000000034832000 	/System/Library/PrivateFrameworks/GenerationalStorage.framework/Versions/A/GenerationalStorage
0x0000000034832000 	/System/Library/Frameworks/OpenGL.framework/Versions/A/OpenGL
0x0000000034832000 	/System/Library/Frameworks/CoreImage.framework/Versions/A/CoreImage
0x0000000034832000 	/System/Library/Frameworks/CoreText.framework/Versions/A/CoreText
0x0000000034832000 	/System/Library/Frameworks/ImageIO.framework/Versions/A/ImageIO
0x0000000034832000 	/System/Library/PrivateFrameworks/Backup.framework/Versions/A/Backup
0x0000000034832000 	/usr/lib/libarchive.2.dylib
0x0000000034832000 	/System/Library/Frameworks/CFNetwork.framework/Versions/A/CFNetwork
0x0000000034832000 	/System/Library/Frameworks/SystemConfiguration.framework/Versions/A/SystemConfiguration
0x0000000034832000 	/usr/lib/libCRFSuite.dylib
0x0000000034832000 	/usr/lib/libc++.1.dylib
0x0000000034832000 	/usr/lib/libc++abi.dylib
0x0000000034832000 	/usr/lib/system/libcache.dylib
0x0000000034832000 	/usr/lib/system/libcommonCrypto.dylib
0x0000000034832000 	/usr/lib/system/libcompiler_rt.dylib
0x0000000034832000 	/usr/lib/system/libcopyfile.dylib
0x0000000034832000 	/usr/lib/system/libcorecrypto.dylib
0x0000000034832000 	/usr/lib/system/libdispatch.dylib
0x0000000034832000 	/usr/lib/system/libdyld.dylib
0x0000000034832000 	/usr/lib/system/libkeymgr.dylib
0x0000000034832000 	/usr/lib/system/liblaunch.dylib
0x0000000034832000 	/usr/lib/system/libmacho.dylib
0x0000000034832000 	/usr/lib/system/libquarantine.dylib
0x0000000034832000 	/usr/lib/system/libremovefile.dylib
0x0000000034832000 	/usr/lib/system/libsystem_asl.dylib
0x0000000034832000 	/usr/lib/system/libsystem_blocks.dylib
0x0000000034832000 	/usr/lib/system/libsystem_c.dylib
0x0000000034832000 	/usr/lib/system/libsystem_configuration.dylib
0x0000000034832000 	/usr/lib/system/libsystem_coreservices.dylib
0x0000000034832000 	/usr/lib/system/libsystem_coretls.dylib
0x0000000034832000 	/usr/lib/system/libsystem_dnssd.dylib
0x0000000034832000 	/usr/lib/system/libsystem_info.dylib
0x0000000034832000 	/usr/lib/system/libsystem_kernel.dylib
0x0000000034832000 	/usr/lib/system/libsystem_m.dylib
0x0000000034832000 	/usr/lib/system/libsystem_malloc.dylib
0x0000000034832000 	/usr/lib/system/libsystem_network.dylib
0x0000000034832000 	/usr/lib/system/libsystem_networkextension.dylib
0x0000000034832000 	/usr/lib/system/libsystem_notify.dylib
0x0000000034832000 	/usr/lib/system/libsystem_platform.dylib
0x0000000034832000 	/usr/lib/system/libsystem_pthread.dylib
0x0000000034832000 	/usr/lib/system/libsystem_sandbox.dylib
0x0000000034832000 	/usr/lib/system/libsystem_secinit.dylib
0x0000000034832000 	/usr/lib/system/libsystem_symptoms.dylib
0x0000000034832000 	/usr/lib/system/libsystem_trace.dylib
0x0000000034832000 	/usr/lib/system/libunwind.dylib
0x0000000034832000 	/usr/lib/system/libxpc.dylib
0x0000000034832000 	/usr/lib/libbsm.0.dylib
0x0000000034832000 	/usr/lib/system/libkxld.dylib
0x0000000034832000 	/usr/lib/libcoretls.dylib
0x0000000034832000 	/usr/lib/libcoretls_cfhelpers.dylib
0x0000000034832000 	/usr/lib/libxar.1.dylib
0x0000000034832000 	/usr/lib/libsqlite3.dylib
0x0000000034832000 	/usr/lib/libpam.2.dylib
0x0000000034832000 	/usr/lib/libOpenScriptingUtil.dylib
0x0000000034832000 	/usr/lib/libbz2.1.0.dylib
0x0000000034832000 	/usr/lib/liblzma.5.dylib
0x0000000034832000 	/usr/lib/libnetwork.dylib
0x0000000034832000 	/usr/lib/libpcap.A.dylib
0x0000000034832000 	/System/Library/Frameworks/CoreServices.framework/Versions/A/Frameworks/FSEvents.framework/Versions/A/FSEvents
0x0000000034832000 	/System/Library/Frameworks/CoreServices.framework/Versions/A/Frameworks/CarbonCore.framework/Versions/A/CarbonCore
0x0000000034832000 	/System/Library/Frameworks/CoreServices.framework/Versions/A/Frameworks/Metadata.framework/Versions/A/Metadata
0x0000000034832000 	/System/Library/Frameworks/CoreServices.framework/Versions/A/Frameworks/OSServices.framework/Versions/A/OSServices
0x0000000034832000 	/System/Library/Frameworks/CoreServices.framework/Versions/A/Frameworks/SearchKit.framework/Versions/A/SearchKit
0x0000000034832000 	/System/Library/Frameworks/CoreServices.framework/Versions/A/Frameworks/AE.framework/Versions/A/AE
0x0000000034832000 	/System/Library/Frameworks/CoreServices.framework/Versions/A/Frameworks/LaunchServices.framework/Versions/A/LaunchServices
0x0000000034832000 	/System/Library/Frameworks/CoreServices.framework/Versions/A/Frameworks/DictionaryServices.framework/Versions/A/DictionaryServices
0x0000000034832000 	/System/Library/Frameworks/CoreServices.framework/Versions/A/Frameworks/SharedFileList.framework/Versions/A/SharedFileList
0x0000000034832000 	/System/Library/Frameworks/NetFS.framework/Versions/A/NetFS
0x0000000034832000 	/System/Library/PrivateFrameworks/NetAuth.framework/Versions/A/NetAuth
0x0000000034832000 	/System/Library/PrivateFrameworks/login.framework/Versions/A/Frameworks/loginsupport.framework/Versions/A/loginsupport
0x0000000034832000 	/System/Library/PrivateFrameworks/TCC.framework/Versions/A/TCC
0x0000000034832000 	/usr/lib/libmecabra.dylib
0x0000000034832000 	/System/Library/Frameworks/ApplicationServices.framework/Versions/A/Frameworks/ATS.framework/Versions/A/ATS
0x0000000034832000 	/System/Library/Frameworks/ApplicationServices.framework/Versions/A/Frameworks/ColorSync.framework/Versions/A/ColorSync
0x0000000034832000 	/System/Library/Frameworks/ApplicationServices.framework/Versions/A/Frameworks/HIServices.framework/Versions/A/HIServices
0x0000000034832000 	/System/Library/Frameworks/ApplicationServices.framework/Versions/A/Frameworks/LangAnalysis.framework/Versions/A/LangAnalysis
0x0000000034832000 	/System/Library/Frameworks/ApplicationServices.framework/Versions/A/Frameworks/PrintCore.framework/Versions/A/PrintCore
0x0000000034832000 	/System/Library/Frameworks/ApplicationServices.framework/Versions/A/Frameworks/QD.framework/Versions/A/QD
0x0000000034832000 	/System/Library/Frameworks/ApplicationServices.framework/Versions/A/Frameworks/SpeechSynthesis.framework/Versions/A/SpeechSynthesis
0x0000000034832000 	/System/Library/Frameworks/Accelerate.framework/Versions/A/Frameworks/vImage.framework/Versions/A/vImage
0x0000000034832000 	/System/Library/Frameworks/Accelerate.framework/Versions/A/Frameworks/vecLib.framework/Versions/A/vecLib
0x0000000034832000 	/System/Library/Frameworks/Accelerate.framework/Versions/A/Frameworks/vecLib.framework/Versions/A/libvDSP.dylib
0x0000000034832000 	/System/Library/Frameworks/Accelerate.framework/Versions/A/Frameworks/vecLib.framework/Versions/A/libBNNS.dylib
0x0000000034832000 	/System/Library/Frameworks/Accelerate.framework/Versions/A/Frameworks/vecLib.framework/Versions/A/libQuadrature.dylib
0x0000000034832000 	/System/Library/Frameworks/Accelerate.framework/Versions/A/Frameworks/vecLib.framework/Versions/A/libvMisc.dylib
0x0000000034832000 	/System/Library/Frameworks/Accelerate.framework/Versions/A/Frameworks/vecLib.framework/Versions/A/libLAPACK.dylib
0x0000000034832000 	/System/Library/Frameworks/Accelerate.framework/Versions/A/Frameworks/vecLib.framework/Versions/A/libBLAS.dylib
0x0000000034832000 	/System/Library/Frameworks/Accelerate.framework/Versions/A/Frameworks/vecLib.framework/Versions/A/libLinearAlgebra.dylib
0x0000000034832000 	/System/Library/Frameworks/Accelerate.framework/Versions/A/Frameworks/vecLib.framework/Versions/A/libSparseBLAS.dylib
0x0000000034832000 	/System/Library/Frameworks/ApplicationServices.framework/Versions/A/Frameworks/ATS.framework/Versions/A/Resources/libFontParser.dylib
0x0000000034832000 	/System/Library/Frameworks/ApplicationServices.framework/Versions/A/Frameworks/ATS.framework/Versions/A/Resources/libFontRegistry.dylib
0x0000000034832000 	/System/Library/Frameworks/ImageIO.framework/Versions/A/Resources/libJPEG.dylib
0x0000000034832000 	/System/Library/Frameworks/ImageIO.framework/Versions/A/Resources/libTIFF.dylib
0x0000000034832000 	/System/Library/Frameworks/ImageIO.framework/Versions/A/Resources/libPng.dylib
0x0000000034832000 	/System/Library/Frameworks/ImageIO.framework/Versions/A/Resources/libGIF.dylib
0x0000000034832000 	/System/Library/Frameworks/ImageIO.framework/Versions/A/Resources/libJP2.dylib
0x0000000034832000 	/System/Library/Frameworks/ImageIO.framework/Versions/A/Resources/libRadiance.dylib
0x0000000034832000 	/usr/lib/libcompression.dylib
0x0000000034832000 	/System/Library/PrivateFrameworks/AppleJPEG.framework/Versions/A/AppleJPEG
0x0000000034832000 	/usr/lib/libcups.2.dylib
0x0000000034832000 	/System/Library/Frameworks/Kerberos.framework/Versions/A/Kerberos
0x0000000034832000 	/System/Library/Frameworks/GSS.framework/Versions/A/GSS
0x0000000034832000 	/usr/lib/libresolv.9.dylib
0x0000000034832000 	/usr/lib/libiconv.2.dylib
0x0000000034832000 	/System/Library/PrivateFrameworks/Heimdal.framework/Versions/A/Heimdal
0x0000000034832000 	/usr/lib/libheimdal-asn1.dylib
0x0000000034832000 	/System/Library/Frameworks/OpenDirectory.framework/Versions/A/OpenDirectory
0x0000000034832000 	/System/Library/PrivateFrameworks/CommonAuth.framework/Versions/A/CommonAuth
0x0000000034832000 	/System/Library/Frameworks/OpenDirectory.framework/Versions/A/Frameworks/CFOpenDirectory.framework/Versions/A/CFOpenDirectory
0x0000000034832000 	/System/Library/Frameworks/SecurityFoundation.framework/Versions/A/SecurityFoundation
0x0000000034832000 	/System/Library/PrivateFrameworks/LanguageModeling.framework/Versions/A/LanguageModeling
0x0000000034832000 	/usr/lib/libmarisa.dylib
0x0000000034832000 	/usr/lib/libChineseTokenizer.dylib
0x0000000034832000 	/usr/lib/libcmph.dylib
0x0000000034832000 	/System/Library/PrivateFrameworks/CoreEmoji.framework/Versions/A/CoreEmoji
0x0000000034832000 	/System/Library/Frameworks/ServiceManagement.framework/Versions/A/ServiceManagement
0x0000000034832000 	/usr/lib/libxslt.1.dylib
0x0000000034832000 	/System/Library/Frameworks/Carbon.framework/Versions/A/Frameworks/Ink.framework/Versions/A/Ink
0x0000000034832000 	/System/Library/PrivateFrameworks/TextureIO.framework/Versions/A/TextureIO
0x0000000034832000 	/System/Library/Frameworks/Metal.framework/Versions/A/Metal
0x0000000034832000 	/usr/lib/libate.dylib
0x0000000034832000 	/System/Library/PrivateFrameworks/GPUCompiler.framework/libmetal_timestamp.dylib
0x0000000034832000 	/System/Library/Frameworks/OpenGL.framework/Versions/A/Libraries/libCoreFSCache.dylib
0x0000000034832000 	/System/Library/PrivateFrameworks/IOAccelerator.framework/Versions/A/IOAccelerator
0x0000000034832000 	/System/Library/Frameworks/CoreVideo.framework/Versions/A/CoreVideo
0x0000000034832000 	/usr/lib/libFosl_dynamic.dylib
0x0000000034832000 	/System/Library/PrivateFrameworks/MetalPerformanceShaders.framework/Versions/A/MetalPerformanceShaders
0x0000000034832000 	/System/Library/PrivateFrameworks/FaceCore.framework/Versions/A/FaceCore
0x0000000034832000 	/System/Library/Frameworks/OpenCL.framework/Versions/A/OpenCL
0x0000000034832000 	/System/Library/Frameworks/OpenGL.framework/Versions/A/Libraries/libGLU.dylib
0x0000000034832000 	/System/Library/Frameworks/OpenGL.framework/Versions/A/Libraries/libGFXShared.dylib
0x0000000034832000 	/System/Library/Frameworks/OpenGL.framework/Versions/A/Libraries/libGL.dylib
0x0000000034832000 	/System/Library/Frameworks/OpenGL.framework/Versions/A/Libraries/libGLImage.dylib
0x0000000034832000 	/System/Library/Frameworks/OpenGL.framework/Versions/A/Libraries/libCVMSPluginSupport.dylib
0x0000000034832000 	/System/Library/Frameworks/OpenGL.framework/Versions/A/Libraries/libCoreVMClient.dylib
0x0000000034832000 	/System/Library/PrivateFrameworks/CrashReporterSupport.framework/Versions/A/CrashReporterSupport
0x0000000034832000 	/System/Library/PrivateFrameworks/Sharing.framework/Versions/A/Sharing
0x0000000034832000 	/System/Library/PrivateFrameworks/IconServices.framework/Versions/A/IconServices
0x0000000034832000 	/System/Library/PrivateFrameworks/ProtocolBuffer.framework/Versions/A/ProtocolBuffer
0x0000000034832000 	/System/Library/PrivateFrameworks/Apple80211.framework/Versions/A/Apple80211
0x0000000034832000 	/System/Library/Frameworks/CoreWLAN.framework/Versions/A/CoreWLAN
0x0000000034832000 	/System/Library/PrivateFrameworks/CoreUtils.framework/Versions/A/CoreUtils
0x0000000034832000 	/System/Library/Frameworks/IOBluetooth.framework/Versions/A/IOBluetooth
0x0000000034832000 	/System/Library/PrivateFrameworks/CoreWiFi.framework/Versions/A/CoreWiFi
0x0000000034832000 	/System/Library/Frameworks/CoreBluetooth.framework/Versions/A/CoreBluetooth
0x0000000034832000 	/System/Library/Frameworks/CoreDisplay.framework/Versions/A/CoreDisplay
0x0000000034832000 	/System/Library/PrivateFrameworks/IOPresentment.framework/Versions/A/IOPresentment
0x0000000034832000 	/System/Library/PrivateFrameworks/DebugSymbols.framework/Versions/A/DebugSymbols
0x0000000034832000 	/System/Library/PrivateFrameworks/CoreSymbolication.framework/Versions/A/CoreSymbolication
0x0000000034832000 	/System/Library/PrivateFrameworks/Symbolication.framework/Versions/A/Symbolication
0x0000000034832000 	/System/Library/PrivateFrameworks/AppleFSCompression.framework/Versions/A/AppleFSCompression
0x0000000034832000 	/System/Library/PrivateFrameworks/SpeechRecognitionCore.framework/Versions/A/SpeechRecognitionCore
0x0000000034832000 	/System/Library/PrivateFrameworks/ChunkingLibrary.framework/Versions/A/ChunkingLibrary
0x0000000107600000 	/Library/Java/JavaVirtualMachines/jdk1.8.0_45.jdk/Contents/Home/jre/lib/server/libjvm.dylib
0x0000000034832000 	/usr/lib/libstdc++.6.dylib
0x00000001065ef000 	/Library/Java/JavaVirtualMachines/jdk1.8.0_45.jdk/Contents/Home/jre/lib/libverify.dylib
0x0000000108569000 	/Library/Java/JavaVirtualMachines/jdk1.8.0_45.jdk/Contents/Home/jre/lib/libjava.dylib
0x00000001085a6000 	/Library/Java/JavaVirtualMachines/jdk1.8.0_45.jdk/Contents/Home/jre/lib/libzip.dylib
0x000000011ec1e000 	/System/Library/Frameworks/JavaVM.framework/Frameworks/JavaRuntimeSupport.framework/JavaRuntimeSupport
0x000000011ec38000 	/System/Library/Frameworks/JavaVM.framework/Versions/A/Frameworks/JavaNativeFoundation.framework/Versions/A/JavaNativeFoundation
0x000000011ec4d000 	/System/Library/Frameworks/JavaVM.framework/Versions/A/JavaVM
0x0000000034832000 	/System/Library/Frameworks/Carbon.framework/Versions/A/Carbon
0x000000011ec5a000 	/System/Library/PrivateFrameworks/JavaLaunching.framework/Versions/A/JavaLaunching
0x0000000034832000 	/System/Library/Frameworks/Carbon.framework/Versions/A/Frameworks/CommonPanels.framework/Versions/A/CommonPanels
0x0000000034832000 	/System/Library/Frameworks/Carbon.framework/Versions/A/Frameworks/Help.framework/Versions/A/Help
0x0000000034832000 	/System/Library/Frameworks/Carbon.framework/Versions/A/Frameworks/ImageCapture.framework/Versions/A/ImageCapture
0x0000000034832000 	/System/Library/Frameworks/Carbon.framework/Versions/A/Frameworks/OpenScripting.framework/Versions/A/OpenScripting
0x0000000034832000 	/System/Library/Frameworks/Carbon.framework/Versions/A/Frameworks/Print.framework/Versions/A/Print
0x0000000034832000 	/System/Library/Frameworks/Carbon.framework/Versions/A/Frameworks/SecurityHI.framework/Versions/A/SecurityHI
0x000000012057b000 	/Library/Java/JavaVirtualMachines/jdk1.8.0_45.jdk/Contents/Home/jre/lib/libawt.dylib
0x0000000120623000 	/Library/Java/JavaVirtualMachines/jdk1.8.0_45.jdk/Contents/Home/jre/lib/./libmlib_image.dylib
0x00000001206ef000 	/Library/Java/JavaVirtualMachines/jdk1.8.0_45.jdk/Contents/Home/jre/lib/libawt_lwawt.dylib
0x00000001207a3000 	/Library/Java/JavaVirtualMachines/jdk1.8.0_45.jdk/Contents/Home/jre/lib/./libosxapp.dylib
0x0000000034832000 	/System/Library/Frameworks/ExceptionHandling.framework/Versions/A/ExceptionHandling
0x0000000034832000 	/System/Library/PrivateFrameworks/CoreServicesInternal.framework/Versions/A/CoreServicesInternal
0x0000000034832000 	/System/Library/CoreServices/RawCamera.bundle/Contents/MacOS/RawCamera
0x0000000034832000 	/System/Library/Frameworks/Accelerate.framework/Versions/A/Frameworks/vImage.framework/Versions/A/Libraries/libCGInterfaces.dylib
0x0000000034832000 	/System/Library/Frameworks/ApplicationServices.framework/Versions/A/Frameworks/ATS.framework/Versions/A/Resources/libTrueTypeScaler.dylib
0x0000000034832000 	/System/Library/Frameworks/OpenGL.framework/Versions/A/Resources/GLEngine.bundle/GLEngine
0x0000000034832000 	/System/Library/Frameworks/OpenGL.framework/Versions/A/Libraries/libGLProgrammability.dylib
0x0000000122569000 	/System/Library/Extensions/AppleIntelHD4000GraphicsGLDriver.bundle/Contents/MacOS/AppleIntelHD4000GraphicsGLDriver
0x0000000034832000 	/System/Library/PrivateFrameworks/GPUSupport.framework/Versions/A/Libraries/libGPUSupportMercury.dylib
0x0000000034832000 	/System/Library/Extensions/GeForceGLDriver.bundle/Contents/MacOS/GeForceGLDriver
0x0000000034832000 	/System/Library/Extensions/GeForceGLDriver.bundle/Contents/MacOS/libclh.dylib
0x0000000034832000 	/System/Library/Frameworks/OpenGL.framework/Versions/A/Resources/GLRendererFloat.bundle/GLRendererFloat
0x0000000034832000 	/System/Library/Frameworks/OpenCL.framework/Versions/A/Libraries/libcldcpuengine.dylib
0x0000000034832000 	/usr/lib/libcrypto.0.9.8.dylib
0x0000000034832000 	/System/Library/PrivateFrameworks/TrustEvaluationAgent.framework/Versions/A/TrustEvaluationAgent
0x0000000034832000 	/System/Library/Extensions/GeForceMTLDriver.bundle/Contents/MacOS/GeForceMTLDriver
0x0000000122c4e000 	/System/Library/Extensions/AppleIntelHD4000GraphicsMTLDriver.bundle/Contents/MacOS/AppleIntelHD4000GraphicsMTLDriver
0x0000000034832000 	/System/Library/PrivateFrameworks/FamilyControls.framework/Versions/A/FamilyControls
0x0000000034832000 	/System/Library/PrivateFrameworks/CommerceKit.framework/Versions/A/Frameworks/CommerceCore.framework/Versions/A/CommerceCore
0x0000000034832000 	/System/Library/PrivateFrameworks/SystemAdministration.framework/Versions/A/SystemAdministration
0x0000000034832000 	/System/Library/PrivateFrameworks/AppContainer.framework/Versions/A/AppContainer
0x0000000034832000 	/System/Library/PrivateFrameworks/SecCodeWrapper.framework/Versions/A/SecCodeWrapper
0x0000000034832000 	/System/Library/Frameworks/DirectoryService.framework/Versions/A/DirectoryService
0x0000000034832000 	/System/Library/PrivateFrameworks/DiskImages.framework/Versions/A/DiskImages
0x0000000034832000 	/System/Library/PrivateFrameworks/LoginUIKit.framework/Versions/A/Frameworks/LoginUICore.framework/Versions/A/LoginUICore
0x0000000034832000 	/usr/lib/libCoreStorage.dylib
0x0000000034832000 	/usr/lib/libcsfde.dylib
0x0000000034832000 	/usr/lib/libodfde.dylib
0x0000000034832000 	/System/Library/Frameworks/DiscRecording.framework/Versions/A/DiscRecording
0x0000000034832000 	/usr/lib/libcurl.4.dylib
0x0000000034832000 	/System/Library/PrivateFrameworks/MediaKit.framework/Versions/A/MediaKit
0x0000000034832000 	/System/Library/PrivateFrameworks/ProtectedCloudStorage.framework/Versions/A/ProtectedCloudStorage
0x0000000034832000 	/System/Library/PrivateFrameworks/EFILogin.framework/Versions/A/EFILogin
0x0000000034832000 	/usr/lib/libutil.dylib
0x0000000034832000 	/System/Library/Frameworks/LDAP.framework/Versions/A/LDAP
0x0000000034832000 	/usr/lib/libsasl2.2.dylib
0x0000000034832000 	/System/Library/PrivateFrameworks/CoreDaemon.framework/Versions/B/CoreDaemon
0x0000000034832000 	/System/Library/PrivateFrameworks/AppleSRP.framework/Versions/A/AppleSRP
0x0000000034832000 	/System/Library/PrivateFrameworks/APFS.framework/Versions/A/APFS
0x000000012403a000 	/Library/Java/JavaVirtualMachines/jdk1.8.0_45.jdk/Contents/Home/jre/lib/libfontmanager.dylib
0x00000001240a1000 	/Users/haowu/Documents/workspace/GameEngine/lib/natives/liblwjgl.dylib
0x00000001213cf000 	/Library/Java/JavaVirtualMachines/jdk1.8.0_45.jdk/Contents/Home/jre/lib/libjawt.dylib
0x0000000034832000 	/System/Library/PrivateFrameworks/ViewBridge.framework/Versions/A/ViewBridge
0x0000000034832000 	/System/Library/PrivateFrameworks/XPCService.framework/Versions/A/XPCService
0x0000000034832000 	/System/Library/PrivateFrameworks/AppSandbox.framework/Versions/A/AppSandbox
0x0000000034832000 	/usr/lib/libsandbox.1.dylib
0x0000000034832000 	/usr/lib/libMatch.1.dylib

VM Arguments:
jvm_args: -Djava.library.path=/Users/haowu/Documents/workspace/GameEngine/lib/natives -Dfile.encoding=UTF-8 
java_command: mainGame.MainGameLoop
java_class_path (initial): /Users/haowu/Documents/workspace/GameEngine/lib/jars/lwjgl_util.jar:/Users/haowu/Documents/workspace/GameEngine/lib/jars/lwjgl.jar:/Users/haowu/Documents/workspace/GameEngine/lib/jars/slick-util.jar:/Users/haowu/Documents/workspace/GameEngine/lib/jars/PNGDecoder.jar:/Users/haowu/Documents/workspace/GameEngine/bin
Launcher Type: SUN_STANDARD

Environment Variables:
PATH=/usr/bin:/bin:/usr/sbin:/sbin
SHELL=/bin/bash
DISPLAY=/private/tmp/com.apple.launchd.BNfpi0S7L7/org.macosforge.xquartz:0

Signal Handlers:
SIGSEGV: [libjvm.dylib+0x58ef95], sa_mask[0]=11111111011111110111111111111111, sa_flags=SA_ONSTACK|SA_RESTART|SA_SIGINFO
SIGBUS: [libjvm.dylib+0x58ef95], sa_mask[0]=11111111011111110111111111111111, sa_flags=SA_RESTART|SA_SIGINFO
SIGFPE: [libjvm.dylib+0x46c108], sa_mask[0]=11111111011111110111111111111111, sa_flags=SA_RESTART|SA_SIGINFO
SIGPIPE: [libjvm.dylib+0x46c108], sa_mask[0]=11111111011111110111111111111111, sa_flags=SA_RESTART|SA_SIGINFO
SIGXFSZ: [libjvm.dylib+0x46c108], sa_mask[0]=11111111011111110111111111111111, sa_flags=SA_RESTART|SA_SIGINFO
SIGILL: [libjvm.dylib+0x46c108], sa_mask[0]=11111111011111110111111111111111, sa_flags=SA_RESTART|SA_SIGINFO
SIGUSR1: SIG_DFL, sa_mask[0]=00000000000000000000000000000000, sa_flags=none
SIGUSR2: [libjvm.dylib+0x46bc26], sa_mask[0]=00100000000000000000000000000000, sa_flags=SA_RESTART|SA_SIGINFO
SIGHUP: [libjvm.dylib+0x46a1f9], sa_mask[0]=11111111011111110111111111111111, sa_flags=SA_RESTART|SA_SIGINFO
SIGINT: [libjvm.dylib+0x46a1f9], sa_mask[0]=11111111011111110111111111111111, sa_flags=SA_RESTART|SA_SIGINFO
SIGTERM: [libjvm.dylib+0x46a1f9], sa_mask[0]=11111111011111110111111111111111, sa_flags=SA_RESTART|SA_SIGINFO
SIGQUIT: [libjvm.dylib+0x46a1f9], sa_mask[0]=11111111011111110111111111111111, sa_flags=SA_RESTART|SA_SIGINFO


---------------  S Y S T E M  ---------------

OS:Bsduname:Darwin 16.0.0 Darwin Kernel Version 16.0.0: Mon Aug 29 17:56:20 PDT 2016; root:xnu-3789.1.32~3/RELEASE_X86_64 x86_64
rlimit: STACK 8192k, CORE 0k, NPROC 709, NOFILE 10240, AS infinity
load average:4.33 4.40 4.23

CPU:total 8 (4 cores per cpu, 2 threads per core) family 6 model 58 stepping 9, cmov, cx8, fxsr, mmx, sse, sse2, sse3, ssse3, sse4.1, sse4.2, popcnt, avx, aes, clmul, erms, ht, tsc, tscinvbit, tscinv

Memory: 4k page, physical 8388608k(184148k free)

/proc/meminfo:


vm_info: Java HotSpot(TM) 64-Bit Server VM (25.45-b02) for bsd-amd64 JRE (1.8.0_45-b14), built on Apr 10 2015 10:46:38 by "java_re" with gcc 4.2.1 (Based on Apple Inc. build 5658) (LLVM build 2336.11.00)

time: Fri Oct 14 18:55:54 2016
elapsed time: 7 seconds (0d 0h 0m 7s)

