#
# A fatal error has been detected by the Java Runtime Environment:
#
#  SIGSEGV (0xb) at pc=0x0000000109506b23, pid=15551, tid=2059
#
# JRE version: Java(TM) SE Runtime Environment (8.0_45-b14) (build 1.8.0_45-b14)
# Java VM: Java HotSpot(TM) 64-Bit Server VM (25.45-b02 mixed mode bsd-amd64 compressed oops)
# Problematic frame:
# V  [libjvm.dylib+0x306b23]
#
# Failed to write core dump. Core dumps have been disabled. To enable core dumping, try "ulimit -c unlimited" before starting Java again
#
# If you would like to submit a bug report, please visit:
#   http://bugreport.java.com/bugreport/crash.jsp
#

---------------  T H R E A D  ---------------

Current thread (0x00007fa9b6873000):  JavaThread "AppKit Thread" daemon [_thread_in_vm, id=2059, stack(0x00007fff57356000,0x00007fff57b56000)]

siginfo: si_signo: 11 (SIGSEGV), si_code: 1 (SEGV_MAPERR), si_addr: 0x0000000000000000

Registers:
RAX=0x0000000109ab8494, RBX=0x0000000000000000, RCX=0x00000001099fa190, RDX=0x0000000000000000
RSP=0x00007fff57b52c20, RBP=0x00007fff57b52c70, RSI=0x0000000000000000, RDI=0x00007fa9b68731f8
R8 =0x000000000000008c, R9 =0x00007fa9b4fba9c8, R10=0x00007fffc3ed7090, R11=0x00007fa9b59f6330
R12=0x00007fa9b4d6b0b0, R13=0x00007fa9b4fba980, R14=0x00007fa9b68731f8, R15=0x00007fa9b6873000
RIP=0x0000000109506b23, EFLAGS=0x0000000000010202, ERR=0x0000000000000004
  TRAPNO=0x000000000000000e

Top of Stack: (sp=0x00007fff57b52c20)
0x00007fff57b52c20:   00007fff57b52c68 00007fa9b6873000
0x00007fff57b52c30:   0000000000000000 0000000109515e80
0x00007fff57b52c40:   00007fa9b4fba980 00007fa9b6873000
0x00007fff57b52c50:   00007fa9b6873000 00007fa9b4fba980
0x00007fff57b52c60:   00007fa9b4d6a4b0 00007fa9b68731f8
0x00007fff57b52c70:   00007fff57b52cd0 0000000125ba13a7
0x00007fff57b52c80:   00007fffc3c87940 00007fa9b4d6a4b0
0x00007fff57b52c90:   00007fff57b52cb0 00007fffa9b2714d
0x00007fff57b52ca0:   411400f4f0b55cef 0000000000000004
0x00007fff57b52cb0:   00007fa9b4d6b0b0 00007fa9b4fba980
0x00007fff57b52cc0:   00007fa9b4d6a4b0 00007fa9b4d6a4b0
0x00007fff57b52cd0:   00007fff57b53130 00007fffa8096245
0x00007fff57b52ce0:   0000000000000000 ffff80564b3ea6a0
0x00007fff57b52cf0:   0000000000000000 0000000000000000
0x00007fff57b52d00:   0000000000000300 ffff80564b045680
0x00007fff57b52d10:   00007fa9b4fba980 00007fffc78b3480
0x00007fff57b52d20:   00007fa9b4d6b0b0 00007fffbe37fba5
0x00007fff57b52d30:   00007fffc78b3780 00007fa9b4fba980
0x00007fff57b52d40:   0000000057b52d70 ffff80564b045680
0x00007fff57b52d50:   00007fa9bc817c60 00007fa9b4d6b0b0
0x00007fff57b52d60:   00007fffbe377b40 00007fffbe377b40
0x00007fff57b52d70:   00007fffc3ecc1b0 00007fffc3ecbe78
0x00007fff57b52d80:   00007fff57b52db0 00007fffa79b96c1
0x00007fff57b52d90:   0000000000000000 00000000000000f8
0x00007fff57b52da0:   00007fa9b4c15960 00007fa9b4d6b0b0
0x00007fff57b52db0:   00007fff57b53130 00007fffa809a2a6
0x00007fff57b52dc0:   00007fffa835cf45 00007fffa835ceb3
0x00007fff57b52dd0:   00007fa9b4d6b0b0 00007fffbd83d115
0x00007fff57b52de0:   00007fff57b52e10 00007fffbafbc24b
0x00007fff57b52df0:   0000000000000001 0000000000000000
0x00007fff57b52e00:   00007fff57b52e10 00007fffbaf5c130
0x00007fff57b52e10:   00007fff57b52e30 00007fffbaf61a19 

Instructions: (pc=0x0000000109506b23)
0x0000000109506b03:   74 09 48 8d 7d b8 e8 6e 44 19 00 4c 89 f7 48 89
0x0000000109506b13:   de 90 0f 1f 40 00 48 8d 05 74 19 5b 00 80 38 00
0x0000000109506b23:   48 8b 03 74 15 48 8d 15 f1 e9 50 00 8a 4a 08 8b
0x0000000109506b33:   40 08 48 d3 e0 48 03 02 eb 04 48 8b 40 08 48 8b 

Register to memory mapping:

RAX=0x0000000109ab8494: UseCompressedClassPointers+0 in /Library/Java/JavaVirtualMachines/jdk1.8.0_45.jdk/Contents/Home/jre/lib/server/libjvm.dylib at 0x0000000109200000
RBX=0x0000000000000000 is an unknown value
RCX=0x00000001099fa190: UseMembar+0 in /Library/Java/JavaVirtualMachines/jdk1.8.0_45.jdk/Contents/Home/jre/lib/server/libjvm.dylib at 0x0000000109200000
RDX=0x0000000000000000 is an unknown value
RSP=0x00007fff57b52c20 is pointing into the stack for thread: 0x00007fa9b6873000
RBP=0x00007fff57b52c70 is pointing into the stack for thread: 0x00007fa9b6873000
RSI=0x0000000000000000 is an unknown value
RDI=0x00007fa9b68731f8 is an unknown value
R8 =0x000000000000008c is an unknown value
R9 =0x00007fa9b4fba9c8 is an unknown value
R10=0x00007fffc3ed7090: OBJC_CLASS_$_NSEvent+0 in /System/Library/Frameworks/AppKit.framework/Versions/C/AppKit at 0x00007fffa77df000
R11=0x00007fa9b59f6330 is an unknown value
R12=0x00007fa9b4d6b0b0 is an unknown value
R13=0x00007fa9b4fba980 is an unknown value
R14=0x00007fa9b68731f8 is an unknown value
R15=0x00007fa9b6873000 is a thread


Stack: [0x00007fff57356000,0x00007fff57b56000],  sp=0x00007fff57b52c20,  free space=8179k
Native frames: (J=compiled Java code, j=interpreted, Vv=VM code, C=native code)
V  [libjvm.dylib+0x306b23]
C  [liblwjgl.dylib+0xb3a7]  -[MacOSXOpenGLView scrollWheel:]+0x77
C  [AppKit+0x8b7245]  -[NSWindow(NSEventRouting) _reallySendEvent:isDelayedEvent:]+0x1a4f
C  [AppKit+0x8b542a]  -[NSWindow(NSEventRouting) sendEvent:]+0x21d
C  [AppKit+0x756006]  -[NSApplication(NSEvent) sendEvent:]+0x88a
C  [libosxapp.dylib+0x23ac]  -[NSApplicationAWT sendEvent:]+0x109
C  [AppKit+0x3c009]  -[NSApplication run]+0x3ea
C  [libosxapp.dylib+0x223e]  +[NSApplicationAWT runAWTLoopWithApp:]+0x9c
C  [libawt_lwawt.dylib+0x4462b]  -[AWTStarter starter:]+0x389
C  [Foundation+0x71f2a]  __NSThreadPerformPerform+0x146
C  [CoreFoundation+0xa4581]  __CFRUNLOOP_IS_CALLING_OUT_TO_A_SOURCE0_PERFORM_FUNCTION__+0x11
C  [CoreFoundation+0x8598c]  __CFRunLoopDoSources0+0x22c
C  [CoreFoundation+0x84e76]  __CFRunLoopRun+0x3a6
C  [CoreFoundation+0x84874]  CFRunLoopRunSpecific+0x1a4
C  [java+0x6490]  CreateExecutionEnvironment+0x367
C  [java+0x221c]  JLI_Launch+0x7a0
C  [java+0x84ed]  main+0x65
C  [java+0x1a74]  start+0x34
C  0x0000000000000006


---------------  P R O C E S S  ---------------

Java Threads: ( => current thread )
  0x00007fa9b780d000 JavaThread "AWT-Shutdown" [_thread_blocked, id=32263, stack(0x0000700002085000,0x0000700002185000)]
=>0x00007fa9b6873000 JavaThread "AppKit Thread" daemon [_thread_in_vm, id=2059, stack(0x00007fff57356000,0x00007fff57b56000)]
  0x00007fa9b6854000 JavaThread "Service Thread" daemon [_thread_blocked, id=21251, stack(0x0000700001dfc000,0x0000700001efc000)]
  0x00007fa9b502b800 JavaThread "C1 CompilerThread3" daemon [_thread_blocked, id=20739, stack(0x0000700001cf9000,0x0000700001df9000)]
  0x00007fa9b502b000 JavaThread "C2 CompilerThread2" daemon [_thread_blocked, id=20227, stack(0x0000700001bf6000,0x0000700001cf6000)]
  0x00007fa9b5023000 JavaThread "C2 CompilerThread1" daemon [_thread_blocked, id=19715, stack(0x0000700001af3000,0x0000700001bf3000)]
  0x00007fa9b5021800 JavaThread "C2 CompilerThread0" daemon [_thread_blocked, id=19203, stack(0x00007000019f0000,0x0000700001af0000)]
  0x00007fa9b5012000 JavaThread "Signal Dispatcher" daemon [_thread_blocked, id=18691, stack(0x00007000018ed000,0x00007000019ed000)]
  0x00007fa9b582b800 JavaThread "Finalizer" daemon [_thread_blocked, id=14595, stack(0x00007000017ea000,0x00007000018ea000)]
  0x00007fa9b582b000 JavaThread "Reference Handler" daemon [_thread_blocked, id=14083, stack(0x00007000016e7000,0x00007000017e7000)]
  0x00007fa9b6801800 JavaThread "main" [_thread_in_native, id=7171, stack(0x0000700000cc9000,0x0000700000dc9000)]

Other Threads:
  0x00007fa9b6818800 VMThread [stack: 0x00007000015e4000,0x00007000016e4000] [id=13571]
  0x00007fa9b6827000 WatcherThread [stack: 0x0000700001eff000,0x0000700001fff000] [id=21763]

VM state:not at safepoint (normal execution)

VM Mutex/Monitor currently owned by a thread: None

Heap:
 PSYoungGen      total 114176K, used 30660K [0x0000000795580000, 0x000000079eb00000, 0x00000007c0000000)
  eden space 79360K, 31% used [0x0000000795580000,0x0000000796e39300,0x000000079a300000)
  from space 34816K, 15% used [0x000000079c900000,0x000000079ce38060,0x000000079eb00000)
  to   space 36864K, 0% used [0x000000079a300000,0x000000079a300000,0x000000079c700000)
 ParOldGen       total 153088K, used 65171K [0x0000000740000000, 0x0000000749580000, 0x0000000795580000)
  object space 153088K, 42% used [0x0000000740000000,0x0000000743fa4ec8,0x0000000749580000)
 Metaspace       used 7591K, capacity 7763K, committed 8064K, reserved 1056768K
  class space    used 738K, capacity 790K, committed 896K, reserved 1048576K

Card table byte_map: [0x000000010a529000,0x000000010a92a000] byte_map_base: 0x0000000106b29000

Marking Bits: (ParMarkBitMap*) 0x0000000109ac27a0
 Begin Bits: [0x000000011cfb6000, 0x000000011efb6000)
 End Bits:   [0x000000011efb6000, 0x0000000120fb6000)

Polling page: 0x000000010816a000

CodeCache: size=245760Kb used=5525Kb max_used=5536Kb free=240234Kb
 bounds [0x000000010dfb6000, 0x000000010e536000, 0x000000011cfb6000]
 total_blobs=1830 nmethods=1400 adapters=344
 compilation: enabled

Compilation events (10 events):
Event: 24.260 Thread 0x00007fa9b5023000 nmethod 1395 0x000000010e511ed0 code [0x000000010e512020, 0x000000010e512278]
Event: 24.683 Thread 0x00007fa9b502b000 1396       4       java.nio.HeapByteBuffer::put (167 bytes)
Event: 24.686 Thread 0x00007fa9b502b000 nmethod 1396 0x000000010e5116d0 code [0x000000010e511840, 0x000000010e511b78]
Event: 24.783 Thread 0x00007fa9b5021800 1397       4       java.nio.DirectByteBuffer::put (123 bytes)
Event: 24.789 Thread 0x00007fa9b5021800 nmethod 1397 0x000000010e518790 code [0x000000010e518900, 0x000000010e518d58]
Event: 25.196 Thread 0x00007fa9b502b800 1398       3       sun.misc.JarIndex::get (49 bytes)
Event: 25.196 Thread 0x00007fa9b5023000 1399       4       java.lang.StringBuilder::append (8 bytes)
Event: 25.196 Thread 0x00007fa9b502b800 nmethod 1398 0x000000010e50e550 code [0x000000010e50e720, 0x000000010e50ef78]
Event: 25.200 Thread 0x00007fa9b5023000 nmethod 1399 0x000000010e50dc10 code [0x000000010e50dd80, 0x000000010e50e178]
Event: 25.207 Thread 0x00007fa9b502b000 1400       4       java.nio.DirectByteBuffer::put (18 bytes)

GC Heap History (10 events):
Event: 9.858 GC heap before
{Heap before GC invocations=7 (full 1):
 PSYoungGen      total 66048K, used 66016K [0x0000000795580000, 0x000000079e900000, 0x00000007c0000000)
  eden space 60928K, 100% used [0x0000000795580000,0x0000000799100000,0x0000000799100000)
  from space 5120K, 99% used [0x0000000799680000,0x0000000799b78060,0x0000000799b80000)
  to   space 45056K, 0% used [0x000000079bd00000,0x000000079bd00000,0x000000079e900000)
 ParOldGen       total 153088K, used 65155K [0x0000000740000000, 0x0000000749580000, 0x0000000795580000)
  object space 153088K, 42% used [0x0000000740000000,0x0000000743fa0ec8,0x0000000749580000)
 Metaspace       used 7571K, capacity 7699K, committed 7808K, reserved 1056768K
  class space    used 738K, capacity 790K, committed 896K, reserved 1048576K
Event: 9.864 GC heap after
Heap after GC invocations=7 (full 1):
 PSYoungGen      total 108032K, used 6176K [0x0000000795580000, 0x000000079f500000, 0x00000007c0000000)
  eden space 62976K, 0% used [0x0000000795580000,0x0000000795580000,0x0000000799300000)
  from space 45056K, 13% used [0x000000079bd00000,0x000000079c308070,0x000000079e900000)
  to   space 43008K, 0% used [0x0000000799300000,0x0000000799300000,0x000000079bd00000)
 ParOldGen       total 153088K, used 65163K [0x0000000740000000, 0x0000000749580000, 0x0000000795580000)
  object space 153088K, 42% used [0x0000000740000000,0x0000000743fa2ec8,0x0000000749580000)
 Metaspace       used 7571K, capacity 7699K, committed 7808K, reserved 1056768K
  class space    used 738K, capacity 790K, committed 896K, reserved 1048576K
}
Event: 13.074 GC heap before
{Heap before GC invocations=8 (full 1):
 PSYoungGen      total 108032K, used 69152K [0x0000000795580000, 0x000000079f500000, 0x00000007c0000000)
  eden space 62976K, 100% used [0x0000000795580000,0x0000000799300000,0x0000000799300000)
  from space 45056K, 13% used [0x000000079bd00000,0x000000079c308070,0x000000079e900000)
  to   space 43008K, 0% used [0x0000000799300000,0x0000000799300000,0x000000079bd00000)
 ParOldGen       total 153088K, used 65163K [0x0000000740000000, 0x0000000749580000, 0x0000000795580000)
  object space 153088K, 42% used [0x0000000740000000,0x0000000743fa2ec8,0x0000000749580000)
 Metaspace       used 7576K, capacity 7699K, committed 7808K, reserved 1056768K
  class space    used 738K, capacity 790K, committed 896K, reserved 1048576K
Event: 13.080 GC heap after
Heap after GC invocations=8 (full 1):
 PSYoungGen      total 105984K, used 6208K [0x0000000795580000, 0x000000079f180000, 0x00000007c0000000)
  eden space 62976K, 0% used [0x0000000795580000,0x0000000795580000,0x0000000799300000)
  from space 43008K, 14% used [0x0000000799300000,0x0000000799910070,0x000000079bd00000)
  to   space 41472K, 0% used [0x000000079c900000,0x000000079c900000,0x000000079f180000)
 ParOldGen       total 153088K, used 65171K [0x0000000740000000, 0x0000000749580000, 0x0000000795580000)
  object space 153088K, 42% used [0x0000000740000000,0x0000000743fa4ec8,0x0000000749580000)
 Metaspace       used 7576K, capacity 7699K, committed 7808K, reserved 1056768K
  class space    used 738K, capacity 790K, committed 896K, reserved 1048576K
}
Event: 16.291 GC heap before
{Heap before GC invocations=9 (full 1):
 PSYoungGen      total 105984K, used 69184K [0x0000000795580000, 0x000000079f180000, 0x00000007c0000000)
  eden space 62976K, 100% used [0x0000000795580000,0x0000000799300000,0x0000000799300000)
  from space 43008K, 14% used [0x0000000799300000,0x0000000799910070,0x000000079bd00000)
  to   space 41472K, 0% used [0x000000079c900000,0x000000079c900000,0x000000079f180000)
 ParOldGen       total 153088K, used 65171K [0x0000000740000000, 0x0000000749580000, 0x0000000795580000)
  object space 153088K, 42% used [0x0000000740000000,0x0000000743fa4ec8,0x0000000749580000)
 Metaspace       used 7579K, capacity 7763K, committed 8064K, reserved 1056768K
  class space    used 738K, capacity 790K, committed 896K, reserved 1048576K
Event: 16.297 GC heap after
Heap after GC invocations=9 (full 1):
 PSYoungGen      total 109056K, used 6240K [0x0000000795580000, 0x000000079eb00000, 0x00000007c0000000)
  eden space 74240K, 0% used [0x0000000795580000,0x0000000795580000,0x0000000799e00000)
  from space 34816K, 17% used [0x000000079c900000,0x000000079cf18070,0x000000079eb00000)
  to   space 39424K, 0% used [0x0000000799e00000,0x0000000799e00000,0x000000079c480000)
 ParOldGen       total 153088K, used 65171K [0x0000000740000000, 0x0000000749580000, 0x0000000795580000)
  object space 153088K, 42% used [0x0000000740000000,0x0000000743fa4ec8,0x0000000749580000)
 Metaspace       used 7579K, capacity 7763K, committed 8064K, reserved 1056768K
  class space    used 738K, capacity 790K, committed 896K, reserved 1048576K
}
Event: 20.090 GC heap before
{Heap before GC invocations=10 (full 1):
 PSYoungGen      total 109056K, used 80480K [0x0000000795580000, 0x000000079eb00000, 0x00000007c0000000)
  eden space 74240K, 100% used [0x0000000795580000,0x0000000799e00000,0x0000000799e00000)
  from space 34816K, 17% used [0x000000079c900000,0x000000079cf18070,0x000000079eb00000)
  to   space 39424K, 0% used [0x0000000799e00000,0x0000000799e00000,0x000000079c480000)
 ParOldGen       total 153088K, used 65171K [0x0000000740000000, 0x0000000749580000, 0x0000000795580000)
  object space 153088K, 42% used [0x0000000740000000,0x0000000743fa4ec8,0x0000000749580000)
 Metaspace       used 7582K, capacity 7763K, committed 8064K, reserved 1056768K
  class space    used 738K, capacity 790K, committed 896K, reserved 1048576K
Event: 20.096 GC heap after
Heap after GC invocations=10 (full 1):
 PSYoungGen      total 113664K, used 6240K [0x0000000795580000, 0x000000079ee00000, 0x00000007c0000000)
  eden space 74240K, 0% used [0x0000000795580000,0x0000000795580000,0x0000000799e00000)
  from space 39424K, 15% used [0x0000000799e00000,0x000000079a418070,0x000000079c480000)
  to   space 37888K, 0% used [0x000000079c900000,0x000000079c900000,0x000000079ee00000)
 ParOldGen       total 153088K, used 65171K [0x0000000740000000, 0x0000000749580000, 0x0000000795580000)
  object space 153088K, 42% used [0x0000000740000000,0x0000000743fa4ec8,0x0000000749580000)
 Metaspace       used 7582K, capacity 7763K, committed 8064K, reserved 1056768K
  class space    used 738K, capacity 790K, committed 896K, reserved 1048576K
}
Event: 23.876 GC heap before
{Heap before GC invocations=11 (full 1):
 PSYoungGen      total 113664K, used 80480K [0x0000000795580000, 0x000000079ee00000, 0x00000007c0000000)
  eden space 74240K, 100% used [0x0000000795580000,0x0000000799e00000,0x0000000799e00000)
  from space 39424K, 15% used [0x0000000799e00000,0x000000079a418070,0x000000079c480000)
  to   space 37888K, 0% used [0x000000079c900000,0x000000079c900000,0x000000079ee00000)
 ParOldGen       total 153088K, used 65171K [0x0000000740000000, 0x0000000749580000, 0x0000000795580000)
  object space 153088K, 42% used [0x0000000740000000,0x0000000743fa4ec8,0x0000000749580000)
 Metaspace       used 7583K, capacity 7763K, committed 8064K, reserved 1056768K
  class space    used 738K, capacity 790K, committed 896K, reserved 1048576K
Event: 23.880 GC heap after
Heap after GC invocations=11 (full 1):
 PSYoungGen      total 114176K, used 5344K [0x0000000795580000, 0x000000079eb00000, 0x00000007c0000000)
  eden space 79360K, 0% used [0x0000000795580000,0x0000000795580000,0x000000079a300000)
  from space 34816K, 15% used [0x000000079c900000,0x000000079ce38060,0x000000079eb00000)
  to   space 36864K, 0% used [0x000000079a300000,0x000000079a300000,0x000000079c700000)
 ParOldGen       total 153088K, used 65171K [0x0000000740000000, 0x0000000749580000, 0x0000000795580000)
  object space 153088K, 42% used [0x0000000740000000,0x0000000743fa4ec8,0x0000000749580000)
 Metaspace       used 7583K, capacity 7763K, committed 8064K, reserved 1056768K
  class space    used 738K, capacity 790K, committed 896K, reserved 1048576K
}

Deoptimization events (10 events):
Event: 2.455 Thread 0x00007fa9b6801800 Uncommon trap: reason=unstable_if action=reinterpret pc=0x000000010e2bde18 method=terrainsSphere.TerrainFace.<init>(Lorg/lwjgl/util/vector/Vector3f;LterrainsSphere/TerrainFace;Z)V @ 46
Event: 3.067 Thread 0x00007fa9b6801800 Uncommon trap: reason=unstable_if action=reinterpret pc=0x000000010e2fdb48 method=terrainsSphere.TerrainSphere.generateTerrainSphereIco(LrenderEngine/Loader;)Lmodels/RawModel; @ 2282
Event: 3.133 Thread 0x00007fa9b6801800 Uncommon trap: reason=unstable_if action=reinterpret pc=0x000000010e2c7d10 method=java.util.HashMap.putVal(ILjava/lang/Object;Ljava/lang/Object;ZZ)Ljava/lang/Object; @ 193
Event: 3.463 Thread 0x00007fa9b6801800 Uncommon trap: reason=unstable_if action=reinterpret pc=0x000000010e22e798 method=org.lwjgl.util.vector.Vector3f.add(Lorg/lwjgl/util/vector/Vector3f;Lorg/lwjgl/util/vector/Vector3f;Lorg/lwjgl/util/vector/Vector3f;)Lorg/lwjgl/util/vector/Vector3f; @ 1
Event: 3.499 Thread 0x00007fa9b6801800 Uncommon trap: reason=unstable_if action=reinterpret pc=0x000000010e2265c8 method=java.nio.DirectByteBuffer.put([BII)Ljava/nio/ByteBuffer; @ 5
Event: 3.733 Thread 0x00007fa9b6801800 Uncommon trap: reason=unstable_if action=reinterpret pc=0x000000010e38feb4 method=java.lang.StrictMath.floorOrCeil(DDDD)D @ 90
Event: 4.011 Thread 0x00007fa9b6801800 Uncommon trap: reason=unstable_if action=reinterpret pc=0x000000010e395d98 method=particles.Particle.updateTextureCoordInfo()V @ 44
Event: 4.230 Thread 0x00007fa9b6801800 Uncommon trap: reason=unstable_if action=reinterpret pc=0x000000010e398898 method=toolbox.MousePickerSphere.isUnderGround(Lorg/lwjgl/util/vector/Vector3f;Lorg/lwjgl/util/vector/Vector3f;)Z @ 55
Event: 4.231 Thread 0x00007fa9b6801800 Uncommon trap: reason=unstable_if action=reinterpret pc=0x000000010e3bbd30 method=particles.Particle.update(Lentities/Camera;)Z @ 100
Event: 4.908 Thread 0x00007fa9b6801800 Uncommon trap: reason=unstable_if action=reinterpret pc=0x000000010e38e048 method=particles.InsertionSort.sortUpHighToLow(Ljava/util/List;I)V @ 22

Internal exceptions (10 events):
Event: 0.116 Thread 0x00007fa9b6801800 Exception <a 'java/security/PrivilegedActionException'> (0x00000007958127c0) thrown at [/Users/java_re/workspace/8-2-build-macosx-x86_64/jdk8u45/3457/hotspot/src/share/vm/prims/jvm.cpp, line 1382]
Event: 0.116 Thread 0x00007fa9b6801800 Exception <a 'java/security/PrivilegedActionException'> (0x0000000795815b40) thrown at [/Users/java_re/workspace/8-2-build-macosx-x86_64/jdk8u45/3457/hotspot/src/share/vm/prims/jvm.cpp, line 1382]
Event: 0.116 Thread 0x00007fa9b6801800 Exception <a 'java/security/PrivilegedActionException'> (0x0000000795815cf8) thrown at [/Users/java_re/workspace/8-2-build-macosx-x86_64/jdk8u45/3457/hotspot/src/share/vm/prims/jvm.cpp, line 1382]
Event: 0.276 Thread 0x00007fa9b6801800 Exception <a 'java/io/FileNotFoundException'> (0x0000000795819b18) thrown at [/Users/java_re/workspace/8-2-build-macosx-x86_64/jdk8u45/3457/hotspot/src/share/vm/prims/jni.cpp, line 709]
Event: 0.276 Thread 0x00007fa9b6801800 Exception <a 'java/io/FileNotFoundException'> (0x000000079581a638) thrown at [/Users/java_re/workspace/8-2-build-macosx-x86_64/jdk8u45/3457/hotspot/src/share/vm/prims/jni.cpp, line 709]
Event: 0.321 Thread 0x00007fa9b6873000 Exception <a 'java/lang/NoSuchFieldError': method resolution failed> (0x00000007959946f0) thrown at [/Users/java_re/workspace/8-2-build-macosx-x86_64/jdk8u45/3457/hotspot/src/share/vm/prims/methodHandles.cpp, line 1125]
Event: 0.323 Thread 0x00007fa9b6873000 Exception <a 'java/lang/NoSuchFieldError': method resolution failed> (0x00000007959a2d90) thrown at [/Users/java_re/workspace/8-2-build-macosx-x86_64/jdk8u45/3457/hotspot/src/share/vm/prims/methodHandles.cpp, line 1125]
Event: 2.405 Thread 0x00007fa9b6801800 Exception <a 'java/lang/ArrayIndexOutOfBoundsException': 18> (0x00000007955e0f08) thrown at [/Users/java_re/workspace/8-2-build-macosx-x86_64/jdk8u45/3457/hotspot/src/share/vm/interpreter/interpreterRuntime.cpp, line 366]
Event: 2.405 Thread 0x00007fa9b6801800 Exception <a 'java/lang/ArrayIndexOutOfBoundsException': 58> (0x00000007955e1d20) thrown at [/Users/java_re/workspace/8-2-build-macosx-x86_64/jdk8u45/3457/hotspot/src/share/vm/interpreter/interpreterRuntime.cpp, line 366]
Event: 2.406 Thread 0x00007fa9b6801800 Exception <a 'java/lang/ArrayIndexOutOfBoundsException': 40> (0x00000007955e2b18) thrown at [/Users/java_re/workspace/8-2-build-macosx-x86_64/jdk8u45/3457/hotspot/src/share/vm/interpreter/interpreterRuntime.cpp, line 366]

Events (10 events):
Event: 13.074 Executing VM operation: ParallelGCFailedAllocation
Event: 13.080 Executing VM operation: ParallelGCFailedAllocation done
Event: 16.291 Executing VM operation: ParallelGCFailedAllocation
Event: 16.297 Executing VM operation: ParallelGCFailedAllocation done
Event: 20.090 Executing VM operation: ParallelGCFailedAllocation
Event: 20.096 Executing VM operation: ParallelGCFailedAllocation done
Event: 23.876 Executing VM operation: ParallelGCFailedAllocation
Event: 23.880 Executing VM operation: ParallelGCFailedAllocation done
Event: 25.196 loading class org/lwjgl/opengl/CallbackUtil
Event: 25.196 loading class org/lwjgl/opengl/CallbackUtil done


Dynamic libraries:
0x0000000034832000 	/System/Library/Frameworks/Cocoa.framework/Versions/A/Cocoa
0x0000000034832000 	/System/Library/Frameworks/Security.framework/Versions/A/Security
0x0000000034832000 	/System/Library/Frameworks/ApplicationServices.framework/Versions/A/ApplicationServices
0x0000000034832000 	/usr/lib/libz.1.dylib
0x0000000034832000 	/usr/lib/libSystem.B.dylib
0x0000000034832000 	/usr/lib/libobjc.A.dylib
0x0000000034832000 	/System/Library/Frameworks/CoreFoundation.framework/Versions/A/CoreFoundation
0x0000000034832000 	/System/Library/Frameworks/Foundation.framework/Versions/C/Foundation
0x0000000034832000 	/System/Library/Frameworks/AppKit.framework/Versions/C/AppKit
0x0000000034832000 	/System/Library/Frameworks/CoreData.framework/Versions/A/CoreData
0x0000000034832000 	/System/Library/PrivateFrameworks/RemoteViewServices.framework/Versions/A/RemoteViewServices
0x0000000034832000 	/System/Library/PrivateFrameworks/UIFoundation.framework/Versions/A/UIFoundation
0x0000000034832000 	/usr/lib/libenergytrace.dylib
0x0000000034832000 	/System/Library/PrivateFrameworks/SkyLight.framework/Versions/A/SkyLight
0x0000000034832000 	/System/Library/Frameworks/CoreGraphics.framework/Versions/A/CoreGraphics
0x0000000034832000 	/usr/lib/libScreenReader.dylib
0x0000000034832000 	/System/Library/Frameworks/Accelerate.framework/Versions/A/Accelerate
0x0000000034832000 	/System/Library/Frameworks/IOSurface.framework/Versions/A/IOSurface
0x0000000034832000 	/System/Library/Frameworks/AudioToolbox.framework/Versions/A/AudioToolbox
0x0000000034832000 	/System/Library/Frameworks/AudioUnit.framework/Versions/A/AudioUnit
0x0000000034832000 	/System/Library/PrivateFrameworks/DataDetectorsCore.framework/Versions/A/DataDetectorsCore
0x0000000034832000 	/System/Library/PrivateFrameworks/DesktopServicesPriv.framework/Versions/A/DesktopServicesPriv
0x0000000034832000 	/System/Library/Frameworks/Carbon.framework/Versions/A/Frameworks/HIToolbox.framework/Versions/A/HIToolbox
0x0000000034832000 	/usr/lib/libicucore.A.dylib
0x0000000034832000 	/System/Library/Frameworks/QuartzCore.framework/Versions/A/QuartzCore
0x0000000034832000 	/System/Library/Frameworks/Carbon.framework/Versions/A/Frameworks/SpeechRecognition.framework/Versions/A/SpeechRecognition
0x0000000034832000 	/usr/lib/libauto.dylib
0x0000000034832000 	/usr/lib/libxml2.2.dylib
0x0000000034832000 	/System/Library/PrivateFrameworks/CoreUI.framework/Versions/A/CoreUI
0x0000000034832000 	/System/Library/Frameworks/CoreAudio.framework/Versions/A/CoreAudio
0x0000000034832000 	/System/Library/Frameworks/DiskArbitration.framework/Versions/A/DiskArbitration
0x0000000034832000 	/usr/lib/liblangid.dylib
0x0000000034832000 	/System/Library/PrivateFrameworks/MultitouchSupport.framework/Versions/A/MultitouchSupport
0x0000000034832000 	/System/Library/Frameworks/IOKit.framework/Versions/A/IOKit
0x0000000034832000 	/usr/lib/libDiagnosticMessagesClient.dylib
0x0000000034832000 	/System/Library/Frameworks/CoreServices.framework/Versions/A/CoreServices
0x0000000034832000 	/System/Library/PrivateFrameworks/PerformanceAnalysis.framework/Versions/A/PerformanceAnalysis
0x0000000034832000 	/System/Library/PrivateFrameworks/GenerationalStorage.framework/Versions/A/GenerationalStorage
0x0000000034832000 	/System/Library/Frameworks/OpenGL.framework/Versions/A/OpenGL
0x0000000034832000 	/System/Library/Frameworks/CoreImage.framework/Versions/A/CoreImage
0x0000000034832000 	/System/Library/Frameworks/CoreText.framework/Versions/A/CoreText
0x0000000034832000 	/System/Library/Frameworks/ImageIO.framework/Versions/A/ImageIO
0x0000000034832000 	/System/Library/PrivateFrameworks/Backup.framework/Versions/A/Backup
0x0000000034832000 	/usr/lib/libarchive.2.dylib
0x0000000034832000 	/System/Library/Frameworks/CFNetwork.framework/Versions/A/CFNetwork
0x0000000034832000 	/System/Library/Frameworks/SystemConfiguration.framework/Versions/A/SystemConfiguration
0x0000000034832000 	/usr/lib/libCRFSuite.dylib
0x0000000034832000 	/usr/lib/libc++.1.dylib
0x0000000034832000 	/usr/lib/libc++abi.dylib
0x0000000034832000 	/usr/lib/system/libcache.dylib
0x0000000034832000 	/usr/lib/system/libcommonCrypto.dylib
0x0000000034832000 	/usr/lib/system/libcompiler_rt.dylib
0x0000000034832000 	/usr/lib/system/libcopyfile.dylib
0x0000000034832000 	/usr/lib/system/libcorecrypto.dylib
0x0000000034832000 	/usr/lib/system/libdispatch.dylib
0x0000000034832000 	/usr/lib/system/libdyld.dylib
0x0000000034832000 	/usr/lib/system/libkeymgr.dylib
0x0000000034832000 	/usr/lib/system/liblaunch.dylib
0x0000000034832000 	/usr/lib/system/libmacho.dylib
0x0000000034832000 	/usr/lib/system/libquarantine.dylib
0x0000000034832000 	/usr/lib/system/libremovefile.dylib
0x0000000034832000 	/usr/lib/system/libsystem_asl.dylib
0x0000000034832000 	/usr/lib/system/libsystem_blocks.dylib
0x0000000034832000 	/usr/lib/system/libsystem_c.dylib
0x0000000034832000 	/usr/lib/system/libsystem_configuration.dylib
0x0000000034832000 	/usr/lib/system/libsystem_coreservices.dylib
0x0000000034832000 	/usr/lib/system/libsystem_coretls.dylib
0x0000000034832000 	/usr/lib/system/libsystem_dnssd.dylib
0x0000000034832000 	/usr/lib/system/libsystem_info.dylib
0x0000000034832000 	/usr/lib/system/libsystem_kernel.dylib
0x0000000034832000 	/usr/lib/system/libsystem_m.dylib
0x0000000034832000 	/usr/lib/system/libsystem_malloc.dylib
0x0000000034832000 	/usr/lib/system/libsystem_network.dylib
0x0000000034832000 	/usr/lib/system/libsystem_networkextension.dylib
0x0000000034832000 	/usr/lib/system/libsystem_notify.dylib
0x0000000034832000 	/usr/lib/system/libsystem_platform.dylib
0x0000000034832000 	/usr/lib/system/libsystem_pthread.dylib
0x0000000034832000 	/usr/lib/system/libsystem_sandbox.dylib
0x0000000034832000 	/usr/lib/system/libsystem_secinit.dylib
0x0000000034832000 	/usr/lib/system/libsystem_symptoms.dylib
0x0000000034832000 	/usr/lib/system/libsystem_trace.dylib
0x0000000034832000 	/usr/lib/system/libunwind.dylib
0x0000000034832000 	/usr/lib/system/libxpc.dylib
0x0000000034832000 	/usr/lib/libbsm.0.dylib
0x0000000034832000 	/usr/lib/system/libkxld.dylib
0x0000000034832000 	/usr/lib/libcoretls.dylib
0x0000000034832000 	/usr/lib/libcoretls_cfhelpers.dylib
0x0000000034832000 	/usr/lib/libxar.1.dylib
0x0000000034832000 	/usr/lib/libsqlite3.dylib
0x0000000034832000 	/usr/lib/libpam.2.dylib
0x0000000034832000 	/usr/lib/libOpenScriptingUtil.dylib
0x0000000034832000 	/usr/lib/libbz2.1.0.dylib
0x0000000034832000 	/usr/lib/liblzma.5.dylib
0x0000000034832000 	/usr/lib/libnetwork.dylib
0x0000000034832000 	/usr/lib/libpcap.A.dylib
0x0000000034832000 	/System/Library/Frameworks/CoreServices.framework/Versions/A/Frameworks/FSEvents.framework/Versions/A/FSEvents
0x0000000034832000 	/System/Library/Frameworks/CoreServices.framework/Versions/A/Frameworks/CarbonCore.framework/Versions/A/CarbonCore
0x0000000034832000 	/System/Library/Frameworks/CoreServices.framework/Versions/A/Frameworks/Metadata.framework/Versions/A/Metadata
0x0000000034832000 	/System/Library/Frameworks/CoreServices.framework/Versions/A/Frameworks/OSServices.framework/Versions/A/OSServices
0x0000000034832000 	/System/Library/Frameworks/CoreServices.framework/Versions/A/Frameworks/SearchKit.framework/Versions/A/SearchKit
0x0000000034832000 	/System/Library/Frameworks/CoreServices.framework/Versions/A/Frameworks/AE.framework/Versions/A/AE
0x0000000034832000 	/System/Library/Frameworks/CoreServices.framework/Versions/A/Frameworks/LaunchServices.framework/Versions/A/LaunchServices
0x0000000034832000 	/System/Library/Frameworks/CoreServices.framework/Versions/A/Frameworks/DictionaryServices.framework/Versions/A/DictionaryServices
0x0000000034832000 	/System/Library/Frameworks/CoreServices.framework/Versions/A/Frameworks/SharedFileList.framework/Versions/A/SharedFileList
0x0000000034832000 	/System/Library/Frameworks/NetFS.framework/Versions/A/NetFS
0x0000000034832000 	/System/Library/PrivateFrameworks/NetAuth.framework/Versions/A/NetAuth
0x0000000034832000 	/System/Library/PrivateFrameworks/login.framework/Versions/A/Frameworks/loginsupport.framework/Versions/A/loginsupport
0x0000000034832000 	/System/Library/PrivateFrameworks/TCC.framework/Versions/A/TCC
0x0000000034832000 	/usr/lib/libmecabra.dylib
0x0000000034832000 	/System/Library/Frameworks/ApplicationServices.framework/Versions/A/Frameworks/ATS.framework/Versions/A/ATS
0x0000000034832000 	/System/Library/Frameworks/ApplicationServices.framework/Versions/A/Frameworks/ColorSync.framework/Versions/A/ColorSync
0x0000000034832000 	/System/Library/Frameworks/ApplicationServices.framework/Versions/A/Frameworks/HIServices.framework/Versions/A/HIServices
0x0000000034832000 	/System/Library/Frameworks/ApplicationServices.framework/Versions/A/Frameworks/LangAnalysis.framework/Versions/A/LangAnalysis
0x0000000034832000 	/System/Library/Frameworks/ApplicationServices.framework/Versions/A/Frameworks/PrintCore.framework/Versions/A/PrintCore
0x0000000034832000 	/System/Library/Frameworks/ApplicationServices.framework/Versions/A/Frameworks/QD.framework/Versions/A/QD
0x0000000034832000 	/System/Library/Frameworks/ApplicationServices.framework/Versions/A/Frameworks/SpeechSynthesis.framework/Versions/A/SpeechSynthesis
0x0000000034832000 	/System/Library/Frameworks/Accelerate.framework/Versions/A/Frameworks/vImage.framework/Versions/A/vImage
0x0000000034832000 	/System/Library/Frameworks/Accelerate.framework/Versions/A/Frameworks/vecLib.framework/Versions/A/vecLib
0x0000000034832000 	/System/Library/Frameworks/Accelerate.framework/Versions/A/Frameworks/vecLib.framework/Versions/A/libvDSP.dylib
0x0000000034832000 	/System/Library/Frameworks/Accelerate.framework/Versions/A/Frameworks/vecLib.framework/Versions/A/libBNNS.dylib
0x0000000034832000 	/System/Library/Frameworks/Accelerate.framework/Versions/A/Frameworks/vecLib.framework/Versions/A/libQuadrature.dylib
0x0000000034832000 	/System/Library/Frameworks/Accelerate.framework/Versions/A/Frameworks/vecLib.framework/Versions/A/libvMisc.dylib
0x0000000034832000 	/System/Library/Frameworks/Accelerate.framework/Versions/A/Frameworks/vecLib.framework/Versions/A/libLAPACK.dylib
0x0000000034832000 	/System/Library/Frameworks/Accelerate.framework/Versions/A/Frameworks/vecLib.framework/Versions/A/libBLAS.dylib
0x0000000034832000 	/System/Library/Frameworks/Accelerate.framework/Versions/A/Frameworks/vecLib.framework/Versions/A/libLinearAlgebra.dylib
0x0000000034832000 	/System/Library/Frameworks/Accelerate.framework/Versions/A/Frameworks/vecLib.framework/Versions/A/libSparseBLAS.dylib
0x0000000034832000 	/System/Library/Frameworks/ApplicationServices.framework/Versions/A/Frameworks/ATS.framework/Versions/A/Resources/libFontParser.dylib
0x0000000034832000 	/System/Library/Frameworks/ApplicationServices.framework/Versions/A/Frameworks/ATS.framework/Versions/A/Resources/libFontRegistry.dylib
0x0000000034832000 	/System/Library/Frameworks/ImageIO.framework/Versions/A/Resources/libJPEG.dylib
0x0000000034832000 	/System/Library/Frameworks/ImageIO.framework/Versions/A/Resources/libTIFF.dylib
0x0000000034832000 	/System/Library/Frameworks/ImageIO.framework/Versions/A/Resources/libPng.dylib
0x0000000034832000 	/System/Library/Frameworks/ImageIO.framework/Versions/A/Resources/libGIF.dylib
0x0000000034832000 	/System/Library/Frameworks/ImageIO.framework/Versions/A/Resources/libJP2.dylib
0x0000000034832000 	/System/Library/Frameworks/ImageIO.framework/Versions/A/Resources/libRadiance.dylib
0x0000000034832000 	/usr/lib/libcompression.dylib
0x0000000034832000 	/System/Library/PrivateFrameworks/AppleJPEG.framework/Versions/A/AppleJPEG
0x0000000034832000 	/usr/lib/libcups.2.dylib
0x0000000034832000 	/System/Library/Frameworks/Kerberos.framework/Versions/A/Kerberos
0x0000000034832000 	/System/Library/Frameworks/GSS.framework/Versions/A/GSS
0x0000000034832000 	/usr/lib/libresolv.9.dylib
0x0000000034832000 	/usr/lib/libiconv.2.dylib
0x0000000034832000 	/System/Library/PrivateFrameworks/Heimdal.framework/Versions/A/Heimdal
0x0000000034832000 	/usr/lib/libheimdal-asn1.dylib
0x0000000034832000 	/System/Library/Frameworks/OpenDirectory.framework/Versions/A/OpenDirectory
0x0000000034832000 	/System/Library/PrivateFrameworks/CommonAuth.framework/Versions/A/CommonAuth
0x0000000034832000 	/System/Library/Frameworks/OpenDirectory.framework/Versions/A/Frameworks/CFOpenDirectory.framework/Versions/A/CFOpenDirectory
0x0000000034832000 	/System/Library/Frameworks/SecurityFoundation.framework/Versions/A/SecurityFoundation
0x0000000034832000 	/System/Library/PrivateFrameworks/LanguageModeling.framework/Versions/A/LanguageModeling
0x0000000034832000 	/usr/lib/libmarisa.dylib
0x0000000034832000 	/usr/lib/libChineseTokenizer.dylib
0x0000000034832000 	/usr/lib/libcmph.dylib
0x0000000034832000 	/System/Library/PrivateFrameworks/CoreEmoji.framework/Versions/A/CoreEmoji
0x0000000034832000 	/System/Library/Frameworks/ServiceManagement.framework/Versions/A/ServiceManagement
0x0000000034832000 	/usr/lib/libxslt.1.dylib
0x0000000034832000 	/System/Library/Frameworks/Carbon.framework/Versions/A/Frameworks/Ink.framework/Versions/A/Ink
0x0000000034832000 	/System/Library/PrivateFrameworks/TextureIO.framework/Versions/A/TextureIO
0x0000000034832000 	/System/Library/Frameworks/Metal.framework/Versions/A/Metal
0x0000000034832000 	/usr/lib/libate.dylib
0x0000000034832000 	/System/Library/PrivateFrameworks/GPUCompiler.framework/libmetal_timestamp.dylib
0x0000000034832000 	/System/Library/Frameworks/OpenGL.framework/Versions/A/Libraries/libCoreFSCache.dylib
0x0000000034832000 	/System/Library/PrivateFrameworks/IOAccelerator.framework/Versions/A/IOAccelerator
0x0000000034832000 	/System/Library/Frameworks/CoreVideo.framework/Versions/A/CoreVideo
0x0000000034832000 	/usr/lib/libFosl_dynamic.dylib
0x0000000034832000 	/System/Library/PrivateFrameworks/MetalPerformanceShaders.framework/Versions/A/MetalPerformanceShaders
0x0000000034832000 	/System/Library/PrivateFrameworks/FaceCore.framework/Versions/A/FaceCore
0x0000000034832000 	/System/Library/Frameworks/OpenCL.framework/Versions/A/OpenCL
0x0000000034832000 	/System/Library/Frameworks/OpenGL.framework/Versions/A/Libraries/libGLU.dylib
0x0000000034832000 	/System/Library/Frameworks/OpenGL.framework/Versions/A/Libraries/libGFXShared.dylib
0x0000000034832000 	/System/Library/Frameworks/OpenGL.framework/Versions/A/Libraries/libGL.dylib
0x0000000034832000 	/System/Library/Frameworks/OpenGL.framework/Versions/A/Libraries/libGLImage.dylib
0x0000000034832000 	/System/Library/Frameworks/OpenGL.framework/Versions/A/Libraries/libCVMSPluginSupport.dylib
0x0000000034832000 	/System/Library/Frameworks/OpenGL.framework/Versions/A/Libraries/libCoreVMClient.dylib
0x0000000034832000 	/System/Library/PrivateFrameworks/CrashReporterSupport.framework/Versions/A/CrashReporterSupport
0x0000000034832000 	/System/Library/PrivateFrameworks/Sharing.framework/Versions/A/Sharing
0x0000000034832000 	/System/Library/PrivateFrameworks/IconServices.framework/Versions/A/IconServices
0x0000000034832000 	/System/Library/PrivateFrameworks/ProtocolBuffer.framework/Versions/A/ProtocolBuffer
0x0000000034832000 	/System/Library/PrivateFrameworks/Apple80211.framework/Versions/A/Apple80211
0x0000000034832000 	/System/Library/Frameworks/CoreWLAN.framework/Versions/A/CoreWLAN
0x0000000034832000 	/System/Library/PrivateFrameworks/CoreUtils.framework/Versions/A/CoreUtils
0x0000000034832000 	/System/Library/Frameworks/IOBluetooth.framework/Versions/A/IOBluetooth
0x0000000034832000 	/System/Library/PrivateFrameworks/CoreWiFi.framework/Versions/A/CoreWiFi
0x0000000034832000 	/System/Library/Frameworks/CoreBluetooth.framework/Versions/A/CoreBluetooth
0x0000000034832000 	/System/Library/Frameworks/CoreDisplay.framework/Versions/A/CoreDisplay
0x0000000034832000 	/System/Library/PrivateFrameworks/IOPresentment.framework/Versions/A/IOPresentment
0x0000000034832000 	/System/Library/PrivateFrameworks/DebugSymbols.framework/Versions/A/DebugSymbols
0x0000000034832000 	/System/Library/PrivateFrameworks/CoreSymbolication.framework/Versions/A/CoreSymbolication
0x0000000034832000 	/System/Library/PrivateFrameworks/Symbolication.framework/Versions/A/Symbolication
0x0000000034832000 	/System/Library/PrivateFrameworks/AppleFSCompression.framework/Versions/A/AppleFSCompression
0x0000000034832000 	/System/Library/PrivateFrameworks/SpeechRecognitionCore.framework/Versions/A/SpeechRecognitionCore
0x0000000034832000 	/System/Library/PrivateFrameworks/ChunkingLibrary.framework/Versions/A/ChunkingLibrary
0x0000000109200000 	/Library/Java/JavaVirtualMachines/jdk1.8.0_45.jdk/Contents/Home/jre/lib/server/libjvm.dylib
0x0000000034832000 	/usr/lib/libstdc++.6.dylib
0x0000000108127000 	/Library/Java/JavaVirtualMachines/jdk1.8.0_45.jdk/Contents/Home/jre/lib/libverify.dylib
0x0000000108135000 	/Library/Java/JavaVirtualMachines/jdk1.8.0_45.jdk/Contents/Home/jre/lib/libjava.dylib
0x0000000108174000 	/Library/Java/JavaVirtualMachines/jdk1.8.0_45.jdk/Contents/Home/jre/lib/libzip.dylib
0x000000010d6db000 	/System/Library/Frameworks/JavaVM.framework/Frameworks/JavaRuntimeSupport.framework/JavaRuntimeSupport
0x000000010d6f5000 	/System/Library/Frameworks/JavaVM.framework/Versions/A/Frameworks/JavaNativeFoundation.framework/Versions/A/JavaNativeFoundation
0x00000001081ee000 	/System/Library/Frameworks/JavaVM.framework/Versions/A/JavaVM
0x0000000034832000 	/System/Library/Frameworks/Carbon.framework/Versions/A/Carbon
0x000000010d70a000 	/System/Library/PrivateFrameworks/JavaLaunching.framework/Versions/A/JavaLaunching
0x0000000034832000 	/System/Library/Frameworks/Carbon.framework/Versions/A/Frameworks/CommonPanels.framework/Versions/A/CommonPanels
0x0000000034832000 	/System/Library/Frameworks/Carbon.framework/Versions/A/Frameworks/Help.framework/Versions/A/Help
0x0000000034832000 	/System/Library/Frameworks/Carbon.framework/Versions/A/Frameworks/ImageCapture.framework/Versions/A/ImageCapture
0x0000000034832000 	/System/Library/Frameworks/Carbon.framework/Versions/A/Frameworks/OpenScripting.framework/Versions/A/OpenScripting
0x0000000034832000 	/System/Library/Frameworks/Carbon.framework/Versions/A/Frameworks/Print.framework/Versions/A/Print
0x0000000034832000 	/System/Library/Frameworks/Carbon.framework/Versions/A/Frameworks/SecurityHI.framework/Versions/A/SecurityHI
0x000000010d772000 	/Library/Java/JavaVirtualMachines/jdk1.8.0_45.jdk/Contents/Home/jre/lib/libawt.dylib
0x000000010d81a000 	/Library/Java/JavaVirtualMachines/jdk1.8.0_45.jdk/Contents/Home/jre/lib/./libmlib_image.dylib
0x000000010d8e6000 	/Library/Java/JavaVirtualMachines/jdk1.8.0_45.jdk/Contents/Home/jre/lib/libawt_lwawt.dylib
0x000000010d99a000 	/Library/Java/JavaVirtualMachines/jdk1.8.0_45.jdk/Contents/Home/jre/lib/./libosxapp.dylib
0x0000000034832000 	/System/Library/Frameworks/ExceptionHandling.framework/Versions/A/ExceptionHandling
0x0000000034832000 	/System/Library/PrivateFrameworks/CoreServicesInternal.framework/Versions/A/CoreServicesInternal
0x0000000034832000 	/System/Library/CoreServices/RawCamera.bundle/Contents/MacOS/RawCamera
0x0000000034832000 	/System/Library/Frameworks/Accelerate.framework/Versions/A/Frameworks/vImage.framework/Versions/A/Libraries/libCGInterfaces.dylib
0x0000000034832000 	/System/Library/Frameworks/ApplicationServices.framework/Versions/A/Frameworks/ATS.framework/Versions/A/Resources/libTrueTypeScaler.dylib
0x0000000034832000 	/System/Library/Frameworks/OpenGL.framework/Versions/A/Resources/GLEngine.bundle/GLEngine
0x0000000034832000 	/System/Library/Frameworks/OpenGL.framework/Versions/A/Libraries/libGLProgrammability.dylib
0x0000000124076000 	/System/Library/Extensions/AppleIntelHD4000GraphicsGLDriver.bundle/Contents/MacOS/AppleIntelHD4000GraphicsGLDriver
0x0000000034832000 	/System/Library/PrivateFrameworks/GPUSupport.framework/Versions/A/Libraries/libGPUSupportMercury.dylib
0x0000000034832000 	/System/Library/Extensions/GeForceGLDriver.bundle/Contents/MacOS/GeForceGLDriver
0x0000000034832000 	/System/Library/Extensions/GeForceGLDriver.bundle/Contents/MacOS/libclh.dylib
0x0000000034832000 	/System/Library/Frameworks/OpenGL.framework/Versions/A/Resources/GLRendererFloat.bundle/GLRendererFloat
0x0000000034832000 	/System/Library/Frameworks/OpenCL.framework/Versions/A/Libraries/libcldcpuengine.dylib
0x0000000034832000 	/usr/lib/libcrypto.0.9.8.dylib
0x0000000034832000 	/System/Library/PrivateFrameworks/TrustEvaluationAgent.framework/Versions/A/TrustEvaluationAgent
0x0000000034832000 	/System/Library/Extensions/GeForceMTLDriver.bundle/Contents/MacOS/GeForceMTLDriver
0x000000012474c000 	/System/Library/Extensions/AppleIntelHD4000GraphicsMTLDriver.bundle/Contents/MacOS/AppleIntelHD4000GraphicsMTLDriver
0x0000000034832000 	/System/Library/PrivateFrameworks/FamilyControls.framework/Versions/A/FamilyControls
0x0000000034832000 	/System/Library/PrivateFrameworks/CommerceKit.framework/Versions/A/Frameworks/CommerceCore.framework/Versions/A/CommerceCore
0x0000000034832000 	/System/Library/PrivateFrameworks/SystemAdministration.framework/Versions/A/SystemAdministration
0x0000000034832000 	/System/Library/PrivateFrameworks/AppContainer.framework/Versions/A/AppContainer
0x0000000034832000 	/System/Library/PrivateFrameworks/SecCodeWrapper.framework/Versions/A/SecCodeWrapper
0x0000000034832000 	/System/Library/Frameworks/DirectoryService.framework/Versions/A/DirectoryService
0x0000000034832000 	/System/Library/PrivateFrameworks/DiskImages.framework/Versions/A/DiskImages
0x0000000034832000 	/System/Library/PrivateFrameworks/LoginUIKit.framework/Versions/A/Frameworks/LoginUICore.framework/Versions/A/LoginUICore
0x0000000034832000 	/usr/lib/libCoreStorage.dylib
0x0000000034832000 	/usr/lib/libcsfde.dylib
0x0000000034832000 	/usr/lib/libodfde.dylib
0x0000000034832000 	/System/Library/Frameworks/DiscRecording.framework/Versions/A/DiscRecording
0x0000000034832000 	/usr/lib/libcurl.4.dylib
0x0000000034832000 	/System/Library/PrivateFrameworks/MediaKit.framework/Versions/A/MediaKit
0x0000000034832000 	/System/Library/PrivateFrameworks/ProtectedCloudStorage.framework/Versions/A/ProtectedCloudStorage
0x0000000034832000 	/System/Library/PrivateFrameworks/EFILogin.framework/Versions/A/EFILogin
0x0000000034832000 	/usr/lib/libutil.dylib
0x0000000034832000 	/System/Library/Frameworks/LDAP.framework/Versions/A/LDAP
0x0000000034832000 	/usr/lib/libsasl2.2.dylib
0x0000000034832000 	/System/Library/PrivateFrameworks/CoreDaemon.framework/Versions/B/CoreDaemon
0x0000000034832000 	/System/Library/PrivateFrameworks/AppleSRP.framework/Versions/A/AppleSRP
0x0000000034832000 	/System/Library/PrivateFrameworks/APFS.framework/Versions/A/APFS
0x0000000125b2f000 	/Library/Java/JavaVirtualMachines/jdk1.8.0_45.jdk/Contents/Home/jre/lib/libfontmanager.dylib
0x0000000125b96000 	/Users/haowu/Documents/workspace/GameEngine/lib/natives/liblwjgl.dylib
0x000000010dd73000 	/Library/Java/JavaVirtualMachines/jdk1.8.0_45.jdk/Contents/Home/jre/lib/libjawt.dylib

VM Arguments:
jvm_args: -Djava.library.path=/Users/haowu/Documents/workspace/GameEngine/lib/natives -Dfile.encoding=UTF-8 
java_command: engineTester.MainGameLoop
java_class_path (initial): /Users/haowu/Documents/workspace/GameEngine/lib/jars/lwjgl_util.jar:/Users/haowu/Documents/workspace/GameEngine/lib/jars/lwjgl.jar:/Users/haowu/Documents/workspace/GameEngine/lib/jars/slick-util.jar:/Users/haowu/Documents/workspace/GameEngine/lib/jars/PNGDecoder.jar:/Users/haowu/Documents/workspace/GameEngine/bin
Launcher Type: SUN_STANDARD

Environment Variables:
PATH=/usr/bin:/bin:/usr/sbin:/sbin
SHELL=/bin/bash
DISPLAY=/private/tmp/com.apple.launchd.BNfpi0S7L7/org.macosforge.xquartz:0

Signal Handlers:
SIGSEGV: [libjvm.dylib+0x58ef95], sa_mask[0]=11111111011111110111111111111111, sa_flags=SA_ONSTACK|SA_RESTART|SA_SIGINFO
SIGBUS: [libjvm.dylib+0x58ef95], sa_mask[0]=11111111011111110111111111111111, sa_flags=SA_RESTART|SA_SIGINFO
SIGFPE: [libjvm.dylib+0x46c108], sa_mask[0]=11111111011111110111111111111111, sa_flags=SA_RESTART|SA_SIGINFO
SIGPIPE: [libjvm.dylib+0x46c108], sa_mask[0]=11111111011111110111111111111111, sa_flags=SA_RESTART|SA_SIGINFO
SIGXFSZ: [libjvm.dylib+0x46c108], sa_mask[0]=11111111011111110111111111111111, sa_flags=SA_RESTART|SA_SIGINFO
SIGILL: [libjvm.dylib+0x46c108], sa_mask[0]=11111111011111110111111111111111, sa_flags=SA_RESTART|SA_SIGINFO
SIGUSR1: SIG_DFL, sa_mask[0]=00000000000000000000000000000000, sa_flags=none
SIGUSR2: [libjvm.dylib+0x46bc26], sa_mask[0]=00100000000000000000000000000000, sa_flags=SA_RESTART|SA_SIGINFO
SIGHUP: [libjvm.dylib+0x46a1f9], sa_mask[0]=11111111011111110111111111111111, sa_flags=SA_RESTART|SA_SIGINFO
SIGINT: [libjvm.dylib+0x46a1f9], sa_mask[0]=11111111011111110111111111111111, sa_flags=SA_RESTART|SA_SIGINFO
SIGTERM: [libjvm.dylib+0x46a1f9], sa_mask[0]=11111111011111110111111111111111, sa_flags=SA_RESTART|SA_SIGINFO
SIGQUIT: [libjvm.dylib+0x46a1f9], sa_mask[0]=11111111011111110111111111111111, sa_flags=SA_RESTART|SA_SIGINFO


---------------  S Y S T E M  ---------------

OS:Bsduname:Darwin 16.0.0 Darwin Kernel Version 16.0.0: Mon Aug 29 17:56:20 PDT 2016; root:xnu-3789.1.32~3/RELEASE_X86_64 x86_64
rlimit: STACK 8192k, CORE 0k, NPROC 709, NOFILE 10240, AS infinity
load average:3.35 5.04 5.37

CPU:total 8 (4 cores per cpu, 2 threads per core) family 6 model 58 stepping 9, cmov, cx8, fxsr, mmx, sse, sse2, sse3, ssse3, sse4.1, sse4.2, popcnt, avx, aes, clmul, erms, ht, tsc, tscinvbit, tscinv

Memory: 4k page, physical 8388608k(295588k free)

/proc/meminfo:


vm_info: Java HotSpot(TM) 64-Bit Server VM (25.45-b02) for bsd-amd64 JRE (1.8.0_45-b14), built on Apr 10 2015 10:46:38 by "java_re" with gcc 4.2.1 (Based on Apple Inc. build 5658) (LLVM build 2336.11.00)

time: Mon Oct  3 14:05:06 2016
elapsed time: 25 seconds (0d 0h 0m 25s)

