#
# A fatal error has been detected by the Java Runtime Environment:
#
#  SIGSEGV (0xb) at pc=0x0000000105106b23, pid=5095, tid=2571
#
# JRE version: Java(TM) SE Runtime Environment (8.0_45-b14) (build 1.8.0_45-b14)
# Java VM: Java HotSpot(TM) 64-Bit Server VM (25.45-b02 mixed mode bsd-amd64 compressed oops)
# Problematic frame:
# V  [libjvm.dylib+0x306b23]  jni_GetObjectClass+0x65
#
# Failed to write core dump. Core dumps have been disabled. To enable core dumping, try "ulimit -c unlimited" before starting Java again
#
# If you would like to submit a bug report, please visit:
#   http://bugreport.java.com/bugreport/crash.jsp
#

---------------  T H R E A D  ---------------

Current thread (0x00007fda4585e800):  JavaThread "AppKit Thread" daemon [_thread_in_vm, id=2571, stack(0x00007fff5b89f000,0x00007fff5c09f000)]

siginfo: si_signo: 11 (SIGSEGV), si_code: 1 (SEGV_MAPERR), si_addr: 0x0000000000000000

Registers:
RAX=0x00000001056b8494, RBX=0x0000000000000000, RCX=0x00000001055fa190, RDX=0x0000000000000000
RSP=0x00007fff5c09c120, RBP=0x00007fff5c09c170, RSI=0x0000000000000000, RDI=0x00007fda4585e9f8
R8 =0x00007fda4350bb00, R9 =0x00007fda4350bb00, R10=0x00007fda43a922e0, R11=0x00007fff78c9c8d8
R12=0x0000000000000000, R13=0x00007fff8bfd64c0, R14=0x00007fda4585e9f8, R15=0x00007fda4585e800
RIP=0x0000000105106b23, EFLAGS=0x0000000000010202, ERR=0x0000000000000004
  TRAPNO=0x000000000000000e

Top of Stack: (sp=0x00007fff5c09c120)
0x00007fff5c09c120:   00007fff5c09c168 00007fda4585e800
0x00007fff5c09c130:   0000000000000000 0000000105115e80
0x00007fff5c09c140:   00007fda4365fce0 00007fda4585e800
0x00007fff5c09c150:   00007fda4585e800 00007fda4365fce0
0x00007fff5c09c160:   00007fda434512d0 00007fda4585e9f8
0x00007fff5c09c170:   00007fff5c09c1d0 0000000120f4c3a7
0x00007fff5c09c180:   00007fff5c09c1b0 00007fff9154f163
0x00007fff5c09c190:   0000000000000000 4000cccccccccccd
0x00007fff5c09c1a0:   40f766038dcc740c 0000000000000015
0x00007fff5c09c1b0:   0000000000000000 00007fff8bfd64c0
0x00007fff5c09c1c0:   00007fda4365fce0 00007fda43451be0
0x00007fff5c09c1d0:   00007fff5c09c210 00007fff8cb5db15
0x00007fff5c09c1e0:   00007fda4365fce0 00007fda43451be0
0x00007fff5c09c1f0:   00000000000000f8 00007fff8bfd64c0
0x00007fff5c09c200:   00007fda4365fce0 0000000000000016
0x00007fff5c09c210:   00007fff5c09c250 00007fff8c59c539
0x00007fff5c09c220:   0000000043451be0 00007fff8bfd64c0
0x00007fff5c09c230:   00007fda4365fce0 00007fda4372d090
0x00007fff5c09c240:   b1007d910bd94230 0000000000001000
0x00007fff5c09c250:   00007fff5c09c4a0 00007fff8c51ce7b
0x00007fff5c09c260:   000000f800000003 00007fda43451be0
0x00007fff5c09c270:   00007fda4365fce0 0000000000000016
0x00007fff5c09c280:   4085d80000000000 4081e00000000000
0x00007fff5c09c290:   0000572a8a65039a 0000247e00100108
0x00007fff5c09c2a0:   00000000000142af 0000000000000000
0x00007fff5c09c2b0:   0000000400000000 0000000000000000
0x00007fff5c09c2c0:   0000000000000001 000000010000a6ba
0x00007fff5c09c2d0:   00000000000013e7 000142af0033b33b
0x00007fff5c09c2e0:   0000000000000000 0000000000000000
0x00007fff5c09c2f0:   0000000000000000 ffffffff00000000
0x00007fff5c09c300:   0000000000000000 0000000000000000
0x00007fff5c09c310:   0000000200000000 0000000000000006 

Instructions: (pc=0x0000000105106b23)
0x0000000105106b03:   74 09 48 8d 7d b8 e8 6e 44 19 00 4c 89 f7 48 89
0x0000000105106b13:   de 90 0f 1f 40 00 48 8d 05 74 19 5b 00 80 38 00
0x0000000105106b23:   48 8b 03 74 15 48 8d 15 f1 e9 50 00 8a 4a 08 8b
0x0000000105106b33:   40 08 48 d3 e0 48 03 02 eb 04 48 8b 40 08 48 8b 

Register to memory mapping:

RAX=0x00000001056b8494: UseCompressedClassPointers+0 in /Library/Java/JavaVirtualMachines/jdk1.8.0_45.jdk/Contents/Home/jre/lib/server/libjvm.dylib at 0x0000000104e00000
RBX=0x0000000000000000 is an unknown value
RCX=0x00000001055fa190: UseMembar+0 in /Library/Java/JavaVirtualMachines/jdk1.8.0_45.jdk/Contents/Home/jre/lib/server/libjvm.dylib at 0x0000000104e00000
RDX=0x0000000000000000 is an unknown value
RSP=0x00007fff5c09c120 is pointing into the stack for thread: 0x00007fda4585e800
RBP=0x00007fff5c09c170 is pointing into the stack for thread: 0x00007fda4585e800
RSI=0x0000000000000000 is an unknown value
RDI=0x00007fda4585e9f8 is an unknown value
R8 =0x00007fda4350bb00 is an unknown value
R9 =0x00007fda4350bb00 is an unknown value
R10=0x00007fda43a922e0 is an unknown value
R11=0x00007fff78c9c8d8: OBJC_CLASS_$_NSEvent+0 in /System/Library/Frameworks/AppKit.framework/Versions/C/AppKit at 0x00007fff8c347000
R12=0x0000000000000000 is an unknown value
R13=0x00007fff8bfd64c0: objc_msgSend+0 in /usr/lib/libobjc.A.dylib at 0x00007fff8bfd5000
R14=0x00007fda4585e9f8 is an unknown value
R15=0x00007fda4585e800 is a thread


Stack: [0x00007fff5b89f000,0x00007fff5c09f000],  sp=0x00007fff5c09c120,  free space=8180k
Native frames: (J=compiled Java code, j=interpreted, Vv=VM code, C=native code)
V  [libjvm.dylib+0x306b23]  jni_GetObjectClass+0x65
C  [liblwjgl.dylib+0xb3a7]  -[MacOSXOpenGLView scrollWheel:]+0x77
C  [AppKit+0x816b15]  -[NSWindow _reallySendEvent:isDelayedEvent:]+0x83c
C  [AppKit+0x255539]  -[NSWindow sendEvent:]+0x205
C  [AppKit+0x1d5e7b]  -[NSApplication sendEvent:]+0xe2f
C  [libosxapp.dylib+0x23ac]  -[NSApplicationAWT sendEvent:]+0x109
C  [AppKit+0x3cdf2]  -[NSApplication run]+0x31c
C  [libosxapp.dylib+0x223e]  +[NSApplicationAWT runAWTLoopWithApp:]+0x9c
C  [libawt_lwawt.dylib+0x4462b]  -[AWTStarter starter:]+0x389
C  [Foundation+0x76fde]  __NSThreadPerformPerform+0x117
C  [CoreFoundation+0xaa881]  __CFRUNLOOP_IS_CALLING_OUT_TO_A_SOURCE0_PERFORM_FUNCTION__+0x11
C  [CoreFoundation+0x89fbc]  __CFRunLoopDoSources0+0x22c
C  [CoreFoundation+0x894df]  __CFRunLoopRun+0x39f
C  [CoreFoundation+0x88ed8]  CFRunLoopRunSpecific+0x128
C  [java+0x6490]  CreateExecutionEnvironment+0x367
C  [java+0x221c]  JLI_Launch+0x7a0
C  [java+0x84ed]  main+0x65
C  [java+0x1a74]  start+0x34
C  0x0000000000000006


---------------  P R O C E S S  ---------------

Java Threads: ( => current thread )
  0x00007fda44a48000 JavaThread "AWT-Shutdown" [_thread_blocked, id=41487, stack(0x0000700000d3e000,0x0000700000e3e000)]
  0x00007fda4394d800 JavaThread "Java2D Disposer" daemon [_thread_blocked, id=57711, stack(0x00007000019f1000,0x0000700001af1000)]
=>0x00007fda4585e800 JavaThread "AppKit Thread" daemon [_thread_in_vm, id=2571, stack(0x00007fff5b89f000,0x00007fff5c09f000)]
  0x00007fda4486e000 JavaThread "Service Thread" daemon [_thread_blocked, id=21251, stack(0x0000700001353000,0x0000700001453000)]
  0x00007fda43804800 JavaThread "C1 CompilerThread3" daemon [_thread_blocked, id=20739, stack(0x0000700001250000,0x0000700001350000)]
  0x00007fda4483b000 JavaThread "C2 CompilerThread2" daemon [_thread_blocked, id=20227, stack(0x000070000114d000,0x000070000124d000)]
  0x00007fda44044800 JavaThread "C2 CompilerThread1" daemon [_thread_blocked, id=19715, stack(0x000070000104a000,0x000070000114a000)]
  0x00007fda44043000 JavaThread "C2 CompilerThread0" daemon [_thread_blocked, id=19203, stack(0x0000700000f47000,0x0000700001047000)]
  0x00007fda44054000 JavaThread "Signal Dispatcher" daemon [_thread_blocked, id=14867, stack(0x0000700000e44000,0x0000700000f44000)]
  0x00007fda4380a800 JavaThread "Finalizer" daemon [_thread_blocked, id=14339, stack(0x0000700000c3b000,0x0000700000d3b000)]
  0x00007fda44025800 JavaThread "Reference Handler" daemon [_thread_blocked, id=13827, stack(0x0000700000b38000,0x0000700000c38000)]
  0x00007fda45806000 JavaThread "main" [_thread_in_native, id=5891, stack(0x000070000011a000,0x000070000021a000)]

Other Threads:
  0x00007fda44022800 VMThread [stack: 0x0000700000a35000,0x0000700000b35000] [id=13315]
  0x00007fda44032000 WatcherThread [stack: 0x0000700001456000,0x0000700001556000] [id=21763]

VM state:not at safepoint (normal execution)

VM Mutex/Monitor currently owned by a thread: None

Heap:
 PSYoungGen      total 25088K, used 19989K [0x0000000795580000, 0x0000000797100000, 0x00000007c0000000)
  eden space 24064K, 82% used [0x0000000795580000,0x00000007968e9510,0x0000000796d00000)
  from space 1024K, 10% used [0x0000000797000000,0x000000079701c058,0x0000000797100000)
  to   space 2048K, 0% used [0x0000000796d00000,0x0000000796d00000,0x0000000796f00000)
 ParOldGen       total 87552K, used 2404K [0x0000000740000000, 0x0000000745580000, 0x0000000795580000)
  object space 87552K, 2% used [0x0000000740000000,0x0000000740259218,0x0000000745580000)
 Metaspace       used 7952K, capacity 8087K, committed 8320K, reserved 1056768K
  class space    used 773K, capacity 856K, committed 896K, reserved 1048576K

Card table byte_map: [0x0000000115167000,0x0000000115568000] byte_map_base: 0x0000000111767000

Marking Bits: (ParMarkBitMap*) 0x00000001056c27a0
 Begin Bits: [0x0000000115813000, 0x0000000117813000)
 End Bits:   [0x0000000117813000, 0x0000000119813000)

Polling page: 0x0000000103def000

CodeCache: size=245760Kb used=5054Kb max_used=5065Kb free=240705Kb
 bounds [0x0000000105da7000, 0x00000001062a7000, 0x0000000114da7000]
 total_blobs=1730 nmethods=1286 adapters=358
 compilation: enabled

Compilation events (10 events):
Event: 19.959 Thread 0x00007fda43804800 nmethod 1281 0x000000010628c450 code [0x000000010628c5a0, 0x000000010628c6f0]
Event: 20.112 Thread 0x00007fda43804800 1282  s    3       org.lwjgl.opengl.EventQueue::putEvent (80 bytes)
Event: 20.113 Thread 0x00007fda43804800 nmethod 1282 0x0000000106298d10 code [0x0000000106298f60, 0x000000010629a028]
Event: 20.180 Thread 0x00007fda43804800 1283       3       org.lwjgl.opengl.MacOSXNativeMouse::setCursorPos (55 bytes)
Event: 20.180 Thread 0x00007fda43804800 nmethod 1283 0x000000010628be10 code [0x000000010628bfa0, 0x000000010628c368]
Event: 23.133 Thread 0x00007fda43804800 1284       3       java.util.jar.JarFile::maybeInstantiateVerifier (96 bytes)
Event: 23.134 Thread 0x00007fda43804800 nmethod 1284 0x000000010629a6d0 code [0x000000010629a900, 0x000000010629b588]
Event: 23.134 Thread 0x00007fda43804800 1285       1       java.util.jar.JarFile::access$300 (5 bytes)
Event: 23.134 Thread 0x00007fda4483b000 1286       4       java.nio.DirectByteBuffer::put (18 bytes)
Event: 23.134 Thread 0x00007fda43804800 nmethod 1285 0x000000010628bb50 code [0x000000010628bca0, 0x000000010628bd90]

GC Heap History (10 events):
Event: 19.279 GC heap before
{Heap before GC invocations=18 (full 0):
 PSYoungGen      total 27136K, used 26832K [0x0000000795580000, 0x0000000797480000, 0x00000007c0000000)
  eden space 26624K, 100% used [0x0000000795580000,0x0000000796f80000,0x0000000796f80000)
  from space 512K, 40% used [0x0000000797000000,0x00000007970342a8,0x0000000797080000)
  to   space 2560K, 0% used [0x0000000797200000,0x0000000797200000,0x0000000797480000)
 ParOldGen       total 87552K, used 2188K [0x0000000740000000, 0x0000000745580000, 0x0000000795580000)
  object space 87552K, 2% used [0x0000000740000000,0x0000000740223218,0x0000000745580000)
 Metaspace       used 7940K, capacity 8087K, committed 8320K, reserved 1056768K
  class space    used 773K, capacity 856K, committed 896K, reserved 1048576K
Event: 19.279 GC heap after
Heap after GC invocations=18 (full 0):
 PSYoungGen      total 28160K, used 176K [0x0000000795580000, 0x0000000797400000, 0x00000007c0000000)
  eden space 26112K, 0% used [0x0000000795580000,0x0000000795580000,0x0000000796f00000)
  from space 2048K, 8% used [0x0000000797200000,0x000000079722c0b0,0x0000000797400000)
  to   space 2560K, 0% used [0x0000000796f00000,0x0000000796f00000,0x0000000797180000)
 ParOldGen       total 87552K, used 2236K [0x0000000740000000, 0x0000000745580000, 0x0000000795580000)
  object space 87552K, 2% used [0x0000000740000000,0x000000074022f218,0x0000000745580000)
 Metaspace       used 7940K, capacity 8087K, committed 8320K, reserved 1056768K
  class space    used 773K, capacity 856K, committed 896K, reserved 1048576K
}
Event: 20.112 GC heap before
{Heap before GC invocations=19 (full 0):
 PSYoungGen      total 28160K, used 26288K [0x0000000795580000, 0x0000000797400000, 0x00000007c0000000)
  eden space 26112K, 100% used [0x0000000795580000,0x0000000796f00000,0x0000000796f00000)
  from space 2048K, 8% used [0x0000000797200000,0x000000079722c0b0,0x0000000797400000)
  to   space 2560K, 0% used [0x0000000796f00000,0x0000000796f00000,0x0000000797180000)
 ParOldGen       total 87552K, used 2236K [0x0000000740000000, 0x0000000745580000, 0x0000000795580000)
  object space 87552K, 2% used [0x0000000740000000,0x000000074022f218,0x0000000745580000)
 Metaspace       used 7942K, capacity 8087K, committed 8320K, reserved 1056768K
  class space    used 773K, capacity 856K, committed 896K, reserved 1048576K
Event: 20.112 GC heap after
Heap after GC invocations=19 (full 0):
 PSYoungGen      total 26112K, used 160K [0x0000000795580000, 0x0000000797380000, 0x00000007c0000000)
  eden space 25600K, 0% used [0x0000000795580000,0x0000000795580000,0x0000000796e80000)
  from space 512K, 31% used [0x0000000796f00000,0x0000000796f28000,0x0000000796f80000)
  to   space 2560K, 0% used [0x0000000797100000,0x0000000797100000,0x0000000797380000)
 ParOldGen       total 87552K, used 2292K [0x0000000740000000, 0x0000000745580000, 0x0000000795580000)
  object space 87552K, 2% used [0x0000000740000000,0x000000074023d218,0x0000000745580000)
 Metaspace       used 7942K, capacity 8087K, committed 8320K, reserved 1056768K
  class space    used 773K, capacity 856K, committed 896K, reserved 1048576K
}
Event: 20.912 GC heap before
{Heap before GC invocations=20 (full 0):
 PSYoungGen      total 26112K, used 25760K [0x0000000795580000, 0x0000000797380000, 0x00000007c0000000)
  eden space 25600K, 100% used [0x0000000795580000,0x0000000796e80000,0x0000000796e80000)
  from space 512K, 31% used [0x0000000796f00000,0x0000000796f28000,0x0000000796f80000)
  to   space 2560K, 0% used [0x0000000797100000,0x0000000797100000,0x0000000797380000)
 ParOldGen       total 87552K, used 2292K [0x0000000740000000, 0x0000000745580000, 0x0000000795580000)
  object space 87552K, 2% used [0x0000000740000000,0x000000074023d218,0x0000000745580000)
 Metaspace       used 7942K, capacity 8087K, committed 8320K, reserved 1056768K
  class space    used 773K, capacity 856K, committed 896K, reserved 1048576K
Event: 20.913 GC heap after
Heap after GC invocations=20 (full 0):
 PSYoungGen      total 27136K, used 96K [0x0000000795580000, 0x0000000797300000, 0x00000007c0000000)
  eden space 25088K, 0% used [0x0000000795580000,0x0000000795580000,0x0000000796e00000)
  from space 2048K, 4% used [0x0000000797100000,0x0000000797118000,0x0000000797300000)
  to   space 2560K, 0% used [0x0000000796e00000,0x0000000796e00000,0x0000000797080000)
 ParOldGen       total 87552K, used 2332K [0x0000000740000000, 0x0000000745580000, 0x0000000795580000)
  object space 87552K, 2% used [0x0000000740000000,0x0000000740247218,0x0000000745580000)
 Metaspace       used 7942K, capacity 8087K, committed 8320K, reserved 1056768K
  class space    used 773K, capacity 856K, committed 896K, reserved 1048576K
}
Event: 21.712 GC heap before
{Heap before GC invocations=21 (full 0):
 PSYoungGen      total 27136K, used 25184K [0x0000000795580000, 0x0000000797300000, 0x00000007c0000000)
  eden space 25088K, 100% used [0x0000000795580000,0x0000000796e00000,0x0000000796e00000)
  from space 2048K, 4% used [0x0000000797100000,0x0000000797118000,0x0000000797300000)
  to   space 2560K, 0% used [0x0000000796e00000,0x0000000796e00000,0x0000000797080000)
 ParOldGen       total 87552K, used 2332K [0x0000000740000000, 0x0000000745580000, 0x0000000795580000)
  object space 87552K, 2% used [0x0000000740000000,0x0000000740247218,0x0000000745580000)
 Metaspace       used 7942K, capacity 8087K, committed 8320K, reserved 1056768K
  class space    used 773K, capacity 856K, committed 896K, reserved 1048576K
Event: 21.712 GC heap after
Heap after GC invocations=21 (full 0):
 PSYoungGen      total 25088K, used 96K [0x0000000795580000, 0x0000000797280000, 0x00000007c0000000)
  eden space 24576K, 0% used [0x0000000795580000,0x0000000795580000,0x0000000796d80000)
  from space 512K, 18% used [0x0000000796e00000,0x0000000796e18000,0x0000000796e80000)
  to   space 2560K, 0% used [0x0000000797000000,0x0000000797000000,0x0000000797280000)
 ParOldGen       total 87552K, used 2372K [0x0000000740000000, 0x0000000745580000, 0x0000000795580000)
  object space 87552K, 2% used [0x0000000740000000,0x0000000740251218,0x0000000745580000)
 Metaspace       used 7942K, capacity 8087K, committed 8320K, reserved 1056768K
  class space    used 773K, capacity 856K, committed 896K, reserved 1048576K
}
Event: 22.488 GC heap before
{Heap before GC invocations=22 (full 0):
 PSYoungGen      total 25088K, used 24672K [0x0000000795580000, 0x0000000797280000, 0x00000007c0000000)
  eden space 24576K, 100% used [0x0000000795580000,0x0000000796d80000,0x0000000796d80000)
  from space 512K, 18% used [0x0000000796e00000,0x0000000796e18000,0x0000000796e80000)
  to   space 2560K, 0% used [0x0000000797000000,0x0000000797000000,0x0000000797280000)
 ParOldGen       total 87552K, used 2372K [0x0000000740000000, 0x0000000745580000, 0x0000000795580000)
  object space 87552K, 2% used [0x0000000740000000,0x0000000740251218,0x0000000745580000)
 Metaspace       used 7942K, capacity 8087K, committed 8320K, reserved 1056768K
  class space    used 773K, capacity 856K, committed 896K, reserved 1048576K
Event: 22.489 GC heap after
Heap after GC invocations=22 (full 0):
 PSYoungGen      total 25088K, used 112K [0x0000000795580000, 0x0000000797100000, 0x00000007c0000000)
  eden space 24064K, 0% used [0x0000000795580000,0x0000000795580000,0x0000000796d00000)
  from space 1024K, 10% used [0x0000000797000000,0x000000079701c058,0x0000000797100000)
  to   space 2048K, 0% used [0x0000000796d00000,0x0000000796d00000,0x0000000796f00000)
 ParOldGen       total 87552K, used 2404K [0x0000000740000000, 0x0000000745580000, 0x0000000795580000)
  object space 87552K, 2% used [0x0000000740000000,0x0000000740259218,0x0000000745580000)
 Metaspace       used 7942K, capacity 8087K, committed 8320K, reserved 1056768K
  class space    used 773K, capacity 856K, committed 896K, reserved 1048576K
}

Deoptimization events (10 events):
Event: 2.810 Thread 0x00007fda45806000 Uncommon trap: reason=unstable_if action=reinterpret pc=0x000000010600eac8 method=java.nio.DirectByteBuffer.put([BII)Ljava/nio/ByteBuffer; @ 5
Event: 4.394 Thread 0x00007fda45806000 Uncommon trap: reason=unstable_if action=reinterpret pc=0x00000001060e134c method=java.lang.StrictMath.floorOrCeil(DDDD)D @ 115
Event: 4.401 Thread 0x00007fda45806000 Uncommon trap: reason=unstable_if action=reinterpret pc=0x00000001060cc96c method=java.lang.StrictMath.floorOrCeil(DDDD)D @ 115
Event: 4.626 Thread 0x00007fda45806000 Uncommon trap: reason=unstable_if action=reinterpret pc=0x00000001060f3704 method=particles.Particle.updateTextureCoordInfo()V @ 44
Event: 4.635 Thread 0x00007fda45806000 Uncommon trap: reason=unstable_if action=reinterpret pc=0x00000001060e9694 method=particles.Particle.updateTextureCoordInfo()V @ 44
Event: 4.843 Thread 0x00007fda45806000 Uncommon trap: reason=unstable_if action=reinterpret pc=0x00000001061f2808 method=particles.Particle.update(Lentities/Camera;)Z @ 100
Event: 4.869 Thread 0x00007fda45806000 Uncommon trap: reason=unstable_if action=reinterpret pc=0x00000001061d9fd0 method=particles.Particle.update(Lentities/Camera;)Z @ 100
Event: 5.752 Thread 0x00007fda45806000 Uncommon trap: reason=unstable_if action=reinterpret pc=0x0000000106237e60 method=java.lang.StrictMath.floorOrCeil(DDDD)D @ 90
Event: 5.961 Thread 0x00007fda45806000 Uncommon trap: reason=unstable_if action=reinterpret pc=0x00000001060e79ac method=particles.InsertionSort.sortUpHighToLow(Ljava/util/List;I)V @ 22
Event: 17.885 Thread 0x00007fda45806000 Uncommon trap: reason=unstable_if action=reinterpret pc=0x00000001061a8330 method=java.lang.StrictMath.floorOrCeil(DDDD)D @ 90

Internal exceptions (10 events):
Event: 0.037 Thread 0x00007fda45806000 Exception <a 'java/lang/NoSuchMethodError': Method sun.misc.Unsafe.defineClass(Ljava/lang/String;[BII)Ljava/lang/Class; name or signature does not match> (0x0000000795592db0) thrown at [/Users/java_re/workspace/8-2-build-macosx-x86_64/jdk8u45/3457/hotspot
Event: 0.037 Thread 0x00007fda45806000 Exception <a 'java/lang/NoSuchMethodError': Method sun.misc.Unsafe.prefetchRead(Ljava/lang/Object;J)V name or signature does not match> (0x0000000795593040) thrown at [/Users/java_re/workspace/8-2-build-macosx-x86_64/jdk8u45/3457/hotspot/src/share/vm/prim
Event: 0.115 Thread 0x00007fda45806000 Exception <a 'java/security/PrivilegedActionException'> (0x0000000795810d98) thrown at [/Users/java_re/workspace/8-2-build-macosx-x86_64/jdk8u45/3457/hotspot/src/share/vm/prims/jvm.cpp, line 1382]
Event: 0.115 Thread 0x00007fda45806000 Exception <a 'java/security/PrivilegedActionException'> (0x0000000795810f50) thrown at [/Users/java_re/workspace/8-2-build-macosx-x86_64/jdk8u45/3457/hotspot/src/share/vm/prims/jvm.cpp, line 1382]
Event: 0.115 Thread 0x00007fda45806000 Exception <a 'java/security/PrivilegedActionException'> (0x00000007958142d0) thrown at [/Users/java_re/workspace/8-2-build-macosx-x86_64/jdk8u45/3457/hotspot/src/share/vm/prims/jvm.cpp, line 1382]
Event: 0.115 Thread 0x00007fda45806000 Exception <a 'java/security/PrivilegedActionException'> (0x0000000795814488) thrown at [/Users/java_re/workspace/8-2-build-macosx-x86_64/jdk8u45/3457/hotspot/src/share/vm/prims/jvm.cpp, line 1382]
Event: 0.257 Thread 0x00007fda45806000 Exception <a 'java/io/FileNotFoundException'> (0x00000007958182a8) thrown at [/Users/java_re/workspace/8-2-build-macosx-x86_64/jdk8u45/3457/hotspot/src/share/vm/prims/jni.cpp, line 709]
Event: 0.257 Thread 0x00007fda45806000 Exception <a 'java/io/FileNotFoundException'> (0x0000000795818dc8) thrown at [/Users/java_re/workspace/8-2-build-macosx-x86_64/jdk8u45/3457/hotspot/src/share/vm/prims/jni.cpp, line 709]
Event: 0.308 Thread 0x00007fda4585e800 Exception <a 'java/lang/NoSuchFieldError': method resolution failed> (0x0000000795994890) thrown at [/Users/java_re/workspace/8-2-build-macosx-x86_64/jdk8u45/3457/hotspot/src/share/vm/prims/methodHandles.cpp, line 1125]
Event: 0.311 Thread 0x00007fda4585e800 Exception <a 'java/lang/NoSuchFieldError': method resolution failed> (0x00000007959a2f30) thrown at [/Users/java_re/workspace/8-2-build-macosx-x86_64/jdk8u45/3457/hotspot/src/share/vm/prims/methodHandles.cpp, line 1125]

Events (10 events):
Event: 20.112 Executing VM operation: ParallelGCFailedAllocation
Event: 20.113 Executing VM operation: ParallelGCFailedAllocation done
Event: 20.912 Executing VM operation: ParallelGCFailedAllocation
Event: 20.913 Executing VM operation: ParallelGCFailedAllocation done
Event: 21.712 Executing VM operation: ParallelGCFailedAllocation
Event: 21.712 Executing VM operation: ParallelGCFailedAllocation done
Event: 22.488 Executing VM operation: ParallelGCFailedAllocation
Event: 22.489 Executing VM operation: ParallelGCFailedAllocation done
Event: 23.132 loading class org/lwjgl/opengl/CallbackUtil
Event: 23.132 loading class org/lwjgl/opengl/CallbackUtil done


Dynamic libraries:
0x00000000080b6000 	/System/Library/Frameworks/Cocoa.framework/Versions/A/Cocoa
0x00000000080b6000 	/System/Library/Frameworks/Security.framework/Versions/A/Security
0x00000000080b6000 	/System/Library/Frameworks/ApplicationServices.framework/Versions/A/ApplicationServices
0x00000000080b6000 	/usr/lib/libz.1.dylib
0x00000000080b6000 	/usr/lib/libSystem.B.dylib
0x00000000080b6000 	/usr/lib/libobjc.A.dylib
0x00000000080b6000 	/System/Library/Frameworks/CoreFoundation.framework/Versions/A/CoreFoundation
0x00000000080b6000 	/System/Library/Frameworks/Foundation.framework/Versions/C/Foundation
0x00000000080b6000 	/System/Library/Frameworks/AppKit.framework/Versions/C/AppKit
0x00000000080b6000 	/System/Library/Frameworks/CoreData.framework/Versions/A/CoreData
0x00000000080b6000 	/System/Library/PrivateFrameworks/RemoteViewServices.framework/Versions/A/RemoteViewServices
0x00000000080b6000 	/System/Library/PrivateFrameworks/UIFoundation.framework/Versions/A/UIFoundation
0x00000000080b6000 	/usr/lib/libScreenReader.dylib
0x00000000080b6000 	/System/Library/Frameworks/Accelerate.framework/Versions/A/Accelerate
0x00000000080b6000 	/System/Library/Frameworks/IOSurface.framework/Versions/A/IOSurface
0x00000000080b6000 	/System/Library/Frameworks/AudioToolbox.framework/Versions/A/AudioToolbox
0x00000000080b6000 	/System/Library/Frameworks/AudioUnit.framework/Versions/A/AudioUnit
0x00000000080b6000 	/System/Library/PrivateFrameworks/DataDetectorsCore.framework/Versions/A/DataDetectorsCore
0x00000000080b6000 	/System/Library/PrivateFrameworks/DesktopServicesPriv.framework/Versions/A/DesktopServicesPriv
0x00000000080b6000 	/System/Library/Frameworks/Carbon.framework/Versions/A/Frameworks/HIToolbox.framework/Versions/A/HIToolbox
0x00000000080b6000 	/System/Library/Frameworks/QuartzCore.framework/Versions/A/QuartzCore
0x00000000080b6000 	/System/Library/Frameworks/Carbon.framework/Versions/A/Frameworks/SpeechRecognition.framework/Versions/A/SpeechRecognition
0x00000000080b6000 	/usr/lib/libauto.dylib
0x00000000080b6000 	/usr/lib/libicucore.A.dylib
0x00000000080b6000 	/usr/lib/libxml2.2.dylib
0x00000000080b6000 	/System/Library/PrivateFrameworks/CoreUI.framework/Versions/A/CoreUI
0x00000000080b6000 	/System/Library/Frameworks/CoreAudio.framework/Versions/A/CoreAudio
0x00000000080b6000 	/System/Library/Frameworks/DiskArbitration.framework/Versions/A/DiskArbitration
0x00000000080b6000 	/usr/lib/liblangid.dylib
0x00000000080b6000 	/System/Library/PrivateFrameworks/MultitouchSupport.framework/Versions/A/MultitouchSupport
0x00000000080b6000 	/System/Library/Frameworks/IOKit.framework/Versions/A/IOKit
0x00000000080b6000 	/usr/lib/libDiagnosticMessagesClient.dylib
0x00000000080b6000 	/System/Library/Frameworks/CoreServices.framework/Versions/A/CoreServices
0x00000000080b6000 	/System/Library/PrivateFrameworks/PerformanceAnalysis.framework/Versions/A/PerformanceAnalysis
0x00000000080b6000 	/System/Library/PrivateFrameworks/GenerationalStorage.framework/Versions/A/GenerationalStorage
0x00000000080b6000 	/System/Library/Frameworks/OpenGL.framework/Versions/A/OpenGL
0x00000000080b6000 	/System/Library/PrivateFrameworks/Sharing.framework/Versions/A/Sharing
0x00000000080b6000 	/System/Library/Frameworks/CoreGraphics.framework/Versions/A/CoreGraphics
0x00000000080b6000 	/System/Library/Frameworks/CoreImage.framework/Versions/A/CoreImage
0x00000000080b6000 	/System/Library/Frameworks/CoreText.framework/Versions/A/CoreText
0x00000000080b6000 	/System/Library/Frameworks/ImageIO.framework/Versions/A/ImageIO
0x00000000080b6000 	/System/Library/PrivateFrameworks/Backup.framework/Versions/A/Backup
0x00000000080b6000 	/usr/lib/libextension.dylib
0x00000000080b6000 	/usr/lib/libarchive.2.dylib
0x00000000080b6000 	/System/Library/Frameworks/CFNetwork.framework/Versions/A/CFNetwork
0x00000000080b6000 	/System/Library/Frameworks/SystemConfiguration.framework/Versions/A/SystemConfiguration
0x00000000080b6000 	/usr/lib/libCRFSuite.dylib
0x00000000080b6000 	/usr/lib/libc++.1.dylib
0x00000000080b6000 	/usr/lib/libc++abi.dylib
0x00000000080b6000 	/usr/lib/system/libcache.dylib
0x00000000080b6000 	/usr/lib/system/libcommonCrypto.dylib
0x00000000080b6000 	/usr/lib/system/libcompiler_rt.dylib
0x00000000080b6000 	/usr/lib/system/libcopyfile.dylib
0x00000000080b6000 	/usr/lib/system/libcorecrypto.dylib
0x00000000080b6000 	/usr/lib/system/libdispatch.dylib
0x00000000080b6000 	/usr/lib/system/libdyld.dylib
0x00000000080b6000 	/usr/lib/system/libkeymgr.dylib
0x00000000080b6000 	/usr/lib/system/liblaunch.dylib
0x00000000080b6000 	/usr/lib/system/libmacho.dylib
0x00000000080b6000 	/usr/lib/system/libquarantine.dylib
0x00000000080b6000 	/usr/lib/system/libremovefile.dylib
0x00000000080b6000 	/usr/lib/system/libsystem_asl.dylib
0x00000000080b6000 	/usr/lib/system/libsystem_blocks.dylib
0x00000000080b6000 	/usr/lib/system/libsystem_c.dylib
0x00000000080b6000 	/usr/lib/system/libsystem_configuration.dylib
0x00000000080b6000 	/usr/lib/system/libsystem_coreservices.dylib
0x00000000080b6000 	/usr/lib/system/libsystem_coretls.dylib
0x00000000080b6000 	/usr/lib/system/libsystem_dnssd.dylib
0x00000000080b6000 	/usr/lib/system/libsystem_info.dylib
0x00000000080b6000 	/usr/lib/system/libsystem_kernel.dylib
0x00000000080b6000 	/usr/lib/system/libsystem_m.dylib
0x00000000080b6000 	/usr/lib/system/libsystem_malloc.dylib
0x00000000080b6000 	/usr/lib/system/libsystem_network.dylib
0x00000000080b6000 	/usr/lib/system/libsystem_networkextension.dylib
0x00000000080b6000 	/usr/lib/system/libsystem_notify.dylib
0x00000000080b6000 	/usr/lib/system/libsystem_platform.dylib
0x00000000080b6000 	/usr/lib/system/libsystem_pthread.dylib
0x00000000080b6000 	/usr/lib/system/libsystem_sandbox.dylib
0x00000000080b6000 	/usr/lib/system/libsystem_secinit.dylib
0x00000000080b6000 	/usr/lib/system/libsystem_trace.dylib
0x00000000080b6000 	/usr/lib/system/libunc.dylib
0x00000000080b6000 	/usr/lib/system/libunwind.dylib
0x00000000080b6000 	/usr/lib/system/libxpc.dylib
0x00000000080b6000 	/usr/lib/libenergytrace.dylib
0x00000000080b6000 	/usr/lib/libbsm.0.dylib
0x00000000080b6000 	/usr/lib/system/libkxld.dylib
0x00000000080b6000 	/usr/lib/libxar.1.dylib
0x00000000080b6000 	/usr/lib/libsqlite3.dylib
0x00000000080b6000 	/usr/lib/libpam.2.dylib
0x00000000080b6000 	/usr/lib/libOpenScriptingUtil.dylib
0x00000000080b6000 	/usr/lib/libbz2.1.0.dylib
0x00000000080b6000 	/usr/lib/liblzma.5.dylib
0x00000000080b6000 	/System/Library/Frameworks/CoreServices.framework/Versions/A/Frameworks/FSEvents.framework/Versions/A/FSEvents
0x00000000080b6000 	/System/Library/Frameworks/CoreServices.framework/Versions/A/Frameworks/CarbonCore.framework/Versions/A/CarbonCore
0x00000000080b6000 	/System/Library/Frameworks/CoreServices.framework/Versions/A/Frameworks/Metadata.framework/Versions/A/Metadata
0x00000000080b6000 	/System/Library/Frameworks/CoreServices.framework/Versions/A/Frameworks/OSServices.framework/Versions/A/OSServices
0x00000000080b6000 	/System/Library/Frameworks/CoreServices.framework/Versions/A/Frameworks/SearchKit.framework/Versions/A/SearchKit
0x00000000080b6000 	/System/Library/Frameworks/CoreServices.framework/Versions/A/Frameworks/AE.framework/Versions/A/AE
0x00000000080b6000 	/System/Library/Frameworks/CoreServices.framework/Versions/A/Frameworks/LaunchServices.framework/Versions/A/LaunchServices
0x00000000080b6000 	/System/Library/Frameworks/CoreServices.framework/Versions/A/Frameworks/DictionaryServices.framework/Versions/A/DictionaryServices
0x00000000080b6000 	/System/Library/Frameworks/CoreServices.framework/Versions/A/Frameworks/SharedFileList.framework/Versions/A/SharedFileList
0x00000000080b6000 	/System/Library/Frameworks/NetFS.framework/Versions/A/NetFS
0x00000000080b6000 	/System/Library/PrivateFrameworks/NetAuth.framework/Versions/A/NetAuth
0x00000000080b6000 	/System/Library/PrivateFrameworks/login.framework/Versions/A/Frameworks/loginsupport.framework/Versions/A/loginsupport
0x00000000080b6000 	/System/Library/PrivateFrameworks/TCC.framework/Versions/A/TCC
0x00000000080b6000 	/usr/lib/libmecabra.dylib
0x00000000080b6000 	/System/Library/Frameworks/ApplicationServices.framework/Versions/A/Frameworks/ATS.framework/Versions/A/ATS
0x00000000080b6000 	/System/Library/Frameworks/ApplicationServices.framework/Versions/A/Frameworks/ColorSync.framework/Versions/A/ColorSync
0x00000000080b6000 	/System/Library/Frameworks/ApplicationServices.framework/Versions/A/Frameworks/HIServices.framework/Versions/A/HIServices
0x00000000080b6000 	/System/Library/Frameworks/ApplicationServices.framework/Versions/A/Frameworks/LangAnalysis.framework/Versions/A/LangAnalysis
0x00000000080b6000 	/System/Library/Frameworks/ApplicationServices.framework/Versions/A/Frameworks/PrintCore.framework/Versions/A/PrintCore
0x00000000080b6000 	/System/Library/Frameworks/ApplicationServices.framework/Versions/A/Frameworks/QD.framework/Versions/A/QD
0x00000000080b6000 	/System/Library/Frameworks/ApplicationServices.framework/Versions/A/Frameworks/SpeechSynthesis.framework/Versions/A/SpeechSynthesis
0x00000000080b6000 	/System/Library/Frameworks/Metal.framework/Versions/A/Metal
0x00000000080b6000 	/System/Library/Frameworks/Accelerate.framework/Versions/A/Frameworks/vImage.framework/Versions/A/vImage
0x00000000080b6000 	/System/Library/Frameworks/Accelerate.framework/Versions/A/Frameworks/vecLib.framework/Versions/A/vecLib
0x00000000080b6000 	/System/Library/Frameworks/Accelerate.framework/Versions/A/Frameworks/vecLib.framework/Versions/A/libvDSP.dylib
0x00000000080b6000 	/System/Library/Frameworks/Accelerate.framework/Versions/A/Frameworks/vecLib.framework/Versions/A/libvMisc.dylib
0x00000000080b6000 	/System/Library/Frameworks/Accelerate.framework/Versions/A/Frameworks/vecLib.framework/Versions/A/libLAPACK.dylib
0x00000000080b6000 	/System/Library/Frameworks/Accelerate.framework/Versions/A/Frameworks/vecLib.framework/Versions/A/libBLAS.dylib
0x00000000080b6000 	/System/Library/Frameworks/Accelerate.framework/Versions/A/Frameworks/vecLib.framework/Versions/A/libLinearAlgebra.dylib
0x00000000080b6000 	/System/Library/Frameworks/Accelerate.framework/Versions/A/Frameworks/vecLib.framework/Versions/A/libSparseBLAS.dylib
0x00000000080b6000 	/System/Library/PrivateFrameworks/GPUCompiler.framework/libmetal_timestamp.dylib
0x00000000080b6000 	/System/Library/Frameworks/OpenGL.framework/Versions/A/Libraries/libCoreFSCache.dylib
0x00000000080b6000 	/System/Library/PrivateFrameworks/IOAccelerator.framework/Versions/A/IOAccelerator
0x00000000080b6000 	/System/Library/Frameworks/ApplicationServices.framework/Versions/A/Frameworks/ATS.framework/Versions/A/Resources/libFontParser.dylib
0x00000000080b6000 	/System/Library/Frameworks/ApplicationServices.framework/Versions/A/Frameworks/ATS.framework/Versions/A/Resources/libFontRegistry.dylib
0x00000000080b6000 	/System/Library/PrivateFrameworks/AppleVPA.framework/Versions/A/AppleVPA
0x00000000080b6000 	/System/Library/PrivateFrameworks/AppleJPEG.framework/Versions/A/AppleJPEG
0x00000000080b6000 	/System/Library/Frameworks/ImageIO.framework/Versions/A/Resources/libJPEG.dylib
0x00000000080b6000 	/System/Library/Frameworks/ImageIO.framework/Versions/A/Resources/libTIFF.dylib
0x00000000080b6000 	/System/Library/Frameworks/ImageIO.framework/Versions/A/Resources/libPng.dylib
0x00000000080b6000 	/System/Library/Frameworks/ImageIO.framework/Versions/A/Resources/libGIF.dylib
0x00000000080b6000 	/System/Library/Frameworks/ImageIO.framework/Versions/A/Resources/libJP2.dylib
0x00000000080b6000 	/System/Library/Frameworks/ImageIO.framework/Versions/A/Resources/libRadiance.dylib
0x00000000080b6000 	/System/Library/Frameworks/CoreVideo.framework/Versions/A/CoreVideo
0x00000000080b6000 	/System/Library/Frameworks/OpenGL.framework/Versions/A/Libraries/libGLU.dylib
0x00000000080b6000 	/System/Library/Frameworks/OpenGL.framework/Versions/A/Libraries/libGFXShared.dylib
0x00000000080b6000 	/System/Library/Frameworks/OpenGL.framework/Versions/A/Libraries/libGL.dylib
0x00000000080b6000 	/System/Library/Frameworks/OpenGL.framework/Versions/A/Libraries/libGLImage.dylib
0x00000000080b6000 	/System/Library/Frameworks/OpenGL.framework/Versions/A/Libraries/libCVMSPluginSupport.dylib
0x00000000080b6000 	/System/Library/Frameworks/OpenGL.framework/Versions/A/Libraries/libCoreVMClient.dylib
0x00000000080b6000 	/usr/lib/libcompression.dylib
0x00000000080b6000 	/usr/lib/libcups.2.dylib
0x00000000080b6000 	/System/Library/Frameworks/Kerberos.framework/Versions/A/Kerberos
0x00000000080b6000 	/System/Library/Frameworks/GSS.framework/Versions/A/GSS
0x00000000080b6000 	/usr/lib/libresolv.9.dylib
0x00000000080b6000 	/usr/lib/libiconv.2.dylib
0x00000000080b6000 	/System/Library/PrivateFrameworks/Heimdal.framework/Versions/A/Heimdal
0x00000000080b6000 	/usr/lib/libheimdal-asn1.dylib
0x00000000080b6000 	/System/Library/Frameworks/OpenDirectory.framework/Versions/A/OpenDirectory
0x00000000080b6000 	/System/Library/PrivateFrameworks/CommonAuth.framework/Versions/A/CommonAuth
0x00000000080b6000 	/System/Library/Frameworks/OpenDirectory.framework/Versions/A/Frameworks/CFOpenDirectory.framework/Versions/A/CFOpenDirectory
0x00000000080b6000 	/System/Library/Frameworks/SecurityFoundation.framework/Versions/A/SecurityFoundation
0x00000000080b6000 	/System/Library/PrivateFrameworks/LanguageModeling.framework/Versions/A/LanguageModeling
0x00000000080b6000 	/usr/lib/libmarisa.dylib
0x00000000080b6000 	/usr/lib/libChineseTokenizer.dylib
0x00000000080b6000 	/usr/lib/libcmph.dylib
0x00000000080b6000 	/System/Library/Frameworks/ServiceManagement.framework/Versions/A/ServiceManagement
0x00000000080b6000 	/usr/lib/libxslt.1.dylib
0x00000000080b6000 	/System/Library/Frameworks/Carbon.framework/Versions/A/Frameworks/Ink.framework/Versions/A/Ink
0x00000000080b6000 	/usr/lib/libFosl_dynamic.dylib
0x00000000080b6000 	/System/Library/PrivateFrameworks/FaceCore.framework/Versions/A/FaceCore
0x00000000080b6000 	/System/Library/Frameworks/OpenCL.framework/Versions/A/OpenCL
0x00000000080b6000 	/System/Library/PrivateFrameworks/CrashReporterSupport.framework/Versions/A/CrashReporterSupport
0x00000000080b6000 	/System/Library/PrivateFrameworks/IconServices.framework/Versions/A/IconServices
0x00000000080b6000 	/System/Library/PrivateFrameworks/Apple80211.framework/Versions/A/Apple80211
0x00000000080b6000 	/System/Library/Frameworks/CoreWLAN.framework/Versions/A/CoreWLAN
0x00000000080b6000 	/System/Library/Frameworks/IOBluetooth.framework/Versions/A/IOBluetooth
0x00000000080b6000 	/System/Library/PrivateFrameworks/CoreWiFi.framework/Versions/A/CoreWiFi
0x00000000080b6000 	/System/Library/Frameworks/CoreBluetooth.framework/Versions/A/CoreBluetooth
0x00000000080b6000 	/System/Library/PrivateFrameworks/ChunkingLibrary.framework/Versions/A/ChunkingLibrary
0x00000000080b6000 	/System/Library/PrivateFrameworks/DebugSymbols.framework/Versions/A/DebugSymbols
0x00000000080b6000 	/System/Library/PrivateFrameworks/CoreSymbolication.framework/Versions/A/CoreSymbolication
0x00000000080b6000 	/System/Library/PrivateFrameworks/Symbolication.framework/Versions/A/Symbolication
0x00000000080b6000 	/System/Library/PrivateFrameworks/SpeechRecognitionCore.framework/Versions/A/SpeechRecognitionCore
0x0000000104e00000 	/Library/Java/JavaVirtualMachines/jdk1.8.0_45.jdk/Contents/Home/jre/lib/server/libjvm.dylib
0x00000000080b6000 	/usr/lib/libstdc++.6.dylib
0x0000000103de1000 	/Library/Java/JavaVirtualMachines/jdk1.8.0_45.jdk/Contents/Home/jre/lib/libverify.dylib
0x0000000105d69000 	/Library/Java/JavaVirtualMachines/jdk1.8.0_45.jdk/Contents/Home/jre/lib/libjava.dylib
0x0000000105d9e000 	/Library/Java/JavaVirtualMachines/jdk1.8.0_45.jdk/Contents/Home/jre/lib/libzip.dylib
0x000000011c389000 	/System/Library/Frameworks/JavaVM.framework/Frameworks/JavaRuntimeSupport.framework/JavaRuntimeSupport
0x000000011c3a4000 	/System/Library/Frameworks/JavaVM.framework/Versions/A/Frameworks/JavaNativeFoundation.framework/Versions/A/JavaNativeFoundation
0x000000011c3b9000 	/System/Library/Frameworks/JavaVM.framework/Versions/A/JavaVM
0x00000000080b6000 	/System/Library/Frameworks/Carbon.framework/Versions/A/Carbon
0x000000011c3c6000 	/System/Library/PrivateFrameworks/JavaLaunching.framework/Versions/A/JavaLaunching
0x00000000080b6000 	/System/Library/Frameworks/Carbon.framework/Versions/A/Frameworks/CommonPanels.framework/Versions/A/CommonPanels
0x00000000080b6000 	/System/Library/Frameworks/Carbon.framework/Versions/A/Frameworks/Help.framework/Versions/A/Help
0x00000000080b6000 	/System/Library/Frameworks/Carbon.framework/Versions/A/Frameworks/ImageCapture.framework/Versions/A/ImageCapture
0x00000000080b6000 	/System/Library/Frameworks/Carbon.framework/Versions/A/Frameworks/OpenScripting.framework/Versions/A/OpenScripting
0x00000000080b6000 	/System/Library/Frameworks/Carbon.framework/Versions/A/Frameworks/Print.framework/Versions/A/Print
0x00000000080b6000 	/System/Library/Frameworks/Carbon.framework/Versions/A/Frameworks/SecurityHI.framework/Versions/A/SecurityHI
0x000000011dcfc000 	/Library/Java/JavaVirtualMachines/jdk1.8.0_45.jdk/Contents/Home/jre/lib/libawt.dylib
0x000000011dda4000 	/Library/Java/JavaVirtualMachines/jdk1.8.0_45.jdk/Contents/Home/jre/lib/./libmlib_image.dylib
0x000000011de70000 	/Library/Java/JavaVirtualMachines/jdk1.8.0_45.jdk/Contents/Home/jre/lib/libawt_lwawt.dylib
0x000000011df24000 	/Library/Java/JavaVirtualMachines/jdk1.8.0_45.jdk/Contents/Home/jre/lib/./libosxapp.dylib
0x00000000080b6000 	/System/Library/Frameworks/ExceptionHandling.framework/Versions/A/ExceptionHandling
0x00000000080b6000 	/System/Library/PrivateFrameworks/CoreServicesInternal.framework/Versions/A/CoreServicesInternal
0x000000011efaf000 	/System/Library/Frameworks/CoreGraphics.framework/Versions/A/Resources/libRIP.A.dylib
0x00000000080b6000 	/System/Library/Frameworks/Accelerate.framework/Versions/A/Frameworks/vImage.framework/Versions/A/Libraries/libCGInterfaces.dylib
0x000000011f319000 	/System/Library/Frameworks/CoreGraphics.framework/Versions/A/Resources/libCGXType.A.dylib
0x00000000080b6000 	/System/Library/Frameworks/OpenCL.framework/Versions/A/Libraries/libcldcpuengine.dylib
0x00000000080b6000 	/System/Library/PrivateFrameworks/DiskImages.framework/Versions/A/DiskImages
0x00000000080b6000 	/System/Library/Frameworks/DiscRecording.framework/Versions/A/DiscRecording
0x00000000080b6000 	/usr/lib/libcsfde.dylib
0x00000000080b6000 	/usr/lib/libcurl.4.dylib
0x00000000080b6000 	/System/Library/PrivateFrameworks/MediaKit.framework/Versions/A/MediaKit
0x00000000080b6000 	/System/Library/PrivateFrameworks/ProtectedCloudStorage.framework/Versions/A/ProtectedCloudStorage
0x00000000080b6000 	/usr/lib/libCoreStorage.dylib
0x00000000080b6000 	/System/Library/PrivateFrameworks/EFILogin.framework/Versions/A/EFILogin
0x00000000080b6000 	/usr/lib/libutil.dylib
0x00000000080b6000 	/System/Library/PrivateFrameworks/FindMyDevice.framework/Versions/A/FindMyDevice
0x00000000080b6000 	/System/Library/Frameworks/LDAP.framework/Versions/A/LDAP
0x00000000080b6000 	/usr/lib/libsasl2.2.dylib
0x00000000080b6000 	/System/Library/PrivateFrameworks/CoreDaemon.framework/Versions/B/CoreDaemon
0x00000000080b6000 	/usr/lib/libcrypto.0.9.8.dylib
0x00000000080b6000 	/System/Library/PrivateFrameworks/AppleSRP.framework/Versions/A/AppleSRP
0x00000000080b6000 	/System/Library/PrivateFrameworks/TrustEvaluationAgent.framework/Versions/A/TrustEvaluationAgent
0x000000011fde4000 	cl_kernels
0x00000000080b6000 	/System/Library/Frameworks/OpenCL.framework/Versions/A/Libraries/ImageFormats/unorm8_bgra.dylib
0x00000000080b6000 	/System/Library/Frameworks/OpenCL.framework/Versions/A/Libraries/ImageFormats/unorm8_rgba.dylib
0x00000000080b6000 	/System/Library/PrivateFrameworks/FamilyControls.framework/Versions/A/FamilyControls
0x00000000080b6000 	/System/Library/PrivateFrameworks/CommerceKit.framework/Versions/A/Frameworks/CommerceCore.framework/Versions/A/CommerceCore
0x00000000080b6000 	/System/Library/PrivateFrameworks/SystemAdministration.framework/Versions/A/SystemAdministration
0x00000000080b6000 	/System/Library/PrivateFrameworks/AppContainer.framework/Versions/A/AppContainer
0x00000000080b6000 	/System/Library/PrivateFrameworks/SecCodeWrapper.framework/Versions/A/SecCodeWrapper
0x00000000080b6000 	/System/Library/Frameworks/DirectoryService.framework/Versions/A/DirectoryService
0x00000000080b6000 	/System/Library/PrivateFrameworks/LoginUIKit.framework/Versions/A/Frameworks/LoginUICore.framework/Versions/A/LoginUICore
0x00000000080b6000 	/usr/lib/libodfde.dylib
0x0000000120eda000 	/Library/Java/JavaVirtualMachines/jdk1.8.0_45.jdk/Contents/Home/jre/lib/libfontmanager.dylib
0x0000000120f41000 	/Users/haowu/Documents/workspace/GameEngine/lib/natives/liblwjgl.dylib
0x000000011f1ce000 	/Library/Java/JavaVirtualMachines/jdk1.8.0_45.jdk/Contents/Home/jre/lib/libjawt.dylib
0x00000000080b6000 	/System/Library/Frameworks/OpenGL.framework/Versions/A/Resources/GLEngine.bundle/GLEngine
0x00000000080b6000 	/System/Library/Frameworks/OpenGL.framework/Versions/A/Libraries/libGLProgrammability.dylib
0x0000000120fc3000 	/System/Library/Extensions/AppleIntelHD4000GraphicsGLDriver.bundle/Contents/MacOS/AppleIntelHD4000GraphicsGLDriver
0x00000000080b6000 	/System/Library/PrivateFrameworks/GPUSupport.framework/Versions/A/Libraries/libGPUSupportMercury.dylib
0x00000000080b6000 	/System/Library/Extensions/GeForceGLDriver.bundle/Contents/MacOS/GeForceGLDriver
0x00000000080b6000 	/System/Library/Extensions/GeForceGLDriver.bundle/Contents/MacOS/libclh.dylib
0x00000000080b6000 	/System/Library/Frameworks/OpenGL.framework/Versions/A/Resources/GLRendererFloat.bundle/GLRendererFloat

VM Arguments:
jvm_args: -Djava.library.path=/Users/haowu/Documents/workspace/GameEngine/lib/natives -Dfile.encoding=UTF-8 
java_command: engineTester.MainGameLoop
java_class_path (initial): /Users/haowu/Documents/workspace/GameEngine/lib/jars/lwjgl_util.jar:/Users/haowu/Documents/workspace/GameEngine/lib/jars/lwjgl.jar:/Users/haowu/Documents/workspace/GameEngine/lib/jars/slick-util.jar:/Users/haowu/Documents/workspace/GameEngine/lib/jars/PNGDecoder.jar:/Users/haowu/Documents/workspace/GameEngine/bin
Launcher Type: SUN_STANDARD

Environment Variables:
PATH=/usr/bin:/bin:/usr/sbin:/sbin
SHELL=/bin/bash
DISPLAY=/private/tmp/com.apple.launchd.VOP5IRBDWR/org.macosforge.xquartz:0

Signal Handlers:
SIGSEGV: [libjvm.dylib+0x58ef95], sa_mask[0]=11111111011111110111111111111111, sa_flags=SA_ONSTACK|SA_RESTART|SA_SIGINFO
SIGBUS: [libjvm.dylib+0x58ef95], sa_mask[0]=11111111011111110111111111111111, sa_flags=SA_RESTART|SA_SIGINFO
SIGFPE: [libjvm.dylib+0x46c108], sa_mask[0]=11111111011111110111111111111111, sa_flags=SA_RESTART|SA_SIGINFO
SIGPIPE: [libjvm.dylib+0x46c108], sa_mask[0]=11111111011111110111111111111111, sa_flags=SA_RESTART|SA_SIGINFO
SIGXFSZ: [libjvm.dylib+0x46c108], sa_mask[0]=11111111011111110111111111111111, sa_flags=SA_RESTART|SA_SIGINFO
SIGILL: [libjvm.dylib+0x46c108], sa_mask[0]=11111111011111110111111111111111, sa_flags=SA_RESTART|SA_SIGINFO
SIGUSR1: SIG_DFL, sa_mask[0]=00000000000000000000000000000000, sa_flags=none
SIGUSR2: [libjvm.dylib+0x46bc26], sa_mask[0]=00100000000000000000000000000000, sa_flags=SA_RESTART|SA_SIGINFO
SIGHUP: [libjvm.dylib+0x46a1f9], sa_mask[0]=11111111011111110111111111111111, sa_flags=SA_RESTART|SA_SIGINFO
SIGINT: [libjvm.dylib+0x46a1f9], sa_mask[0]=11111111011111110111111111111111, sa_flags=SA_RESTART|SA_SIGINFO
SIGTERM: [libjvm.dylib+0x46a1f9], sa_mask[0]=11111111011111110111111111111111, sa_flags=SA_RESTART|SA_SIGINFO
SIGQUIT: [libjvm.dylib+0x46a1f9], sa_mask[0]=11111111011111110111111111111111, sa_flags=SA_RESTART|SA_SIGINFO


---------------  S Y S T E M  ---------------

OS:Bsduname:Darwin 15.6.0 Darwin Kernel Version 15.6.0: Mon Aug 29 20:21:34 PDT 2016; root:xnu-3248.60.11~1/RELEASE_X86_64 x86_64
rlimit: STACK 8192k, CORE 0k, NPROC 709, NOFILE 10240, AS infinity
load average:1.81 1.70 1.67

CPU:total 8 (4 cores per cpu, 2 threads per core) family 6 model 58 stepping 9, cmov, cx8, fxsr, mmx, sse, sse2, sse3, ssse3, sse4.1, sse4.2, popcnt, avx, aes, clmul, erms, ht, tsc, tscinvbit, tscinv

Memory: 4k page, physical 8388608k(687216k free)

/proc/meminfo:


vm_info: Java HotSpot(TM) 64-Bit Server VM (25.45-b02) for bsd-amd64 JRE (1.8.0_45-b14), built on Apr 10 2015 10:46:38 by "java_re" with gcc 4.2.1 (Based on Apple Inc. build 5658) (LLVM build 2336.11.00)

time: Fri Sep 16 13:54:21 2016
elapsed time: 23 seconds (0d 0h 0m 23s)

