#
# A fatal error has been detected by the Java Runtime Environment:
#
#  SIGSEGV (0xb) at pc=0x000000010f906b23, pid=1430, tid=775
#
# JRE version: Java(TM) SE Runtime Environment (8.0_45-b14) (build 1.8.0_45-b14)
# Java VM: Java HotSpot(TM) 64-Bit Server VM (25.45-b02 mixed mode bsd-amd64 compressed oops)
# Problematic frame:
# V  [libjvm.dylib+0x306b23]  jni_GetObjectClass+0x65
#
# Failed to write core dump. Core dumps have been disabled. To enable core dumping, try "ulimit -c unlimited" before starting Java again
#
# If you would like to submit a bug report, please visit:
#   http://bugreport.java.com/bugreport/crash.jsp
#

---------------  T H R E A D  ---------------

Current thread (0x00007faf1a058000):  JavaThread "AppKit Thread" daemon [_thread_in_vm, id=775, stack(0x00007fff51077000,0x00007fff51877000)]

siginfo: si_signo: 11 (SIGSEGV), si_code: 1 (SEGV_MAPERR), si_addr: 0x0000000000000000

Registers:
RAX=0x000000010feb8494, RBX=0x0000000000000000, RCX=0x000000010fdfa190, RDX=0x0000000000000000
RSP=0x00007fff51873c30, RBP=0x00007fff51873c80, RSI=0x0000000000000000, RDI=0x00007faf1a0581f8
R8 =0x000000000000008c, R9 =0x00007faf18f60dc8, R10=0x00007fff8ff4eaa8, R11=0x00007faf19b466b0
R12=0x00007faf18f5bb90, R13=0x00007faf18f60db0, R14=0x00007faf1a0581f8, R15=0x00007faf1a058000
RIP=0x000000010f906b23, EFLAGS=0x0000000000010202, ERR=0x0000000000000004
  TRAPNO=0x000000000000000e

Top of Stack: (sp=0x00007fff51873c30)
0x00007fff51873c30:   00007fff51873c78 00007faf1a058000
0x00007fff51873c40:   0000000000000000 000000010f915e80
0x00007fff51873c50:   00007faf18f60db0 00007faf1a058000
0x00007fff51873c60:   00007faf1a058000 00007faf18f60db0
0x00007fff51873c70:   00007faf18f54440 00007faf1a0581f8
0x00007fff51873c80:   00007fff51873ce0 000000012c4f63a7
0x00007fff51873c90:   00007fff8fcfd090 00007faf18f54440
0x00007fff51873ca0:   00007fff51873cc0 00007fff75b0007d
0x00007fff51873cb0:   40c69fc19fd7df83 0000000000000004
0x00007fff51873cc0:   00007faf18f5bb90 00007faf18f60db0
0x00007fff51873cd0:   00007faf18f54440 00007faf18f54440
0x00007fff51873ce0:   00007fff51874140 00007fff740641c9
0x00007fff51873cf0:   0000000000000000 ffff8050e70e5e50
0x00007fff51873d00:   0000000000000000 0000000000000000
0x00007fff51873d10:   0000000000000740 ffff8050e709f250
0x00007fff51873d20:   00007faf18f60db0 00007fff93941480
0x00007fff51873d30:   00007faf18f5bb90 00007fff8a3f2ba5
0x00007fff51873d40:   00007fff93941bc0 00007faf18f60db0
0x00007fff51873d50:   0000000051873d80 ffff8050e709f250
0x00007fff51873d60:   00007faf19367230 00007faf18f5bb90
0x00007fff51873d70:   00007fff8a3eab40 00007fff8a3eab40
0x00007fff51873d80:   00007fff8ff43b80 00007fff8ff43848
0x00007fff51873d90:   00007fff51873dc0 00007fff73981f5b
0x00007fff51873da0:   0000000000000000 00000000000000f8
0x00007fff51873db0:   00007faf18f1a1b0 00007faf18f5bb90
0x00007fff51873dc0:   00007fff51874140 00007fff7406825c
0x00007fff51873dd0:   00007fff7432db84 00007fff7432daf2
0x00007fff51873de0:   00007faf18f5bb90 00007fff898ae115
0x00007fff51873df0:   00007fff51873e20 00007fff87149a9c
0x00007fff51873e00:   0000000000000001 0000000000000000
0x00007fff51873e10:   00007fff51873e20 00007fff8714ce80
0x00007fff51873e20:   00007fff51873e40 00007fff87152769 

Instructions: (pc=0x000000010f906b23)
0x000000010f906b03:   74 09 48 8d 7d b8 e8 6e 44 19 00 4c 89 f7 48 89
0x000000010f906b13:   de 90 0f 1f 40 00 48 8d 05 74 19 5b 00 80 38 00
0x000000010f906b23:   48 8b 03 74 15 48 8d 15 f1 e9 50 00 8a 4a 08 8b
0x000000010f906b33:   40 08 48 d3 e0 48 03 02 eb 04 48 8b 40 08 48 8b 

Register to memory mapping:

RAX=0x000000010feb8494: UseCompressedClassPointers+0 in /Library/Java/JavaVirtualMachines/jdk1.8.0_45.jdk/Contents/Home/jre/lib/server/libjvm.dylib at 0x000000010f600000
RBX=0x0000000000000000 is an unknown value
RCX=0x000000010fdfa190: UseMembar+0 in /Library/Java/JavaVirtualMachines/jdk1.8.0_45.jdk/Contents/Home/jre/lib/server/libjvm.dylib at 0x000000010f600000
RDX=0x0000000000000000 is an unknown value
RSP=0x00007fff51873c30 is pointing into the stack for thread: 0x00007faf1a058000
RBP=0x00007fff51873c80 is pointing into the stack for thread: 0x00007faf1a058000
RSI=0x0000000000000000 is an unknown value
RDI=0x00007faf1a0581f8 is an unknown value
R8 =0x000000000000008c is an unknown value
R9 =0x00007faf18f60dc8 is an unknown value
R10=0x00007fff8ff4eaa8: OBJC_CLASS_$_NSEvent+0 in /System/Library/Frameworks/AppKit.framework/Versions/C/AppKit at 0x00007fff737a8000
R11=0x00007faf19b466b0 is an unknown value
R12=0x00007faf18f5bb90 is an unknown value
R13=0x00007faf18f60db0 is an unknown value
R14=0x00007faf1a0581f8 is an unknown value
R15=0x00007faf1a058000 is a thread


Stack: [0x00007fff51077000,0x00007fff51877000],  sp=0x00007fff51873c30,  free space=8179k
Native frames: (J=compiled Java code, j=interpreted, Vv=VM code, C=native code)
V  [libjvm.dylib+0x306b23]  jni_GetObjectClass+0x65
C  [liblwjgl.dylib+0xb3a7]  -[MacOSXOpenGLView scrollWheel:]+0x77
C  [AppKit+0x8bc1c9]  -[NSWindow(NSEventRouting) _reallySendEvent:isDelayedEvent:]+0x1a4f
C  [AppKit+0x8ba3ae]  -[NSWindow(NSEventRouting) sendEvent:]+0x21d
C  [AppKit+0x75a8de]  -[NSApplication(NSEvent) sendEvent:]+0x88a
C  [libosxapp.dylib+0x23ac]  -[NSApplicationAWT sendEvent:]+0x109
C  [AppKit+0x3b589]  -[NSApplication run]+0x3ea
C  [libosxapp.dylib+0x223e]  +[NSApplicationAWT runAWTLoopWithApp:]+0x9c
C  [libawt_lwawt.dylib+0x4462b]  -[AWTStarter starter:]+0x389
C  [Foundation+0x71f2a]  __NSThreadPerformPerform+0x146
C  [CoreFoundation+0xa44c1]  __CFRUNLOOP_IS_CALLING_OUT_TO_A_SOURCE0_PERFORM_FUNCTION__+0x11
C  [CoreFoundation+0x858cc]  __CFRunLoopDoSources0+0x22c
C  [CoreFoundation+0x84db6]  __CFRunLoopRun+0x3a6
C  [CoreFoundation+0x847b4]  CFRunLoopRunSpecific+0x1a4
C  [java+0x6490]  CreateExecutionEnvironment+0x367
C  [java+0x221c]  JLI_Launch+0x7a0
C  [java+0x84ed]  main+0x65
C  [java+0x1a74]  start+0x34
C  0x0000000000000006


---------------  P R O C E S S  ---------------

Java Threads: ( => current thread )
  0x00007faf1abb1800 JavaThread "AWT-Shutdown" [_thread_blocked, id=31811, stack(0x000070000f962000,0x000070000fa62000)]
  0x00007faf1a120800 JavaThread "Java2D Disposer" daemon [_thread_blocked, id=64979, stack(0x000070000fd77000,0x000070000fe77000)]
=>0x00007faf1a058000 JavaThread "AppKit Thread" daemon [_thread_in_vm, id=775, stack(0x00007fff51077000,0x00007fff51877000)]
  0x00007faf1a062800 JavaThread "Service Thread" daemon [_thread_blocked, id=21251, stack(0x000070000f75c000,0x000070000f85c000)]
  0x00007faf1900e800 JavaThread "C1 CompilerThread3" daemon [_thread_blocked, id=20739, stack(0x000070000f659000,0x000070000f759000)]
  0x00007faf19003800 JavaThread "C2 CompilerThread2" daemon [_thread_blocked, id=20227, stack(0x000070000f556000,0x000070000f656000)]
  0x00007faf1a047800 JavaThread "C2 CompilerThread1" daemon [_thread_blocked, id=19715, stack(0x000070000f453000,0x000070000f553000)]
  0x00007faf1a028000 JavaThread "C2 CompilerThread0" daemon [_thread_blocked, id=19203, stack(0x000070000f350000,0x000070000f450000)]
  0x00007faf19003000 JavaThread "Signal Dispatcher" daemon [_thread_blocked, id=18691, stack(0x000070000f24d000,0x000070000f34d000)]
  0x00007faf19813800 JavaThread "Finalizer" daemon [_thread_blocked, id=14595, stack(0x000070000f14a000,0x000070000f24a000)]
  0x00007faf1a836800 JavaThread "Reference Handler" daemon [_thread_blocked, id=14083, stack(0x000070000f047000,0x000070000f147000)]
  0x00007faf19806000 JavaThread "main" [_thread_in_native, id=7171, stack(0x000070000e629000,0x000070000e729000)]

Other Threads:
  0x00007faf1a020800 VMThread [stack: 0x000070000ef44000,0x000070000f044000] [id=13571]
  0x00007faf1a028800 WatcherThread [stack: 0x000070000f85f000,0x000070000f95f000] [id=21763]

VM state:not at safepoint (normal execution)

VM Mutex/Monitor currently owned by a thread: None

Heap:
 PSYoungGen      total 71680K, used 40467K [0x0000000795580000, 0x00000007a1080000, 0x00000007c0000000)
  eden space 66560K, 53% used [0x0000000795580000,0x0000000797804ee0,0x0000000799680000)
  from space 5120K, 100% used [0x0000000799680000,0x0000000799b80000,0x0000000799b80000)
  to   space 44544K, 0% used [0x000000079e500000,0x000000079e500000,0x00000007a1080000)
 ParOldGen       total 154112K, used 82349K [0x0000000740000000, 0x0000000749680000, 0x0000000795580000)
  object space 154112K, 53% used [0x0000000740000000,0x000000074506b790,0x0000000749680000)
 Metaspace       used 9077K, capacity 9303K, committed 9472K, reserved 1058816K
  class space    used 906K, capacity 984K, committed 1024K, reserved 1048576K

Card table byte_map: [0x0000000110929000,0x0000000110d2a000] byte_map_base: 0x000000010cf29000

Marking Bits: (ParMarkBitMap*) 0x000000010fec27a0
 Begin Bits: [0x0000000122505000, 0x0000000124505000)
 End Bits:   [0x0000000124505000, 0x0000000126505000)

Polling page: 0x000000010e449000

CodeCache: size=245760Kb used=4994Kb max_used=5005Kb free=240765Kb
 bounds [0x0000000113505000, 0x00000001139f5000, 0x0000000122505000]
 total_blobs=1883 nmethods=1411 adapters=386
 compilation: enabled

Compilation events (10 events):
Event: 6.099 Thread 0x00007faf1900e800 nmethod 1407 0x00000001139e3f90 code [0x00000001139e4100, 0x00000001139e42b0]
Event: 6.099 Thread 0x00007faf1900e800 1408       3       java.util.HashSet::isEmpty (8 bytes)
Event: 6.100 Thread 0x00007faf1900e800 nmethod 1408 0x00000001139e3a50 code [0x00000001139e3bc0, 0x00000001139e3e50]
Event: 6.101 Thread 0x00007faf1900e800 1409       3       normalMappingRenderer.NormalMappingShader::getEyeSpacePosition (46 bytes)
Event: 6.101 Thread 0x00007faf1900e800 nmethod 1409 0x00000001139e9e90 code [0x00000001139ea060, 0x00000001139ea5d8]
Event: 6.223 Thread 0x00007faf19003800 1410       4       org.lwjgl.util.vector.Matrix4f::store (146 bytes)
Event: 6.228 Thread 0x00007faf19003800 nmethod 1410 0x00000001139edb10 code [0x00000001139edca0, 0x00000001139ee1f8]
Event: 6.312 Thread 0x00007faf1900e800 1411       3       org.lwjgl.opengl.APIUtil::getBufferInt (8 bytes)
Event: 6.312 Thread 0x00007faf1900e800 nmethod 1411 0x00000001139ed750 code [0x00000001139ed8c0, 0x00000001139eda10]
Event: 6.353 Thread 0x00007faf1a028000 1412       4       java.nio.DirectByteBuffer::put (18 bytes)

GC Heap History (10 events):
Event: 2.221 GC heap before
{Heap before GC invocations=2 (full 0):
 PSYoungGen      total 38400K, used 35620K [0x0000000795580000, 0x0000000798000000, 0x00000007c0000000)
  eden space 33280K, 100% used [0x0000000795580000,0x0000000797600000,0x0000000797600000)
  from space 5120K, 45% used [0x0000000797600000,0x0000000797849168,0x0000000797b00000)
  to   space 5120K, 0% used [0x0000000797b00000,0x0000000797b00000,0x0000000798000000)
 ParOldGen       total 87552K, used 16K [0x0000000740000000, 0x0000000745580000, 0x0000000795580000)
  object space 87552K, 0% used [0x0000000740000000,0x0000000740004000,0x0000000745580000)
 Metaspace       used 8322K, capacity 8471K, committed 8704K, reserved 1056768K
  class space    used 850K, capacity 920K, committed 1024K, reserved 1048576K
Event: 2.226 GC heap after
Heap after GC invocations=2 (full 0):
 PSYoungGen      total 38400K, used 5096K [0x0000000795580000, 0x0000000798000000, 0x00000007c0000000)
  eden space 33280K, 0% used [0x0000000795580000,0x0000000795580000,0x0000000797600000)
  from space 5120K, 99% used [0x0000000797b00000,0x0000000797ffa1b8,0x0000000798000000)
  to   space 5120K, 0% used [0x0000000797600000,0x0000000797600000,0x0000000797b00000)
 ParOldGen       total 87552K, used 2361K [0x0000000740000000, 0x0000000745580000, 0x0000000795580000)
  object space 87552K, 2% used [0x0000000740000000,0x000000074024e430,0x0000000745580000)
 Metaspace       used 8322K, capacity 8471K, committed 8704K, reserved 1056768K
  class space    used 850K, capacity 920K, committed 1024K, reserved 1048576K
}
Event: 2.298 GC heap before
{Heap before GC invocations=3 (full 0):
 PSYoungGen      total 38400K, used 38376K [0x0000000795580000, 0x0000000798000000, 0x00000007c0000000)
  eden space 33280K, 100% used [0x0000000795580000,0x0000000797600000,0x0000000797600000)
  from space 5120K, 99% used [0x0000000797b00000,0x0000000797ffa1b8,0x0000000798000000)
  to   space 5120K, 0% used [0x0000000797600000,0x0000000797600000,0x0000000797b00000)
 ParOldGen       total 87552K, used 2361K [0x0000000740000000, 0x0000000745580000, 0x0000000795580000)
  object space 87552K, 2% used [0x0000000740000000,0x000000074024e430,0x0000000745580000)
 Metaspace       used 8325K, capacity 8471K, committed 8704K, reserved 1056768K
  class space    used 850K, capacity 920K, committed 1024K, reserved 1048576K
Event: 2.322 GC heap after
Heap after GC invocations=3 (full 0):
 PSYoungGen      total 38400K, used 5120K [0x0000000795580000, 0x000000079a080000, 0x00000007c0000000)
  eden space 33280K, 0% used [0x0000000795580000,0x0000000795580000,0x0000000797600000)
  from space 5120K, 100% used [0x0000000797600000,0x0000000797b00000,0x0000000797b00000)
  to   space 5120K, 0% used [0x0000000799b80000,0x0000000799b80000,0x000000079a080000)
 ParOldGen       total 87552K, used 31850K [0x0000000740000000, 0x0000000745580000, 0x0000000795580000)
  object space 87552K, 36% used [0x0000000740000000,0x0000000741f1a900,0x0000000745580000)
 Metaspace       used 8325K, capacity 8471K, committed 8704K, reserved 1056768K
  class space    used 850K, capacity 920K, committed 1024K, reserved 1048576K
}
Event: 2.377 GC heap before
{Heap before GC invocations=4 (full 0):
 PSYoungGen      total 38400K, used 38400K [0x0000000795580000, 0x000000079a080000, 0x00000007c0000000)
  eden space 33280K, 100% used [0x0000000795580000,0x0000000797600000,0x0000000797600000)
  from space 5120K, 100% used [0x0000000797600000,0x0000000797b00000,0x0000000797b00000)
  to   space 5120K, 0% used [0x0000000799b80000,0x0000000799b80000,0x000000079a080000)
 ParOldGen       total 87552K, used 31850K [0x0000000740000000, 0x0000000745580000, 0x0000000795580000)
  object space 87552K, 36% used [0x0000000740000000,0x0000000741f1a900,0x0000000745580000)
 Metaspace       used 8325K, capacity 8471K, committed 8704K, reserved 1056768K
  class space    used 850K, capacity 920K, committed 1024K, reserved 1048576K
Event: 2.403 GC heap after
Heap after GC invocations=4 (full 0):
 PSYoungGen      total 71680K, used 5120K [0x0000000795580000, 0x000000079a080000, 0x00000007c0000000)
  eden space 66560K, 0% used [0x0000000795580000,0x0000000795580000,0x0000000799680000)
  from space 5120K, 100% used [0x0000000799b80000,0x000000079a080000,0x000000079a080000)
  to   space 5120K, 0% used [0x0000000799680000,0x0000000799680000,0x0000000799b80000)
 ParOldGen       total 87552K, used 62029K [0x0000000740000000, 0x0000000745580000, 0x0000000795580000)
  object space 87552K, 70% used [0x0000000740000000,0x0000000743c93500,0x0000000745580000)
 Metaspace       used 8325K, capacity 8471K, committed 8704K, reserved 1056768K
  class space    used 850K, capacity 920K, committed 1024K, reserved 1048576K
}
Event: 2.403 GC heap before
{Heap before GC invocations=5 (full 1):
 PSYoungGen      total 71680K, used 5120K [0x0000000795580000, 0x000000079a080000, 0x00000007c0000000)
  eden space 66560K, 0% used [0x0000000795580000,0x0000000795580000,0x0000000799680000)
  from space 5120K, 100% used [0x0000000799b80000,0x000000079a080000,0x000000079a080000)
  to   space 5120K, 0% used [0x0000000799680000,0x0000000799680000,0x0000000799b80000)
 ParOldGen       total 87552K, used 62029K [0x0000000740000000, 0x0000000745580000, 0x0000000795580000)
  object space 87552K, 70% used [0x0000000740000000,0x0000000743c93500,0x0000000745580000)
 Metaspace       used 8325K, capacity 8471K, committed 8704K, reserved 1056768K
  class space    used 850K, capacity 920K, committed 1024K, reserved 1048576K
Event: 2.669 GC heap after
Heap after GC invocations=5 (full 1):
 PSYoungGen      total 71680K, used 0K [0x0000000795580000, 0x000000079a080000, 0x00000007c0000000)
  eden space 66560K, 0% used [0x0000000795580000,0x0000000795580000,0x0000000799680000)
  from space 5120K, 0% used [0x0000000799b80000,0x0000000799b80000,0x000000079a080000)
  to   space 5120K, 0% used [0x0000000799680000,0x0000000799680000,0x0000000799b80000)
 ParOldGen       total 154112K, used 65305K [0x0000000740000000, 0x0000000749680000, 0x0000000795580000)
  object space 154112K, 42% used [0x0000000740000000,0x0000000743fc67a8,0x0000000749680000)
 Metaspace       used 8325K, capacity 8471K, committed 8704K, reserved 1056768K
  class space    used 850K, capacity 920K, committed 1024K, reserved 1048576K
}
Event: 3.984 GC heap before
{Heap before GC invocations=6 (full 1):
 PSYoungGen      total 71680K, used 66560K [0x0000000795580000, 0x000000079a080000, 0x00000007c0000000)
  eden space 66560K, 100% used [0x0000000795580000,0x0000000799680000,0x0000000799680000)
  from space 5120K, 0% used [0x0000000799b80000,0x0000000799b80000,0x000000079a080000)
  to   space 5120K, 0% used [0x0000000799680000,0x0000000799680000,0x0000000799b80000)
 ParOldGen       total 154112K, used 65305K [0x0000000740000000, 0x0000000749680000, 0x0000000795580000)
  object space 154112K, 42% used [0x0000000740000000,0x0000000743fc67a8,0x0000000749680000)
 Metaspace       used 8937K, capacity 9079K, committed 9216K, reserved 1056768K
  class space    used 898K, capacity 952K, committed 1024K, reserved 1048576K
Event: 4.009 GC heap after
Heap after GC invocations=6 (full 1):
 PSYoungGen      total 71680K, used 5120K [0x0000000795580000, 0x00000007a1080000, 0x00000007c0000000)
  eden space 66560K, 0% used [0x0000000795580000,0x0000000795580000,0x0000000799680000)
  from space 5120K, 100% used [0x0000000799680000,0x0000000799b80000,0x0000000799b80000)
  to   space 44544K, 0% used [0x000000079e500000,0x000000079e500000,0x00000007a1080000)
 ParOldGen       total 154112K, used 82349K [0x0000000740000000, 0x0000000749680000, 0x0000000795580000)
  object space 154112K, 53% used [0x0000000740000000,0x000000074506b790,0x0000000749680000)
 Metaspace       used 8937K, capacity 9079K, committed 9216K, reserved 1056768K
  class space    used 898K, capacity 952K, committed 1024K, reserved 1048576K
}

Deoptimization events (10 events):
Event: 2.762 Thread 0x00007faf19806000 Uncommon trap: reason=unloaded action=reinterpret pc=0x000000011383df58 method=terrainsSphere.TerrainSphere.generateTerrainSphereIco(LrenderEngine/Loader;)Lmodels/RawModel; @ 2239
Event: 2.803 Thread 0x00007faf19806000 Uncommon trap: reason=unstable_if action=reinterpret pc=0x00000001137a8fd8 method=org.lwjgl.util.vector.Vector3f.add(Lorg/lwjgl/util/vector/Vector3f;Lorg/lwjgl/util/vector/Vector3f;Lorg/lwjgl/util/vector/Vector3f;)Lorg/lwjgl/util/vector/Vector3f; @ 1
Event: 4.315 Thread 0x00007faf19806000 Uncommon trap: reason=class_check action=maybe_recompile pc=0x000000011377d99c method=org.lwjgl.util.vector.Vector.length()F @ 1
Event: 4.338 Thread 0x00007faf19806000 Uncommon trap: reason=unstable_if action=reinterpret pc=0x0000000113789f08 method=java.nio.DirectByteBuffer.put([BII)Ljava/nio/ByteBuffer; @ 5
Event: 4.347 Thread 0x00007faf19806000 Uncommon trap: reason=class_check action=maybe_recompile pc=0x000000011377d99c method=org.lwjgl.util.vector.Vector.length()F @ 1
Event: 4.352 Thread 0x00007faf19806000 Uncommon trap: reason=class_check action=maybe_recompile pc=0x000000011377d99c method=org.lwjgl.util.vector.Vector.length()F @ 1
Event: 4.382 Thread 0x00007faf19806000 Uncommon trap: reason=class_check action=maybe_recompile pc=0x000000011377d99c method=org.lwjgl.util.vector.Vector.length()F @ 1
Event: 4.875 Thread 0x00007faf19806000 Uncommon trap: reason=unstable_if action=reinterpret pc=0x000000011397dcd8 method=particles.Particle.updateTextureCoordInfo()V @ 44
Event: 4.875 Thread 0x00007faf19806000 Uncommon trap: reason=unstable_if action=reinterpret pc=0x0000000113977024 method=particles.Particle.updateTextureCoordInfo()V @ 44
Event: 5.088 Thread 0x00007faf19806000 Uncommon trap: reason=unstable_if action=reinterpret pc=0x00000001139ac9b0 method=particles.Particle.update(Lentities/Camera;)Z @ 100

Internal exceptions (10 events):
Event: 0.117 Thread 0x00007faf19806000 Exception <a 'java/security/PrivilegedActionException'> (0x000000079580b378) thrown at [/Users/java_re/workspace/8-2-build-macosx-x86_64/jdk8u45/3457/hotspot/src/share/vm/prims/jvm.cpp, line 1382]
Event: 0.117 Thread 0x00007faf19806000 Exception <a 'java/security/PrivilegedActionException'> (0x000000079580e6f8) thrown at [/Users/java_re/workspace/8-2-build-macosx-x86_64/jdk8u45/3457/hotspot/src/share/vm/prims/jvm.cpp, line 1382]
Event: 0.117 Thread 0x00007faf19806000 Exception <a 'java/security/PrivilegedActionException'> (0x000000079580e8b0) thrown at [/Users/java_re/workspace/8-2-build-macosx-x86_64/jdk8u45/3457/hotspot/src/share/vm/prims/jvm.cpp, line 1382]
Event: 0.291 Thread 0x00007faf19806000 Exception <a 'java/io/FileNotFoundException'> (0x00000007958126d0) thrown at [/Users/java_re/workspace/8-2-build-macosx-x86_64/jdk8u45/3457/hotspot/src/share/vm/prims/jni.cpp, line 709]
Event: 0.291 Thread 0x00007faf19806000 Exception <a 'java/io/FileNotFoundException'> (0x00000007958131f0) thrown at [/Users/java_re/workspace/8-2-build-macosx-x86_64/jdk8u45/3457/hotspot/src/share/vm/prims/jni.cpp, line 709]
Event: 0.340 Thread 0x00007faf1a058000 Exception <a 'java/lang/NoSuchFieldError': method resolution failed> (0x0000000795994e38) thrown at [/Users/java_re/workspace/8-2-build-macosx-x86_64/jdk8u45/3457/hotspot/src/share/vm/prims/methodHandles.cpp, line 1125]
Event: 0.342 Thread 0x00007faf1a058000 Exception <a 'java/lang/NoSuchFieldError': method resolution failed> (0x00000007959a34d8) thrown at [/Users/java_re/workspace/8-2-build-macosx-x86_64/jdk8u45/3457/hotspot/src/share/vm/prims/methodHandles.cpp, line 1125]
Event: 2.203 Thread 0x00007faf19806000 Exception <a 'java/lang/ArrayIndexOutOfBoundsException': 18> (0x0000000797211550) thrown at [/Users/java_re/workspace/8-2-build-macosx-x86_64/jdk8u45/3457/hotspot/src/share/vm/interpreter/interpreterRuntime.cpp, line 366]
Event: 2.203 Thread 0x00007faf19806000 Exception <a 'java/lang/ArrayIndexOutOfBoundsException': 58> (0x0000000797212368) thrown at [/Users/java_re/workspace/8-2-build-macosx-x86_64/jdk8u45/3457/hotspot/src/share/vm/interpreter/interpreterRuntime.cpp, line 366]
Event: 2.203 Thread 0x00007faf19806000 Exception <a 'java/lang/ArrayIndexOutOfBoundsException': 40> (0x0000000797213160) thrown at [/Users/java_re/workspace/8-2-build-macosx-x86_64/jdk8u45/3457/hotspot/src/share/vm/interpreter/interpreterRuntime.cpp, line 366]

Events (10 events):
Event: 4.875 Thread 0x00007faf19806000 Uncommon trap: trap_request=0xffffff65 fr.pc=0x0000000113977024
Event: 4.875 Thread 0x00007faf19806000 DEOPT PACKING pc=0x0000000113977024 sp=0x000070000e728620
Event: 4.875 Thread 0x00007faf19806000 DEOPT UNPACKING pc=0x000000011350a229 sp=0x000070000e7285c8 mode 2
Event: 5.088 Thread 0x00007faf19806000 Uncommon trap: trap_request=0xffffff65 fr.pc=0x00000001139ac9b0
Event: 5.088 Thread 0x00007faf19806000 DEOPT PACKING pc=0x00000001139ac9b0 sp=0x000070000e728680
Event: 5.088 Thread 0x00007faf19806000 DEOPT UNPACKING pc=0x000000011350a229 sp=0x000070000e728650 mode 2
Event: 5.552 Thread 0x00007faf19806000 DEOPT PACKING pc=0x00000001139d0333 sp=0x000070000e728560
Event: 5.552 Thread 0x00007faf19806000 DEOPT UNPACKING pc=0x000000011354c633 sp=0x000070000e728390 mode 0
Event: 6.332 loading class org/lwjgl/opengl/CallbackUtil
Event: 6.332 loading class org/lwjgl/opengl/CallbackUtil done


Dynamic libraries:
0x00000000007f2000 	/System/Library/Frameworks/Cocoa.framework/Versions/A/Cocoa
0x00000000007f2000 	/System/Library/Frameworks/Security.framework/Versions/A/Security
0x00000000007f2000 	/System/Library/Frameworks/ApplicationServices.framework/Versions/A/ApplicationServices
0x00000000007f2000 	/usr/lib/libz.1.dylib
0x00000000007f2000 	/usr/lib/libSystem.B.dylib
0x00000000007f2000 	/usr/lib/libobjc.A.dylib
0x00000000007f2000 	/System/Library/Frameworks/CoreFoundation.framework/Versions/A/CoreFoundation
0x00000000007f2000 	/System/Library/Frameworks/Foundation.framework/Versions/C/Foundation
0x00000000007f2000 	/System/Library/Frameworks/AppKit.framework/Versions/C/AppKit
0x00000000007f2000 	/System/Library/Frameworks/CoreData.framework/Versions/A/CoreData
0x00000000007f2000 	/System/Library/PrivateFrameworks/RemoteViewServices.framework/Versions/A/RemoteViewServices
0x00000000007f2000 	/System/Library/PrivateFrameworks/UIFoundation.framework/Versions/A/UIFoundation
0x00000000007f2000 	/usr/lib/libenergytrace.dylib
0x00000000007f2000 	/System/Library/PrivateFrameworks/SkyLight.framework/Versions/A/SkyLight
0x00000000007f2000 	/System/Library/Frameworks/CoreGraphics.framework/Versions/A/CoreGraphics
0x00000000007f2000 	/usr/lib/libScreenReader.dylib
0x00000000007f2000 	/System/Library/Frameworks/Accelerate.framework/Versions/A/Accelerate
0x00000000007f2000 	/System/Library/Frameworks/IOSurface.framework/Versions/A/IOSurface
0x00000000007f2000 	/System/Library/Frameworks/AudioToolbox.framework/Versions/A/AudioToolbox
0x00000000007f2000 	/System/Library/Frameworks/AudioUnit.framework/Versions/A/AudioUnit
0x00000000007f2000 	/System/Library/PrivateFrameworks/DataDetectorsCore.framework/Versions/A/DataDetectorsCore
0x00000000007f2000 	/System/Library/PrivateFrameworks/DesktopServicesPriv.framework/Versions/A/DesktopServicesPriv
0x00000000007f2000 	/System/Library/Frameworks/Carbon.framework/Versions/A/Frameworks/HIToolbox.framework/Versions/A/HIToolbox
0x00000000007f2000 	/usr/lib/libicucore.A.dylib
0x00000000007f2000 	/System/Library/Frameworks/QuartzCore.framework/Versions/A/QuartzCore
0x00000000007f2000 	/System/Library/Frameworks/Carbon.framework/Versions/A/Frameworks/SpeechRecognition.framework/Versions/A/SpeechRecognition
0x00000000007f2000 	/usr/lib/libauto.dylib
0x00000000007f2000 	/usr/lib/libxml2.2.dylib
0x00000000007f2000 	/System/Library/PrivateFrameworks/CoreUI.framework/Versions/A/CoreUI
0x00000000007f2000 	/System/Library/Frameworks/CoreAudio.framework/Versions/A/CoreAudio
0x00000000007f2000 	/System/Library/Frameworks/DiskArbitration.framework/Versions/A/DiskArbitration
0x00000000007f2000 	/usr/lib/liblangid.dylib
0x00000000007f2000 	/System/Library/PrivateFrameworks/MultitouchSupport.framework/Versions/A/MultitouchSupport
0x00000000007f2000 	/System/Library/Frameworks/IOKit.framework/Versions/A/IOKit
0x00000000007f2000 	/usr/lib/libDiagnosticMessagesClient.dylib
0x00000000007f2000 	/System/Library/Frameworks/CoreServices.framework/Versions/A/CoreServices
0x00000000007f2000 	/System/Library/PrivateFrameworks/PerformanceAnalysis.framework/Versions/A/PerformanceAnalysis
0x00000000007f2000 	/System/Library/PrivateFrameworks/GenerationalStorage.framework/Versions/A/GenerationalStorage
0x00000000007f2000 	/System/Library/Frameworks/OpenGL.framework/Versions/A/OpenGL
0x00000000007f2000 	/System/Library/Frameworks/CoreImage.framework/Versions/A/CoreImage
0x00000000007f2000 	/System/Library/Frameworks/CoreText.framework/Versions/A/CoreText
0x00000000007f2000 	/System/Library/Frameworks/ImageIO.framework/Versions/A/ImageIO
0x00000000007f2000 	/System/Library/PrivateFrameworks/Backup.framework/Versions/A/Backup
0x00000000007f2000 	/usr/lib/libarchive.2.dylib
0x00000000007f2000 	/System/Library/Frameworks/CFNetwork.framework/Versions/A/CFNetwork
0x00000000007f2000 	/System/Library/Frameworks/SystemConfiguration.framework/Versions/A/SystemConfiguration
0x00000000007f2000 	/usr/lib/libCRFSuite.dylib
0x00000000007f2000 	/usr/lib/libc++.1.dylib
0x00000000007f2000 	/usr/lib/libc++abi.dylib
0x00000000007f2000 	/usr/lib/system/libcache.dylib
0x00000000007f2000 	/usr/lib/system/libcommonCrypto.dylib
0x00000000007f2000 	/usr/lib/system/libcompiler_rt.dylib
0x00000000007f2000 	/usr/lib/system/libcopyfile.dylib
0x00000000007f2000 	/usr/lib/system/libcorecrypto.dylib
0x00000000007f2000 	/usr/lib/system/libdispatch.dylib
0x00000000007f2000 	/usr/lib/system/libdyld.dylib
0x00000000007f2000 	/usr/lib/system/libkeymgr.dylib
0x00000000007f2000 	/usr/lib/system/liblaunch.dylib
0x00000000007f2000 	/usr/lib/system/libmacho.dylib
0x00000000007f2000 	/usr/lib/system/libquarantine.dylib
0x00000000007f2000 	/usr/lib/system/libremovefile.dylib
0x00000000007f2000 	/usr/lib/system/libsystem_asl.dylib
0x00000000007f2000 	/usr/lib/system/libsystem_blocks.dylib
0x00000000007f2000 	/usr/lib/system/libsystem_c.dylib
0x00000000007f2000 	/usr/lib/system/libsystem_configuration.dylib
0x00000000007f2000 	/usr/lib/system/libsystem_coreservices.dylib
0x00000000007f2000 	/usr/lib/system/libsystem_coretls.dylib
0x00000000007f2000 	/usr/lib/system/libsystem_dnssd.dylib
0x00000000007f2000 	/usr/lib/system/libsystem_info.dylib
0x00000000007f2000 	/usr/lib/system/libsystem_kernel.dylib
0x00000000007f2000 	/usr/lib/system/libsystem_m.dylib
0x00000000007f2000 	/usr/lib/system/libsystem_malloc.dylib
0x00000000007f2000 	/usr/lib/system/libsystem_network.dylib
0x00000000007f2000 	/usr/lib/system/libsystem_networkextension.dylib
0x00000000007f2000 	/usr/lib/system/libsystem_notify.dylib
0x00000000007f2000 	/usr/lib/system/libsystem_platform.dylib
0x00000000007f2000 	/usr/lib/system/libsystem_pthread.dylib
0x00000000007f2000 	/usr/lib/system/libsystem_sandbox.dylib
0x00000000007f2000 	/usr/lib/system/libsystem_secinit.dylib
0x00000000007f2000 	/usr/lib/system/libsystem_symptoms.dylib
0x00000000007f2000 	/usr/lib/system/libsystem_trace.dylib
0x00000000007f2000 	/usr/lib/system/libunwind.dylib
0x00000000007f2000 	/usr/lib/system/libxpc.dylib
0x00000000007f2000 	/usr/lib/libbsm.0.dylib
0x00000000007f2000 	/usr/lib/system/libkxld.dylib
0x00000000007f2000 	/usr/lib/libcoretls.dylib
0x00000000007f2000 	/usr/lib/libcoretls_cfhelpers.dylib
0x00000000007f2000 	/usr/lib/libxar.1.dylib
0x00000000007f2000 	/usr/lib/libsqlite3.dylib
0x00000000007f2000 	/usr/lib/libpam.2.dylib
0x00000000007f2000 	/usr/lib/libOpenScriptingUtil.dylib
0x00000000007f2000 	/usr/lib/libbz2.1.0.dylib
0x00000000007f2000 	/usr/lib/liblzma.5.dylib
0x00000000007f2000 	/usr/lib/libnetwork.dylib
0x00000000007f2000 	/usr/lib/libpcap.A.dylib
0x00000000007f2000 	/System/Library/Frameworks/CoreServices.framework/Versions/A/Frameworks/FSEvents.framework/Versions/A/FSEvents
0x00000000007f2000 	/System/Library/Frameworks/CoreServices.framework/Versions/A/Frameworks/CarbonCore.framework/Versions/A/CarbonCore
0x00000000007f2000 	/System/Library/Frameworks/CoreServices.framework/Versions/A/Frameworks/Metadata.framework/Versions/A/Metadata
0x00000000007f2000 	/System/Library/Frameworks/CoreServices.framework/Versions/A/Frameworks/OSServices.framework/Versions/A/OSServices
0x00000000007f2000 	/System/Library/Frameworks/CoreServices.framework/Versions/A/Frameworks/SearchKit.framework/Versions/A/SearchKit
0x00000000007f2000 	/System/Library/Frameworks/CoreServices.framework/Versions/A/Frameworks/AE.framework/Versions/A/AE
0x00000000007f2000 	/System/Library/Frameworks/CoreServices.framework/Versions/A/Frameworks/LaunchServices.framework/Versions/A/LaunchServices
0x00000000007f2000 	/System/Library/Frameworks/CoreServices.framework/Versions/A/Frameworks/DictionaryServices.framework/Versions/A/DictionaryServices
0x00000000007f2000 	/System/Library/Frameworks/CoreServices.framework/Versions/A/Frameworks/SharedFileList.framework/Versions/A/SharedFileList
0x00000000007f2000 	/System/Library/Frameworks/NetFS.framework/Versions/A/NetFS
0x00000000007f2000 	/System/Library/PrivateFrameworks/NetAuth.framework/Versions/A/NetAuth
0x00000000007f2000 	/System/Library/PrivateFrameworks/login.framework/Versions/A/Frameworks/loginsupport.framework/Versions/A/loginsupport
0x00000000007f2000 	/System/Library/PrivateFrameworks/TCC.framework/Versions/A/TCC
0x00000000007f2000 	/usr/lib/libmecabra.dylib
0x00000000007f2000 	/System/Library/Frameworks/ApplicationServices.framework/Versions/A/Frameworks/ATS.framework/Versions/A/ATS
0x00000000007f2000 	/System/Library/Frameworks/ApplicationServices.framework/Versions/A/Frameworks/ColorSync.framework/Versions/A/ColorSync
0x00000000007f2000 	/System/Library/Frameworks/ApplicationServices.framework/Versions/A/Frameworks/HIServices.framework/Versions/A/HIServices
0x00000000007f2000 	/System/Library/Frameworks/ApplicationServices.framework/Versions/A/Frameworks/LangAnalysis.framework/Versions/A/LangAnalysis
0x00000000007f2000 	/System/Library/Frameworks/ApplicationServices.framework/Versions/A/Frameworks/PrintCore.framework/Versions/A/PrintCore
0x00000000007f2000 	/System/Library/Frameworks/ApplicationServices.framework/Versions/A/Frameworks/QD.framework/Versions/A/QD
0x00000000007f2000 	/System/Library/Frameworks/ApplicationServices.framework/Versions/A/Frameworks/SpeechSynthesis.framework/Versions/A/SpeechSynthesis
0x00000000007f2000 	/System/Library/Frameworks/Accelerate.framework/Versions/A/Frameworks/vImage.framework/Versions/A/vImage
0x00000000007f2000 	/System/Library/Frameworks/Accelerate.framework/Versions/A/Frameworks/vecLib.framework/Versions/A/vecLib
0x00000000007f2000 	/System/Library/Frameworks/Accelerate.framework/Versions/A/Frameworks/vecLib.framework/Versions/A/libvDSP.dylib
0x00000000007f2000 	/System/Library/Frameworks/Accelerate.framework/Versions/A/Frameworks/vecLib.framework/Versions/A/libBNNS.dylib
0x00000000007f2000 	/System/Library/Frameworks/Accelerate.framework/Versions/A/Frameworks/vecLib.framework/Versions/A/libQuadrature.dylib
0x00000000007f2000 	/System/Library/Frameworks/Accelerate.framework/Versions/A/Frameworks/vecLib.framework/Versions/A/libvMisc.dylib
0x00000000007f2000 	/System/Library/Frameworks/Accelerate.framework/Versions/A/Frameworks/vecLib.framework/Versions/A/libLAPACK.dylib
0x00000000007f2000 	/System/Library/Frameworks/Accelerate.framework/Versions/A/Frameworks/vecLib.framework/Versions/A/libBLAS.dylib
0x00000000007f2000 	/System/Library/Frameworks/Accelerate.framework/Versions/A/Frameworks/vecLib.framework/Versions/A/libLinearAlgebra.dylib
0x00000000007f2000 	/System/Library/Frameworks/Accelerate.framework/Versions/A/Frameworks/vecLib.framework/Versions/A/libSparseBLAS.dylib
0x00000000007f2000 	/System/Library/Frameworks/ApplicationServices.framework/Versions/A/Frameworks/ATS.framework/Versions/A/Resources/libFontParser.dylib
0x00000000007f2000 	/System/Library/Frameworks/ApplicationServices.framework/Versions/A/Frameworks/ATS.framework/Versions/A/Resources/libFontRegistry.dylib
0x00000000007f2000 	/System/Library/Frameworks/ImageIO.framework/Versions/A/Resources/libJPEG.dylib
0x00000000007f2000 	/System/Library/Frameworks/ImageIO.framework/Versions/A/Resources/libTIFF.dylib
0x00000000007f2000 	/System/Library/Frameworks/ImageIO.framework/Versions/A/Resources/libPng.dylib
0x00000000007f2000 	/System/Library/Frameworks/ImageIO.framework/Versions/A/Resources/libGIF.dylib
0x00000000007f2000 	/System/Library/Frameworks/ImageIO.framework/Versions/A/Resources/libJP2.dylib
0x00000000007f2000 	/System/Library/Frameworks/ImageIO.framework/Versions/A/Resources/libRadiance.dylib
0x00000000007f2000 	/usr/lib/libcompression.dylib
0x00000000007f2000 	/System/Library/PrivateFrameworks/AppleJPEG.framework/Versions/A/AppleJPEG
0x00000000007f2000 	/usr/lib/libcups.2.dylib
0x00000000007f2000 	/System/Library/Frameworks/Kerberos.framework/Versions/A/Kerberos
0x00000000007f2000 	/System/Library/Frameworks/GSS.framework/Versions/A/GSS
0x00000000007f2000 	/usr/lib/libresolv.9.dylib
0x00000000007f2000 	/usr/lib/libiconv.2.dylib
0x00000000007f2000 	/System/Library/PrivateFrameworks/Heimdal.framework/Versions/A/Heimdal
0x00000000007f2000 	/usr/lib/libheimdal-asn1.dylib
0x00000000007f2000 	/System/Library/Frameworks/OpenDirectory.framework/Versions/A/OpenDirectory
0x00000000007f2000 	/System/Library/PrivateFrameworks/CommonAuth.framework/Versions/A/CommonAuth
0x00000000007f2000 	/System/Library/Frameworks/OpenDirectory.framework/Versions/A/Frameworks/CFOpenDirectory.framework/Versions/A/CFOpenDirectory
0x00000000007f2000 	/System/Library/Frameworks/SecurityFoundation.framework/Versions/A/SecurityFoundation
0x00000000007f2000 	/System/Library/PrivateFrameworks/LanguageModeling.framework/Versions/A/LanguageModeling
0x00000000007f2000 	/usr/lib/libmarisa.dylib
0x00000000007f2000 	/usr/lib/libChineseTokenizer.dylib
0x00000000007f2000 	/usr/lib/libcmph.dylib
0x00000000007f2000 	/System/Library/PrivateFrameworks/CoreEmoji.framework/Versions/A/CoreEmoji
0x00000000007f2000 	/System/Library/Frameworks/ServiceManagement.framework/Versions/A/ServiceManagement
0x00000000007f2000 	/usr/lib/libxslt.1.dylib
0x00000000007f2000 	/System/Library/Frameworks/Carbon.framework/Versions/A/Frameworks/Ink.framework/Versions/A/Ink
0x00000000007f2000 	/System/Library/PrivateFrameworks/TextureIO.framework/Versions/A/TextureIO
0x00000000007f2000 	/System/Library/Frameworks/Metal.framework/Versions/A/Metal
0x00000000007f2000 	/usr/lib/libate.dylib
0x00000000007f2000 	/System/Library/PrivateFrameworks/GPUCompiler.framework/libmetal_timestamp.dylib
0x00000000007f2000 	/System/Library/Frameworks/OpenGL.framework/Versions/A/Libraries/libCoreFSCache.dylib
0x00000000007f2000 	/System/Library/PrivateFrameworks/IOAccelerator.framework/Versions/A/IOAccelerator
0x00000000007f2000 	/System/Library/Frameworks/CoreVideo.framework/Versions/A/CoreVideo
0x00000000007f2000 	/usr/lib/libFosl_dynamic.dylib
0x00000000007f2000 	/System/Library/PrivateFrameworks/MetalPerformanceShaders.framework/Versions/A/MetalPerformanceShaders
0x00000000007f2000 	/System/Library/PrivateFrameworks/FaceCore.framework/Versions/A/FaceCore
0x00000000007f2000 	/System/Library/Frameworks/OpenCL.framework/Versions/A/OpenCL
0x00000000007f2000 	/System/Library/Frameworks/OpenGL.framework/Versions/A/Libraries/libGLU.dylib
0x00000000007f2000 	/System/Library/Frameworks/OpenGL.framework/Versions/A/Libraries/libGFXShared.dylib
0x00000000007f2000 	/System/Library/Frameworks/OpenGL.framework/Versions/A/Libraries/libGL.dylib
0x00000000007f2000 	/System/Library/Frameworks/OpenGL.framework/Versions/A/Libraries/libGLImage.dylib
0x00000000007f2000 	/System/Library/Frameworks/OpenGL.framework/Versions/A/Libraries/libCVMSPluginSupport.dylib
0x00000000007f2000 	/System/Library/Frameworks/OpenGL.framework/Versions/A/Libraries/libCoreVMClient.dylib
0x00000000007f2000 	/System/Library/PrivateFrameworks/CrashReporterSupport.framework/Versions/A/CrashReporterSupport
0x00000000007f2000 	/System/Library/PrivateFrameworks/Sharing.framework/Versions/A/Sharing
0x00000000007f2000 	/System/Library/PrivateFrameworks/IconServices.framework/Versions/A/IconServices
0x00000000007f2000 	/System/Library/PrivateFrameworks/ProtocolBuffer.framework/Versions/A/ProtocolBuffer
0x00000000007f2000 	/System/Library/PrivateFrameworks/Apple80211.framework/Versions/A/Apple80211
0x00000000007f2000 	/System/Library/Frameworks/CoreWLAN.framework/Versions/A/CoreWLAN
0x00000000007f2000 	/System/Library/PrivateFrameworks/CoreUtils.framework/Versions/A/CoreUtils
0x00000000007f2000 	/System/Library/Frameworks/IOBluetooth.framework/Versions/A/IOBluetooth
0x00000000007f2000 	/System/Library/PrivateFrameworks/CoreWiFi.framework/Versions/A/CoreWiFi
0x00000000007f2000 	/System/Library/Frameworks/CoreBluetooth.framework/Versions/A/CoreBluetooth
0x00000000007f2000 	/System/Library/Frameworks/CoreDisplay.framework/Versions/A/CoreDisplay
0x00000000007f2000 	/System/Library/PrivateFrameworks/IOPresentment.framework/Versions/A/IOPresentment
0x00000000007f2000 	/System/Library/PrivateFrameworks/DebugSymbols.framework/Versions/A/DebugSymbols
0x00000000007f2000 	/System/Library/PrivateFrameworks/CoreSymbolication.framework/Versions/A/CoreSymbolication
0x00000000007f2000 	/System/Library/PrivateFrameworks/Symbolication.framework/Versions/A/Symbolication
0x00000000007f2000 	/System/Library/PrivateFrameworks/AppleFSCompression.framework/Versions/A/AppleFSCompression
0x00000000007f2000 	/System/Library/PrivateFrameworks/SpeechRecognitionCore.framework/Versions/A/SpeechRecognitionCore
0x00000000007f2000 	/System/Library/PrivateFrameworks/ChunkingLibrary.framework/Versions/A/ChunkingLibrary
0x000000010f600000 	/Library/Java/JavaVirtualMachines/jdk1.8.0_45.jdk/Contents/Home/jre/lib/server/libjvm.dylib
0x00000000007f2000 	/usr/lib/libstdc++.6.dylib
0x000000010e406000 	/Library/Java/JavaVirtualMachines/jdk1.8.0_45.jdk/Contents/Home/jre/lib/libverify.dylib
0x000000010e414000 	/Library/Java/JavaVirtualMachines/jdk1.8.0_45.jdk/Contents/Home/jre/lib/libjava.dylib
0x000000010e453000 	/Library/Java/JavaVirtualMachines/jdk1.8.0_45.jdk/Contents/Home/jre/lib/libzip.dylib
0x00000001133b9000 	/System/Library/Frameworks/JavaVM.framework/Frameworks/JavaRuntimeSupport.framework/JavaRuntimeSupport
0x00000001133d3000 	/System/Library/Frameworks/JavaVM.framework/Versions/A/Frameworks/JavaNativeFoundation.framework/Versions/A/JavaNativeFoundation
0x000000010e5ef000 	/System/Library/Frameworks/JavaVM.framework/Versions/A/JavaVM
0x00000000007f2000 	/System/Library/Frameworks/Carbon.framework/Versions/A/Carbon
0x00000001133e8000 	/System/Library/PrivateFrameworks/JavaLaunching.framework/Versions/A/JavaLaunching
0x00000000007f2000 	/System/Library/Frameworks/Carbon.framework/Versions/A/Frameworks/CommonPanels.framework/Versions/A/CommonPanels
0x00000000007f2000 	/System/Library/Frameworks/Carbon.framework/Versions/A/Frameworks/Help.framework/Versions/A/Help
0x00000000007f2000 	/System/Library/Frameworks/Carbon.framework/Versions/A/Frameworks/ImageCapture.framework/Versions/A/ImageCapture
0x00000000007f2000 	/System/Library/Frameworks/Carbon.framework/Versions/A/Frameworks/OpenScripting.framework/Versions/A/OpenScripting
0x00000000007f2000 	/System/Library/Frameworks/Carbon.framework/Versions/A/Frameworks/Print.framework/Versions/A/Print
0x00000000007f2000 	/System/Library/Frameworks/Carbon.framework/Versions/A/Frameworks/SecurityHI.framework/Versions/A/SecurityHI
0x00000001283bb000 	/Library/Java/JavaVirtualMachines/jdk1.8.0_45.jdk/Contents/Home/jre/lib/libawt.dylib
0x0000000128463000 	/Library/Java/JavaVirtualMachines/jdk1.8.0_45.jdk/Contents/Home/jre/lib/./libmlib_image.dylib
0x000000012852f000 	/Library/Java/JavaVirtualMachines/jdk1.8.0_45.jdk/Contents/Home/jre/lib/libawt_lwawt.dylib
0x0000000113451000 	/Library/Java/JavaVirtualMachines/jdk1.8.0_45.jdk/Contents/Home/jre/lib/./libosxapp.dylib
0x00000000007f2000 	/System/Library/Frameworks/ExceptionHandling.framework/Versions/A/ExceptionHandling
0x00000000007f2000 	/System/Library/PrivateFrameworks/CoreServicesInternal.framework/Versions/A/CoreServicesInternal
0x00000000007f2000 	/System/Library/CoreServices/RawCamera.bundle/Contents/MacOS/RawCamera
0x00000001288e1000 	/System/Library/Frameworks/Accelerate.framework/Frameworks/vImage.framework/Versions/A/Libraries/libCGInterfaces.dylib
0x00000000007f2000 	/System/Library/Frameworks/ApplicationServices.framework/Versions/A/Frameworks/ATS.framework/Versions/A/Resources/libTrueTypeScaler.dylib
0x000000012a3d5000 	/System/Library/Frameworks/OpenGL.framework/Resources/GLEngine.bundle/GLEngine
0x000000012a5b9000 	/System/Library/Frameworks/OpenGL.framework/Versions/A/Libraries/libGLProgrammability.dylib
0x000000012a9e7000 	/System/Library/Extensions/AppleIntelHD4000GraphicsGLDriver.bundle/Contents/MacOS/AppleIntelHD4000GraphicsGLDriver
0x00000000007f2000 	/System/Library/PrivateFrameworks/GPUSupport.framework/Versions/A/Libraries/libGPUSupportMercury.dylib
0x00000000007f2000 	/System/Library/Extensions/GeForceGLDriver.bundle/Contents/MacOS/GeForceGLDriver
0x00000000007f2000 	/System/Library/Extensions/GeForceGLDriver.bundle/Contents/MacOS/libclh.dylib
0x0000000129096000 	/System/Library/Frameworks/OpenGL.framework/Resources//GLRendererFloat.bundle/GLRendererFloat
0x00000000007f2000 	/System/Library/Frameworks/OpenCL.framework/Versions/A/Libraries/libcldcpuengine.dylib
0x00000000007f2000 	/usr/lib/libcrypto.0.9.8.dylib
0x00000000007f2000 	/System/Library/PrivateFrameworks/TrustEvaluationAgent.framework/Versions/A/TrustEvaluationAgent
0x00000000007f2000 	/System/Library/Extensions/GeForceMTLDriver.bundle/Contents/MacOS/GeForceMTLDriver
0x000000012b0a8000 	/System/Library/Extensions/AppleIntelHD4000GraphicsMTLDriver.bundle/Contents/MacOS/AppleIntelHD4000GraphicsMTLDriver
0x00000000007f2000 	/System/Library/PrivateFrameworks/FamilyControls.framework/Versions/A/FamilyControls
0x00000000007f2000 	/System/Library/PrivateFrameworks/CommerceKit.framework/Versions/A/Frameworks/CommerceCore.framework/Versions/A/CommerceCore
0x00000000007f2000 	/System/Library/PrivateFrameworks/SystemAdministration.framework/Versions/A/SystemAdministration
0x00000000007f2000 	/System/Library/PrivateFrameworks/AppContainer.framework/Versions/A/AppContainer
0x00000000007f2000 	/System/Library/PrivateFrameworks/SecCodeWrapper.framework/Versions/A/SecCodeWrapper
0x00000000007f2000 	/System/Library/Frameworks/DirectoryService.framework/Versions/A/DirectoryService
0x00000000007f2000 	/System/Library/PrivateFrameworks/DiskImages.framework/Versions/A/DiskImages
0x00000000007f2000 	/System/Library/PrivateFrameworks/LoginUIKit.framework/Versions/A/Frameworks/LoginUICore.framework/Versions/A/LoginUICore
0x00000000007f2000 	/usr/lib/libCoreStorage.dylib
0x00000000007f2000 	/usr/lib/libcsfde.dylib
0x00000000007f2000 	/usr/lib/libodfde.dylib
0x00000000007f2000 	/System/Library/Frameworks/DiscRecording.framework/Versions/A/DiscRecording
0x00000000007f2000 	/usr/lib/libcurl.4.dylib
0x00000000007f2000 	/System/Library/PrivateFrameworks/MediaKit.framework/Versions/A/MediaKit
0x00000000007f2000 	/System/Library/PrivateFrameworks/ProtectedCloudStorage.framework/Versions/A/ProtectedCloudStorage
0x00000000007f2000 	/System/Library/PrivateFrameworks/EFILogin.framework/Versions/A/EFILogin
0x00000000007f2000 	/usr/lib/libutil.dylib
0x00000000007f2000 	/System/Library/Frameworks/LDAP.framework/Versions/A/LDAP
0x00000000007f2000 	/usr/lib/libsasl2.2.dylib
0x00000000007f2000 	/System/Library/PrivateFrameworks/CoreDaemon.framework/Versions/B/CoreDaemon
0x00000000007f2000 	/System/Library/PrivateFrameworks/AppleSRP.framework/Versions/A/AppleSRP
0x00000000007f2000 	/System/Library/PrivateFrameworks/APFS.framework/Versions/A/APFS
0x000000012c484000 	/Library/Java/JavaVirtualMachines/jdk1.8.0_45.jdk/Contents/Home/jre/lib/libfontmanager.dylib
0x000000012c4eb000 	/Users/haowu/Documents/workspace/GameEngine/lib/natives/liblwjgl.dylib
0x00000001289ba000 	/Library/Java/JavaVirtualMachines/jdk1.8.0_45.jdk/Contents/Home/jre/lib/libjawt.dylib
0x00000000007f2000 	/System/Library/PrivateFrameworks/ViewBridge.framework/Versions/A/ViewBridge
0x00000000007f2000 	/System/Library/PrivateFrameworks/XPCService.framework/Versions/A/XPCService
0x00000000007f2000 	/System/Library/PrivateFrameworks/AppSandbox.framework/Versions/A/AppSandbox
0x00000000007f2000 	/usr/lib/libsandbox.1.dylib
0x00000000007f2000 	/usr/lib/libMatch.1.dylib
0x0000000129039000 	/Library/Java/JavaVirtualMachines/jdk1.8.0_45.jdk/Contents/Home/jre/lib/libnio.dylib
0x0000000129fbd000 	/Library/Java/JavaVirtualMachines/jdk1.8.0_45.jdk/Contents/Home/jre/lib/./libnet.dylib

VM Arguments:
jvm_args: -Djava.library.path=/Users/haowu/Documents/workspace/GameEngine/lib/natives -Dfile.encoding=UTF-8 
java_command: mainGame.MainGameLoop
java_class_path (initial): /Users/haowu/Documents/workspace/GameEngine/lib/jars/lwjgl_util.jar:/Users/haowu/Documents/workspace/GameEngine/lib/jars/lwjgl.jar:/Users/haowu/Documents/workspace/GameEngine/lib/jars/slick-util.jar:/Users/haowu/Documents/workspace/GameEngine/lib/jars/PNGDecoder.jar:/Users/haowu/Documents/workspace/GameEngine/bin
Launcher Type: SUN_STANDARD

Environment Variables:
PATH=/usr/bin:/bin:/usr/sbin:/sbin
SHELL=/bin/bash
DISPLAY=/private/tmp/com.apple.launchd.M8bp30xAnM/org.macosforge.xquartz:0

Signal Handlers:
SIGSEGV: [libjvm.dylib+0x58ef95], sa_mask[0]=11111111011111110111111111111111, sa_flags=SA_ONSTACK|SA_RESTART|SA_SIGINFO
SIGBUS: [libjvm.dylib+0x58ef95], sa_mask[0]=11111111011111110111111111111111, sa_flags=SA_RESTART|SA_SIGINFO
SIGFPE: [libjvm.dylib+0x46c108], sa_mask[0]=11111111011111110111111111111111, sa_flags=SA_RESTART|SA_SIGINFO
SIGPIPE: [libjvm.dylib+0x46c108], sa_mask[0]=11111111011111110111111111111111, sa_flags=SA_RESTART|SA_SIGINFO
SIGXFSZ: [libjvm.dylib+0x46c108], sa_mask[0]=11111111011111110111111111111111, sa_flags=SA_RESTART|SA_SIGINFO
SIGILL: [libjvm.dylib+0x46c108], sa_mask[0]=11111111011111110111111111111111, sa_flags=SA_RESTART|SA_SIGINFO
SIGUSR1: SIG_DFL, sa_mask[0]=00000000000000000000000000000000, sa_flags=none
SIGUSR2: [libjvm.dylib+0x46bc26], sa_mask[0]=00100000000000000000000000000000, sa_flags=SA_RESTART|SA_SIGINFO
SIGHUP: [libjvm.dylib+0x46a1f9], sa_mask[0]=11111111011111110111111111111111, sa_flags=SA_RESTART|SA_SIGINFO
SIGINT: [libjvm.dylib+0x46a1f9], sa_mask[0]=11111111011111110111111111111111, sa_flags=SA_RESTART|SA_SIGINFO
SIGTERM: [libjvm.dylib+0x46a1f9], sa_mask[0]=11111111011111110111111111111111, sa_flags=SA_RESTART|SA_SIGINFO
SIGQUIT: [libjvm.dylib+0x46a1f9], sa_mask[0]=11111111011111110111111111111111, sa_flags=SA_RESTART|SA_SIGINFO


---------------  S Y S T E M  ---------------

OS:Bsduname:Darwin 16.1.0 Darwin Kernel Version 16.1.0: Thu Oct 13 21:26:57 PDT 2016; root:xnu-3789.21.3~60/RELEASE_X86_64 x86_64
rlimit: STACK 8192k, CORE 0k, NPROC 709, NOFILE 10240, AS infinity
load average:1.27 1.38 1.46

CPU:total 8 (4 cores per cpu, 2 threads per core) family 6 model 58 stepping 9, cmov, cx8, fxsr, mmx, sse, sse2, sse3, ssse3, sse4.1, sse4.2, popcnt, avx, aes, clmul, erms, ht, tsc, tscinvbit, tscinv

Memory: 4k page, physical 8388608k(425948k free)

/proc/meminfo:


vm_info: Java HotSpot(TM) 64-Bit Server VM (25.45-b02) for bsd-amd64 JRE (1.8.0_45-b14), built on Apr 10 2015 10:46:38 by "java_re" with gcc 4.2.1 (Based on Apple Inc. build 5658) (LLVM build 2336.11.00)

time: Tue Oct 25 19:30:33 2016
elapsed time: 6 seconds (0d 0h 0m 6s)

