#
# A fatal error has been detected by the Java Runtime Environment:
#
#  SIGSEGV (0xb) at pc=0x0000000107d06b23, pid=6332, tid=2059
#
# JRE version: Java(TM) SE Runtime Environment (8.0_45-b14) (build 1.8.0_45-b14)
# Java VM: Java HotSpot(TM) 64-Bit Server VM (25.45-b02 mixed mode bsd-amd64 compressed oops)
# Problematic frame:
# V  [libjvm.dylib+0x306b23]
#
# Failed to write core dump. Core dumps have been disabled. To enable core dumping, try "ulimit -c unlimited" before starting Java again
#
# If you would like to submit a bug report, please visit:
#   http://bugreport.java.com/bugreport/crash.jsp
#

---------------  T H R E A D  ---------------

Current thread (0x00007f857a86d800):  JavaThread "AppKit Thread" daemon [_thread_in_vm, id=2059, stack(0x00007fff58c58000,0x00007fff59458000)]

siginfo: si_signo: 11 (SIGSEGV), si_code: 1 (SEGV_MAPERR), si_addr: 0x0000000000000000

Registers:
RAX=0x00000001082b8494, RBX=0x0000000000000000, RCX=0x00000001081fa190, RDX=0x0000000000000000
RSP=0x00007fff59454c20, RBP=0x00007fff59454c70, RSI=0x0000000000000000, RDI=0x00007f857a86d9f8
R8 =0x000000000000008c, R9 =0x00007f857a55adc8, R10=0x00007fffc3ed7090, R11=0x00007f857ab90b10
R12=0x00007f857a641660, R13=0x00007f857a55ada0, R14=0x00007f857a86d9f8, R15=0x00007f857a86d800
RIP=0x0000000107d06b23, EFLAGS=0x0000000000010202, ERR=0x0000000000000004
  TRAPNO=0x000000000000000e

Top of Stack: (sp=0x00007fff59454c20)
0x00007fff59454c20:   00007fff59454c68 00007f857a86d800
0x00007fff59454c30:   0000000000000000 0000000107d15e80
0x00007fff59454c40:   00007f857a55ada0 00007f857a86d800
0x00007fff59454c50:   00007f857a86d800 00007f857a55ada0
0x00007fff59454c60:   00007f857a640a70 00007f857a86d9f8
0x00007fff59454c70:   00007fff59454cd0 00000001242f63a7
0x00007fff59454c80:   00007fffc3c87940 00007f857a640a70
0x00007fff59454c90:   00007fff59454cb0 00007fffa9b2714d
0x00007fff59454ca0:   40f4d88e9e7976d3 0000000000000004
0x00007fff59454cb0:   00007f857a641660 00007f857a55ada0
0x00007fff59454cc0:   00007f857a640a70 00007f857a640a70
0x00007fff59454cd0:   00007fff59455130 00007fffa8096245
0x00007fff59454ce0:   0000000000000000 ffff807a85bd8100
0x00007fff59454cf0:   0000000000000000 0000000000000000
0x00007fff59454d00:   0000000000000300 ffff807a85aa5260
0x00007fff59454d10:   00007f857a55ada0 00007fffc78b3480
0x00007fff59454d20:   00007f857a641660 00007fffbe37fba5
0x00007fff59454d30:   00007fffc78b3780 00007f857a55ada0
0x00007fff59454d40:   0000000059454d70 ffff807a85aa5260
0x00007fff59454d50:   00007f857bae4970 00007f857a641660
0x00007fff59454d60:   00007fffbe377b40 00007fffbe377b40
0x00007fff59454d70:   00007fffc3ecc1b0 00007fffc3ecbe78
0x00007fff59454d80:   00007fff59454db0 00007fffa79b96c1
0x00007fff59454d90:   0000000000000000 00000000000000f8
0x00007fff59454da0:   00007f857a427f00 00007f857a641660
0x00007fff59454db0:   00007fff59455130 00007fffa809a2a6
0x00007fff59454dc0:   00007fffa835cf45 00007fffa835ceb3
0x00007fff59454dd0:   00007f857a641660 00007fffbd83d115
0x00007fff59454de0:   00007fff59454e10 00007fffbafbc24b
0x00007fff59454df0:   0000000000000000 0000000000000000
0x00007fff59454e00:   00007fff59454e10 00007fffbaf5c130
0x00007fff59454e10:   00007fff59454e30 00007fffbaf61a19 

Instructions: (pc=0x0000000107d06b23)
0x0000000107d06b03:   74 09 48 8d 7d b8 e8 6e 44 19 00 4c 89 f7 48 89
0x0000000107d06b13:   de 90 0f 1f 40 00 48 8d 05 74 19 5b 00 80 38 00
0x0000000107d06b23:   48 8b 03 74 15 48 8d 15 f1 e9 50 00 8a 4a 08 8b
0x0000000107d06b33:   40 08 48 d3 e0 48 03 02 eb 04 48 8b 40 08 48 8b 

Register to memory mapping:

RAX=0x00000001082b8494: UseCompressedClassPointers+0 in /Library/Java/JavaVirtualMachines/jdk1.8.0_45.jdk/Contents/Home/jre/lib/server/libjvm.dylib at 0x0000000107a00000
RBX=0x0000000000000000 is an unknown value
RCX=0x00000001081fa190: UseMembar+0 in /Library/Java/JavaVirtualMachines/jdk1.8.0_45.jdk/Contents/Home/jre/lib/server/libjvm.dylib at 0x0000000107a00000
RDX=0x0000000000000000 is an unknown value
RSP=0x00007fff59454c20 is pointing into the stack for thread: 0x00007f857a86d800
RBP=0x00007fff59454c70 is pointing into the stack for thread: 0x00007f857a86d800
RSI=0x0000000000000000 is an unknown value
RDI=0x00007f857a86d9f8 is an unknown value
R8 =0x000000000000008c is an unknown value
R9 =0x00007f857a55adc8 is an unknown value
R10=0x00007fffc3ed7090: OBJC_CLASS_$_NSEvent+0 in /System/Library/Frameworks/AppKit.framework/Versions/C/AppKit at 0x00007fffa77df000
R11=0x00007f857ab90b10 is an unknown value
R12=0x00007f857a641660 is an unknown value
R13=0x00007f857a55ada0 is an unknown value
R14=0x00007f857a86d9f8 is an unknown value
R15=0x00007f857a86d800 is a thread


Stack: [0x00007fff58c58000,0x00007fff59458000],  sp=0x00007fff59454c20,  free space=8179k
Native frames: (J=compiled Java code, j=interpreted, Vv=VM code, C=native code)
V  [libjvm.dylib+0x306b23]
C  [liblwjgl.dylib+0xb3a7]  -[MacOSXOpenGLView scrollWheel:]+0x77
C  [AppKit+0x8b7245]  -[NSWindow(NSEventRouting) _reallySendEvent:isDelayedEvent:]+0x1a4f
C  [AppKit+0x8b542a]  -[NSWindow(NSEventRouting) sendEvent:]+0x21d
C  [AppKit+0x756006]  -[NSApplication(NSEvent) sendEvent:]+0x88a
C  [libosxapp.dylib+0x23ac]  -[NSApplicationAWT sendEvent:]+0x109
C  [AppKit+0x3c009]  -[NSApplication run]+0x3ea
C  [libosxapp.dylib+0x223e]  +[NSApplicationAWT runAWTLoopWithApp:]+0x9c
C  [libawt_lwawt.dylib+0x4462b]  -[AWTStarter starter:]+0x389
C  [Foundation+0x71f2a]  __NSThreadPerformPerform+0x146
C  [CoreFoundation+0xa4581]  __CFRUNLOOP_IS_CALLING_OUT_TO_A_SOURCE0_PERFORM_FUNCTION__+0x11
C  [CoreFoundation+0x8598c]  __CFRunLoopDoSources0+0x22c
C  [CoreFoundation+0x84e76]  __CFRunLoopRun+0x3a6
C  [CoreFoundation+0x84874]  CFRunLoopRunSpecific+0x1a4
C  [java+0x6490]  CreateExecutionEnvironment+0x367
C  [java+0x221c]  JLI_Launch+0x7a0
C  [java+0x84ed]  main+0x65
C  [java+0x1a74]  start+0x34
C  0x0000000000000006


---------------  P R O C E S S  ---------------

Java Threads: ( => current thread )
  0x00007f857bada800 JavaThread "AWT-Shutdown" [_thread_blocked, id=32519, stack(0x0000700004af6000,0x0000700004bf6000)]
=>0x00007f857a86d800 JavaThread "AppKit Thread" daemon [_thread_in_vm, id=2059, stack(0x00007fff58c58000,0x00007fff59458000)]
  0x00007f857c086800 JavaThread "Service Thread" daemon [_thread_blocked, id=21507, stack(0x00007000048f0000,0x00007000049f0000)]
  0x00007f857d001000 JavaThread "C1 CompilerThread3" daemon [_thread_blocked, id=20995, stack(0x00007000047ed000,0x00007000048ed000)]
  0x00007f857d000000 JavaThread "C2 CompilerThread2" daemon [_thread_blocked, id=20483, stack(0x00007000046ea000,0x00007000047ea000)]
  0x00007f857c051000 JavaThread "C2 CompilerThread1" daemon [_thread_blocked, id=19971, stack(0x00007000045e7000,0x00007000046e7000)]
  0x00007f857c04f800 JavaThread "C2 CompilerThread0" daemon [_thread_blocked, id=19459, stack(0x00007000044e4000,0x00007000045e4000)]
  0x00007f857a817800 JavaThread "Signal Dispatcher" daemon [_thread_blocked, id=18947, stack(0x00007000043e1000,0x00007000044e1000)]
  0x00007f857a80b000 JavaThread "Finalizer" daemon [_thread_blocked, id=14595, stack(0x000070000425b000,0x000070000435b000)]
  0x00007f857b003000 JavaThread "Reference Handler" daemon [_thread_blocked, id=14083, stack(0x0000700004158000,0x0000700004258000)]
  0x00007f857c001800 JavaThread "main" [_thread_in_native, id=7171, stack(0x000070000373a000,0x000070000383a000)]

Other Threads:
  0x00007f857c04f000 VMThread [stack: 0x0000700004055000,0x0000700004155000] [id=13571]
  0x00007f857c087000 WatcherThread [stack: 0x00007000049f3000,0x0000700004af3000] [id=22019]

VM state:not at safepoint (normal execution)

VM Mutex/Monitor currently owned by a thread: None

Heap:
 PSYoungGen      total 38400K, used 16906K [0x0000000795580000, 0x0000000798000000, 0x00000007c0000000)
  eden space 33280K, 44% used [0x0000000795580000,0x00000007963f9978,0x0000000797600000)
  from space 5120K, 40% used [0x0000000797600000,0x00000007978090d0,0x0000000797b00000)
  to   space 5120K, 0% used [0x0000000797b00000,0x0000000797b00000,0x0000000798000000)
 ParOldGen       total 87552K, used 16K [0x0000000740000000, 0x0000000745580000, 0x0000000795580000)
  object space 87552K, 0% used [0x0000000740000000,0x0000000740004000,0x0000000745580000)
 Metaspace       used 7333K, capacity 7507K, committed 7808K, reserved 1056768K
  class space    used 720K, capacity 790K, committed 896K, reserved 1048576K

Card table byte_map: [0x0000000108d29000,0x000000010912a000] byte_map_base: 0x0000000105329000

Marking Bits: (ParMarkBitMap*) 0x00000001082c27a0
 Begin Bits: [0x00000001093d5000, 0x000000010b3d5000)
 End Bits:   [0x000000010b3d5000, 0x000000010d3d5000)

Polling page: 0x0000000106868000

CodeCache: size=245760Kb used=4121Kb max_used=4132Kb free=241638Kb
 bounds [0x000000011075f000, 0x0000000110b6f000, 0x000000011f75f000]
 total_blobs=1518 nmethods=1089 adapters=343
 compilation: enabled

Compilation events (10 events):
Event: 3.726 Thread 0x00007f857d001000 nmethod 1084 0x0000000110b62510 code [0x0000000110b626c0, 0x0000000110b62988]
Event: 3.760 Thread 0x00007f857d001000 1086       3       org.lwjgl.opengl.GL11::glGetInteger (29 bytes)
Event: 3.761 Thread 0x00007f857d001000 nmethod 1086 0x0000000110b60c10 code [0x0000000110b60e80, 0x0000000110b61c68]
Event: 3.761 Thread 0x00007f857d001000 1087       3       org.lwjgl.BufferChecks::checkBuffer (16 bytes)
Event: 3.761 Thread 0x00007f857d001000 nmethod 1087 0x0000000110b60310 code [0x0000000110b604c0, 0x0000000110b609e8]
Event: 3.848 Thread 0x00007f857d000000 1088       4       org.lwjgl.opengl.GL13::glActiveTexture (19 bytes)
Event: 3.849 Thread 0x00007f857d000000 nmethod 1088 0x0000000110b5ff10 code [0x0000000110b60060, 0x0000000110b60168]
Event: 3.862 Thread 0x00007f857c051000 1089       4       org.lwjgl.opengl.StateTracker::getElementArrayBufferBound (38 bytes)
Event: 3.865 Thread 0x00007f857c051000 nmethod 1089 0x0000000110b6a250 code [0x0000000110b6a3c0, 0x0000000110b6a598]
Event: 3.900 Thread 0x00007f857c04f800 1090       4       java.nio.DirectByteBuffer::put (18 bytes)

GC Heap History (2 events):
Event: 1.116 GC heap before
{Heap before GC invocations=1 (full 0):
 PSYoungGen      total 38400K, used 33122K [0x0000000795580000, 0x0000000798000000, 0x00000007c0000000)
  eden space 33280K, 99% used [0x0000000795580000,0x00000007975d8938,0x0000000797600000)
  from space 5120K, 0% used [0x0000000797b00000,0x0000000797b00000,0x0000000798000000)
  to   space 5120K, 0% used [0x0000000797600000,0x0000000797600000,0x0000000797b00000)
 ParOldGen       total 87552K, used 0K [0x0000000740000000, 0x0000000745580000, 0x0000000795580000)
  object space 87552K, 0% used [0x0000000740000000,0x0000000740000000,0x0000000745580000)
 Metaspace       used 6707K, capacity 6867K, committed 6912K, reserved 1056768K
  class space    used 671K, capacity 726K, committed 768K, reserved 1048576K
Event: 1.118 GC heap after
Heap after GC invocations=1 (full 0):
 PSYoungGen      total 38400K, used 2084K [0x0000000795580000, 0x0000000798000000, 0x00000007c0000000)
  eden space 33280K, 0% used [0x0000000795580000,0x0000000795580000,0x0000000797600000)
  from space 5120K, 40% used [0x0000000797600000,0x00000007978090d0,0x0000000797b00000)
  to   space 5120K, 0% used [0x0000000797b00000,0x0000000797b00000,0x0000000798000000)
 ParOldGen       total 87552K, used 16K [0x0000000740000000, 0x0000000745580000, 0x0000000795580000)
  object space 87552K, 0% used [0x0000000740000000,0x0000000740004000,0x0000000745580000)
 Metaspace       used 6707K, capacity 6867K, committed 6912K, reserved 1056768K
  class space    used 671K, capacity 726K, committed 768K, reserved 1048576K
}

Deoptimization events (4 events):
Event: 0.709 Thread 0x00007f857c001800 Uncommon trap: reason=predicate action=maybe_recompile pc=0x00000001109709c8 method=java.util.AbstractCollection.toArray([Ljava/lang/Object;)[Ljava/lang/Object; @ 49
Event: 0.896 Thread 0x00007f857c001800 Uncommon trap: reason=unstable_if action=reinterpret pc=0x00000001109b7408 method=sun.misc.FloatingDecimal$ASCIIToBinaryBuffer.floatValue()F @ 95
Event: 1.715 Thread 0x00007f857c001800 Uncommon trap: reason=unstable_if action=reinterpret pc=0x00000001109c7fd8 method=org.lwjgl.util.vector.Vector3f.add(Lorg/lwjgl/util/vector/Vector3f;Lorg/lwjgl/util/vector/Vector3f;Lorg/lwjgl/util/vector/Vector3f;)Lorg/lwjgl/util/vector/Vector3f; @ 1
Event: 1.746 Thread 0x00007f857c001800 Uncommon trap: reason=unstable_if action=reinterpret pc=0x00000001109c6e88 method=java.nio.DirectByteBuffer.put([BII)Ljava/nio/ByteBuffer; @ 5

Internal exceptions (10 events):
Event: 0.039 Thread 0x00007f857c001800 Exception <a 'java/lang/NoSuchMethodError': Method sun.misc.Unsafe.defineClass(Ljava/lang/String;[BII)Ljava/lang/Class; name or signature does not match> (0x0000000795592db0) thrown at [/Users/java_re/workspace/8-2-build-macosx-x86_64/jdk8u45/3457/hotspot
Event: 0.039 Thread 0x00007f857c001800 Exception <a 'java/lang/NoSuchMethodError': Method sun.misc.Unsafe.prefetchRead(Ljava/lang/Object;J)V name or signature does not match> (0x0000000795593040) thrown at [/Users/java_re/workspace/8-2-build-macosx-x86_64/jdk8u45/3457/hotspot/src/share/vm/prim
Event: 0.114 Thread 0x00007f857c001800 Exception <a 'java/security/PrivilegedActionException'> (0x0000000795811480) thrown at [/Users/java_re/workspace/8-2-build-macosx-x86_64/jdk8u45/3457/hotspot/src/share/vm/prims/jvm.cpp, line 1382]
Event: 0.115 Thread 0x00007f857c001800 Exception <a 'java/security/PrivilegedActionException'> (0x0000000795811638) thrown at [/Users/java_re/workspace/8-2-build-macosx-x86_64/jdk8u45/3457/hotspot/src/share/vm/prims/jvm.cpp, line 1382]
Event: 0.115 Thread 0x00007f857c001800 Exception <a 'java/security/PrivilegedActionException'> (0x00000007958149b8) thrown at [/Users/java_re/workspace/8-2-build-macosx-x86_64/jdk8u45/3457/hotspot/src/share/vm/prims/jvm.cpp, line 1382]
Event: 0.115 Thread 0x00007f857c001800 Exception <a 'java/security/PrivilegedActionException'> (0x0000000795814b70) thrown at [/Users/java_re/workspace/8-2-build-macosx-x86_64/jdk8u45/3457/hotspot/src/share/vm/prims/jvm.cpp, line 1382]
Event: 0.269 Thread 0x00007f857c001800 Exception <a 'java/io/FileNotFoundException'> (0x0000000795818990) thrown at [/Users/java_re/workspace/8-2-build-macosx-x86_64/jdk8u45/3457/hotspot/src/share/vm/prims/jni.cpp, line 709]
Event: 0.269 Thread 0x00007f857c001800 Exception <a 'java/io/FileNotFoundException'> (0x00000007958194b0) thrown at [/Users/java_re/workspace/8-2-build-macosx-x86_64/jdk8u45/3457/hotspot/src/share/vm/prims/jni.cpp, line 709]
Event: 0.313 Thread 0x00007f857a86d800 Exception <a 'java/lang/NoSuchFieldError': method resolution failed> (0x00000007959949b8) thrown at [/Users/java_re/workspace/8-2-build-macosx-x86_64/jdk8u45/3457/hotspot/src/share/vm/prims/methodHandles.cpp, line 1125]
Event: 0.314 Thread 0x00007f857a86d800 Exception <a 'java/lang/NoSuchFieldError': method resolution failed> (0x00000007959a3058) thrown at [/Users/java_re/workspace/8-2-build-macosx-x86_64/jdk8u45/3457/hotspot/src/share/vm/prims/methodHandles.cpp, line 1125]

Events (10 events):
Event: 2.984 Thread 0x00007f857c001800 DEOPT PACKING pc=0x0000000110af9ef3 sp=0x0000700003839520
Event: 2.984 Thread 0x00007f857c001800 DEOPT UNPACKING pc=0x00000001107a6633 sp=0x0000700003839350 mode 0
Event: 2.996 loading class java/util/ArrayList$1
Event: 2.996 loading class java/util/ArrayList$1 done
Event: 3.688 Thread 0x00007f857c001800 DEOPT PACKING pc=0x0000000110af67da sp=0x00007000038396a0
Event: 3.688 Thread 0x00007f857c001800 DEOPT UNPACKING pc=0x00000001107a6633 sp=0x00007000038393e8 mode 0
Event: 3.712 Thread 0x00007f857c001800 DEOPT PACKING pc=0x0000000110afb94c sp=0x0000700003839640
Event: 3.712 Thread 0x00007f857c001800 DEOPT UNPACKING pc=0x00000001107a6633 sp=0x0000700003839388 mode 0
Event: 3.889 loading class org/lwjgl/opengl/CallbackUtil
Event: 3.889 loading class org/lwjgl/opengl/CallbackUtil done


Dynamic libraries:
0x0000000034832000 	/System/Library/Frameworks/Cocoa.framework/Versions/A/Cocoa
0x0000000034832000 	/System/Library/Frameworks/Security.framework/Versions/A/Security
0x0000000034832000 	/System/Library/Frameworks/ApplicationServices.framework/Versions/A/ApplicationServices
0x0000000034832000 	/usr/lib/libz.1.dylib
0x0000000034832000 	/usr/lib/libSystem.B.dylib
0x0000000034832000 	/usr/lib/libobjc.A.dylib
0x0000000034832000 	/System/Library/Frameworks/CoreFoundation.framework/Versions/A/CoreFoundation
0x0000000034832000 	/System/Library/Frameworks/Foundation.framework/Versions/C/Foundation
0x0000000034832000 	/System/Library/Frameworks/AppKit.framework/Versions/C/AppKit
0x0000000034832000 	/System/Library/Frameworks/CoreData.framework/Versions/A/CoreData
0x0000000034832000 	/System/Library/PrivateFrameworks/RemoteViewServices.framework/Versions/A/RemoteViewServices
0x0000000034832000 	/System/Library/PrivateFrameworks/UIFoundation.framework/Versions/A/UIFoundation
0x0000000034832000 	/usr/lib/libenergytrace.dylib
0x0000000034832000 	/System/Library/PrivateFrameworks/SkyLight.framework/Versions/A/SkyLight
0x0000000034832000 	/System/Library/Frameworks/CoreGraphics.framework/Versions/A/CoreGraphics
0x0000000034832000 	/usr/lib/libScreenReader.dylib
0x0000000034832000 	/System/Library/Frameworks/Accelerate.framework/Versions/A/Accelerate
0x0000000034832000 	/System/Library/Frameworks/IOSurface.framework/Versions/A/IOSurface
0x0000000034832000 	/System/Library/Frameworks/AudioToolbox.framework/Versions/A/AudioToolbox
0x0000000034832000 	/System/Library/Frameworks/AudioUnit.framework/Versions/A/AudioUnit
0x0000000034832000 	/System/Library/PrivateFrameworks/DataDetectorsCore.framework/Versions/A/DataDetectorsCore
0x0000000034832000 	/System/Library/PrivateFrameworks/DesktopServicesPriv.framework/Versions/A/DesktopServicesPriv
0x0000000034832000 	/System/Library/Frameworks/Carbon.framework/Versions/A/Frameworks/HIToolbox.framework/Versions/A/HIToolbox
0x0000000034832000 	/usr/lib/libicucore.A.dylib
0x0000000034832000 	/System/Library/Frameworks/QuartzCore.framework/Versions/A/QuartzCore
0x0000000034832000 	/System/Library/Frameworks/Carbon.framework/Versions/A/Frameworks/SpeechRecognition.framework/Versions/A/SpeechRecognition
0x0000000034832000 	/usr/lib/libauto.dylib
0x0000000034832000 	/usr/lib/libxml2.2.dylib
0x0000000034832000 	/System/Library/PrivateFrameworks/CoreUI.framework/Versions/A/CoreUI
0x0000000034832000 	/System/Library/Frameworks/CoreAudio.framework/Versions/A/CoreAudio
0x0000000034832000 	/System/Library/Frameworks/DiskArbitration.framework/Versions/A/DiskArbitration
0x0000000034832000 	/usr/lib/liblangid.dylib
0x0000000034832000 	/System/Library/PrivateFrameworks/MultitouchSupport.framework/Versions/A/MultitouchSupport
0x0000000034832000 	/System/Library/Frameworks/IOKit.framework/Versions/A/IOKit
0x0000000034832000 	/usr/lib/libDiagnosticMessagesClient.dylib
0x0000000034832000 	/System/Library/Frameworks/CoreServices.framework/Versions/A/CoreServices
0x0000000034832000 	/System/Library/PrivateFrameworks/PerformanceAnalysis.framework/Versions/A/PerformanceAnalysis
0x0000000034832000 	/System/Library/PrivateFrameworks/GenerationalStorage.framework/Versions/A/GenerationalStorage
0x0000000034832000 	/System/Library/Frameworks/OpenGL.framework/Versions/A/OpenGL
0x0000000034832000 	/System/Library/Frameworks/CoreImage.framework/Versions/A/CoreImage
0x0000000034832000 	/System/Library/Frameworks/CoreText.framework/Versions/A/CoreText
0x0000000034832000 	/System/Library/Frameworks/ImageIO.framework/Versions/A/ImageIO
0x0000000034832000 	/System/Library/PrivateFrameworks/Backup.framework/Versions/A/Backup
0x0000000034832000 	/usr/lib/libarchive.2.dylib
0x0000000034832000 	/System/Library/Frameworks/CFNetwork.framework/Versions/A/CFNetwork
0x0000000034832000 	/System/Library/Frameworks/SystemConfiguration.framework/Versions/A/SystemConfiguration
0x0000000034832000 	/usr/lib/libCRFSuite.dylib
0x0000000034832000 	/usr/lib/libc++.1.dylib
0x0000000034832000 	/usr/lib/libc++abi.dylib
0x0000000034832000 	/usr/lib/system/libcache.dylib
0x0000000034832000 	/usr/lib/system/libcommonCrypto.dylib
0x0000000034832000 	/usr/lib/system/libcompiler_rt.dylib
0x0000000034832000 	/usr/lib/system/libcopyfile.dylib
0x0000000034832000 	/usr/lib/system/libcorecrypto.dylib
0x0000000034832000 	/usr/lib/system/libdispatch.dylib
0x0000000034832000 	/usr/lib/system/libdyld.dylib
0x0000000034832000 	/usr/lib/system/libkeymgr.dylib
0x0000000034832000 	/usr/lib/system/liblaunch.dylib
0x0000000034832000 	/usr/lib/system/libmacho.dylib
0x0000000034832000 	/usr/lib/system/libquarantine.dylib
0x0000000034832000 	/usr/lib/system/libremovefile.dylib
0x0000000034832000 	/usr/lib/system/libsystem_asl.dylib
0x0000000034832000 	/usr/lib/system/libsystem_blocks.dylib
0x0000000034832000 	/usr/lib/system/libsystem_c.dylib
0x0000000034832000 	/usr/lib/system/libsystem_configuration.dylib
0x0000000034832000 	/usr/lib/system/libsystem_coreservices.dylib
0x0000000034832000 	/usr/lib/system/libsystem_coretls.dylib
0x0000000034832000 	/usr/lib/system/libsystem_dnssd.dylib
0x0000000034832000 	/usr/lib/system/libsystem_info.dylib
0x0000000034832000 	/usr/lib/system/libsystem_kernel.dylib
0x0000000034832000 	/usr/lib/system/libsystem_m.dylib
0x0000000034832000 	/usr/lib/system/libsystem_malloc.dylib
0x0000000034832000 	/usr/lib/system/libsystem_network.dylib
0x0000000034832000 	/usr/lib/system/libsystem_networkextension.dylib
0x0000000034832000 	/usr/lib/system/libsystem_notify.dylib
0x0000000034832000 	/usr/lib/system/libsystem_platform.dylib
0x0000000034832000 	/usr/lib/system/libsystem_pthread.dylib
0x0000000034832000 	/usr/lib/system/libsystem_sandbox.dylib
0x0000000034832000 	/usr/lib/system/libsystem_secinit.dylib
0x0000000034832000 	/usr/lib/system/libsystem_symptoms.dylib
0x0000000034832000 	/usr/lib/system/libsystem_trace.dylib
0x0000000034832000 	/usr/lib/system/libunwind.dylib
0x0000000034832000 	/usr/lib/system/libxpc.dylib
0x0000000034832000 	/usr/lib/libbsm.0.dylib
0x0000000034832000 	/usr/lib/system/libkxld.dylib
0x0000000034832000 	/usr/lib/libcoretls.dylib
0x0000000034832000 	/usr/lib/libcoretls_cfhelpers.dylib
0x0000000034832000 	/usr/lib/libxar.1.dylib
0x0000000034832000 	/usr/lib/libsqlite3.dylib
0x0000000034832000 	/usr/lib/libpam.2.dylib
0x0000000034832000 	/usr/lib/libOpenScriptingUtil.dylib
0x0000000034832000 	/usr/lib/libbz2.1.0.dylib
0x0000000034832000 	/usr/lib/liblzma.5.dylib
0x0000000034832000 	/usr/lib/libnetwork.dylib
0x0000000034832000 	/usr/lib/libpcap.A.dylib
0x0000000034832000 	/System/Library/Frameworks/CoreServices.framework/Versions/A/Frameworks/FSEvents.framework/Versions/A/FSEvents
0x0000000034832000 	/System/Library/Frameworks/CoreServices.framework/Versions/A/Frameworks/CarbonCore.framework/Versions/A/CarbonCore
0x0000000034832000 	/System/Library/Frameworks/CoreServices.framework/Versions/A/Frameworks/Metadata.framework/Versions/A/Metadata
0x0000000034832000 	/System/Library/Frameworks/CoreServices.framework/Versions/A/Frameworks/OSServices.framework/Versions/A/OSServices
0x0000000034832000 	/System/Library/Frameworks/CoreServices.framework/Versions/A/Frameworks/SearchKit.framework/Versions/A/SearchKit
0x0000000034832000 	/System/Library/Frameworks/CoreServices.framework/Versions/A/Frameworks/AE.framework/Versions/A/AE
0x0000000034832000 	/System/Library/Frameworks/CoreServices.framework/Versions/A/Frameworks/LaunchServices.framework/Versions/A/LaunchServices
0x0000000034832000 	/System/Library/Frameworks/CoreServices.framework/Versions/A/Frameworks/DictionaryServices.framework/Versions/A/DictionaryServices
0x0000000034832000 	/System/Library/Frameworks/CoreServices.framework/Versions/A/Frameworks/SharedFileList.framework/Versions/A/SharedFileList
0x0000000034832000 	/System/Library/Frameworks/NetFS.framework/Versions/A/NetFS
0x0000000034832000 	/System/Library/PrivateFrameworks/NetAuth.framework/Versions/A/NetAuth
0x0000000034832000 	/System/Library/PrivateFrameworks/login.framework/Versions/A/Frameworks/loginsupport.framework/Versions/A/loginsupport
0x0000000034832000 	/System/Library/PrivateFrameworks/TCC.framework/Versions/A/TCC
0x0000000034832000 	/usr/lib/libmecabra.dylib
0x0000000034832000 	/System/Library/Frameworks/ApplicationServices.framework/Versions/A/Frameworks/ATS.framework/Versions/A/ATS
0x0000000034832000 	/System/Library/Frameworks/ApplicationServices.framework/Versions/A/Frameworks/ColorSync.framework/Versions/A/ColorSync
0x0000000034832000 	/System/Library/Frameworks/ApplicationServices.framework/Versions/A/Frameworks/HIServices.framework/Versions/A/HIServices
0x0000000034832000 	/System/Library/Frameworks/ApplicationServices.framework/Versions/A/Frameworks/LangAnalysis.framework/Versions/A/LangAnalysis
0x0000000034832000 	/System/Library/Frameworks/ApplicationServices.framework/Versions/A/Frameworks/PrintCore.framework/Versions/A/PrintCore
0x0000000034832000 	/System/Library/Frameworks/ApplicationServices.framework/Versions/A/Frameworks/QD.framework/Versions/A/QD
0x0000000034832000 	/System/Library/Frameworks/ApplicationServices.framework/Versions/A/Frameworks/SpeechSynthesis.framework/Versions/A/SpeechSynthesis
0x0000000034832000 	/System/Library/Frameworks/Accelerate.framework/Versions/A/Frameworks/vImage.framework/Versions/A/vImage
0x0000000034832000 	/System/Library/Frameworks/Accelerate.framework/Versions/A/Frameworks/vecLib.framework/Versions/A/vecLib
0x0000000034832000 	/System/Library/Frameworks/Accelerate.framework/Versions/A/Frameworks/vecLib.framework/Versions/A/libvDSP.dylib
0x0000000034832000 	/System/Library/Frameworks/Accelerate.framework/Versions/A/Frameworks/vecLib.framework/Versions/A/libBNNS.dylib
0x0000000034832000 	/System/Library/Frameworks/Accelerate.framework/Versions/A/Frameworks/vecLib.framework/Versions/A/libQuadrature.dylib
0x0000000034832000 	/System/Library/Frameworks/Accelerate.framework/Versions/A/Frameworks/vecLib.framework/Versions/A/libvMisc.dylib
0x0000000034832000 	/System/Library/Frameworks/Accelerate.framework/Versions/A/Frameworks/vecLib.framework/Versions/A/libLAPACK.dylib
0x0000000034832000 	/System/Library/Frameworks/Accelerate.framework/Versions/A/Frameworks/vecLib.framework/Versions/A/libBLAS.dylib
0x0000000034832000 	/System/Library/Frameworks/Accelerate.framework/Versions/A/Frameworks/vecLib.framework/Versions/A/libLinearAlgebra.dylib
0x0000000034832000 	/System/Library/Frameworks/Accelerate.framework/Versions/A/Frameworks/vecLib.framework/Versions/A/libSparseBLAS.dylib
0x0000000034832000 	/System/Library/Frameworks/ApplicationServices.framework/Versions/A/Frameworks/ATS.framework/Versions/A/Resources/libFontParser.dylib
0x0000000034832000 	/System/Library/Frameworks/ApplicationServices.framework/Versions/A/Frameworks/ATS.framework/Versions/A/Resources/libFontRegistry.dylib
0x0000000034832000 	/System/Library/Frameworks/ImageIO.framework/Versions/A/Resources/libJPEG.dylib
0x0000000034832000 	/System/Library/Frameworks/ImageIO.framework/Versions/A/Resources/libTIFF.dylib
0x0000000034832000 	/System/Library/Frameworks/ImageIO.framework/Versions/A/Resources/libPng.dylib
0x0000000034832000 	/System/Library/Frameworks/ImageIO.framework/Versions/A/Resources/libGIF.dylib
0x0000000034832000 	/System/Library/Frameworks/ImageIO.framework/Versions/A/Resources/libJP2.dylib
0x0000000034832000 	/System/Library/Frameworks/ImageIO.framework/Versions/A/Resources/libRadiance.dylib
0x0000000034832000 	/usr/lib/libcompression.dylib
0x0000000034832000 	/System/Library/PrivateFrameworks/AppleJPEG.framework/Versions/A/AppleJPEG
0x0000000034832000 	/usr/lib/libcups.2.dylib
0x0000000034832000 	/System/Library/Frameworks/Kerberos.framework/Versions/A/Kerberos
0x0000000034832000 	/System/Library/Frameworks/GSS.framework/Versions/A/GSS
0x0000000034832000 	/usr/lib/libresolv.9.dylib
0x0000000034832000 	/usr/lib/libiconv.2.dylib
0x0000000034832000 	/System/Library/PrivateFrameworks/Heimdal.framework/Versions/A/Heimdal
0x0000000034832000 	/usr/lib/libheimdal-asn1.dylib
0x0000000034832000 	/System/Library/Frameworks/OpenDirectory.framework/Versions/A/OpenDirectory
0x0000000034832000 	/System/Library/PrivateFrameworks/CommonAuth.framework/Versions/A/CommonAuth
0x0000000034832000 	/System/Library/Frameworks/OpenDirectory.framework/Versions/A/Frameworks/CFOpenDirectory.framework/Versions/A/CFOpenDirectory
0x0000000034832000 	/System/Library/Frameworks/SecurityFoundation.framework/Versions/A/SecurityFoundation
0x0000000034832000 	/System/Library/PrivateFrameworks/LanguageModeling.framework/Versions/A/LanguageModeling
0x0000000034832000 	/usr/lib/libmarisa.dylib
0x0000000034832000 	/usr/lib/libChineseTokenizer.dylib
0x0000000034832000 	/usr/lib/libcmph.dylib
0x0000000034832000 	/System/Library/PrivateFrameworks/CoreEmoji.framework/Versions/A/CoreEmoji
0x0000000034832000 	/System/Library/Frameworks/ServiceManagement.framework/Versions/A/ServiceManagement
0x0000000034832000 	/usr/lib/libxslt.1.dylib
0x0000000034832000 	/System/Library/Frameworks/Carbon.framework/Versions/A/Frameworks/Ink.framework/Versions/A/Ink
0x0000000034832000 	/System/Library/PrivateFrameworks/TextureIO.framework/Versions/A/TextureIO
0x0000000034832000 	/System/Library/Frameworks/Metal.framework/Versions/A/Metal
0x0000000034832000 	/usr/lib/libate.dylib
0x0000000034832000 	/System/Library/PrivateFrameworks/GPUCompiler.framework/libmetal_timestamp.dylib
0x0000000034832000 	/System/Library/Frameworks/OpenGL.framework/Versions/A/Libraries/libCoreFSCache.dylib
0x0000000034832000 	/System/Library/PrivateFrameworks/IOAccelerator.framework/Versions/A/IOAccelerator
0x0000000034832000 	/System/Library/Frameworks/CoreVideo.framework/Versions/A/CoreVideo
0x0000000034832000 	/usr/lib/libFosl_dynamic.dylib
0x0000000034832000 	/System/Library/PrivateFrameworks/MetalPerformanceShaders.framework/Versions/A/MetalPerformanceShaders
0x0000000034832000 	/System/Library/PrivateFrameworks/FaceCore.framework/Versions/A/FaceCore
0x0000000034832000 	/System/Library/Frameworks/OpenCL.framework/Versions/A/OpenCL
0x0000000034832000 	/System/Library/Frameworks/OpenGL.framework/Versions/A/Libraries/libGLU.dylib
0x0000000034832000 	/System/Library/Frameworks/OpenGL.framework/Versions/A/Libraries/libGFXShared.dylib
0x0000000034832000 	/System/Library/Frameworks/OpenGL.framework/Versions/A/Libraries/libGL.dylib
0x0000000034832000 	/System/Library/Frameworks/OpenGL.framework/Versions/A/Libraries/libGLImage.dylib
0x0000000034832000 	/System/Library/Frameworks/OpenGL.framework/Versions/A/Libraries/libCVMSPluginSupport.dylib
0x0000000034832000 	/System/Library/Frameworks/OpenGL.framework/Versions/A/Libraries/libCoreVMClient.dylib
0x0000000034832000 	/System/Library/PrivateFrameworks/CrashReporterSupport.framework/Versions/A/CrashReporterSupport
0x0000000034832000 	/System/Library/PrivateFrameworks/Sharing.framework/Versions/A/Sharing
0x0000000034832000 	/System/Library/PrivateFrameworks/IconServices.framework/Versions/A/IconServices
0x0000000034832000 	/System/Library/PrivateFrameworks/ProtocolBuffer.framework/Versions/A/ProtocolBuffer
0x0000000034832000 	/System/Library/PrivateFrameworks/Apple80211.framework/Versions/A/Apple80211
0x0000000034832000 	/System/Library/Frameworks/CoreWLAN.framework/Versions/A/CoreWLAN
0x0000000034832000 	/System/Library/PrivateFrameworks/CoreUtils.framework/Versions/A/CoreUtils
0x0000000034832000 	/System/Library/Frameworks/IOBluetooth.framework/Versions/A/IOBluetooth
0x0000000034832000 	/System/Library/PrivateFrameworks/CoreWiFi.framework/Versions/A/CoreWiFi
0x0000000034832000 	/System/Library/Frameworks/CoreBluetooth.framework/Versions/A/CoreBluetooth
0x0000000034832000 	/System/Library/Frameworks/CoreDisplay.framework/Versions/A/CoreDisplay
0x0000000034832000 	/System/Library/PrivateFrameworks/IOPresentment.framework/Versions/A/IOPresentment
0x0000000034832000 	/System/Library/PrivateFrameworks/DebugSymbols.framework/Versions/A/DebugSymbols
0x0000000034832000 	/System/Library/PrivateFrameworks/CoreSymbolication.framework/Versions/A/CoreSymbolication
0x0000000034832000 	/System/Library/PrivateFrameworks/Symbolication.framework/Versions/A/Symbolication
0x0000000034832000 	/System/Library/PrivateFrameworks/AppleFSCompression.framework/Versions/A/AppleFSCompression
0x0000000034832000 	/System/Library/PrivateFrameworks/SpeechRecognitionCore.framework/Versions/A/SpeechRecognitionCore
0x0000000034832000 	/System/Library/PrivateFrameworks/ChunkingLibrary.framework/Versions/A/ChunkingLibrary
0x0000000107a00000 	/Library/Java/JavaVirtualMachines/jdk1.8.0_45.jdk/Contents/Home/jre/lib/server/libjvm.dylib
0x0000000034832000 	/usr/lib/libstdc++.6.dylib
0x0000000106825000 	/Library/Java/JavaVirtualMachines/jdk1.8.0_45.jdk/Contents/Home/jre/lib/libverify.dylib
0x0000000106833000 	/Library/Java/JavaVirtualMachines/jdk1.8.0_45.jdk/Contents/Home/jre/lib/libjava.dylib
0x0000000106872000 	/Library/Java/JavaVirtualMachines/jdk1.8.0_45.jdk/Contents/Home/jre/lib/libzip.dylib
0x000000010fdd9000 	/System/Library/Frameworks/JavaVM.framework/Frameworks/JavaRuntimeSupport.framework/JavaRuntimeSupport
0x000000010fdf3000 	/System/Library/Frameworks/JavaVM.framework/Versions/A/Frameworks/JavaNativeFoundation.framework/Versions/A/JavaNativeFoundation
0x00000001069ee000 	/System/Library/Frameworks/JavaVM.framework/Versions/A/JavaVM
0x0000000034832000 	/System/Library/Frameworks/Carbon.framework/Versions/A/Carbon
0x000000010fe08000 	/System/Library/PrivateFrameworks/JavaLaunching.framework/Versions/A/JavaLaunching
0x0000000034832000 	/System/Library/Frameworks/Carbon.framework/Versions/A/Frameworks/CommonPanels.framework/Versions/A/CommonPanels
0x0000000034832000 	/System/Library/Frameworks/Carbon.framework/Versions/A/Frameworks/Help.framework/Versions/A/Help
0x0000000034832000 	/System/Library/Frameworks/Carbon.framework/Versions/A/Frameworks/ImageCapture.framework/Versions/A/ImageCapture
0x0000000034832000 	/System/Library/Frameworks/Carbon.framework/Versions/A/Frameworks/OpenScripting.framework/Versions/A/OpenScripting
0x0000000034832000 	/System/Library/Frameworks/Carbon.framework/Versions/A/Frameworks/Print.framework/Versions/A/Print
0x0000000034832000 	/System/Library/Frameworks/Carbon.framework/Versions/A/Frameworks/SecurityHI.framework/Versions/A/SecurityHI
0x000000010fe70000 	/Library/Java/JavaVirtualMachines/jdk1.8.0_45.jdk/Contents/Home/jre/lib/libawt.dylib
0x000000010ff18000 	/Library/Java/JavaVirtualMachines/jdk1.8.0_45.jdk/Contents/Home/jre/lib/./libmlib_image.dylib
0x000000010ffe4000 	/Library/Java/JavaVirtualMachines/jdk1.8.0_45.jdk/Contents/Home/jre/lib/libawt_lwawt.dylib
0x0000000110098000 	/Library/Java/JavaVirtualMachines/jdk1.8.0_45.jdk/Contents/Home/jre/lib/./libosxapp.dylib
0x0000000034832000 	/System/Library/Frameworks/ExceptionHandling.framework/Versions/A/ExceptionHandling
0x0000000034832000 	/System/Library/PrivateFrameworks/CoreServicesInternal.framework/Versions/A/CoreServicesInternal
0x0000000034832000 	/System/Library/CoreServices/RawCamera.bundle/Contents/MacOS/RawCamera
0x0000000034832000 	/System/Library/Frameworks/Accelerate.framework/Versions/A/Frameworks/vImage.framework/Versions/A/Libraries/libCGInterfaces.dylib
0x0000000034832000 	/System/Library/Frameworks/ApplicationServices.framework/Versions/A/Frameworks/ATS.framework/Versions/A/Resources/libTrueTypeScaler.dylib
0x0000000034832000 	/System/Library/Frameworks/OpenGL.framework/Versions/A/Resources/GLEngine.bundle/GLEngine
0x0000000034832000 	/System/Library/Frameworks/OpenGL.framework/Versions/A/Libraries/libGLProgrammability.dylib
0x00000001227a5000 	/System/Library/Extensions/AppleIntelHD4000GraphicsGLDriver.bundle/Contents/MacOS/AppleIntelHD4000GraphicsGLDriver
0x0000000034832000 	/System/Library/PrivateFrameworks/GPUSupport.framework/Versions/A/Libraries/libGPUSupportMercury.dylib
0x0000000034832000 	/System/Library/Extensions/GeForceGLDriver.bundle/Contents/MacOS/GeForceGLDriver
0x0000000034832000 	/System/Library/Extensions/GeForceGLDriver.bundle/Contents/MacOS/libclh.dylib
0x0000000034832000 	/System/Library/Frameworks/OpenGL.framework/Versions/A/Resources/GLRendererFloat.bundle/GLRendererFloat
0x0000000034832000 	/System/Library/Frameworks/OpenCL.framework/Versions/A/Libraries/libcldcpuengine.dylib
0x0000000034832000 	/usr/lib/libcrypto.0.9.8.dylib
0x0000000034832000 	/System/Library/PrivateFrameworks/TrustEvaluationAgent.framework/Versions/A/TrustEvaluationAgent
0x0000000034832000 	/System/Library/Extensions/GeForceMTLDriver.bundle/Contents/MacOS/GeForceMTLDriver
0x0000000122e8a000 	/System/Library/Extensions/AppleIntelHD4000GraphicsMTLDriver.bundle/Contents/MacOS/AppleIntelHD4000GraphicsMTLDriver
0x0000000034832000 	/System/Library/PrivateFrameworks/FamilyControls.framework/Versions/A/FamilyControls
0x0000000034832000 	/System/Library/PrivateFrameworks/CommerceKit.framework/Versions/A/Frameworks/CommerceCore.framework/Versions/A/CommerceCore
0x0000000034832000 	/System/Library/PrivateFrameworks/SystemAdministration.framework/Versions/A/SystemAdministration
0x0000000034832000 	/System/Library/PrivateFrameworks/AppContainer.framework/Versions/A/AppContainer
0x0000000034832000 	/System/Library/PrivateFrameworks/SecCodeWrapper.framework/Versions/A/SecCodeWrapper
0x0000000034832000 	/System/Library/Frameworks/DirectoryService.framework/Versions/A/DirectoryService
0x0000000034832000 	/System/Library/PrivateFrameworks/DiskImages.framework/Versions/A/DiskImages
0x0000000034832000 	/System/Library/PrivateFrameworks/LoginUIKit.framework/Versions/A/Frameworks/LoginUICore.framework/Versions/A/LoginUICore
0x0000000034832000 	/usr/lib/libCoreStorage.dylib
0x0000000034832000 	/usr/lib/libcsfde.dylib
0x0000000034832000 	/usr/lib/libodfde.dylib
0x0000000034832000 	/System/Library/Frameworks/DiscRecording.framework/Versions/A/DiscRecording
0x0000000034832000 	/usr/lib/libcurl.4.dylib
0x0000000034832000 	/System/Library/PrivateFrameworks/MediaKit.framework/Versions/A/MediaKit
0x0000000034832000 	/System/Library/PrivateFrameworks/ProtectedCloudStorage.framework/Versions/A/ProtectedCloudStorage
0x0000000034832000 	/System/Library/PrivateFrameworks/EFILogin.framework/Versions/A/EFILogin
0x0000000034832000 	/usr/lib/libutil.dylib
0x0000000034832000 	/System/Library/Frameworks/LDAP.framework/Versions/A/LDAP
0x0000000034832000 	/usr/lib/libsasl2.2.dylib
0x0000000034832000 	/System/Library/PrivateFrameworks/CoreDaemon.framework/Versions/B/CoreDaemon
0x0000000034832000 	/System/Library/PrivateFrameworks/AppleSRP.framework/Versions/A/AppleSRP
0x0000000034832000 	/System/Library/PrivateFrameworks/APFS.framework/Versions/A/APFS
0x0000000124284000 	/Library/Java/JavaVirtualMachines/jdk1.8.0_45.jdk/Contents/Home/jre/lib/libfontmanager.dylib
0x00000001242eb000 	/Users/haowu/Documents/workspace/GameEngine/lib/natives/liblwjgl.dylib
0x00000001106b1000 	/Library/Java/JavaVirtualMachines/jdk1.8.0_45.jdk/Contents/Home/jre/lib/libjawt.dylib

VM Arguments:
jvm_args: -Djava.library.path=/Users/haowu/Documents/workspace/GameEngine/lib/natives -Dfile.encoding=UTF-8 
java_command: engineTester.MainGameLoop
java_class_path (initial): /Users/haowu/Documents/workspace/GameEngine/lib/jars/lwjgl_util.jar:/Users/haowu/Documents/workspace/GameEngine/lib/jars/lwjgl.jar:/Users/haowu/Documents/workspace/GameEngine/lib/jars/slick-util.jar:/Users/haowu/Documents/workspace/GameEngine/lib/jars/PNGDecoder.jar:/Users/haowu/Documents/workspace/GameEngine/bin
Launcher Type: SUN_STANDARD

Environment Variables:
PATH=/usr/bin:/bin:/usr/sbin:/sbin
SHELL=/bin/bash
DISPLAY=/private/tmp/com.apple.launchd.BNfpi0S7L7/org.macosforge.xquartz:0

Signal Handlers:
SIGSEGV: [libjvm.dylib+0x58ef95], sa_mask[0]=11111111011111110111111111111111, sa_flags=SA_ONSTACK|SA_RESTART|SA_SIGINFO
SIGBUS: [libjvm.dylib+0x58ef95], sa_mask[0]=11111111011111110111111111111111, sa_flags=SA_RESTART|SA_SIGINFO
SIGFPE: [libjvm.dylib+0x46c108], sa_mask[0]=11111111011111110111111111111111, sa_flags=SA_RESTART|SA_SIGINFO
SIGPIPE: [libjvm.dylib+0x46c108], sa_mask[0]=11111111011111110111111111111111, sa_flags=SA_RESTART|SA_SIGINFO
SIGXFSZ: [libjvm.dylib+0x46c108], sa_mask[0]=11111111011111110111111111111111, sa_flags=SA_RESTART|SA_SIGINFO
SIGILL: [libjvm.dylib+0x46c108], sa_mask[0]=11111111011111110111111111111111, sa_flags=SA_RESTART|SA_SIGINFO
SIGUSR1: SIG_DFL, sa_mask[0]=00000000000000000000000000000000, sa_flags=none
SIGUSR2: [libjvm.dylib+0x46bc26], sa_mask[0]=00100000000000000000000000000000, sa_flags=SA_RESTART|SA_SIGINFO
SIGHUP: [libjvm.dylib+0x46a1f9], sa_mask[0]=11111111011111110111111111111111, sa_flags=SA_RESTART|SA_SIGINFO
SIGINT: [libjvm.dylib+0x46a1f9], sa_mask[0]=11111111011111110111111111111111, sa_flags=SA_RESTART|SA_SIGINFO
SIGTERM: [libjvm.dylib+0x46a1f9], sa_mask[0]=11111111011111110111111111111111, sa_flags=SA_RESTART|SA_SIGINFO
SIGQUIT: [libjvm.dylib+0x46a1f9], sa_mask[0]=11111111011111110111111111111111, sa_flags=SA_RESTART|SA_SIGINFO


---------------  S Y S T E M  ---------------

OS:Bsduname:Darwin 16.0.0 Darwin Kernel Version 16.0.0: Mon Aug 29 17:56:20 PDT 2016; root:xnu-3789.1.32~3/RELEASE_X86_64 x86_64
rlimit: STACK 8192k, CORE 0k, NPROC 709, NOFILE 10240, AS infinity
load average:1.83 1.81 1.71

CPU:total 8 (4 cores per cpu, 2 threads per core) family 6 model 58 stepping 9, cmov, cx8, fxsr, mmx, sse, sse2, sse3, ssse3, sse4.1, sse4.2, popcnt, avx, aes, clmul, erms, ht, tsc, tscinvbit, tscinv

Memory: 4k page, physical 8388608k(133456k free)

/proc/meminfo:


vm_info: Java HotSpot(TM) 64-Bit Server VM (25.45-b02) for bsd-amd64 JRE (1.8.0_45-b14), built on Apr 10 2015 10:46:38 by "java_re" with gcc 4.2.1 (Based on Apple Inc. build 5658) (LLVM build 2336.11.00)

time: Tue Sep 20 14:32:08 2016
elapsed time: 3 seconds (0d 0h 0m 3s)

