#
# A fatal error has been detected by the Java Runtime Environment:
#
#  SIGSEGV (0xb) at pc=0x0000000102906b23, pid=1473, tid=775
#
# JRE version: Java(TM) SE Runtime Environment (8.0_45-b14) (build 1.8.0_45-b14)
# Java VM: Java HotSpot(TM) 64-Bit Server VM (25.45-b02 mixed mode bsd-amd64 compressed oops)
# Problematic frame:
# V  [libjvm.dylib+0x306b23]  jni_GetObjectClass+0x65
#
# Failed to write core dump. Core dumps have been disabled. To enable core dumping, try "ulimit -c unlimited" before starting Java again
#
# If you would like to submit a bug report, please visit:
#   http://bugreport.java.com/bugreport/crash.jsp
#

---------------  T H R E A D  ---------------

Current thread (0x00007fb29581a800):  JavaThread "AppKit Thread" daemon [_thread_in_vm, id=775, stack(0x00007fff5deb5000,0x00007fff5e6b5000)]

siginfo: si_signo: 11 (SIGSEGV), si_code: 1 (SEGV_MAPERR), si_addr: 0x0000000000000000

Registers:
RAX=0x0000000102eb8494, RBX=0x0000000000000000, RCX=0x0000000102dfa190, RDX=0x0000000000000000
RSP=0x00007fff5e6b1c30, RBP=0x00007fff5e6b1c80, RSI=0x0000000000000000, RDI=0x00007fb29581a9f8
R8 =0x000000000000008c, R9 =0x00007fb294d663c8, R10=0x00007fff8ff4eaa8, R11=0x00007fb29d89c8b0
R12=0x00007fb294f246e0, R13=0x00007fb294d66360, R14=0x00007fb29581a9f8, R15=0x00007fb29581a800
RIP=0x0000000102906b23, EFLAGS=0x0000000000010202, ERR=0x0000000000000004
  TRAPNO=0x000000000000000e

Top of Stack: (sp=0x00007fff5e6b1c30)
0x00007fff5e6b1c30:   00007fff5e6b1c78 00007fb29581a800
0x00007fff5e6b1c40:   0000000000000000 0000000102915e80
0x00007fff5e6b1c50:   00007fb294d66360 00007fb29581a800
0x00007fff5e6b1c60:   00007fb29581a800 00007fb294d66360
0x00007fff5e6b1c70:   00007fb294c33840 00007fb29581a9f8
0x00007fff5e6b1c80:   00007fff5e6b1ce0 000000011f6b73a7
0x00007fff5e6b1c90:   00007fff8fcfd090 00007fb294c33840
0x00007fff5e6b1ca0:   00007fff5e6b1cc0 00007fff75b0007d
0x00007fff5e6b1cb0:   40cbc9a0ce10d7f2 0000000000000004
0x00007fff5e6b1cc0:   00007fb294f246e0 00007fb294d66360
0x00007fff5e6b1cd0:   00007fb294c33840 00007fb294c33840
0x00007fff5e6b1ce0:   00007fff5e6b2140 00007fff740641c9
0x00007fff5e6b1cf0:   0000000000000000 ffff804d6b1d9530
0x00007fff5e6b1d00:   0000000000000000 0000000000000000
0x00007fff5e6b1d10:   00000000000001c0 ffff804d6b299ca0
0x00007fff5e6b1d20:   00007fb294d66360 00007fff93941480
0x00007fff5e6b1d30:   00007fb294f246e0 00007fff8a3f2ba5
0x00007fff5e6b1d40:   00007fff93941640 00007fb294d66360
0x00007fff5e6b1d50:   000000005e6b1d80 ffff804d6b299ca0
0x00007fff5e6b1d60:   00007fb2960cdf80 00007fb294f246e0
0x00007fff5e6b1d70:   00007fff8a3eab40 00007fff8a3eab40
0x00007fff5e6b1d80:   00007fff8ff43b80 00007fff8ff43848
0x00007fff5e6b1d90:   00007fff5e6b1dc0 00007fff73981f5b
0x00007fff5e6b1da0:   0000000000000000 00000000000000f8
0x00007fff5e6b1db0:   00007fb294e26ad0 00007fb294f246e0
0x00007fff5e6b1dc0:   00007fff5e6b2140 00007fff7406825c
0x00007fff5e6b1dd0:   00007fff7432db84 00007fff7432daf2
0x00007fff5e6b1de0:   00007fb294f246e0 00007fff898ae115
0x00007fff5e6b1df0:   00007fff5e6b1e20 00007fff87149a9c
0x00007fff5e6b1e00:   0000000000000001 0000000000000000
0x00007fff5e6b1e10:   00007fff5e6b1e20 00007fff8714ce80
0x00007fff5e6b1e20:   00007fff5e6b1e40 00007fff87152769 

Instructions: (pc=0x0000000102906b23)
0x0000000102906b03:   74 09 48 8d 7d b8 e8 6e 44 19 00 4c 89 f7 48 89
0x0000000102906b13:   de 90 0f 1f 40 00 48 8d 05 74 19 5b 00 80 38 00
0x0000000102906b23:   48 8b 03 74 15 48 8d 15 f1 e9 50 00 8a 4a 08 8b
0x0000000102906b33:   40 08 48 d3 e0 48 03 02 eb 04 48 8b 40 08 48 8b 

Register to memory mapping:

RAX=0x0000000102eb8494: UseCompressedClassPointers+0 in /Library/Java/JavaVirtualMachines/jdk1.8.0_45.jdk/Contents/Home/jre/lib/server/libjvm.dylib at 0x0000000102600000
RBX=0x0000000000000000 is an unknown value
RCX=0x0000000102dfa190: UseMembar+0 in /Library/Java/JavaVirtualMachines/jdk1.8.0_45.jdk/Contents/Home/jre/lib/server/libjvm.dylib at 0x0000000102600000
RDX=0x0000000000000000 is an unknown value
RSP=0x00007fff5e6b1c30 is pointing into the stack for thread: 0x00007fb29581a800
RBP=0x00007fff5e6b1c80 is pointing into the stack for thread: 0x00007fb29581a800
RSI=0x0000000000000000 is an unknown value
RDI=0x00007fb29581a9f8 is an unknown value
R8 =0x000000000000008c is an unknown value
R9 =0x00007fb294d663c8 is an unknown value
R10=0x00007fff8ff4eaa8: OBJC_CLASS_$_NSEvent+0 in /System/Library/Frameworks/AppKit.framework/Versions/C/AppKit at 0x00007fff737a8000
R11=0x00007fb29d89c8b0 is an unknown value
R12=0x00007fb294f246e0 is an unknown value
R13=0x00007fb294d66360 is an unknown value
R14=0x00007fb29581a9f8 is an unknown value
R15=0x00007fb29581a800 is a thread


Stack: [0x00007fff5deb5000,0x00007fff5e6b5000],  sp=0x00007fff5e6b1c30,  free space=8179k
Native frames: (J=compiled Java code, j=interpreted, Vv=VM code, C=native code)
V  [libjvm.dylib+0x306b23]  jni_GetObjectClass+0x65
C  [liblwjgl.dylib+0xb3a7]  -[MacOSXOpenGLView scrollWheel:]+0x77
C  [AppKit+0x8bc1c9]  -[NSWindow(NSEventRouting) _reallySendEvent:isDelayedEvent:]+0x1a4f
C  [AppKit+0x8ba3ae]  -[NSWindow(NSEventRouting) sendEvent:]+0x21d
C  [AppKit+0x75a8de]  -[NSApplication(NSEvent) sendEvent:]+0x88a
C  [libosxapp.dylib+0x23ac]  -[NSApplicationAWT sendEvent:]+0x109
C  [AppKit+0x3b589]  -[NSApplication run]+0x3ea
C  [libosxapp.dylib+0x223e]  +[NSApplicationAWT runAWTLoopWithApp:]+0x9c
C  [libawt_lwawt.dylib+0x4462b]  -[AWTStarter starter:]+0x389
C  [Foundation+0x71f2a]  __NSThreadPerformPerform+0x146
C  [CoreFoundation+0xa44c1]  __CFRUNLOOP_IS_CALLING_OUT_TO_A_SOURCE0_PERFORM_FUNCTION__+0x11
C  [CoreFoundation+0x858cc]  __CFRunLoopDoSources0+0x22c
C  [CoreFoundation+0x84db6]  __CFRunLoopRun+0x3a6
C  [CoreFoundation+0x847b4]  CFRunLoopRunSpecific+0x1a4
C  [java+0x6490]  CreateExecutionEnvironment+0x367
C  [java+0x221c]  JLI_Launch+0x7a0
C  [java+0x84ed]  main+0x65
C  [java+0x1a74]  start+0x34
C  0x0000000000000006


---------------  P R O C E S S  ---------------

Java Threads: ( => current thread )
  0x00007fb2958ed800 JavaThread "AWT-Shutdown" [_thread_blocked, id=32263, stack(0x000070000fba9000,0x000070000fca9000)]
=>0x00007fb29581a800 JavaThread "AppKit Thread" daemon [_thread_in_vm, id=775, stack(0x00007fff5deb5000,0x00007fff5e6b5000)]
  0x00007fb295033800 JavaThread "Service Thread" daemon [_thread_blocked, id=21251, stack(0x000070000f920000,0x000070000fa20000)]
  0x00007fb296038800 JavaThread "C1 CompilerThread3" daemon [_thread_blocked, id=20739, stack(0x000070000f81d000,0x000070000f91d000)]
  0x00007fb296037800 JavaThread "C2 CompilerThread2" daemon [_thread_blocked, id=20227, stack(0x000070000f71a000,0x000070000f81a000)]
  0x00007fb296037000 JavaThread "C2 CompilerThread1" daemon [_thread_blocked, id=19715, stack(0x000070000f617000,0x000070000f717000)]
  0x00007fb296035800 JavaThread "C2 CompilerThread0" daemon [_thread_blocked, id=19203, stack(0x000070000f514000,0x000070000f614000)]
  0x00007fb29700c000 JavaThread "Signal Dispatcher" daemon [_thread_blocked, id=18691, stack(0x000070000f411000,0x000070000f511000)]
  0x00007fb297035000 JavaThread "Finalizer" daemon [_thread_blocked, id=14595, stack(0x000070000f30e000,0x000070000f40e000)]
  0x00007fb29600e800 JavaThread "Reference Handler" daemon [_thread_blocked, id=14083, stack(0x000070000f20b000,0x000070000f30b000)]
  0x00007fb296003000 JavaThread "main" [_thread_in_native, id=7171, stack(0x000070000e7ed000,0x000070000e8ed000)]

Other Threads:
  0x00007fb297034800 VMThread [stack: 0x000070000f108000,0x000070000f208000] [id=13571]
  0x00007fb295039000 WatcherThread [stack: 0x000070000fa23000,0x000070000fb23000] [id=21763]

VM state:not at safepoint (normal execution)

VM Mutex/Monitor currently owned by a thread: None

Heap:
 PSYoungGen      total 71680K, used 17222K [0x0000000795580000, 0x000000079fa00000, 0x00000007c0000000)
  eden space 66560K, 18% used [0x0000000795580000,0x0000000796151800,0x0000000799680000)
  from space 5120K, 100% used [0x0000000799680000,0x0000000799b80000,0x0000000799b80000)
  to   space 45056K, 0% used [0x000000079ce00000,0x000000079ce00000,0x000000079fa00000)
 ParOldGen       total 143360K, used 82476K [0x0000000740000000, 0x0000000748c00000, 0x0000000795580000)
  object space 143360K, 57% used [0x0000000740000000,0x000000074508b110,0x0000000748c00000)
 Metaspace       used 7796K, capacity 7987K, committed 8064K, reserved 1056768K
  class space    used 752K, capacity 822K, committed 896K, reserved 1048576K

Card table byte_map: [0x000000010395e000,0x0000000103d5f000] byte_map_base: 0x00000000fff5e000

Marking Bits: (ParMarkBitMap*) 0x0000000102ec27a0
 Begin Bits: [0x000000010400a000, 0x000000010600a000)
 End Bits:   [0x000000010600a000, 0x000000010800a000)

Polling page: 0x00000001015d6000

CodeCache: size=245760Kb used=5245Kb max_used=5256Kb free=240514Kb
 bounds [0x00000001093cc000, 0x00000001098fc000, 0x00000001183cc000]
 total_blobs=1823 nmethods=1386 adapters=351
 compilation: enabled

Compilation events (10 events):
Event: 8.734 Thread 0x00007fb296037000 1382   !   4       org.lwjgl.opengl.Display::isCreated (17 bytes)
Event: 8.735 Thread 0x00007fb296037000 nmethod 1382 0x00000001098e7250 code [0x00000001098e73a0, 0x00000001098e75b8]
Event: 8.755 Thread 0x00007fb296037800 nmethod 1381 0x00000001098f0010 code [0x00000001098f02e0, 0x00000001098f1a48]
Event: 8.963 Thread 0x00007fb296035800 1383       4       java.nio.Buffer::limit (62 bytes)
Event: 8.964 Thread 0x00007fb296035800 nmethod 1383 0x00000001098e8810 code [0x00000001098e8960, 0x00000001098e8a58]
Event: 9.055 Thread 0x00007fb296038800 1384       3       guis.Gui3DShader::connectTextureUnits (37 bytes)
Event: 9.057 Thread 0x00007fb296038800 nmethod 1384 0x00000001098ec890 code [0x00000001098ecc60, 0x00000001098ee8f8]
Event: 9.159 Thread 0x00007fb296038800 1385       3       org.lwjgl.opengl.APIUtil::getBufferInt (8 bytes)
Event: 9.159 Thread 0x00007fb296038800 nmethod 1385 0x00000001098ec4d0 code [0x00000001098ec640, 0x00000001098ec790]
Event: 9.201 Thread 0x00007fb296037000 1386       4       java.nio.DirectByteBuffer::put (18 bytes)

GC Heap History (10 events):
Event: 3.660 GC heap before
{Heap before GC invocations=2 (full 0):
 PSYoungGen      total 38400K, used 35619K [0x0000000795580000, 0x0000000798000000, 0x00000007c0000000)
  eden space 33280K, 100% used [0x0000000795580000,0x0000000797600000,0x0000000797600000)
  from space 5120K, 45% used [0x0000000797600000,0x0000000797848e30,0x0000000797b00000)
  to   space 5120K, 0% used [0x0000000797b00000,0x0000000797b00000,0x0000000798000000)
 ParOldGen       total 87552K, used 16K [0x0000000740000000, 0x0000000745580000, 0x0000000795580000)
  object space 87552K, 0% used [0x0000000740000000,0x0000000740004000,0x0000000745580000)
 Metaspace       used 7023K, capacity 7155K, committed 7168K, reserved 1056768K
  class space    used 699K, capacity 758K, committed 768K, reserved 1048576K
Event: 3.680 GC heap after
Heap after GC invocations=2 (full 0):
 PSYoungGen      total 38400K, used 5090K [0x0000000795580000, 0x0000000798000000, 0x00000007c0000000)
  eden space 33280K, 0% used [0x0000000795580000,0x0000000795580000,0x0000000797600000)
  from space 5120K, 99% used [0x0000000797b00000,0x0000000797ff8a48,0x0000000798000000)
  to   space 5120K, 0% used [0x0000000797600000,0x0000000797600000,0x0000000797b00000)
 ParOldGen       total 87552K, used 22134K [0x0000000740000000, 0x0000000745580000, 0x0000000795580000)
  object space 87552K, 25% used [0x0000000740000000,0x000000074159dbe8,0x0000000745580000)
 Metaspace       used 7023K, capacity 7155K, committed 7168K, reserved 1056768K
  class space    used 699K, capacity 758K, committed 768K, reserved 1048576K
}
Event: 3.748 GC heap before
{Heap before GC invocations=3 (full 0):
 PSYoungGen      total 38400K, used 38370K [0x0000000795580000, 0x0000000798000000, 0x00000007c0000000)
  eden space 33280K, 100% used [0x0000000795580000,0x0000000797600000,0x0000000797600000)
  from space 5120K, 99% used [0x0000000797b00000,0x0000000797ff8a48,0x0000000798000000)
  to   space 5120K, 0% used [0x0000000797600000,0x0000000797600000,0x0000000797b00000)
 ParOldGen       total 87552K, used 22134K [0x0000000740000000, 0x0000000745580000, 0x0000000795580000)
  object space 87552K, 25% used [0x0000000740000000,0x000000074159dbe8,0x0000000745580000)
 Metaspace       used 7023K, capacity 7155K, committed 7168K, reserved 1056768K
  class space    used 699K, capacity 758K, committed 768K, reserved 1048576K
Event: 3.776 GC heap after
Heap after GC invocations=3 (full 0):
 PSYoungGen      total 38400K, used 5120K [0x0000000795580000, 0x000000079a080000, 0x00000007c0000000)
  eden space 33280K, 0% used [0x0000000795580000,0x0000000795580000,0x0000000797600000)
  from space 5120K, 100% used [0x0000000797600000,0x0000000797b00000,0x0000000797b00000)
  to   space 5120K, 0% used [0x0000000799b80000,0x0000000799b80000,0x000000079a080000)
 ParOldGen       total 87552K, used 51457K [0x0000000740000000, 0x0000000745580000, 0x0000000795580000)
  object space 87552K, 58% used [0x0000000740000000,0x0000000743240540,0x0000000745580000)
 Metaspace       used 7023K, capacity 7155K, committed 7168K, reserved 1056768K
  class space    used 699K, capacity 758K, committed 768K, reserved 1048576K
}
Event: 3.776 GC heap before
{Heap before GC invocations=4 (full 1):
 PSYoungGen      total 38400K, used 5120K [0x0000000795580000, 0x000000079a080000, 0x00000007c0000000)
  eden space 33280K, 0% used [0x0000000795580000,0x0000000795580000,0x0000000797600000)
  from space 5120K, 100% used [0x0000000797600000,0x0000000797b00000,0x0000000797b00000)
  to   space 5120K, 0% used [0x0000000799b80000,0x0000000799b80000,0x000000079a080000)
 ParOldGen       total 87552K, used 51457K [0x0000000740000000, 0x0000000745580000, 0x0000000795580000)
  object space 87552K, 58% used [0x0000000740000000,0x0000000743240540,0x0000000745580000)
 Metaspace       used 7023K, capacity 7155K, committed 7168K, reserved 1056768K
  class space    used 699K, capacity 758K, committed 768K, reserved 1048576K
Event: 4.065 GC heap after
Heap after GC invocations=4 (full 1):
 PSYoungGen      total 38400K, used 0K [0x0000000795580000, 0x000000079a080000, 0x00000007c0000000)
  eden space 33280K, 0% used [0x0000000795580000,0x0000000795580000,0x0000000797600000)
  from space 5120K, 0% used [0x0000000797600000,0x0000000797600000,0x0000000797b00000)
  to   space 5120K, 0% used [0x0000000799b80000,0x0000000799b80000,0x000000079a080000)
 ParOldGen       total 143360K, used 55428K [0x0000000740000000, 0x0000000748c00000, 0x0000000795580000)
  object space 143360K, 38% used [0x0000000740000000,0x00000007436213d8,0x0000000748c00000)
 Metaspace       used 7023K, capacity 7155K, committed 7168K, reserved 1056768K
  class space    used 699K, capacity 758K, committed 768K, reserved 1048576K
}
Event: 4.228 GC heap before
{Heap before GC invocations=5 (full 1):
 PSYoungGen      total 38400K, used 33280K [0x0000000795580000, 0x000000079a080000, 0x00000007c0000000)
  eden space 33280K, 100% used [0x0000000795580000,0x0000000797600000,0x0000000797600000)
  from space 5120K, 0% used [0x0000000797600000,0x0000000797600000,0x0000000797b00000)
  to   space 5120K, 0% used [0x0000000799b80000,0x0000000799b80000,0x000000079a080000)
 ParOldGen       total 143360K, used 55428K [0x0000000740000000, 0x0000000748c00000, 0x0000000795580000)
  object space 143360K, 38% used [0x0000000740000000,0x00000007436213d8,0x0000000748c00000)
 Metaspace       used 7059K, capacity 7219K, committed 7424K, reserved 1056768K
  class space    used 705K, capacity 758K, committed 768K, reserved 1048576K
Event: 4.259 GC heap after
Heap after GC invocations=5 (full 1):
 PSYoungGen      total 57344K, used 5120K [0x0000000795580000, 0x000000079a080000, 0x00000007c0000000)
  eden space 52224K, 0% used [0x0000000795580000,0x0000000795580000,0x0000000798880000)
  from space 5120K, 100% used [0x0000000799b80000,0x000000079a080000,0x000000079a080000)
  to   space 5120K, 0% used [0x0000000799680000,0x0000000799680000,0x0000000799b80000)
 ParOldGen       total 143360K, used 78165K [0x0000000740000000, 0x0000000748c00000, 0x0000000795580000)
  object space 143360K, 54% used [0x0000000740000000,0x0000000744c55688,0x0000000748c00000)
 Metaspace       used 7059K, capacity 7219K, committed 7424K, reserved 1056768K
  class space    used 705K, capacity 758K, committed 768K, reserved 1048576K
}
Event: 5.752 GC heap before
{Heap before GC invocations=6 (full 1):
 PSYoungGen      total 57344K, used 57344K [0x0000000795580000, 0x000000079a080000, 0x00000007c0000000)
  eden space 52224K, 100% used [0x0000000795580000,0x0000000798880000,0x0000000798880000)
  from space 5120K, 100% used [0x0000000799b80000,0x000000079a080000,0x000000079a080000)
  to   space 5120K, 0% used [0x0000000799680000,0x0000000799680000,0x0000000799b80000)
 ParOldGen       total 143360K, used 78165K [0x0000000740000000, 0x0000000748c00000, 0x0000000795580000)
  object space 143360K, 54% used [0x0000000740000000,0x0000000744c55688,0x0000000748c00000)
 Metaspace       used 7631K, capacity 7763K, committed 8064K, reserved 1056768K
  class space    used 745K, capacity 790K, committed 896K, reserved 1048576K
Event: 5.763 GC heap after
Heap after GC invocations=6 (full 1):
 PSYoungGen      total 71680K, used 5120K [0x0000000795580000, 0x000000079fa00000, 0x00000007c0000000)
  eden space 66560K, 0% used [0x0000000795580000,0x0000000795580000,0x0000000799680000)
  from space 5120K, 100% used [0x0000000799680000,0x0000000799b80000,0x0000000799b80000)
  to   space 45056K, 0% used [0x000000079ce00000,0x000000079ce00000,0x000000079fa00000)
 ParOldGen       total 143360K, used 82476K [0x0000000740000000, 0x0000000748c00000, 0x0000000795580000)
  object space 143360K, 57% used [0x0000000740000000,0x000000074508b110,0x0000000748c00000)
 Metaspace       used 7631K, capacity 7763K, committed 8064K, reserved 1056768K
  class space    used 745K, capacity 790K, committed 896K, reserved 1048576K
}

Deoptimization events (10 events):
Event: 2.552 Thread 0x00007fb296003000 Uncommon trap: reason=unstable_if action=reinterpret pc=0x000000010969fb20 method=terrainsSphere.HeightGeneratorSphere.getNoise(II)F @ 42
Event: 2.647 Thread 0x00007fb296003000 Uncommon trap: reason=unstable_if action=reinterpret pc=0x00000001096c0464 method=terrainsSphere.HeightGeneratorSphere.getNoise(II)F @ 42
Event: 3.445 Thread 0x00007fb296003000 Uncommon trap: reason=unstable_if action=reinterpret pc=0x000000010967e068 method=terrainsSphere.HeightMapController.fillTerrainHeightMapAndTypes()V @ 20
Event: 3.574 Thread 0x00007fb296003000 Uncommon trap: reason=unstable_if action=reinterpret pc=0x00000001096940ec method=terrainsSphere.HeightGeneratorSphere.getNoise(II)F @ 16
Event: 3.574 Thread 0x00007fb296003000 Uncommon trap: reason=unstable_if action=reinterpret pc=0x0000000109670fd0 method=terrainsSphere.HeightGeneratorSphere.getNoise(II)F @ 16
Event: 3.635 Thread 0x00007fb296003000 Uncommon trap: reason=unstable_if action=reinterpret pc=0x00000001096f4db8 method=terrainsSphere.TerrainFace.<init>(Lorg/lwjgl/util/vector/Vector3f;LterrainsSphere/TerrainFace;Z)V @ 71
Event: 4.195 Thread 0x00007fb296003000 Uncommon trap: reason=unstable_if action=reinterpret pc=0x000000010973b158 method=terrainsSphere.TerrainSphere.generateTerrainSphereIco(LrenderEngine/Loader;)Lmodels/RawModel; @ 2317
Event: 4.218 Thread 0x00007fb296003000 Uncommon trap: reason=unstable_if action=reinterpret pc=0x0000000109650f98 method=org.lwjgl.util.vector.Vector3f.add(Lorg/lwjgl/util/vector/Vector3f;Lorg/lwjgl/util/vector/Vector3f;Lorg/lwjgl/util/vector/Vector3f;)Lorg/lwjgl/util/vector/Vector3f; @ 1
Event: 4.291 Thread 0x00007fb296003000 Uncommon trap: reason=unstable_if action=reinterpret pc=0x000000010975ad68 method=java.lang.Math.abs(F)F @ 3
Event: 5.911 Thread 0x00007fb296003000 Uncommon trap: reason=unstable_if action=reinterpret pc=0x0000000109653588 method=java.nio.DirectByteBuffer.put([BII)Ljava/nio/ByteBuffer; @ 5

Internal exceptions (10 events):
Event: 0.127 Thread 0x00007fb296003000 Exception <a 'java/security/PrivilegedActionException'> (0x000000079580b378) thrown at [/Users/java_re/workspace/8-2-build-macosx-x86_64/jdk8u45/3457/hotspot/src/share/vm/prims/jvm.cpp, line 1382]
Event: 0.127 Thread 0x00007fb296003000 Exception <a 'java/security/PrivilegedActionException'> (0x000000079580e6f8) thrown at [/Users/java_re/workspace/8-2-build-macosx-x86_64/jdk8u45/3457/hotspot/src/share/vm/prims/jvm.cpp, line 1382]
Event: 0.127 Thread 0x00007fb296003000 Exception <a 'java/security/PrivilegedActionException'> (0x000000079580e8b0) thrown at [/Users/java_re/workspace/8-2-build-macosx-x86_64/jdk8u45/3457/hotspot/src/share/vm/prims/jvm.cpp, line 1382]
Event: 0.316 Thread 0x00007fb296003000 Exception <a 'java/io/FileNotFoundException'> (0x00000007958126d0) thrown at [/Users/java_re/workspace/8-2-build-macosx-x86_64/jdk8u45/3457/hotspot/src/share/vm/prims/jni.cpp, line 709]
Event: 0.316 Thread 0x00007fb296003000 Exception <a 'java/io/FileNotFoundException'> (0x00000007958131f0) thrown at [/Users/java_re/workspace/8-2-build-macosx-x86_64/jdk8u45/3457/hotspot/src/share/vm/prims/jni.cpp, line 709]
Event: 0.362 Thread 0x00007fb29581a800 Exception <a 'java/lang/NoSuchFieldError': method resolution failed> (0x00000007959949f0) thrown at [/Users/java_re/workspace/8-2-build-macosx-x86_64/jdk8u45/3457/hotspot/src/share/vm/prims/methodHandles.cpp, line 1125]
Event: 0.364 Thread 0x00007fb29581a800 Exception <a 'java/lang/NoSuchFieldError': method resolution failed> (0x00000007959a3090) thrown at [/Users/java_re/workspace/8-2-build-macosx-x86_64/jdk8u45/3457/hotspot/src/share/vm/prims/methodHandles.cpp, line 1125]
Event: 3.587 Thread 0x00007fb296003000 Exception <a 'java/lang/ArrayIndexOutOfBoundsException': 18> (0x0000000795b94ac8) thrown at [/Users/java_re/workspace/8-2-build-macosx-x86_64/jdk8u45/3457/hotspot/src/share/vm/interpreter/interpreterRuntime.cpp, line 366]
Event: 3.587 Thread 0x00007fb296003000 Exception <a 'java/lang/ArrayIndexOutOfBoundsException': 58> (0x0000000795b958e0) thrown at [/Users/java_re/workspace/8-2-build-macosx-x86_64/jdk8u45/3457/hotspot/src/share/vm/interpreter/interpreterRuntime.cpp, line 366]
Event: 3.588 Thread 0x00007fb296003000 Exception <a 'java/lang/ArrayIndexOutOfBoundsException': 40> (0x0000000795b966d8) thrown at [/Users/java_re/workspace/8-2-build-macosx-x86_64/jdk8u45/3457/hotspot/src/share/vm/interpreter/interpreterRuntime.cpp, line 366]

Events (10 events):
Event: 6.772 loading class java/util/ArrayList$1
Event: 6.772 loading class java/util/ArrayList$1 done
Event: 7.209 Thread 0x00007fb296003000 DEOPT PACKING pc=0x000000010988e4f3 sp=0x000070000e8ec560
Event: 7.209 Thread 0x00007fb296003000 DEOPT UNPACKING pc=0x0000000109413633 sp=0x000070000e8ec390 mode 0
Event: 8.454 Thread 0x00007fb296003000 DEOPT PACKING pc=0x000000010988c51a sp=0x000070000e8ec6e0
Event: 8.454 Thread 0x00007fb296003000 DEOPT UNPACKING pc=0x0000000109413633 sp=0x000070000e8ec428 mode 0
Event: 8.730 Thread 0x00007fb296003000 DEOPT PACKING pc=0x000000010987d6d3 sp=0x000070000e8ec480
Event: 8.730 Thread 0x00007fb296003000 DEOPT UNPACKING pc=0x0000000109413633 sp=0x000070000e8ec228 mode 0
Event: 9.178 loading class org/lwjgl/opengl/CallbackUtil
Event: 9.178 loading class org/lwjgl/opengl/CallbackUtil done


Dynamic libraries:
0x00000000007f2000 	/System/Library/Frameworks/Cocoa.framework/Versions/A/Cocoa
0x00000000007f2000 	/System/Library/Frameworks/Security.framework/Versions/A/Security
0x00000000007f2000 	/System/Library/Frameworks/ApplicationServices.framework/Versions/A/ApplicationServices
0x00000000007f2000 	/usr/lib/libz.1.dylib
0x00000000007f2000 	/usr/lib/libSystem.B.dylib
0x00000000007f2000 	/usr/lib/libobjc.A.dylib
0x00000000007f2000 	/System/Library/Frameworks/CoreFoundation.framework/Versions/A/CoreFoundation
0x00000000007f2000 	/System/Library/Frameworks/Foundation.framework/Versions/C/Foundation
0x00000000007f2000 	/System/Library/Frameworks/AppKit.framework/Versions/C/AppKit
0x00000000007f2000 	/System/Library/Frameworks/CoreData.framework/Versions/A/CoreData
0x00000000007f2000 	/System/Library/PrivateFrameworks/RemoteViewServices.framework/Versions/A/RemoteViewServices
0x00000000007f2000 	/System/Library/PrivateFrameworks/UIFoundation.framework/Versions/A/UIFoundation
0x00000000007f2000 	/usr/lib/libenergytrace.dylib
0x00000000007f2000 	/System/Library/PrivateFrameworks/SkyLight.framework/Versions/A/SkyLight
0x00000000007f2000 	/System/Library/Frameworks/CoreGraphics.framework/Versions/A/CoreGraphics
0x00000000007f2000 	/usr/lib/libScreenReader.dylib
0x00000000007f2000 	/System/Library/Frameworks/Accelerate.framework/Versions/A/Accelerate
0x00000000007f2000 	/System/Library/Frameworks/IOSurface.framework/Versions/A/IOSurface
0x00000000007f2000 	/System/Library/Frameworks/AudioToolbox.framework/Versions/A/AudioToolbox
0x00000000007f2000 	/System/Library/Frameworks/AudioUnit.framework/Versions/A/AudioUnit
0x00000000007f2000 	/System/Library/PrivateFrameworks/DataDetectorsCore.framework/Versions/A/DataDetectorsCore
0x00000000007f2000 	/System/Library/PrivateFrameworks/DesktopServicesPriv.framework/Versions/A/DesktopServicesPriv
0x00000000007f2000 	/System/Library/Frameworks/Carbon.framework/Versions/A/Frameworks/HIToolbox.framework/Versions/A/HIToolbox
0x00000000007f2000 	/usr/lib/libicucore.A.dylib
0x00000000007f2000 	/System/Library/Frameworks/QuartzCore.framework/Versions/A/QuartzCore
0x00000000007f2000 	/System/Library/Frameworks/Carbon.framework/Versions/A/Frameworks/SpeechRecognition.framework/Versions/A/SpeechRecognition
0x00000000007f2000 	/usr/lib/libauto.dylib
0x00000000007f2000 	/usr/lib/libxml2.2.dylib
0x00000000007f2000 	/System/Library/PrivateFrameworks/CoreUI.framework/Versions/A/CoreUI
0x00000000007f2000 	/System/Library/Frameworks/CoreAudio.framework/Versions/A/CoreAudio
0x00000000007f2000 	/System/Library/Frameworks/DiskArbitration.framework/Versions/A/DiskArbitration
0x00000000007f2000 	/usr/lib/liblangid.dylib
0x00000000007f2000 	/System/Library/PrivateFrameworks/MultitouchSupport.framework/Versions/A/MultitouchSupport
0x00000000007f2000 	/System/Library/Frameworks/IOKit.framework/Versions/A/IOKit
0x00000000007f2000 	/usr/lib/libDiagnosticMessagesClient.dylib
0x00000000007f2000 	/System/Library/Frameworks/CoreServices.framework/Versions/A/CoreServices
0x00000000007f2000 	/System/Library/PrivateFrameworks/PerformanceAnalysis.framework/Versions/A/PerformanceAnalysis
0x00000000007f2000 	/System/Library/PrivateFrameworks/GenerationalStorage.framework/Versions/A/GenerationalStorage
0x00000000007f2000 	/System/Library/Frameworks/OpenGL.framework/Versions/A/OpenGL
0x00000000007f2000 	/System/Library/Frameworks/CoreImage.framework/Versions/A/CoreImage
0x00000000007f2000 	/System/Library/Frameworks/CoreText.framework/Versions/A/CoreText
0x00000000007f2000 	/System/Library/Frameworks/ImageIO.framework/Versions/A/ImageIO
0x00000000007f2000 	/System/Library/PrivateFrameworks/Backup.framework/Versions/A/Backup
0x00000000007f2000 	/usr/lib/libarchive.2.dylib
0x00000000007f2000 	/System/Library/Frameworks/CFNetwork.framework/Versions/A/CFNetwork
0x00000000007f2000 	/System/Library/Frameworks/SystemConfiguration.framework/Versions/A/SystemConfiguration
0x00000000007f2000 	/usr/lib/libCRFSuite.dylib
0x00000000007f2000 	/usr/lib/libc++.1.dylib
0x00000000007f2000 	/usr/lib/libc++abi.dylib
0x00000000007f2000 	/usr/lib/system/libcache.dylib
0x00000000007f2000 	/usr/lib/system/libcommonCrypto.dylib
0x00000000007f2000 	/usr/lib/system/libcompiler_rt.dylib
0x00000000007f2000 	/usr/lib/system/libcopyfile.dylib
0x00000000007f2000 	/usr/lib/system/libcorecrypto.dylib
0x00000000007f2000 	/usr/lib/system/libdispatch.dylib
0x00000000007f2000 	/usr/lib/system/libdyld.dylib
0x00000000007f2000 	/usr/lib/system/libkeymgr.dylib
0x00000000007f2000 	/usr/lib/system/liblaunch.dylib
0x00000000007f2000 	/usr/lib/system/libmacho.dylib
0x00000000007f2000 	/usr/lib/system/libquarantine.dylib
0x00000000007f2000 	/usr/lib/system/libremovefile.dylib
0x00000000007f2000 	/usr/lib/system/libsystem_asl.dylib
0x00000000007f2000 	/usr/lib/system/libsystem_blocks.dylib
0x00000000007f2000 	/usr/lib/system/libsystem_c.dylib
0x00000000007f2000 	/usr/lib/system/libsystem_configuration.dylib
0x00000000007f2000 	/usr/lib/system/libsystem_coreservices.dylib
0x00000000007f2000 	/usr/lib/system/libsystem_coretls.dylib
0x00000000007f2000 	/usr/lib/system/libsystem_dnssd.dylib
0x00000000007f2000 	/usr/lib/system/libsystem_info.dylib
0x00000000007f2000 	/usr/lib/system/libsystem_kernel.dylib
0x00000000007f2000 	/usr/lib/system/libsystem_m.dylib
0x00000000007f2000 	/usr/lib/system/libsystem_malloc.dylib
0x00000000007f2000 	/usr/lib/system/libsystem_network.dylib
0x00000000007f2000 	/usr/lib/system/libsystem_networkextension.dylib
0x00000000007f2000 	/usr/lib/system/libsystem_notify.dylib
0x00000000007f2000 	/usr/lib/system/libsystem_platform.dylib
0x00000000007f2000 	/usr/lib/system/libsystem_pthread.dylib
0x00000000007f2000 	/usr/lib/system/libsystem_sandbox.dylib
0x00000000007f2000 	/usr/lib/system/libsystem_secinit.dylib
0x00000000007f2000 	/usr/lib/system/libsystem_symptoms.dylib
0x00000000007f2000 	/usr/lib/system/libsystem_trace.dylib
0x00000000007f2000 	/usr/lib/system/libunwind.dylib
0x00000000007f2000 	/usr/lib/system/libxpc.dylib
0x00000000007f2000 	/usr/lib/libbsm.0.dylib
0x00000000007f2000 	/usr/lib/system/libkxld.dylib
0x00000000007f2000 	/usr/lib/libcoretls.dylib
0x00000000007f2000 	/usr/lib/libcoretls_cfhelpers.dylib
0x00000000007f2000 	/usr/lib/libxar.1.dylib
0x00000000007f2000 	/usr/lib/libsqlite3.dylib
0x00000000007f2000 	/usr/lib/libpam.2.dylib
0x00000000007f2000 	/usr/lib/libOpenScriptingUtil.dylib
0x00000000007f2000 	/usr/lib/libbz2.1.0.dylib
0x00000000007f2000 	/usr/lib/liblzma.5.dylib
0x00000000007f2000 	/usr/lib/libnetwork.dylib
0x00000000007f2000 	/usr/lib/libpcap.A.dylib
0x00000000007f2000 	/System/Library/Frameworks/CoreServices.framework/Versions/A/Frameworks/FSEvents.framework/Versions/A/FSEvents
0x00000000007f2000 	/System/Library/Frameworks/CoreServices.framework/Versions/A/Frameworks/CarbonCore.framework/Versions/A/CarbonCore
0x00000000007f2000 	/System/Library/Frameworks/CoreServices.framework/Versions/A/Frameworks/Metadata.framework/Versions/A/Metadata
0x00000000007f2000 	/System/Library/Frameworks/CoreServices.framework/Versions/A/Frameworks/OSServices.framework/Versions/A/OSServices
0x00000000007f2000 	/System/Library/Frameworks/CoreServices.framework/Versions/A/Frameworks/SearchKit.framework/Versions/A/SearchKit
0x00000000007f2000 	/System/Library/Frameworks/CoreServices.framework/Versions/A/Frameworks/AE.framework/Versions/A/AE
0x00000000007f2000 	/System/Library/Frameworks/CoreServices.framework/Versions/A/Frameworks/LaunchServices.framework/Versions/A/LaunchServices
0x00000000007f2000 	/System/Library/Frameworks/CoreServices.framework/Versions/A/Frameworks/DictionaryServices.framework/Versions/A/DictionaryServices
0x00000000007f2000 	/System/Library/Frameworks/CoreServices.framework/Versions/A/Frameworks/SharedFileList.framework/Versions/A/SharedFileList
0x00000000007f2000 	/System/Library/Frameworks/NetFS.framework/Versions/A/NetFS
0x00000000007f2000 	/System/Library/PrivateFrameworks/NetAuth.framework/Versions/A/NetAuth
0x00000000007f2000 	/System/Library/PrivateFrameworks/login.framework/Versions/A/Frameworks/loginsupport.framework/Versions/A/loginsupport
0x00000000007f2000 	/System/Library/PrivateFrameworks/TCC.framework/Versions/A/TCC
0x00000000007f2000 	/usr/lib/libmecabra.dylib
0x00000000007f2000 	/System/Library/Frameworks/ApplicationServices.framework/Versions/A/Frameworks/ATS.framework/Versions/A/ATS
0x00000000007f2000 	/System/Library/Frameworks/ApplicationServices.framework/Versions/A/Frameworks/ColorSync.framework/Versions/A/ColorSync
0x00000000007f2000 	/System/Library/Frameworks/ApplicationServices.framework/Versions/A/Frameworks/HIServices.framework/Versions/A/HIServices
0x00000000007f2000 	/System/Library/Frameworks/ApplicationServices.framework/Versions/A/Frameworks/LangAnalysis.framework/Versions/A/LangAnalysis
0x00000000007f2000 	/System/Library/Frameworks/ApplicationServices.framework/Versions/A/Frameworks/PrintCore.framework/Versions/A/PrintCore
0x00000000007f2000 	/System/Library/Frameworks/ApplicationServices.framework/Versions/A/Frameworks/QD.framework/Versions/A/QD
0x00000000007f2000 	/System/Library/Frameworks/ApplicationServices.framework/Versions/A/Frameworks/SpeechSynthesis.framework/Versions/A/SpeechSynthesis
0x00000000007f2000 	/System/Library/Frameworks/Accelerate.framework/Versions/A/Frameworks/vImage.framework/Versions/A/vImage
0x00000000007f2000 	/System/Library/Frameworks/Accelerate.framework/Versions/A/Frameworks/vecLib.framework/Versions/A/vecLib
0x00000000007f2000 	/System/Library/Frameworks/Accelerate.framework/Versions/A/Frameworks/vecLib.framework/Versions/A/libvDSP.dylib
0x00000000007f2000 	/System/Library/Frameworks/Accelerate.framework/Versions/A/Frameworks/vecLib.framework/Versions/A/libBNNS.dylib
0x00000000007f2000 	/System/Library/Frameworks/Accelerate.framework/Versions/A/Frameworks/vecLib.framework/Versions/A/libQuadrature.dylib
0x00000000007f2000 	/System/Library/Frameworks/Accelerate.framework/Versions/A/Frameworks/vecLib.framework/Versions/A/libvMisc.dylib
0x00000000007f2000 	/System/Library/Frameworks/Accelerate.framework/Versions/A/Frameworks/vecLib.framework/Versions/A/libLAPACK.dylib
0x00000000007f2000 	/System/Library/Frameworks/Accelerate.framework/Versions/A/Frameworks/vecLib.framework/Versions/A/libBLAS.dylib
0x00000000007f2000 	/System/Library/Frameworks/Accelerate.framework/Versions/A/Frameworks/vecLib.framework/Versions/A/libLinearAlgebra.dylib
0x00000000007f2000 	/System/Library/Frameworks/Accelerate.framework/Versions/A/Frameworks/vecLib.framework/Versions/A/libSparseBLAS.dylib
0x00000000007f2000 	/System/Library/Frameworks/ApplicationServices.framework/Versions/A/Frameworks/ATS.framework/Versions/A/Resources/libFontParser.dylib
0x00000000007f2000 	/System/Library/Frameworks/ApplicationServices.framework/Versions/A/Frameworks/ATS.framework/Versions/A/Resources/libFontRegistry.dylib
0x00000000007f2000 	/System/Library/Frameworks/ImageIO.framework/Versions/A/Resources/libJPEG.dylib
0x00000000007f2000 	/System/Library/Frameworks/ImageIO.framework/Versions/A/Resources/libTIFF.dylib
0x00000000007f2000 	/System/Library/Frameworks/ImageIO.framework/Versions/A/Resources/libPng.dylib
0x00000000007f2000 	/System/Library/Frameworks/ImageIO.framework/Versions/A/Resources/libGIF.dylib
0x00000000007f2000 	/System/Library/Frameworks/ImageIO.framework/Versions/A/Resources/libJP2.dylib
0x00000000007f2000 	/System/Library/Frameworks/ImageIO.framework/Versions/A/Resources/libRadiance.dylib
0x00000000007f2000 	/usr/lib/libcompression.dylib
0x00000000007f2000 	/System/Library/PrivateFrameworks/AppleJPEG.framework/Versions/A/AppleJPEG
0x00000000007f2000 	/usr/lib/libcups.2.dylib
0x00000000007f2000 	/System/Library/Frameworks/Kerberos.framework/Versions/A/Kerberos
0x00000000007f2000 	/System/Library/Frameworks/GSS.framework/Versions/A/GSS
0x00000000007f2000 	/usr/lib/libresolv.9.dylib
0x00000000007f2000 	/usr/lib/libiconv.2.dylib
0x00000000007f2000 	/System/Library/PrivateFrameworks/Heimdal.framework/Versions/A/Heimdal
0x00000000007f2000 	/usr/lib/libheimdal-asn1.dylib
0x00000000007f2000 	/System/Library/Frameworks/OpenDirectory.framework/Versions/A/OpenDirectory
0x00000000007f2000 	/System/Library/PrivateFrameworks/CommonAuth.framework/Versions/A/CommonAuth
0x00000000007f2000 	/System/Library/Frameworks/OpenDirectory.framework/Versions/A/Frameworks/CFOpenDirectory.framework/Versions/A/CFOpenDirectory
0x00000000007f2000 	/System/Library/Frameworks/SecurityFoundation.framework/Versions/A/SecurityFoundation
0x00000000007f2000 	/System/Library/PrivateFrameworks/LanguageModeling.framework/Versions/A/LanguageModeling
0x00000000007f2000 	/usr/lib/libmarisa.dylib
0x00000000007f2000 	/usr/lib/libChineseTokenizer.dylib
0x00000000007f2000 	/usr/lib/libcmph.dylib
0x00000000007f2000 	/System/Library/PrivateFrameworks/CoreEmoji.framework/Versions/A/CoreEmoji
0x00000000007f2000 	/System/Library/Frameworks/ServiceManagement.framework/Versions/A/ServiceManagement
0x00000000007f2000 	/usr/lib/libxslt.1.dylib
0x00000000007f2000 	/System/Library/Frameworks/Carbon.framework/Versions/A/Frameworks/Ink.framework/Versions/A/Ink
0x00000000007f2000 	/System/Library/PrivateFrameworks/TextureIO.framework/Versions/A/TextureIO
0x00000000007f2000 	/System/Library/Frameworks/Metal.framework/Versions/A/Metal
0x00000000007f2000 	/usr/lib/libate.dylib
0x00000000007f2000 	/System/Library/PrivateFrameworks/GPUCompiler.framework/libmetal_timestamp.dylib
0x00000000007f2000 	/System/Library/Frameworks/OpenGL.framework/Versions/A/Libraries/libCoreFSCache.dylib
0x00000000007f2000 	/System/Library/PrivateFrameworks/IOAccelerator.framework/Versions/A/IOAccelerator
0x00000000007f2000 	/System/Library/Frameworks/CoreVideo.framework/Versions/A/CoreVideo
0x00000000007f2000 	/usr/lib/libFosl_dynamic.dylib
0x00000000007f2000 	/System/Library/PrivateFrameworks/MetalPerformanceShaders.framework/Versions/A/MetalPerformanceShaders
0x00000000007f2000 	/System/Library/PrivateFrameworks/FaceCore.framework/Versions/A/FaceCore
0x00000000007f2000 	/System/Library/Frameworks/OpenCL.framework/Versions/A/OpenCL
0x00000000007f2000 	/System/Library/Frameworks/OpenGL.framework/Versions/A/Libraries/libGLU.dylib
0x00000000007f2000 	/System/Library/Frameworks/OpenGL.framework/Versions/A/Libraries/libGFXShared.dylib
0x00000000007f2000 	/System/Library/Frameworks/OpenGL.framework/Versions/A/Libraries/libGL.dylib
0x00000000007f2000 	/System/Library/Frameworks/OpenGL.framework/Versions/A/Libraries/libGLImage.dylib
0x00000000007f2000 	/System/Library/Frameworks/OpenGL.framework/Versions/A/Libraries/libCVMSPluginSupport.dylib
0x00000000007f2000 	/System/Library/Frameworks/OpenGL.framework/Versions/A/Libraries/libCoreVMClient.dylib
0x00000000007f2000 	/System/Library/PrivateFrameworks/CrashReporterSupport.framework/Versions/A/CrashReporterSupport
0x00000000007f2000 	/System/Library/PrivateFrameworks/Sharing.framework/Versions/A/Sharing
0x00000000007f2000 	/System/Library/PrivateFrameworks/IconServices.framework/Versions/A/IconServices
0x00000000007f2000 	/System/Library/PrivateFrameworks/ProtocolBuffer.framework/Versions/A/ProtocolBuffer
0x00000000007f2000 	/System/Library/PrivateFrameworks/Apple80211.framework/Versions/A/Apple80211
0x00000000007f2000 	/System/Library/Frameworks/CoreWLAN.framework/Versions/A/CoreWLAN
0x00000000007f2000 	/System/Library/PrivateFrameworks/CoreUtils.framework/Versions/A/CoreUtils
0x00000000007f2000 	/System/Library/Frameworks/IOBluetooth.framework/Versions/A/IOBluetooth
0x00000000007f2000 	/System/Library/PrivateFrameworks/CoreWiFi.framework/Versions/A/CoreWiFi
0x00000000007f2000 	/System/Library/Frameworks/CoreBluetooth.framework/Versions/A/CoreBluetooth
0x00000000007f2000 	/System/Library/Frameworks/CoreDisplay.framework/Versions/A/CoreDisplay
0x00000000007f2000 	/System/Library/PrivateFrameworks/IOPresentment.framework/Versions/A/IOPresentment
0x00000000007f2000 	/System/Library/PrivateFrameworks/DebugSymbols.framework/Versions/A/DebugSymbols
0x00000000007f2000 	/System/Library/PrivateFrameworks/CoreSymbolication.framework/Versions/A/CoreSymbolication
0x00000000007f2000 	/System/Library/PrivateFrameworks/Symbolication.framework/Versions/A/Symbolication
0x00000000007f2000 	/System/Library/PrivateFrameworks/AppleFSCompression.framework/Versions/A/AppleFSCompression
0x00000000007f2000 	/System/Library/PrivateFrameworks/SpeechRecognitionCore.framework/Versions/A/SpeechRecognitionCore
0x00000000007f2000 	/System/Library/PrivateFrameworks/ChunkingLibrary.framework/Versions/A/ChunkingLibrary
0x0000000102600000 	/Library/Java/JavaVirtualMachines/jdk1.8.0_45.jdk/Contents/Home/jre/lib/server/libjvm.dylib
0x00000000007f2000 	/usr/lib/libstdc++.6.dylib
0x00000001015c8000 	/Library/Java/JavaVirtualMachines/jdk1.8.0_45.jdk/Contents/Home/jre/lib/libverify.dylib
0x0000000103569000 	/Library/Java/JavaVirtualMachines/jdk1.8.0_45.jdk/Contents/Home/jre/lib/libjava.dylib
0x00000001015e0000 	/Library/Java/JavaVirtualMachines/jdk1.8.0_45.jdk/Contents/Home/jre/lib/libzip.dylib
0x0000000119c0c000 	/System/Library/Frameworks/JavaVM.framework/Frameworks/JavaRuntimeSupport.framework/JavaRuntimeSupport
0x00000001015ea000 	/System/Library/Frameworks/JavaVM.framework/Versions/A/Frameworks/JavaNativeFoundation.framework/Versions/A/JavaNativeFoundation
0x0000000119c26000 	/System/Library/Frameworks/JavaVM.framework/Versions/A/JavaVM
0x00000000007f2000 	/System/Library/Frameworks/Carbon.framework/Versions/A/Carbon
0x0000000119c33000 	/System/Library/PrivateFrameworks/JavaLaunching.framework/Versions/A/JavaLaunching
0x00000000007f2000 	/System/Library/Frameworks/Carbon.framework/Versions/A/Frameworks/CommonPanels.framework/Versions/A/CommonPanels
0x00000000007f2000 	/System/Library/Frameworks/Carbon.framework/Versions/A/Frameworks/Help.framework/Versions/A/Help
0x00000000007f2000 	/System/Library/Frameworks/Carbon.framework/Versions/A/Frameworks/ImageCapture.framework/Versions/A/ImageCapture
0x00000000007f2000 	/System/Library/Frameworks/Carbon.framework/Versions/A/Frameworks/OpenScripting.framework/Versions/A/OpenScripting
0x00000000007f2000 	/System/Library/Frameworks/Carbon.framework/Versions/A/Frameworks/Print.framework/Versions/A/Print
0x00000000007f2000 	/System/Library/Frameworks/Carbon.framework/Versions/A/Frameworks/SecurityHI.framework/Versions/A/SecurityHI
0x000000011b555000 	/Library/Java/JavaVirtualMachines/jdk1.8.0_45.jdk/Contents/Home/jre/lib/libawt.dylib
0x000000011b5fd000 	/Library/Java/JavaVirtualMachines/jdk1.8.0_45.jdk/Contents/Home/jre/lib/./libmlib_image.dylib
0x000000011b6c9000 	/Library/Java/JavaVirtualMachines/jdk1.8.0_45.jdk/Contents/Home/jre/lib/libawt_lwawt.dylib
0x000000011b77d000 	/Library/Java/JavaVirtualMachines/jdk1.8.0_45.jdk/Contents/Home/jre/lib/./libosxapp.dylib
0x00000000007f2000 	/System/Library/Frameworks/ExceptionHandling.framework/Versions/A/ExceptionHandling
0x00000000007f2000 	/System/Library/PrivateFrameworks/CoreServicesInternal.framework/Versions/A/CoreServicesInternal
0x00000000007f2000 	/System/Library/CoreServices/RawCamera.bundle/Contents/MacOS/RawCamera
0x000000011baa2000 	/System/Library/Frameworks/Accelerate.framework/Frameworks/vImage.framework/Versions/A/Libraries/libCGInterfaces.dylib
0x00000000007f2000 	/System/Library/Frameworks/ApplicationServices.framework/Versions/A/Frameworks/ATS.framework/Versions/A/Resources/libTrueTypeScaler.dylib
0x000000011d597000 	/System/Library/Frameworks/OpenGL.framework/Resources/GLEngine.bundle/GLEngine
0x000000011d77b000 	/System/Library/Frameworks/OpenGL.framework/Versions/A/Libraries/libGLProgrammability.dylib
0x000000011dba9000 	/System/Library/Extensions/AppleIntelHD4000GraphicsGLDriver.bundle/Contents/MacOS/AppleIntelHD4000GraphicsGLDriver
0x00000000007f2000 	/System/Library/PrivateFrameworks/GPUSupport.framework/Versions/A/Libraries/libGPUSupportMercury.dylib
0x00000000007f2000 	/System/Library/Extensions/GeForceGLDriver.bundle/Contents/MacOS/GeForceGLDriver
0x00000000007f2000 	/System/Library/Extensions/GeForceGLDriver.bundle/Contents/MacOS/libclh.dylib
0x000000011c257000 	/System/Library/Frameworks/OpenGL.framework/Resources//GLRendererFloat.bundle/GLRendererFloat
0x00000000007f2000 	/System/Library/Frameworks/OpenCL.framework/Versions/A/Libraries/libcldcpuengine.dylib
0x00000000007f2000 	/usr/lib/libcrypto.0.9.8.dylib
0x00000000007f2000 	/System/Library/PrivateFrameworks/TrustEvaluationAgent.framework/Versions/A/TrustEvaluationAgent
0x00000000007f2000 	/System/Library/Extensions/GeForceMTLDriver.bundle/Contents/MacOS/GeForceMTLDriver
0x000000011e26a000 	/System/Library/Extensions/AppleIntelHD4000GraphicsMTLDriver.bundle/Contents/MacOS/AppleIntelHD4000GraphicsMTLDriver
0x00000000007f2000 	/System/Library/PrivateFrameworks/FamilyControls.framework/Versions/A/FamilyControls
0x00000000007f2000 	/System/Library/PrivateFrameworks/CommerceKit.framework/Versions/A/Frameworks/CommerceCore.framework/Versions/A/CommerceCore
0x00000000007f2000 	/System/Library/PrivateFrameworks/SystemAdministration.framework/Versions/A/SystemAdministration
0x00000000007f2000 	/System/Library/PrivateFrameworks/AppContainer.framework/Versions/A/AppContainer
0x00000000007f2000 	/System/Library/PrivateFrameworks/SecCodeWrapper.framework/Versions/A/SecCodeWrapper
0x00000000007f2000 	/System/Library/Frameworks/DirectoryService.framework/Versions/A/DirectoryService
0x00000000007f2000 	/System/Library/PrivateFrameworks/DiskImages.framework/Versions/A/DiskImages
0x00000000007f2000 	/System/Library/PrivateFrameworks/LoginUIKit.framework/Versions/A/Frameworks/LoginUICore.framework/Versions/A/LoginUICore
0x00000000007f2000 	/usr/lib/libCoreStorage.dylib
0x00000000007f2000 	/usr/lib/libcsfde.dylib
0x00000000007f2000 	/usr/lib/libodfde.dylib
0x00000000007f2000 	/System/Library/Frameworks/DiscRecording.framework/Versions/A/DiscRecording
0x00000000007f2000 	/usr/lib/libcurl.4.dylib
0x00000000007f2000 	/System/Library/PrivateFrameworks/MediaKit.framework/Versions/A/MediaKit
0x00000000007f2000 	/System/Library/PrivateFrameworks/ProtectedCloudStorage.framework/Versions/A/ProtectedCloudStorage
0x00000000007f2000 	/System/Library/PrivateFrameworks/EFILogin.framework/Versions/A/EFILogin
0x00000000007f2000 	/usr/lib/libutil.dylib
0x00000000007f2000 	/System/Library/Frameworks/LDAP.framework/Versions/A/LDAP
0x00000000007f2000 	/usr/lib/libsasl2.2.dylib
0x00000000007f2000 	/System/Library/PrivateFrameworks/CoreDaemon.framework/Versions/B/CoreDaemon
0x00000000007f2000 	/System/Library/PrivateFrameworks/AppleSRP.framework/Versions/A/AppleSRP
0x00000000007f2000 	/System/Library/PrivateFrameworks/APFS.framework/Versions/A/APFS
0x000000011f645000 	/Library/Java/JavaVirtualMachines/jdk1.8.0_45.jdk/Contents/Home/jre/lib/libfontmanager.dylib
0x000000011f6ac000 	/Users/haowu/Documents/workspace/GameEngine/lib/natives/liblwjgl.dylib
0x000000011bb7b000 	/Library/Java/JavaVirtualMachines/jdk1.8.0_45.jdk/Contents/Home/jre/lib/libjawt.dylib
0x00000000007f2000 	/System/Library/PrivateFrameworks/ViewBridge.framework/Versions/A/ViewBridge
0x00000000007f2000 	/System/Library/PrivateFrameworks/XPCService.framework/Versions/A/XPCService
0x00000000007f2000 	/System/Library/PrivateFrameworks/AppSandbox.framework/Versions/A/AppSandbox
0x00000000007f2000 	/usr/lib/libsandbox.1.dylib
0x00000000007f2000 	/usr/lib/libMatch.1.dylib

VM Arguments:
jvm_args: -Djava.library.path=/Users/haowu/Documents/workspace/GameEngine/lib/natives -Dfile.encoding=UTF-8 
java_command: mainGame.MainGameLoop
java_class_path (initial): /Users/haowu/Documents/workspace/GameEngine/lib/jars/lwjgl_util.jar:/Users/haowu/Documents/workspace/GameEngine/lib/jars/lwjgl.jar:/Users/haowu/Documents/workspace/GameEngine/lib/jars/slick-util.jar:/Users/haowu/Documents/workspace/GameEngine/lib/jars/PNGDecoder.jar:/Users/haowu/Documents/workspace/GameEngine/bin
Launcher Type: SUN_STANDARD

Environment Variables:
PATH=/usr/bin:/bin:/usr/sbin:/sbin
SHELL=/bin/bash
DISPLAY=/private/tmp/com.apple.launchd.M8bp30xAnM/org.macosforge.xquartz:0

Signal Handlers:
SIGSEGV: [libjvm.dylib+0x58ef95], sa_mask[0]=11111111011111110111111111111111, sa_flags=SA_ONSTACK|SA_RESTART|SA_SIGINFO
SIGBUS: [libjvm.dylib+0x58ef95], sa_mask[0]=11111111011111110111111111111111, sa_flags=SA_RESTART|SA_SIGINFO
SIGFPE: [libjvm.dylib+0x46c108], sa_mask[0]=11111111011111110111111111111111, sa_flags=SA_RESTART|SA_SIGINFO
SIGPIPE: [libjvm.dylib+0x46c108], sa_mask[0]=11111111011111110111111111111111, sa_flags=SA_RESTART|SA_SIGINFO
SIGXFSZ: [libjvm.dylib+0x46c108], sa_mask[0]=11111111011111110111111111111111, sa_flags=SA_RESTART|SA_SIGINFO
SIGILL: [libjvm.dylib+0x46c108], sa_mask[0]=11111111011111110111111111111111, sa_flags=SA_RESTART|SA_SIGINFO
SIGUSR1: SIG_DFL, sa_mask[0]=00000000000000000000000000000000, sa_flags=none
SIGUSR2: [libjvm.dylib+0x46bc26], sa_mask[0]=00100000000000000000000000000000, sa_flags=SA_RESTART|SA_SIGINFO
SIGHUP: [libjvm.dylib+0x46a1f9], sa_mask[0]=11111111011111110111111111111111, sa_flags=SA_RESTART|SA_SIGINFO
SIGINT: [libjvm.dylib+0x46a1f9], sa_mask[0]=11111111011111110111111111111111, sa_flags=SA_RESTART|SA_SIGINFO
SIGTERM: [libjvm.dylib+0x46a1f9], sa_mask[0]=11111111011111110111111111111111, sa_flags=SA_RESTART|SA_SIGINFO
SIGQUIT: [libjvm.dylib+0x46a1f9], sa_mask[0]=11111111011111110111111111111111, sa_flags=SA_RESTART|SA_SIGINFO


---------------  S Y S T E M  ---------------

OS:Bsduname:Darwin 16.1.0 Darwin Kernel Version 16.1.0: Thu Oct 13 21:26:57 PDT 2016; root:xnu-3789.21.3~60/RELEASE_X86_64 x86_64
rlimit: STACK 8192k, CORE 0k, NPROC 709, NOFILE 10240, AS infinity
load average:1.94 1.82 1.78

CPU:total 8 (4 cores per cpu, 2 threads per core) family 6 model 58 stepping 9, cmov, cx8, fxsr, mmx, sse, sse2, sse3, ssse3, sse4.1, sse4.2, popcnt, avx, aes, clmul, erms, ht, tsc, tscinvbit, tscinv

Memory: 4k page, physical 8388608k(436096k free)

/proc/meminfo:


vm_info: Java HotSpot(TM) 64-Bit Server VM (25.45-b02) for bsd-amd64 JRE (1.8.0_45-b14), built on Apr 10 2015 10:46:38 by "java_re" with gcc 4.2.1 (Based on Apple Inc. build 5658) (LLVM build 2336.11.00)

time: Tue Oct 25 20:14:37 2016
elapsed time: 9 seconds (0d 0h 0m 9s)

