#
# A fatal error has been detected by the Java Runtime Environment:
#
#  SIGSEGV (0xb) at pc=0x0000000110106b23, pid=1425, tid=775
#
# JRE version: Java(TM) SE Runtime Environment (8.0_45-b14) (build 1.8.0_45-b14)
# Java VM: Java HotSpot(TM) 64-Bit Server VM (25.45-b02 mixed mode bsd-amd64 compressed oops)
# Problematic frame:
# V  [libjvm.dylib+0x306b23]  jni_GetObjectClass+0x65
#
# Failed to write core dump. Core dumps have been disabled. To enable core dumping, try "ulimit -c unlimited" before starting Java again
#
# If you would like to submit a bug report, please visit:
#   http://bugreport.java.com/bugreport/crash.jsp
#

---------------  T H R E A D  ---------------

Current thread (0x00007fe6300c8000):  JavaThread "AppKit Thread" daemon [_thread_in_vm, id=775, stack(0x00007fff50788000,0x00007fff50f88000)]

siginfo: si_signo: 11 (SIGSEGV), si_code: 1 (SEGV_MAPERR), si_addr: 0x0000000000000000

Registers:
RAX=0x00000001106b8494, RBX=0x0000000000000000, RCX=0x00000001105fa190, RDX=0x0000000000000000
RSP=0x00007fff50f84c30, RBP=0x00007fff50f84c80, RSI=0x0000000000000000, RDI=0x00007fe6300c81f8
R8 =0x000000000000008c, R9 =0x00007fe62ecb3bc8, R10=0x00007fff8ff4eaa8, R11=0x00007fe62fc1b6b0
R12=0x00007fe630848220, R13=0x00007fe62ecb3bd0, R14=0x00007fe6300c81f8, R15=0x00007fe6300c8000
RIP=0x0000000110106b23, EFLAGS=0x0000000000010202, ERR=0x0000000000000004
  TRAPNO=0x000000000000000e

Top of Stack: (sp=0x00007fff50f84c30)
0x00007fff50f84c30:   00007fff50f84c78 00007fe6300c8000
0x00007fff50f84c40:   0000000000000000 0000000110115e80
0x00007fff50f84c50:   00007fe62ecb3bd0 00007fe6300c8000
0x00007fff50f84c60:   00007fe6300c8000 00007fe62ecb3bd0
0x00007fff50f84c70:   00007fe6308405e0 00007fe6300c81f8
0x00007fff50f84c80:   00007fff50f84ce0 000000012cde93a7
0x00007fff50f84c90:   00007fff8fcfd090 00007fe6308405e0
0x00007fff50f84ca0:   00007fff50f84cc0 00007fff75b0007d
0x00007fff50f84cb0:   40c6987d599c0413 0000000000000004
0x00007fff50f84cc0:   00007fe630848220 00007fe62ecb3bd0
0x00007fff50f84cd0:   00007fe6308405e0 00007fe6308405e0
0x00007fff50f84ce0:   00007fff50f85140 00007fff740641c9
0x00007fff50f84cf0:   0000000000000000 ffff8019d13d1ab0
0x00007fff50f84d00:   0000000000000000 0000000000000000
0x00007fff50f84d10:   0000000000000800 ffff8019d134c430
0x00007fff50f84d20:   00007fe62ecb3bd0 00007fff93941480
0x00007fff50f84d30:   00007fe630848220 00007fff8a3f2ba5
0x00007fff50f84d40:   00007fff93941c80 00007fe62ecb3bd0
0x00007fff50f84d50:   0000000050f84d80 ffff8019d134c430
0x00007fff50f84d60:   00007fe62f00bc80 00007fe630848220
0x00007fff50f84d70:   00007fff8a3eab40 00007fff8a3eab40
0x00007fff50f84d80:   00007fff8ff43b80 00007fff8ff43848
0x00007fff50f84d90:   00007fff50f84dc0 00007fff73981f5b
0x00007fff50f84da0:   0000000000000000 00000000000000f8
0x00007fff50f84db0:   00007fe62ec2e550 00007fe630848220
0x00007fff50f84dc0:   00007fff50f85140 00007fff7406825c
0x00007fff50f84dd0:   00007fff7432db84 00007fff7432daf2
0x00007fff50f84de0:   00007fe630848220 00007fff898ae115
0x00007fff50f84df0:   00007fff50f84e20 00007fff87149a9c
0x00007fff50f84e00:   0000000000000001 0000000000000000
0x00007fff50f84e10:   00007fff50f84e20 00007fff8714ce80
0x00007fff50f84e20:   00007fff50f84e40 00007fff87152769 

Instructions: (pc=0x0000000110106b23)
0x0000000110106b03:   74 09 48 8d 7d b8 e8 6e 44 19 00 4c 89 f7 48 89
0x0000000110106b13:   de 90 0f 1f 40 00 48 8d 05 74 19 5b 00 80 38 00
0x0000000110106b23:   48 8b 03 74 15 48 8d 15 f1 e9 50 00 8a 4a 08 8b
0x0000000110106b33:   40 08 48 d3 e0 48 03 02 eb 04 48 8b 40 08 48 8b 

Register to memory mapping:

RAX=0x00000001106b8494: UseCompressedClassPointers+0 in /Library/Java/JavaVirtualMachines/jdk1.8.0_45.jdk/Contents/Home/jre/lib/server/libjvm.dylib at 0x000000010fe00000
RBX=0x0000000000000000 is an unknown value
RCX=0x00000001105fa190: UseMembar+0 in /Library/Java/JavaVirtualMachines/jdk1.8.0_45.jdk/Contents/Home/jre/lib/server/libjvm.dylib at 0x000000010fe00000
RDX=0x0000000000000000 is an unknown value
RSP=0x00007fff50f84c30 is pointing into the stack for thread: 0x00007fe6300c8000
RBP=0x00007fff50f84c80 is pointing into the stack for thread: 0x00007fe6300c8000
RSI=0x0000000000000000 is an unknown value
RDI=0x00007fe6300c81f8 is an unknown value
R8 =0x000000000000008c is an unknown value
R9 =0x00007fe62ecb3bc8 is an unknown value
R10=0x00007fff8ff4eaa8: OBJC_CLASS_$_NSEvent+0 in /System/Library/Frameworks/AppKit.framework/Versions/C/AppKit at 0x00007fff737a8000
R11=0x00007fe62fc1b6b0 is an unknown value
R12=0x00007fe630848220 is an unknown value
R13=0x00007fe62ecb3bd0 is an unknown value
R14=0x00007fe6300c81f8 is an unknown value
R15=0x00007fe6300c8000 is a thread


Stack: [0x00007fff50788000,0x00007fff50f88000],  sp=0x00007fff50f84c30,  free space=8179k
Native frames: (J=compiled Java code, j=interpreted, Vv=VM code, C=native code)
V  [libjvm.dylib+0x306b23]  jni_GetObjectClass+0x65
C  [liblwjgl.dylib+0xb3a7]  -[MacOSXOpenGLView scrollWheel:]+0x77
C  [AppKit+0x8bc1c9]  -[NSWindow(NSEventRouting) _reallySendEvent:isDelayedEvent:]+0x1a4f
C  [AppKit+0x8ba3ae]  -[NSWindow(NSEventRouting) sendEvent:]+0x21d
C  [AppKit+0x75a8de]  -[NSApplication(NSEvent) sendEvent:]+0x88a
C  [libosxapp.dylib+0x23ac]  -[NSApplicationAWT sendEvent:]+0x109
C  [AppKit+0x3b589]  -[NSApplication run]+0x3ea
C  [libosxapp.dylib+0x223e]  +[NSApplicationAWT runAWTLoopWithApp:]+0x9c
C  [libawt_lwawt.dylib+0x4462b]  -[AWTStarter starter:]+0x389
C  [Foundation+0x71f2a]  __NSThreadPerformPerform+0x146
C  [CoreFoundation+0xa44c1]  __CFRUNLOOP_IS_CALLING_OUT_TO_A_SOURCE0_PERFORM_FUNCTION__+0x11
C  [CoreFoundation+0x858cc]  __CFRunLoopDoSources0+0x22c
C  [CoreFoundation+0x84db6]  __CFRunLoopRun+0x3a6
C  [CoreFoundation+0x847b4]  CFRunLoopRunSpecific+0x1a4
C  [java+0x6490]  CreateExecutionEnvironment+0x367
C  [java+0x221c]  JLI_Launch+0x7a0
C  [java+0x84ed]  main+0x65
C  [java+0x1a74]  start+0x34
C  0x0000000000000006


---------------  P R O C E S S  ---------------

Java Threads: ( => current thread )
  0x00007fe62f36c800 JavaThread "AWT-Shutdown" [_thread_blocked, id=32291, stack(0x000070000cded000,0x000070000ceed000)]
  0x00007fe63135e000 JavaThread "Java2D Disposer" daemon [_thread_blocked, id=64891, stack(0x000070000d0fc000,0x000070000d1fc000)]
=>0x00007fe6300c8000 JavaThread "AppKit Thread" daemon [_thread_in_vm, id=775, stack(0x00007fff50788000,0x00007fff50f88000)]
  0x00007fe630014800 JavaThread "Service Thread" daemon [_thread_blocked, id=21251, stack(0x000070000cb64000,0x000070000cc64000)]
  0x00007fe62f819000 JavaThread "C1 CompilerThread3" daemon [_thread_blocked, id=20739, stack(0x000070000ca61000,0x000070000cb61000)]
  0x00007fe62f818800 JavaThread "C2 CompilerThread2" daemon [_thread_blocked, id=20227, stack(0x000070000c95e000,0x000070000ca5e000)]
  0x00007fe62f817800 JavaThread "C2 CompilerThread1" daemon [_thread_blocked, id=19715, stack(0x000070000c85b000,0x000070000c95b000)]
  0x00007fe62f816000 JavaThread "C2 CompilerThread0" daemon [_thread_blocked, id=19203, stack(0x000070000c758000,0x000070000c858000)]
  0x00007fe62f801000 JavaThread "Signal Dispatcher" daemon [_thread_blocked, id=18691, stack(0x000070000c655000,0x000070000c755000)]
  0x00007fe62f810000 JavaThread "Finalizer" daemon [_thread_blocked, id=14339, stack(0x000070000c4cf000,0x000070000c5cf000)]
  0x00007fe63003b000 JavaThread "Reference Handler" daemon [_thread_blocked, id=13827, stack(0x000070000c3cc000,0x000070000c4cc000)]
  0x00007fe62f806000 JavaThread "main" [_thread_in_native, id=6915, stack(0x000070000b9ae000,0x000070000baae000)]

Other Threads:
  0x00007fe630038800 VMThread [stack: 0x000070000c2c9000,0x000070000c3c9000] [id=13315]
  0x00007fe630015000 WatcherThread [stack: 0x000070000cc67000,0x000070000cd67000] [id=21763]

VM state:not at safepoint (normal execution)

VM Mutex/Monitor currently owned by a thread: None

Heap:
 PSYoungGen      total 71680K, used 31233K [0x0000000795580000, 0x00000007a1000000, 0x00000007c0000000)
  eden space 66560K, 39% used [0x0000000795580000,0x0000000796f00428,0x0000000799680000)
  from space 5120K, 100% used [0x0000000799680000,0x0000000799b80000,0x0000000799b80000)
  to   space 44544K, 0% used [0x000000079e480000,0x000000079e480000,0x00000007a1000000)
 ParOldGen       total 154112K, used 82377K [0x0000000740000000, 0x0000000749680000, 0x0000000795580000)
  object space 154112K, 53% used [0x0000000740000000,0x0000000745072728,0x0000000749680000)
 Metaspace       used 9064K, capacity 9239K, committed 9472K, reserved 1058816K
  class space    used 906K, capacity 984K, committed 1024K, reserved 1048576K

Card table byte_map: [0x0000000111129000,0x000000011152a000] byte_map_base: 0x000000010d729000

Marking Bits: (ParMarkBitMap*) 0x00000001106c27a0
 Begin Bits: [0x00000001117d5000, 0x00000001137d5000)
 End Bits:   [0x00000001137d5000, 0x00000001157d5000)

Polling page: 0x000000010ed38000

CodeCache: size=245760Kb used=4931Kb max_used=4942Kb free=240828Kb
 bounds [0x00000001191a1000, 0x0000000119681000, 0x00000001281a1000]
 total_blobs=1859 nmethods=1387 adapters=386
 compilation: enabled

Compilation events (10 events):
Event: 5.644 Thread 0x00007fe62f819000 nmethod 1383 0x0000000119675ed0 code [0x0000000119676040, 0x00000001196761f0]
Event: 5.647 Thread 0x00007fe62f816000 1384       4       org.lwjgl.opengl.GL13::glActiveTexture (19 bytes)
Event: 5.648 Thread 0x00007fe62f816000 nmethod 1384 0x00000001196745d0 code [0x0000000119674720, 0x0000000119674828]
Event: 5.693 Thread 0x00007fe62f819000 1385       3       java.util.IdentityHashMap::isEmpty (13 bytes)
Event: 5.693 Thread 0x00007fe62f819000 nmethod 1385 0x0000000119674250 code [0x00000001196743c0, 0x0000000119674570]
Event: 5.693 Thread 0x00007fe62f819000 1386       3       java.util.HashSet::isEmpty (8 bytes)
Event: 5.694 Thread 0x00007fe62f819000 nmethod 1386 0x0000000119675a10 code [0x0000000119675b80, 0x0000000119675e10]
Event: 5.722 Thread 0x00007fe62f819000 1387       3       org.lwjgl.opengl.APIUtil::getBufferInt (8 bytes)
Event: 5.722 Thread 0x00007fe62f819000 nmethod 1387 0x0000000119675650 code [0x00000001196757c0, 0x0000000119675910]
Event: 5.760 Thread 0x00007fe62f817800 1388       4       java.nio.DirectByteBuffer::put (18 bytes)

GC Heap History (10 events):
Event: 2.234 GC heap before
{Heap before GC invocations=2 (full 0):
 PSYoungGen      total 38400K, used 35583K [0x0000000795580000, 0x0000000798000000, 0x00000007c0000000)
  eden space 33280K, 100% used [0x0000000795580000,0x0000000797600000,0x0000000797600000)
  from space 5120K, 44% used [0x0000000797600000,0x000000079783fe68,0x0000000797b00000)
  to   space 5120K, 0% used [0x0000000797b00000,0x0000000797b00000,0x0000000798000000)
 ParOldGen       total 87552K, used 16K [0x0000000740000000, 0x0000000745580000, 0x0000000795580000)
  object space 87552K, 0% used [0x0000000740000000,0x0000000740004000,0x0000000745580000)
 Metaspace       used 8311K, capacity 8471K, committed 8704K, reserved 1056768K
  class space    used 850K, capacity 920K, committed 1024K, reserved 1048576K
Event: 2.238 GC heap after
Heap after GC invocations=2 (full 0):
 PSYoungGen      total 38400K, used 5104K [0x0000000795580000, 0x0000000798000000, 0x00000007c0000000)
  eden space 33280K, 0% used [0x0000000795580000,0x0000000795580000,0x0000000797600000)
  from space 5120K, 99% used [0x0000000797b00000,0x0000000797ffc010,0x0000000798000000)
  to   space 5120K, 0% used [0x0000000797600000,0x0000000797600000,0x0000000797b00000)
 ParOldGen       total 87552K, used 2281K [0x0000000740000000, 0x0000000745580000, 0x0000000795580000)
  object space 87552K, 2% used [0x0000000740000000,0x000000074023a430,0x0000000745580000)
 Metaspace       used 8311K, capacity 8471K, committed 8704K, reserved 1056768K
  class space    used 850K, capacity 920K, committed 1024K, reserved 1048576K
}
Event: 2.312 GC heap before
{Heap before GC invocations=3 (full 0):
 PSYoungGen      total 38400K, used 38384K [0x0000000795580000, 0x0000000798000000, 0x00000007c0000000)
  eden space 33280K, 100% used [0x0000000795580000,0x0000000797600000,0x0000000797600000)
  from space 5120K, 99% used [0x0000000797b00000,0x0000000797ffc010,0x0000000798000000)
  to   space 5120K, 0% used [0x0000000797600000,0x0000000797600000,0x0000000797b00000)
 ParOldGen       total 87552K, used 2281K [0x0000000740000000, 0x0000000745580000, 0x0000000795580000)
  object space 87552K, 2% used [0x0000000740000000,0x000000074023a430,0x0000000745580000)
 Metaspace       used 8314K, capacity 8471K, committed 8704K, reserved 1056768K
  class space    used 850K, capacity 920K, committed 1024K, reserved 1048576K
Event: 2.336 GC heap after
Heap after GC invocations=3 (full 0):
 PSYoungGen      total 38400K, used 5104K [0x0000000795580000, 0x000000079a080000, 0x00000007c0000000)
  eden space 33280K, 0% used [0x0000000795580000,0x0000000795580000,0x0000000797600000)
  from space 5120K, 99% used [0x0000000797600000,0x0000000797afc010,0x0000000797b00000)
  to   space 5120K, 0% used [0x0000000799b80000,0x0000000799b80000,0x000000079a080000)
 ParOldGen       total 87552K, used 31859K [0x0000000740000000, 0x0000000745580000, 0x0000000795580000)
  object space 87552K, 36% used [0x0000000740000000,0x0000000741f1cc88,0x0000000745580000)
 Metaspace       used 8314K, capacity 8471K, committed 8704K, reserved 1056768K
  class space    used 850K, capacity 920K, committed 1024K, reserved 1048576K
}
Event: 2.401 GC heap before
{Heap before GC invocations=4 (full 0):
 PSYoungGen      total 38400K, used 38384K [0x0000000795580000, 0x000000079a080000, 0x00000007c0000000)
  eden space 33280K, 100% used [0x0000000795580000,0x0000000797600000,0x0000000797600000)
  from space 5120K, 99% used [0x0000000797600000,0x0000000797afc010,0x0000000797b00000)
  to   space 5120K, 0% used [0x0000000799b80000,0x0000000799b80000,0x000000079a080000)
 ParOldGen       total 87552K, used 31859K [0x0000000740000000, 0x0000000745580000, 0x0000000795580000)
  object space 87552K, 36% used [0x0000000740000000,0x0000000741f1cc88,0x0000000745580000)
 Metaspace       used 8314K, capacity 8471K, committed 8704K, reserved 1056768K
  class space    used 850K, capacity 920K, committed 1024K, reserved 1048576K
Event: 2.429 GC heap after
Heap after GC invocations=4 (full 0):
 PSYoungGen      total 71680K, used 5120K [0x0000000795580000, 0x000000079a080000, 0x00000007c0000000)
  eden space 66560K, 0% used [0x0000000795580000,0x0000000795580000,0x0000000799680000)
  from space 5120K, 100% used [0x0000000799b80000,0x000000079a080000,0x000000079a080000)
  to   space 5120K, 0% used [0x0000000799680000,0x0000000799680000,0x0000000799b80000)
 ParOldGen       total 87552K, used 62006K [0x0000000740000000, 0x0000000745580000, 0x0000000795580000)
  object space 87552K, 70% used [0x0000000740000000,0x0000000743c8d888,0x0000000745580000)
 Metaspace       used 8314K, capacity 8471K, committed 8704K, reserved 1056768K
  class space    used 850K, capacity 920K, committed 1024K, reserved 1048576K
}
Event: 2.429 GC heap before
{Heap before GC invocations=5 (full 1):
 PSYoungGen      total 71680K, used 5120K [0x0000000795580000, 0x000000079a080000, 0x00000007c0000000)
  eden space 66560K, 0% used [0x0000000795580000,0x0000000795580000,0x0000000799680000)
  from space 5120K, 100% used [0x0000000799b80000,0x000000079a080000,0x000000079a080000)
  to   space 5120K, 0% used [0x0000000799680000,0x0000000799680000,0x0000000799b80000)
 ParOldGen       total 87552K, used 62006K [0x0000000740000000, 0x0000000745580000, 0x0000000795580000)
  object space 87552K, 70% used [0x0000000740000000,0x0000000743c8d888,0x0000000745580000)
 Metaspace       used 8314K, capacity 8471K, committed 8704K, reserved 1056768K
  class space    used 850K, capacity 920K, committed 1024K, reserved 1048576K
Event: 2.686 GC heap after
Heap after GC invocations=5 (full 1):
 PSYoungGen      total 71680K, used 0K [0x0000000795580000, 0x000000079a080000, 0x00000007c0000000)
  eden space 66560K, 0% used [0x0000000795580000,0x0000000795580000,0x0000000799680000)
  from space 5120K, 0% used [0x0000000799b80000,0x0000000799b80000,0x000000079a080000)
  to   space 5120K, 0% used [0x0000000799680000,0x0000000799680000,0x0000000799b80000)
 ParOldGen       total 154112K, used 65301K [0x0000000740000000, 0x0000000749680000, 0x0000000795580000)
  object space 154112K, 42% used [0x0000000740000000,0x0000000743fc5740,0x0000000749680000)
 Metaspace       used 8314K, capacity 8471K, committed 8704K, reserved 1056768K
  class space    used 850K, capacity 920K, committed 1024K, reserved 1048576K
}
Event: 3.984 GC heap before
{Heap before GC invocations=6 (full 1):
 PSYoungGen      total 71680K, used 66560K [0x0000000795580000, 0x000000079a080000, 0x00000007c0000000)
  eden space 66560K, 100% used [0x0000000795580000,0x0000000799680000,0x0000000799680000)
  from space 5120K, 0% used [0x0000000799b80000,0x0000000799b80000,0x000000079a080000)
  to   space 5120K, 0% used [0x0000000799680000,0x0000000799680000,0x0000000799b80000)
 ParOldGen       total 154112K, used 65301K [0x0000000740000000, 0x0000000749680000, 0x0000000795580000)
  object space 154112K, 42% used [0x0000000740000000,0x0000000743fc5740,0x0000000749680000)
 Metaspace       used 8926K, capacity 9079K, committed 9216K, reserved 1056768K
  class space    used 898K, capacity 952K, committed 1024K, reserved 1048576K
Event: 4.008 GC heap after
Heap after GC invocations=6 (full 1):
 PSYoungGen      total 71680K, used 5120K [0x0000000795580000, 0x00000007a1000000, 0x00000007c0000000)
  eden space 66560K, 0% used [0x0000000795580000,0x0000000795580000,0x0000000799680000)
  from space 5120K, 100% used [0x0000000799680000,0x0000000799b80000,0x0000000799b80000)
  to   space 44544K, 0% used [0x000000079e480000,0x000000079e480000,0x00000007a1000000)
 ParOldGen       total 154112K, used 82377K [0x0000000740000000, 0x0000000749680000, 0x0000000795580000)
  object space 154112K, 53% used [0x0000000740000000,0x0000000745072728,0x0000000749680000)
 Metaspace       used 8926K, capacity 9079K, committed 9216K, reserved 1056768K
  class space    used 898K, capacity 952K, committed 1024K, reserved 1048576K
}

Deoptimization events (10 events):
Event: 2.802 Thread 0x00007fe62f806000 Uncommon trap: reason=unstable_if action=reinterpret pc=0x0000000119506438 method=terrainsSphere.TerrainSphere.generateTerrainSphereIco(LrenderEngine/Loader;)Lmodels/RawModel; @ 2317
Event: 2.825 Thread 0x00007fe62f806000 Uncommon trap: reason=unstable_if action=reinterpret pc=0x000000011943e998 method=org.lwjgl.util.vector.Vector3f.add(Lorg/lwjgl/util/vector/Vector3f;Lorg/lwjgl/util/vector/Vector3f;Lorg/lwjgl/util/vector/Vector3f;)Lorg/lwjgl/util/vector/Vector3f; @ 1
Event: 4.327 Thread 0x00007fe62f806000 Uncommon trap: reason=class_check action=maybe_recompile pc=0x000000011940ba5c method=org.lwjgl.util.vector.Vector.length()F @ 1
Event: 4.351 Thread 0x00007fe62f806000 Uncommon trap: reason=unstable_if action=reinterpret pc=0x0000000119429fc8 method=java.nio.DirectByteBuffer.put([BII)Ljava/nio/ByteBuffer; @ 5
Event: 4.360 Thread 0x00007fe62f806000 Uncommon trap: reason=class_check action=maybe_recompile pc=0x000000011940ba5c method=org.lwjgl.util.vector.Vector.length()F @ 1
Event: 4.367 Thread 0x00007fe62f806000 Uncommon trap: reason=class_check action=maybe_recompile pc=0x000000011940ba5c method=org.lwjgl.util.vector.Vector.length()F @ 1
Event: 4.397 Thread 0x00007fe62f806000 Uncommon trap: reason=class_check action=maybe_recompile pc=0x000000011940ba5c method=org.lwjgl.util.vector.Vector.length()F @ 1
Event: 4.871 Thread 0x00007fe62f806000 Uncommon trap: reason=unstable_if action=reinterpret pc=0x0000000119615e58 method=particles.Particle.updateTextureCoordInfo()V @ 44
Event: 4.871 Thread 0x00007fe62f806000 Uncommon trap: reason=unstable_if action=reinterpret pc=0x00000001196149a4 method=particles.Particle.updateTextureCoordInfo()V @ 44
Event: 5.094 Thread 0x00007fe62f806000 Uncommon trap: reason=unstable_if action=reinterpret pc=0x0000000119648430 method=particles.Particle.update(Lentities/Camera;)Z @ 100

Internal exceptions (10 events):
Event: 0.122 Thread 0x00007fe62f806000 Exception <a 'java/security/PrivilegedActionException'> (0x000000079580b378) thrown at [/Users/java_re/workspace/8-2-build-macosx-x86_64/jdk8u45/3457/hotspot/src/share/vm/prims/jvm.cpp, line 1382]
Event: 0.122 Thread 0x00007fe62f806000 Exception <a 'java/security/PrivilegedActionException'> (0x000000079580e6f8) thrown at [/Users/java_re/workspace/8-2-build-macosx-x86_64/jdk8u45/3457/hotspot/src/share/vm/prims/jvm.cpp, line 1382]
Event: 0.122 Thread 0x00007fe62f806000 Exception <a 'java/security/PrivilegedActionException'> (0x000000079580e8b0) thrown at [/Users/java_re/workspace/8-2-build-macosx-x86_64/jdk8u45/3457/hotspot/src/share/vm/prims/jvm.cpp, line 1382]
Event: 0.269 Thread 0x00007fe62f806000 Exception <a 'java/io/FileNotFoundException'> (0x00000007958126d0) thrown at [/Users/java_re/workspace/8-2-build-macosx-x86_64/jdk8u45/3457/hotspot/src/share/vm/prims/jni.cpp, line 709]
Event: 0.269 Thread 0x00007fe62f806000 Exception <a 'java/io/FileNotFoundException'> (0x00000007958131f0) thrown at [/Users/java_re/workspace/8-2-build-macosx-x86_64/jdk8u45/3457/hotspot/src/share/vm/prims/jni.cpp, line 709]
Event: 0.313 Thread 0x00007fe6300c8000 Exception <a 'java/lang/NoSuchFieldError': method resolution failed> (0x0000000795994e00) thrown at [/Users/java_re/workspace/8-2-build-macosx-x86_64/jdk8u45/3457/hotspot/src/share/vm/prims/methodHandles.cpp, line 1125]
Event: 0.315 Thread 0x00007fe6300c8000 Exception <a 'java/lang/NoSuchFieldError': method resolution failed> (0x00000007959a34a0) thrown at [/Users/java_re/workspace/8-2-build-macosx-x86_64/jdk8u45/3457/hotspot/src/share/vm/prims/methodHandles.cpp, line 1125]
Event: 2.214 Thread 0x00007fe62f806000 Exception <a 'java/lang/ArrayIndexOutOfBoundsException': 18> (0x0000000797211570) thrown at [/Users/java_re/workspace/8-2-build-macosx-x86_64/jdk8u45/3457/hotspot/src/share/vm/interpreter/interpreterRuntime.cpp, line 366]
Event: 2.214 Thread 0x00007fe62f806000 Exception <a 'java/lang/ArrayIndexOutOfBoundsException': 58> (0x0000000797212388) thrown at [/Users/java_re/workspace/8-2-build-macosx-x86_64/jdk8u45/3457/hotspot/src/share/vm/interpreter/interpreterRuntime.cpp, line 366]
Event: 2.215 Thread 0x00007fe62f806000 Exception <a 'java/lang/ArrayIndexOutOfBoundsException': 40> (0x0000000797213180) thrown at [/Users/java_re/workspace/8-2-build-macosx-x86_64/jdk8u45/3457/hotspot/src/share/vm/interpreter/interpreterRuntime.cpp, line 366]

Events (10 events):
Event: 4.871 Thread 0x00007fe62f806000 Uncommon trap: trap_request=0xffffff65 fr.pc=0x00000001196149a4
Event: 4.871 Thread 0x00007fe62f806000 DEOPT PACKING pc=0x00000001196149a4 sp=0x000070000baad620
Event: 4.871 Thread 0x00007fe62f806000 DEOPT UNPACKING pc=0x00000001191a6229 sp=0x000070000baad5c8 mode 2
Event: 5.094 Thread 0x00007fe62f806000 Uncommon trap: trap_request=0xffffff65 fr.pc=0x0000000119648430
Event: 5.094 Thread 0x00007fe62f806000 DEOPT PACKING pc=0x0000000119648430 sp=0x000070000baad680
Event: 5.094 Thread 0x00007fe62f806000 DEOPT UNPACKING pc=0x00000001191a6229 sp=0x000070000baad650 mode 2
Event: 5.526 Thread 0x00007fe62f806000 DEOPT PACKING pc=0x00000001196632b3 sp=0x000070000baad560
Event: 5.526 Thread 0x00007fe62f806000 DEOPT UNPACKING pc=0x00000001191e8633 sp=0x000070000baad390 mode 0
Event: 5.740 loading class org/lwjgl/opengl/CallbackUtil
Event: 5.740 loading class org/lwjgl/opengl/CallbackUtil done


Dynamic libraries:
0x00000000007f2000 	/System/Library/Frameworks/Cocoa.framework/Versions/A/Cocoa
0x00000000007f2000 	/System/Library/Frameworks/Security.framework/Versions/A/Security
0x00000000007f2000 	/System/Library/Frameworks/ApplicationServices.framework/Versions/A/ApplicationServices
0x00000000007f2000 	/usr/lib/libz.1.dylib
0x00000000007f2000 	/usr/lib/libSystem.B.dylib
0x00000000007f2000 	/usr/lib/libobjc.A.dylib
0x00000000007f2000 	/System/Library/Frameworks/CoreFoundation.framework/Versions/A/CoreFoundation
0x00000000007f2000 	/System/Library/Frameworks/Foundation.framework/Versions/C/Foundation
0x00000000007f2000 	/System/Library/Frameworks/AppKit.framework/Versions/C/AppKit
0x00000000007f2000 	/System/Library/Frameworks/CoreData.framework/Versions/A/CoreData
0x00000000007f2000 	/System/Library/PrivateFrameworks/RemoteViewServices.framework/Versions/A/RemoteViewServices
0x00000000007f2000 	/System/Library/PrivateFrameworks/UIFoundation.framework/Versions/A/UIFoundation
0x00000000007f2000 	/usr/lib/libenergytrace.dylib
0x00000000007f2000 	/System/Library/PrivateFrameworks/SkyLight.framework/Versions/A/SkyLight
0x00000000007f2000 	/System/Library/Frameworks/CoreGraphics.framework/Versions/A/CoreGraphics
0x00000000007f2000 	/usr/lib/libScreenReader.dylib
0x00000000007f2000 	/System/Library/Frameworks/Accelerate.framework/Versions/A/Accelerate
0x00000000007f2000 	/System/Library/Frameworks/IOSurface.framework/Versions/A/IOSurface
0x00000000007f2000 	/System/Library/Frameworks/AudioToolbox.framework/Versions/A/AudioToolbox
0x00000000007f2000 	/System/Library/Frameworks/AudioUnit.framework/Versions/A/AudioUnit
0x00000000007f2000 	/System/Library/PrivateFrameworks/DataDetectorsCore.framework/Versions/A/DataDetectorsCore
0x00000000007f2000 	/System/Library/PrivateFrameworks/DesktopServicesPriv.framework/Versions/A/DesktopServicesPriv
0x00000000007f2000 	/System/Library/Frameworks/Carbon.framework/Versions/A/Frameworks/HIToolbox.framework/Versions/A/HIToolbox
0x00000000007f2000 	/usr/lib/libicucore.A.dylib
0x00000000007f2000 	/System/Library/Frameworks/QuartzCore.framework/Versions/A/QuartzCore
0x00000000007f2000 	/System/Library/Frameworks/Carbon.framework/Versions/A/Frameworks/SpeechRecognition.framework/Versions/A/SpeechRecognition
0x00000000007f2000 	/usr/lib/libauto.dylib
0x00000000007f2000 	/usr/lib/libxml2.2.dylib
0x00000000007f2000 	/System/Library/PrivateFrameworks/CoreUI.framework/Versions/A/CoreUI
0x00000000007f2000 	/System/Library/Frameworks/CoreAudio.framework/Versions/A/CoreAudio
0x00000000007f2000 	/System/Library/Frameworks/DiskArbitration.framework/Versions/A/DiskArbitration
0x00000000007f2000 	/usr/lib/liblangid.dylib
0x00000000007f2000 	/System/Library/PrivateFrameworks/MultitouchSupport.framework/Versions/A/MultitouchSupport
0x00000000007f2000 	/System/Library/Frameworks/IOKit.framework/Versions/A/IOKit
0x00000000007f2000 	/usr/lib/libDiagnosticMessagesClient.dylib
0x00000000007f2000 	/System/Library/Frameworks/CoreServices.framework/Versions/A/CoreServices
0x00000000007f2000 	/System/Library/PrivateFrameworks/PerformanceAnalysis.framework/Versions/A/PerformanceAnalysis
0x00000000007f2000 	/System/Library/PrivateFrameworks/GenerationalStorage.framework/Versions/A/GenerationalStorage
0x00000000007f2000 	/System/Library/Frameworks/OpenGL.framework/Versions/A/OpenGL
0x00000000007f2000 	/System/Library/Frameworks/CoreImage.framework/Versions/A/CoreImage
0x00000000007f2000 	/System/Library/Frameworks/CoreText.framework/Versions/A/CoreText
0x00000000007f2000 	/System/Library/Frameworks/ImageIO.framework/Versions/A/ImageIO
0x00000000007f2000 	/System/Library/PrivateFrameworks/Backup.framework/Versions/A/Backup
0x00000000007f2000 	/usr/lib/libarchive.2.dylib
0x00000000007f2000 	/System/Library/Frameworks/CFNetwork.framework/Versions/A/CFNetwork
0x00000000007f2000 	/System/Library/Frameworks/SystemConfiguration.framework/Versions/A/SystemConfiguration
0x00000000007f2000 	/usr/lib/libCRFSuite.dylib
0x00000000007f2000 	/usr/lib/libc++.1.dylib
0x00000000007f2000 	/usr/lib/libc++abi.dylib
0x00000000007f2000 	/usr/lib/system/libcache.dylib
0x00000000007f2000 	/usr/lib/system/libcommonCrypto.dylib
0x00000000007f2000 	/usr/lib/system/libcompiler_rt.dylib
0x00000000007f2000 	/usr/lib/system/libcopyfile.dylib
0x00000000007f2000 	/usr/lib/system/libcorecrypto.dylib
0x00000000007f2000 	/usr/lib/system/libdispatch.dylib
0x00000000007f2000 	/usr/lib/system/libdyld.dylib
0x00000000007f2000 	/usr/lib/system/libkeymgr.dylib
0x00000000007f2000 	/usr/lib/system/liblaunch.dylib
0x00000000007f2000 	/usr/lib/system/libmacho.dylib
0x00000000007f2000 	/usr/lib/system/libquarantine.dylib
0x00000000007f2000 	/usr/lib/system/libremovefile.dylib
0x00000000007f2000 	/usr/lib/system/libsystem_asl.dylib
0x00000000007f2000 	/usr/lib/system/libsystem_blocks.dylib
0x00000000007f2000 	/usr/lib/system/libsystem_c.dylib
0x00000000007f2000 	/usr/lib/system/libsystem_configuration.dylib
0x00000000007f2000 	/usr/lib/system/libsystem_coreservices.dylib
0x00000000007f2000 	/usr/lib/system/libsystem_coretls.dylib
0x00000000007f2000 	/usr/lib/system/libsystem_dnssd.dylib
0x00000000007f2000 	/usr/lib/system/libsystem_info.dylib
0x00000000007f2000 	/usr/lib/system/libsystem_kernel.dylib
0x00000000007f2000 	/usr/lib/system/libsystem_m.dylib
0x00000000007f2000 	/usr/lib/system/libsystem_malloc.dylib
0x00000000007f2000 	/usr/lib/system/libsystem_network.dylib
0x00000000007f2000 	/usr/lib/system/libsystem_networkextension.dylib
0x00000000007f2000 	/usr/lib/system/libsystem_notify.dylib
0x00000000007f2000 	/usr/lib/system/libsystem_platform.dylib
0x00000000007f2000 	/usr/lib/system/libsystem_pthread.dylib
0x00000000007f2000 	/usr/lib/system/libsystem_sandbox.dylib
0x00000000007f2000 	/usr/lib/system/libsystem_secinit.dylib
0x00000000007f2000 	/usr/lib/system/libsystem_symptoms.dylib
0x00000000007f2000 	/usr/lib/system/libsystem_trace.dylib
0x00000000007f2000 	/usr/lib/system/libunwind.dylib
0x00000000007f2000 	/usr/lib/system/libxpc.dylib
0x00000000007f2000 	/usr/lib/libbsm.0.dylib
0x00000000007f2000 	/usr/lib/system/libkxld.dylib
0x00000000007f2000 	/usr/lib/libcoretls.dylib
0x00000000007f2000 	/usr/lib/libcoretls_cfhelpers.dylib
0x00000000007f2000 	/usr/lib/libxar.1.dylib
0x00000000007f2000 	/usr/lib/libsqlite3.dylib
0x00000000007f2000 	/usr/lib/libpam.2.dylib
0x00000000007f2000 	/usr/lib/libOpenScriptingUtil.dylib
0x00000000007f2000 	/usr/lib/libbz2.1.0.dylib
0x00000000007f2000 	/usr/lib/liblzma.5.dylib
0x00000000007f2000 	/usr/lib/libnetwork.dylib
0x00000000007f2000 	/usr/lib/libpcap.A.dylib
0x00000000007f2000 	/System/Library/Frameworks/CoreServices.framework/Versions/A/Frameworks/FSEvents.framework/Versions/A/FSEvents
0x00000000007f2000 	/System/Library/Frameworks/CoreServices.framework/Versions/A/Frameworks/CarbonCore.framework/Versions/A/CarbonCore
0x00000000007f2000 	/System/Library/Frameworks/CoreServices.framework/Versions/A/Frameworks/Metadata.framework/Versions/A/Metadata
0x00000000007f2000 	/System/Library/Frameworks/CoreServices.framework/Versions/A/Frameworks/OSServices.framework/Versions/A/OSServices
0x00000000007f2000 	/System/Library/Frameworks/CoreServices.framework/Versions/A/Frameworks/SearchKit.framework/Versions/A/SearchKit
0x00000000007f2000 	/System/Library/Frameworks/CoreServices.framework/Versions/A/Frameworks/AE.framework/Versions/A/AE
0x00000000007f2000 	/System/Library/Frameworks/CoreServices.framework/Versions/A/Frameworks/LaunchServices.framework/Versions/A/LaunchServices
0x00000000007f2000 	/System/Library/Frameworks/CoreServices.framework/Versions/A/Frameworks/DictionaryServices.framework/Versions/A/DictionaryServices
0x00000000007f2000 	/System/Library/Frameworks/CoreServices.framework/Versions/A/Frameworks/SharedFileList.framework/Versions/A/SharedFileList
0x00000000007f2000 	/System/Library/Frameworks/NetFS.framework/Versions/A/NetFS
0x00000000007f2000 	/System/Library/PrivateFrameworks/NetAuth.framework/Versions/A/NetAuth
0x00000000007f2000 	/System/Library/PrivateFrameworks/login.framework/Versions/A/Frameworks/loginsupport.framework/Versions/A/loginsupport
0x00000000007f2000 	/System/Library/PrivateFrameworks/TCC.framework/Versions/A/TCC
0x00000000007f2000 	/usr/lib/libmecabra.dylib
0x00000000007f2000 	/System/Library/Frameworks/ApplicationServices.framework/Versions/A/Frameworks/ATS.framework/Versions/A/ATS
0x00000000007f2000 	/System/Library/Frameworks/ApplicationServices.framework/Versions/A/Frameworks/ColorSync.framework/Versions/A/ColorSync
0x00000000007f2000 	/System/Library/Frameworks/ApplicationServices.framework/Versions/A/Frameworks/HIServices.framework/Versions/A/HIServices
0x00000000007f2000 	/System/Library/Frameworks/ApplicationServices.framework/Versions/A/Frameworks/LangAnalysis.framework/Versions/A/LangAnalysis
0x00000000007f2000 	/System/Library/Frameworks/ApplicationServices.framework/Versions/A/Frameworks/PrintCore.framework/Versions/A/PrintCore
0x00000000007f2000 	/System/Library/Frameworks/ApplicationServices.framework/Versions/A/Frameworks/QD.framework/Versions/A/QD
0x00000000007f2000 	/System/Library/Frameworks/ApplicationServices.framework/Versions/A/Frameworks/SpeechSynthesis.framework/Versions/A/SpeechSynthesis
0x00000000007f2000 	/System/Library/Frameworks/Accelerate.framework/Versions/A/Frameworks/vImage.framework/Versions/A/vImage
0x00000000007f2000 	/System/Library/Frameworks/Accelerate.framework/Versions/A/Frameworks/vecLib.framework/Versions/A/vecLib
0x00000000007f2000 	/System/Library/Frameworks/Accelerate.framework/Versions/A/Frameworks/vecLib.framework/Versions/A/libvDSP.dylib
0x00000000007f2000 	/System/Library/Frameworks/Accelerate.framework/Versions/A/Frameworks/vecLib.framework/Versions/A/libBNNS.dylib
0x00000000007f2000 	/System/Library/Frameworks/Accelerate.framework/Versions/A/Frameworks/vecLib.framework/Versions/A/libQuadrature.dylib
0x00000000007f2000 	/System/Library/Frameworks/Accelerate.framework/Versions/A/Frameworks/vecLib.framework/Versions/A/libvMisc.dylib
0x00000000007f2000 	/System/Library/Frameworks/Accelerate.framework/Versions/A/Frameworks/vecLib.framework/Versions/A/libLAPACK.dylib
0x00000000007f2000 	/System/Library/Frameworks/Accelerate.framework/Versions/A/Frameworks/vecLib.framework/Versions/A/libBLAS.dylib
0x00000000007f2000 	/System/Library/Frameworks/Accelerate.framework/Versions/A/Frameworks/vecLib.framework/Versions/A/libLinearAlgebra.dylib
0x00000000007f2000 	/System/Library/Frameworks/Accelerate.framework/Versions/A/Frameworks/vecLib.framework/Versions/A/libSparseBLAS.dylib
0x00000000007f2000 	/System/Library/Frameworks/ApplicationServices.framework/Versions/A/Frameworks/ATS.framework/Versions/A/Resources/libFontParser.dylib
0x00000000007f2000 	/System/Library/Frameworks/ApplicationServices.framework/Versions/A/Frameworks/ATS.framework/Versions/A/Resources/libFontRegistry.dylib
0x00000000007f2000 	/System/Library/Frameworks/ImageIO.framework/Versions/A/Resources/libJPEG.dylib
0x00000000007f2000 	/System/Library/Frameworks/ImageIO.framework/Versions/A/Resources/libTIFF.dylib
0x00000000007f2000 	/System/Library/Frameworks/ImageIO.framework/Versions/A/Resources/libPng.dylib
0x00000000007f2000 	/System/Library/Frameworks/ImageIO.framework/Versions/A/Resources/libGIF.dylib
0x00000000007f2000 	/System/Library/Frameworks/ImageIO.framework/Versions/A/Resources/libJP2.dylib
0x00000000007f2000 	/System/Library/Frameworks/ImageIO.framework/Versions/A/Resources/libRadiance.dylib
0x00000000007f2000 	/usr/lib/libcompression.dylib
0x00000000007f2000 	/System/Library/PrivateFrameworks/AppleJPEG.framework/Versions/A/AppleJPEG
0x00000000007f2000 	/usr/lib/libcups.2.dylib
0x00000000007f2000 	/System/Library/Frameworks/Kerberos.framework/Versions/A/Kerberos
0x00000000007f2000 	/System/Library/Frameworks/GSS.framework/Versions/A/GSS
0x00000000007f2000 	/usr/lib/libresolv.9.dylib
0x00000000007f2000 	/usr/lib/libiconv.2.dylib
0x00000000007f2000 	/System/Library/PrivateFrameworks/Heimdal.framework/Versions/A/Heimdal
0x00000000007f2000 	/usr/lib/libheimdal-asn1.dylib
0x00000000007f2000 	/System/Library/Frameworks/OpenDirectory.framework/Versions/A/OpenDirectory
0x00000000007f2000 	/System/Library/PrivateFrameworks/CommonAuth.framework/Versions/A/CommonAuth
0x00000000007f2000 	/System/Library/Frameworks/OpenDirectory.framework/Versions/A/Frameworks/CFOpenDirectory.framework/Versions/A/CFOpenDirectory
0x00000000007f2000 	/System/Library/Frameworks/SecurityFoundation.framework/Versions/A/SecurityFoundation
0x00000000007f2000 	/System/Library/PrivateFrameworks/LanguageModeling.framework/Versions/A/LanguageModeling
0x00000000007f2000 	/usr/lib/libmarisa.dylib
0x00000000007f2000 	/usr/lib/libChineseTokenizer.dylib
0x00000000007f2000 	/usr/lib/libcmph.dylib
0x00000000007f2000 	/System/Library/PrivateFrameworks/CoreEmoji.framework/Versions/A/CoreEmoji
0x00000000007f2000 	/System/Library/Frameworks/ServiceManagement.framework/Versions/A/ServiceManagement
0x00000000007f2000 	/usr/lib/libxslt.1.dylib
0x00000000007f2000 	/System/Library/Frameworks/Carbon.framework/Versions/A/Frameworks/Ink.framework/Versions/A/Ink
0x00000000007f2000 	/System/Library/PrivateFrameworks/TextureIO.framework/Versions/A/TextureIO
0x00000000007f2000 	/System/Library/Frameworks/Metal.framework/Versions/A/Metal
0x00000000007f2000 	/usr/lib/libate.dylib
0x00000000007f2000 	/System/Library/PrivateFrameworks/GPUCompiler.framework/libmetal_timestamp.dylib
0x00000000007f2000 	/System/Library/Frameworks/OpenGL.framework/Versions/A/Libraries/libCoreFSCache.dylib
0x00000000007f2000 	/System/Library/PrivateFrameworks/IOAccelerator.framework/Versions/A/IOAccelerator
0x00000000007f2000 	/System/Library/Frameworks/CoreVideo.framework/Versions/A/CoreVideo
0x00000000007f2000 	/usr/lib/libFosl_dynamic.dylib
0x00000000007f2000 	/System/Library/PrivateFrameworks/MetalPerformanceShaders.framework/Versions/A/MetalPerformanceShaders
0x00000000007f2000 	/System/Library/PrivateFrameworks/FaceCore.framework/Versions/A/FaceCore
0x00000000007f2000 	/System/Library/Frameworks/OpenCL.framework/Versions/A/OpenCL
0x00000000007f2000 	/System/Library/Frameworks/OpenGL.framework/Versions/A/Libraries/libGLU.dylib
0x00000000007f2000 	/System/Library/Frameworks/OpenGL.framework/Versions/A/Libraries/libGFXShared.dylib
0x00000000007f2000 	/System/Library/Frameworks/OpenGL.framework/Versions/A/Libraries/libGL.dylib
0x00000000007f2000 	/System/Library/Frameworks/OpenGL.framework/Versions/A/Libraries/libGLImage.dylib
0x00000000007f2000 	/System/Library/Frameworks/OpenGL.framework/Versions/A/Libraries/libCVMSPluginSupport.dylib
0x00000000007f2000 	/System/Library/Frameworks/OpenGL.framework/Versions/A/Libraries/libCoreVMClient.dylib
0x00000000007f2000 	/System/Library/PrivateFrameworks/CrashReporterSupport.framework/Versions/A/CrashReporterSupport
0x00000000007f2000 	/System/Library/PrivateFrameworks/Sharing.framework/Versions/A/Sharing
0x00000000007f2000 	/System/Library/PrivateFrameworks/IconServices.framework/Versions/A/IconServices
0x00000000007f2000 	/System/Library/PrivateFrameworks/ProtocolBuffer.framework/Versions/A/ProtocolBuffer
0x00000000007f2000 	/System/Library/PrivateFrameworks/Apple80211.framework/Versions/A/Apple80211
0x00000000007f2000 	/System/Library/Frameworks/CoreWLAN.framework/Versions/A/CoreWLAN
0x00000000007f2000 	/System/Library/PrivateFrameworks/CoreUtils.framework/Versions/A/CoreUtils
0x00000000007f2000 	/System/Library/Frameworks/IOBluetooth.framework/Versions/A/IOBluetooth
0x00000000007f2000 	/System/Library/PrivateFrameworks/CoreWiFi.framework/Versions/A/CoreWiFi
0x00000000007f2000 	/System/Library/Frameworks/CoreBluetooth.framework/Versions/A/CoreBluetooth
0x00000000007f2000 	/System/Library/Frameworks/CoreDisplay.framework/Versions/A/CoreDisplay
0x00000000007f2000 	/System/Library/PrivateFrameworks/IOPresentment.framework/Versions/A/IOPresentment
0x00000000007f2000 	/System/Library/PrivateFrameworks/DebugSymbols.framework/Versions/A/DebugSymbols
0x00000000007f2000 	/System/Library/PrivateFrameworks/CoreSymbolication.framework/Versions/A/CoreSymbolication
0x00000000007f2000 	/System/Library/PrivateFrameworks/Symbolication.framework/Versions/A/Symbolication
0x00000000007f2000 	/System/Library/PrivateFrameworks/AppleFSCompression.framework/Versions/A/AppleFSCompression
0x00000000007f2000 	/System/Library/PrivateFrameworks/SpeechRecognitionCore.framework/Versions/A/SpeechRecognitionCore
0x00000000007f2000 	/System/Library/PrivateFrameworks/ChunkingLibrary.framework/Versions/A/ChunkingLibrary
0x000000010fe00000 	/Library/Java/JavaVirtualMachines/jdk1.8.0_45.jdk/Contents/Home/jre/lib/server/libjvm.dylib
0x00000000007f2000 	/usr/lib/libstdc++.6.dylib
0x000000010ecf5000 	/Library/Java/JavaVirtualMachines/jdk1.8.0_45.jdk/Contents/Home/jre/lib/libverify.dylib
0x000000010ed03000 	/Library/Java/JavaVirtualMachines/jdk1.8.0_45.jdk/Contents/Home/jre/lib/libjava.dylib
0x000000010ed42000 	/Library/Java/JavaVirtualMachines/jdk1.8.0_45.jdk/Contents/Home/jre/lib/libzip.dylib
0x00000001182a0000 	/System/Library/Frameworks/JavaVM.framework/Frameworks/JavaRuntimeSupport.framework/JavaRuntimeSupport
0x00000001182ba000 	/System/Library/Frameworks/JavaVM.framework/Versions/A/Frameworks/JavaNativeFoundation.framework/Versions/A/JavaNativeFoundation
0x00000001182cf000 	/System/Library/Frameworks/JavaVM.framework/Versions/A/JavaVM
0x00000000007f2000 	/System/Library/Frameworks/Carbon.framework/Versions/A/Carbon
0x00000001182dc000 	/System/Library/PrivateFrameworks/JavaLaunching.framework/Versions/A/JavaLaunching
0x00000000007f2000 	/System/Library/Frameworks/Carbon.framework/Versions/A/Frameworks/CommonPanels.framework/Versions/A/CommonPanels
0x00000000007f2000 	/System/Library/Frameworks/Carbon.framework/Versions/A/Frameworks/Help.framework/Versions/A/Help
0x00000000007f2000 	/System/Library/Frameworks/Carbon.framework/Versions/A/Frameworks/ImageCapture.framework/Versions/A/ImageCapture
0x00000000007f2000 	/System/Library/Frameworks/Carbon.framework/Versions/A/Frameworks/OpenScripting.framework/Versions/A/OpenScripting
0x00000000007f2000 	/System/Library/Frameworks/Carbon.framework/Versions/A/Frameworks/Print.framework/Versions/A/Print
0x00000000007f2000 	/System/Library/Frameworks/Carbon.framework/Versions/A/Frameworks/SecurityHI.framework/Versions/A/SecurityHI
0x0000000118340000 	/Library/Java/JavaVirtualMachines/jdk1.8.0_45.jdk/Contents/Home/jre/lib/libawt.dylib
0x00000001183e8000 	/Library/Java/JavaVirtualMachines/jdk1.8.0_45.jdk/Contents/Home/jre/lib/./libmlib_image.dylib
0x00000001184b4000 	/Library/Java/JavaVirtualMachines/jdk1.8.0_45.jdk/Contents/Home/jre/lib/libawt_lwawt.dylib
0x0000000118568000 	/Library/Java/JavaVirtualMachines/jdk1.8.0_45.jdk/Contents/Home/jre/lib/./libosxapp.dylib
0x00000000007f2000 	/System/Library/Frameworks/ExceptionHandling.framework/Versions/A/ExceptionHandling
0x00000000007f2000 	/System/Library/PrivateFrameworks/CoreServicesInternal.framework/Versions/A/CoreServicesInternal
0x00000000007f2000 	/System/Library/CoreServices/RawCamera.bundle/Contents/MacOS/RawCamera
0x000000011888e000 	/System/Library/Frameworks/Accelerate.framework/Frameworks/vImage.framework/Versions/A/Libraries/libCGInterfaces.dylib
0x00000000007f2000 	/System/Library/Frameworks/ApplicationServices.framework/Versions/A/Frameworks/ATS.framework/Versions/A/Resources/libTrueTypeScaler.dylib
0x000000012ad17000 	/System/Library/Frameworks/OpenGL.framework/Resources/GLEngine.bundle/GLEngine
0x000000012aefb000 	/System/Library/Frameworks/OpenGL.framework/Versions/A/Libraries/libGLProgrammability.dylib
0x000000012b329000 	/System/Library/Extensions/AppleIntelHD4000GraphicsGLDriver.bundle/Contents/MacOS/AppleIntelHD4000GraphicsGLDriver
0x00000000007f2000 	/System/Library/PrivateFrameworks/GPUSupport.framework/Versions/A/Libraries/libGPUSupportMercury.dylib
0x00000000007f2000 	/System/Library/Extensions/GeForceGLDriver.bundle/Contents/MacOS/GeForceGLDriver
0x00000000007f2000 	/System/Library/Extensions/GeForceGLDriver.bundle/Contents/MacOS/libclh.dylib
0x0000000119043000 	/System/Library/Frameworks/OpenGL.framework/Resources//GLRendererFloat.bundle/GLRendererFloat
0x00000000007f2000 	/System/Library/Frameworks/OpenCL.framework/Versions/A/Libraries/libcldcpuengine.dylib
0x00000000007f2000 	/usr/lib/libcrypto.0.9.8.dylib
0x00000000007f2000 	/System/Library/PrivateFrameworks/TrustEvaluationAgent.framework/Versions/A/TrustEvaluationAgent
0x00000000007f2000 	/System/Library/Extensions/GeForceMTLDriver.bundle/Contents/MacOS/GeForceMTLDriver
0x000000012b9ea000 	/System/Library/Extensions/AppleIntelHD4000GraphicsMTLDriver.bundle/Contents/MacOS/AppleIntelHD4000GraphicsMTLDriver
0x00000000007f2000 	/System/Library/PrivateFrameworks/FamilyControls.framework/Versions/A/FamilyControls
0x00000000007f2000 	/System/Library/PrivateFrameworks/CommerceKit.framework/Versions/A/Frameworks/CommerceCore.framework/Versions/A/CommerceCore
0x00000000007f2000 	/System/Library/PrivateFrameworks/SystemAdministration.framework/Versions/A/SystemAdministration
0x00000000007f2000 	/System/Library/PrivateFrameworks/AppContainer.framework/Versions/A/AppContainer
0x00000000007f2000 	/System/Library/PrivateFrameworks/SecCodeWrapper.framework/Versions/A/SecCodeWrapper
0x00000000007f2000 	/System/Library/Frameworks/DirectoryService.framework/Versions/A/DirectoryService
0x00000000007f2000 	/System/Library/PrivateFrameworks/DiskImages.framework/Versions/A/DiskImages
0x00000000007f2000 	/System/Library/PrivateFrameworks/LoginUIKit.framework/Versions/A/Frameworks/LoginUICore.framework/Versions/A/LoginUICore
0x00000000007f2000 	/usr/lib/libCoreStorage.dylib
0x00000000007f2000 	/usr/lib/libcsfde.dylib
0x00000000007f2000 	/usr/lib/libodfde.dylib
0x00000000007f2000 	/System/Library/Frameworks/DiscRecording.framework/Versions/A/DiscRecording
0x00000000007f2000 	/usr/lib/libcurl.4.dylib
0x00000000007f2000 	/System/Library/PrivateFrameworks/MediaKit.framework/Versions/A/MediaKit
0x00000000007f2000 	/System/Library/PrivateFrameworks/ProtectedCloudStorage.framework/Versions/A/ProtectedCloudStorage
0x00000000007f2000 	/System/Library/PrivateFrameworks/EFILogin.framework/Versions/A/EFILogin
0x00000000007f2000 	/usr/lib/libutil.dylib
0x00000000007f2000 	/System/Library/Frameworks/LDAP.framework/Versions/A/LDAP
0x00000000007f2000 	/usr/lib/libsasl2.2.dylib
0x00000000007f2000 	/System/Library/PrivateFrameworks/CoreDaemon.framework/Versions/B/CoreDaemon
0x00000000007f2000 	/System/Library/PrivateFrameworks/AppleSRP.framework/Versions/A/AppleSRP
0x00000000007f2000 	/System/Library/PrivateFrameworks/APFS.framework/Versions/A/APFS
0x000000012cd77000 	/Library/Java/JavaVirtualMachines/jdk1.8.0_45.jdk/Contents/Home/jre/lib/libfontmanager.dylib
0x000000012cdde000 	/Users/haowu/Documents/workspace/GameEngine/lib/natives/liblwjgl.dylib
0x0000000118967000 	/Library/Java/JavaVirtualMachines/jdk1.8.0_45.jdk/Contents/Home/jre/lib/libjawt.dylib
0x00000000007f2000 	/System/Library/PrivateFrameworks/ViewBridge.framework/Versions/A/ViewBridge
0x00000000007f2000 	/System/Library/PrivateFrameworks/XPCService.framework/Versions/A/XPCService
0x00000000007f2000 	/System/Library/PrivateFrameworks/AppSandbox.framework/Versions/A/AppSandbox
0x00000000007f2000 	/usr/lib/libsandbox.1.dylib
0x00000000007f2000 	/usr/lib/libMatch.1.dylib
0x0000000118dab000 	/Library/Java/JavaVirtualMachines/jdk1.8.0_45.jdk/Contents/Home/jre/lib/libnio.dylib
0x0000000118dcf000 	/Library/Java/JavaVirtualMachines/jdk1.8.0_45.jdk/Contents/Home/jre/lib/./libnet.dylib

VM Arguments:
jvm_args: -Djava.library.path=/Users/haowu/Documents/workspace/GameEngine/lib/natives -Dfile.encoding=UTF-8 
java_command: mainGame.MainGameLoop
java_class_path (initial): /Users/haowu/Documents/workspace/GameEngine/lib/jars/lwjgl_util.jar:/Users/haowu/Documents/workspace/GameEngine/lib/jars/lwjgl.jar:/Users/haowu/Documents/workspace/GameEngine/lib/jars/slick-util.jar:/Users/haowu/Documents/workspace/GameEngine/lib/jars/PNGDecoder.jar:/Users/haowu/Documents/workspace/GameEngine/bin
Launcher Type: SUN_STANDARD

Environment Variables:
PATH=/usr/bin:/bin:/usr/sbin:/sbin
SHELL=/bin/bash
DISPLAY=/private/tmp/com.apple.launchd.M8bp30xAnM/org.macosforge.xquartz:0

Signal Handlers:
SIGSEGV: [libjvm.dylib+0x58ef95], sa_mask[0]=11111111011111110111111111111111, sa_flags=SA_ONSTACK|SA_RESTART|SA_SIGINFO
SIGBUS: [libjvm.dylib+0x58ef95], sa_mask[0]=11111111011111110111111111111111, sa_flags=SA_RESTART|SA_SIGINFO
SIGFPE: [libjvm.dylib+0x46c108], sa_mask[0]=11111111011111110111111111111111, sa_flags=SA_RESTART|SA_SIGINFO
SIGPIPE: [libjvm.dylib+0x46c108], sa_mask[0]=11111111011111110111111111111111, sa_flags=SA_RESTART|SA_SIGINFO
SIGXFSZ: [libjvm.dylib+0x46c108], sa_mask[0]=11111111011111110111111111111111, sa_flags=SA_RESTART|SA_SIGINFO
SIGILL: [libjvm.dylib+0x46c108], sa_mask[0]=11111111011111110111111111111111, sa_flags=SA_RESTART|SA_SIGINFO
SIGUSR1: SIG_DFL, sa_mask[0]=00000000000000000000000000000000, sa_flags=none
SIGUSR2: [libjvm.dylib+0x46bc26], sa_mask[0]=00100000000000000000000000000000, sa_flags=SA_RESTART|SA_SIGINFO
SIGHUP: [libjvm.dylib+0x46a1f9], sa_mask[0]=11111111011111110111111111111111, sa_flags=SA_RESTART|SA_SIGINFO
SIGINT: [libjvm.dylib+0x46a1f9], sa_mask[0]=11111111011111110111111111111111, sa_flags=SA_RESTART|SA_SIGINFO
SIGTERM: [libjvm.dylib+0x46a1f9], sa_mask[0]=11111111011111110111111111111111, sa_flags=SA_RESTART|SA_SIGINFO
SIGQUIT: [libjvm.dylib+0x46a1f9], sa_mask[0]=11111111011111110111111111111111, sa_flags=SA_RESTART|SA_SIGINFO


---------------  S Y S T E M  ---------------

OS:Bsduname:Darwin 16.1.0 Darwin Kernel Version 16.1.0: Thu Oct 13 21:26:57 PDT 2016; root:xnu-3789.21.3~60/RELEASE_X86_64 x86_64
rlimit: STACK 8192k, CORE 0k, NPROC 709, NOFILE 10240, AS infinity
load average:1.35 1.40 1.47

CPU:total 8 (4 cores per cpu, 2 threads per core) family 6 model 58 stepping 9, cmov, cx8, fxsr, mmx, sse, sse2, sse3, ssse3, sse4.1, sse4.2, popcnt, avx, aes, clmul, erms, ht, tsc, tscinvbit, tscinv

Memory: 4k page, physical 8388608k(421432k free)

/proc/meminfo:


vm_info: Java HotSpot(TM) 64-Bit Server VM (25.45-b02) for bsd-amd64 JRE (1.8.0_45-b14), built on Apr 10 2015 10:46:38 by "java_re" with gcc 4.2.1 (Based on Apple Inc. build 5658) (LLVM build 2336.11.00)

time: Tue Oct 25 19:30:19 2016
elapsed time: 5 seconds (0d 0h 0m 5s)

